*** Life<FredkinCell> 9x9 ***

Generation = 0, Population = 3.
---------
---------
---------
---------
---000---
---------
---------
---------
---------

Generation = 1, Population = 10.
---------
---------
---------
---000---
--01-10--
---000---
---------
---------
---------

Generation = 2, Population = 12.
---------
---------
---000---
---------
-012-210-
---------
---000---
---------
---------

Generation = 3, Population = 30.
---------
---000---
--01-10--
-00-0-00-
01-3-3-10
-00-0-00-
--01-10--
---000---
---------

Generation = 4, Population = 10.
---000---
---------
---------
---------
12-----21
---------
---------
---------
---000---

Generation = 5, Population = 28.
--01-10--
---000---
---------
00-----00
231---132
00-----00
---------
---000---
--01-10--

*** Life<FredkinCell> 1x1 ***

Generation = 0, Population = 1.
0

Generation = 1, Population = 0.
-

Generation = 2, Population = 0.
-

*** Life<FredkinCell> 1x3 ***

Generation = 0, Population = 3.
000

Generation = 1, Population = 2.
1-1

Generation = 2, Population = 0.
---

*** Life<FredkinCell> 20x20 ***

Generation = 0, Population = 20.
00000000000000000000
--------------------
--------------------
--------------------
--------------------
--------------------
--------------------
--------------------
--------------------
--------------------
--------------------
--------------------
--------------------
--------------------
--------------------
--------------------
--------------------
--------------------
--------------------
--------------------

Generation = 1, Population = 22.
1------------------1
00000000000000000000
--------------------
--------------------
--------------------
--------------------
--------------------
--------------------
--------------------
--------------------
--------------------
--------------------
--------------------
--------------------
--------------------
--------------------
--------------------
--------------------
--------------------
--------------------

Generation = 2, Population = 38.
2-0000000000000000-2
--------------------
00000000000000000000
--------------------
--------------------
--------------------
--------------------
--------------------
--------------------
--------------------
--------------------
--------------------
--------------------
--------------------
--------------------
--------------------
--------------------
--------------------
--------------------
--------------------

Generation = 3, Population = 26.
--1--------------1--
-0----------------0-
1------------------1
00000000000000000000
--------------------
--------------------
--------------------
--------------------
--------------------
--------------------
--------------------
--------------------
--------------------
--------------------
--------------------
--------------------
--------------------
--------------------
--------------------
--------------------

Generation = 4, Population = 42.
---0------------0---
--------------------
20000000000000000002
--------------------
00000000000000000000
--------------------
--------------------
--------------------
--------------------
--------------------
--------------------
--------------------
--------------------
--------------------
--------------------
--------------------
--------------------
--------------------
--------------------
--------------------

Generation = 5, Population = 46.
--1-0----------0-1--
000-000000000000-000
3------------------3
--------------------
1------------------1
00000000000000000000
--------------------
--------------------
--------------------
--------------------
--------------------
--------------------
--------------------
--------------------
--------------------
--------------------
--------------------
--------------------
--------------------
--------------------

*** Life<FredkinCell> 50x50 ***

Generation = 0, Population = 142.
00000000000-----------------------------0---------
-0--------------------------------------0---------
-0--------------------------------------0---------
-0--------------------------------------0---------
-0--------------------------------------0---------
-0----000-------------------------------0---------
-0--------------------------------------0---------
-0--------------------------------------0---------
-0--------------------------------------0---------
-0--------------------------------------0---------
00000000000000000000000000000000000000000000000000
-0--------------------------------------0---------
-0--------------------------------------0---------
-0--------------------------------------0---------
----------------------------------------0---------
----------------------------------------0---------
----------------------------------------0---------
----------------------------------------0---------
----------------------------------------0---------
----------------------------------------0---------
----------------------------------------0---------
----------------------------------------0---------
----------------------------------------0---------
-----------------------0-0--------------0---------
------------------------0---------------0---------
-----------------------0-0-0------------0---------
--------------------------0-------------0---------
-------------------------0-0------------0---------
----------------------------------------0---------
----------------------------------------0---------
----------------------------------------0---------
----------------------------------------0---------
----------------------------------------0---------
----------------------------------------0---------
----------------------------------------0---------
----------------------------------------0---------
----------------------------------------0---------
----------------------------------------0---------
----------------------------------------0---------
----------------------------------------0---------
00000000--------------------------------0---------
----------------------------------------0---------
----------------------------------------0---------
----------------------------------------0---------
----------------------------------------0---------
----------------------------------------0---------
----------------------------------------0---------
----------------------------------------0---------
----------------------------------------0---------
----------------------------------------0---------

Generation = 4, Population = 307.
---2---02123210---------------------0-------0-----
-2---0000---------------------------0-------0-----
11102-22202-------------------------0-------0-----
-----0------------------------------0---0---0-----
00100-01011-------------------------0-------0-----
-01201----210-----------------------0-------0-----
00100-010110000000000000000000000000-101-101-00000
-0---0------------------------------1-------1-----
-0---0------------------------------0-------0-----
-1---1111---------------------------1-------1-----
-0-0------------------------------------------0---
-----1------------------------------1-------1-----
-----0------------------------------0-------0-----
-----1------------------------------1-------1-----
111100000000000000000000000000000000-101-101-00000
-2----------------------------------0-------0-----
-1----------------------------------0-------0-----
-0----------------------------------0-------0-----
------------------------------------0-------0-----
-----------------------0-0----------0-------0-----
------------------------0-----------0-------0-----
-----------------------0-0-0--------0-------0-----
--------------------------0---------0-------0-----
-------------------0-0---0---0------0-------0-----
--------------------0-------0-------0-------0-----
-------------------0-0-0---0-0-0----0-------0-----
----------------------0-------0-----0-------0-----
---------------------0---0---0-0----0-------0-----
------------------------0-----------0-------0-----
-----------------------0-0-0--------0-------0-----
--------------------------0---------0-------0-----
-------------------------0-0--------0-------0-----
------------------------------------0-------0-----
------------------------------------0-------0-----
------------------------------------0-------0-----
------------------------------------0-------0-----
00000000----------------------------0-------0-----
------------------------------------0-------0-----
------------------------------------0-------0-----
------------------------------------0-------0-----
---001221210------------------------0-------0-----
------------------------------------0-------0-----
------------------------------------0-------0-----
------------------------------------0-------0-----
00000000----------------------------0-------0-----
------------------------------------0-------0-----
------------------------------------0---0---0-----
------------------------------------0-------0-----
------------------------------------0-------0-----
------------------------------------0-------0-----

Generation = 8, Population = 324.
---2310-41254223210-------------0---------------0-
-----12043----------------------0---------------0-
3-106-443-6002210000000000000000-1011121-1211101-0
-----0---0----------------------1---------------1-
-----1---1----------------------0---------------0-
-----5---2----101---------------1---------------0-
20522-422-5---------------------0---------------0-
-----2---0----------------------1-------0-------0-
21412-124-0---------------------0---------------0-
-1---3---3----------------------1---------------0-
-1-----1----------------------------------0-------
-1---3---0----------------------1---------------0-
-1---2---0----------------------0---------------0-
-3---11101----------------------1---------------0-
-2------------------------------0---------------0-
-4---------------------1-1------1---------------0-
-1----------------------0-------0---------------0-
-2---------------------2-2-1----1---------------1-
11110000000000000000010000-00000-1010101-1010101-0
-2-----------------------0-0----0---------------0-
-1------------------------------0---------------0-
-0------------------------------0---------------0-
--------------------------------0---------------0-
---------------0-0-------------001--------------0-
----------------0-------------------------------0-
---------------0-0-0-----------002-1------------0-
------------------0-------------0-0-------------0-
-----------------0-0------------02-1------------0-
--------------------------------0---------------0-
--------------------------------1---------------0-
--------------------------------0---------------0-
-----------------------0-0------0---------------0-
00000000----------------0-------0---------------0-
-----------------------0-0-0----0---------------0-
--------------------------0-----0---------------0-
-------------------------0-0----0---------------0-
--------------------------------0---------------0-
--------------------------------0---------------0-
--------------------------------0---------------0-
--------------------------------0---------------0-
2212222-13321210----------------0---------------0-
--------------------------------0---------------0-
--------------------------------0-------0-------0-
--------------------------------0---------------0-
--------------------------------0---------------0-
--------------------------------0---------------0-
--------------------------------0---------------0-
--------------------------------0---------------0-
00000000------------------------0---------------0-
--------------------------------0---------------0-

Generation = 12, Population = 610.
-5-4---1423-422--------00000-2134322-022-220-223-3
-3143142631201111-----------1-------1-------1---2-
4222-0-6---02-43202---------0-----------------0-2-
-0-----------1--------------1---3---1---0---1-----
2-2----3---10-23122---------0-------0-------0---0-
-----762536414----001-------1-------2-------2---1-
4-5-6162-----0-1011000000000-101-102-212-2-2-20101
-----3---1---1--------------0-------------------1-
---2-0-28-121-1-------------0-------0-------0---0-
-3----2244---0000-----------0-------2-------3---2-
221-01131-01--------------------------0-------0---
-1---5-------0---------0-0--0-------2---1---3---2-
2-303-23100--0----------0---0-------0-------0---0-
--0212----3010---------0-0-00-------2-------2---1-
22231-1-130100000000010000-0-101-102-202-2-2-20101
-4-------2---------1-2---2--10------2-------2---1-
-1-------2----------0---------------0-------0---0-
-3----1111---------1-3-4---311-0----1-------1---2-
-1-1------------------0-----0-0---------------0-0-
-----1---------1-1---1---2--11---0--1-------1---1-
-----0----------0-------0---0---0---0-------0---0-
-----1---------2-2-1---1-2-20--1-1-01-------1---1-
111100000000010000-0000001-1-00101-1-000-000-101-0
-2---------0-0---0---0---0--12---3--00------0---0-
-1----------0-------0-----------------------0---0-
-0---------0-0-0---0-0-0---012-2---200-0----0---0-
--------------0-------0-----0-0-----0-0-----0---0-
-------------0---0---0---0--01---4--00-0----0---0-
00000000--------0-------0---0---0---0-------0---0-
---------------0-0-0---0-0-00--1-3-21-------0---0-
------------------0-------0-0-----0-0-------0---0-
-----------------0---0---0--01---1-10-------0---0-
---001221210--------0---------------0-------0---0-
-------------------0-0-0---002-1----0-------0---0-
----------------------0-----0-0-----0-------0---0-
---------------------0---0--02-1----0-------0---0-
-------211000000--------0---0-------0-------0---0-
-----------------------0-0-01-------0-------0---0-
--------------------------0-0-------0---0---0---0-
-------------------------0-00-------0-------0---0-
-----------213321210--------0-------0-------0---0-
----------------------------0-------0-------0---0-
----------------------------0-------------------0-
----------------------------0-------0-------0---0-
-------211000000------------0-------0-------0---0-
----------------------------0-------0-------0---0-
----------------------------0---0---0---0---0-----
----------------------------0-------0-------0---1-
201-----1210----------------0-------0-------0---0-
----------------------------0-------1-------1---2-

