*** Life<Cell> 9x9 ***

Generation = 0, Population = 3.
---------
---------
---------
---------
---000---
---------
---------
---------
---------

Generation = 1, Population = 10.
---------
---------
---------
---000---
--01-10--
---000---
---------
---------
---------

Generation = 2, Population = 12.
---------
---------
---000---
---------
-01*-*10-
---------
---000---
---------
---------

Generation = 3, Population = 28.
---------
---000---
--01-10--
-00-0-00-
01-.-.-10
-00-0-00-
--01-10--
---000---
---------

Generation = 4, Population = 16.
---000---
---------
---------
---0-0---
1*1.-.1*1
---0-0---
---------
---------
---000---

Generation = 5, Population = 34.
--01-10--
---000---
---1-1---
00-----00
****-****
00-----00
---1-1---
---000---
--01-10--

*** Life<Cell> 1x1 ***

Generation = 0, Population = 1.
0

Generation = 1, Population = 0.
-

Generation = 2, Population = 0.
-

*** Life<Cell> 1x3 ***

Generation = 0, Population = 3.
000

Generation = 1, Population = 2.
1-1

Generation = 2, Population = 0.
---

*** Life<Cell> 20x20 ***

Generation = 0, Population = 20.
00000000000000000000
--------------------
--------------------
--------------------
--------------------
--------------------
--------------------
--------------------
--------------------
--------------------
--------------------
--------------------
--------------------
--------------------
--------------------
--------------------
--------------------
--------------------
--------------------
--------------------

Generation = 1, Population = 22.
1------------------1
00000000000000000000
--------------------
--------------------
--------------------
--------------------
--------------------
--------------------
--------------------
--------------------
--------------------
--------------------
--------------------
--------------------
--------------------
--------------------
--------------------
--------------------
--------------------
--------------------

Generation = 2, Population = 38.
*-0000000000000000-*
--------------------
00000000000000000000
--------------------
--------------------
--------------------
--------------------
--------------------
--------------------
--------------------
--------------------
--------------------
--------------------
--------------------
--------------------
--------------------
--------------------
--------------------
--------------------
--------------------

Generation = 3, Population = 26.
.-1--------------1-.
-0----------------0-
1------------------1
00000000000000000000
--------------------
--------------------
--------------------
--------------------
--------------------
--------------------
--------------------
--------------------
--------------------
--------------------
--------------------
--------------------
--------------------
--------------------
--------------------
--------------------

Generation = 4, Population = 42.
.--0------------0--.
--------------------
*000000000000000000*
--------------------
00000000000000000000
--------------------
--------------------
--------------------
--------------------
--------------------
--------------------
--------------------
--------------------
--------------------
--------------------
--------------------
--------------------
--------------------
--------------------
--------------------

Generation = 5, Population = 44.
.-1-0----------0-1-.
000-000000000000-000
.------------------.
--------------------
1------------------1
00000000000000000000
--------------------
--------------------
--------------------
--------------------
--------------------
--------------------
--------------------
--------------------
--------------------
--------------------
--------------------
--------------------
--------------------
--------------------

*** Life<Cell> 50x50 ***

Generation = 0, Population = 142.
00000000000-----------------------------0---------
-0--------------------------------------0---------
-0--------------------------------------0---------
-0--------------------------------------0---------
-0--------------------------------------0---------
-0----000-------------------------------0---------
-0--------------------------------------0---------
-0--------------------------------------0---------
-0--------------------------------------0---------
-0--------------------------------------0---------
00000000000000000000000000000000000000000000000000
-0--------------------------------------0---------
-0--------------------------------------0---------
-0--------------------------------------0---------
----------------------------------------0---------
----------------------------------------0---------
----------------------------------------0---------
----------------------------------------0---------
----------------------------------------0---------
----------------------------------------0---------
----------------------------------------0---------
----------------------------------------0---------
----------------------------------------0---------
-----------------------0-0--------------0---------
------------------------0---------------0---------
-----------------------0-0-0------------0---------
--------------------------0-------------0---------
-------------------------0-0------------0---------
----------------------------------------0---------
----------------------------------------0---------
----------------------------------------0---------
----------------------------------------0---------
----------------------------------------0---------
----------------------------------------0---------
----------------------------------------0---------
----------------------------------------0---------
----------------------------------------0---------
----------------------------------------0---------
----------------------------------------0---------
----------------------------------------0---------
00000000--------------------------------0---------
----------------------------------------0---------
----------------------------------------0---------
----------------------------------------0---------
----------------------------------------0---------
----------------------------------------0---------
----------------------------------------0---------
----------------------------------------0---------
----------------------------------------0---------
----------------------------------------0---------

Generation = 4, Population = 307.
**-*---0*1*.*10---------------------0-------0-----
-*-*-0000---------------------------0-------0-----
1110*-***0*-------------------------0-------0-----
-----0------------------------------0---0---0-----
00100--1-11-------------------------0-------0-----
-01*0-.-.1*10-----------------------0-------0-----
00100--1-110000000000000000000000000-101-101-00000
-0---0------------------------------1-------1-----
-0---0------------------------------0-------0-----
-1---1111---------------------------1-------1-----
-0-0------------------------------------------0---
-----1------------------------------1-------1-----
*-*--0------------------------------0-------0-----
-.---1------------------------------1-------1-----
111100000000000000000000000000000000-101-101-00000
-*----------------------------------0-------0-----
-1----------------------------------0-------0-----
-0----------------------------------0-------0-----
------------------------------------0-------0-----
-----------------------0-0----------0-------0-----
------------------------0-----------0-------0-----
-----------------------0-0-0--------0-------0-----
--------------------------0---------0-------0-----
-------------------0-0---0---0------0-------0-----
--------------------0-------0-------0-------0-----
-------------------0-0-0---0-0-0----0-------0-----
----------------------0-------0-----0-------0-----
---------------------0---0---0-0----0-------0-----
------------------------0-----------0-------0-----
-----------------------0-0-0--------0-------0-----
--------------------------0---------0-------0-----
-------------------------0-0--------0-------0-----
------------------------------------0-------0-----
------------------------------------0-------0-----
------------------------------------0-------0-----
------------------------------------0-------0-----
00000000----------------------------0-------0-----
------------------------------------0-------0-----
------------------------------------0-------0-----
-------0----------------------------0-------0-----
---001-*-*10------------------------0-------0-----
-------0----------------------------0-------0-----
------------------------------------0-------0-----
------------------------------------0-------0-----
00000000----------------------------0-------0-----
------------------------------------0-------0-----
------------------------------------0---0---0-----
------------------------------------0-------0-----
------------------------------------0-------0-----
------------------------------------0-------0-----

Generation = 8, Population = 395.
..0*-1-0***..1-.*10-------------0-----*---*-----0-
-.-*-..1.1*-1-1-----------------0---------------0-
*.1-*0.**-.-1**10000000000000000-10111*1-1*11101-0
11*----.00-*--------------------1---------------1-
-...-11---*11-------------------0--.-.-----.-.--0-
.1-.*..0**..--101---------------1-.----1-1----*-0-
.0.1--**0*.*1-------------------0----.-*-*-.----0-
0-*.*.11--..--------------------1-*-.-*-0-*-*---0-
.1.1.1-*--0---------------------0---0.-----*0*--0*
11---.1..10---------------------1---.0-----0.-*-0-
*1-0-*11----------------------------------0-------
0.1.-..-*0----------------------1---.0-----0.-*-0-
**.11-1--0----------------------0---0.-----*0*--0*
0.010-1101----------------------1-*-.-.0-0.-*---0-
.**-1.1-------------------------0----.0.-.0.----0-
1.-1-1-----------------1-1------1-.-----------*-0-
*.*---------------------0-------0--.-*-----*-.--0-
-.---------------------*-*-1----1---------------1-
11110000000000000000010000-00000-1010101-1010101-0
-*-----------------------0-0----0---------------0-
-1------------------------------0---------------0-
-0------------------------------0---------------0-
--------------------------------0---------------0-
---------------0-0-------------001--------------0-
----------------0-------------------------------0-
---------------0-0-0-----------00*-1------------0-
------------------0-------------0-0-------------0-
-----------------0-0------------0*-1------------0-
--------------------------------0---------------0-
--------------------------------1---------------0-
--------------------------------0---------------0-
-----------------------0-0------0---------------0-
00000000----------------0-------0---------------0-
-----------------------0-0-0----0---------------0-
--------------------------0-----0---------------0-
-------0-----------------0-0----0---------------0-
------*.1-----------------------0---------------0-
-------.-0----------------------0---------------0-
*-----0---0---------------------0---------------0-
-----1-1---0--------------------0---------------0-
**1.-*-.-.**-*10----------------0---------------0-
-----1-1---0--------------------0---------------0-
*-----0---0---------------------0-------0-------0-
-------.-0----------------------0---------------0-
------*.1-----------------------0---------------0-
-------0------------------------0---------------0-
--------------------------------0---------------0-
--------------------------------0---------------0-
00000000------------------------0---------------0-
--------------------------------0-----*---*-----0-

Generation = 12, Population = 741.
..1.0-1-.....-1....1---00000-*1...-0--.1-1.--0-.*.
-.-.0..**-*-*0*0-00---------1-.-.1.----0-0----.-.-
.*.*.*.**..--..*--*---------0---1.0*--*.-.*---*.0-
--..01-.-.*.-1--.-----------1-.-.0.--01*0*1010--*-
-...*..-0..*.--1.**---------0--.-.-.-.00--0.-.1.0*
..*.***1...****-.--01-------1-----.-1-..0*.-*-.-*-
.1**1...*...*----11000000000-101-1-1-.1.-.-..1.10*
-0**...*--.*1-0-*-----------0-0-.1*1....1-*-*---1-
...**--*-1**--1-------------0------1-.-1-1-.*.-1.*
..0*..**..01-1-00-----------0--1*--0*0.---**.*.-.-
*-*--...--1-1------------------------110-0--0-0---
-***-..1.---10---------0-0--0--1*--0*0*011-1.-.-.-
.*.*1-.-.----0----------0---0-----0--.-*-.1.*.11.*
-*0*-1*.-1*010---------0-0-00-0-.1.1.-.010**.---1-
*.*1*..0-1-100000000010-00-0-101-11--.-*-*1.*1.10*
..1-1---*----------1-*1-0*-110---1*--1-0-011--.-*-
.*.*..---*----------0*--0*0.---*-.-*1.0----.-.1.0*
-.01-.1111---------101-*-.-.---0.-.111-----1-0--.-
..**0-0--------------*-*0*-10-0--.---.-*-*-.--*.*-
1.-------------1-1---1101--*11---0*-1--1-1--1-.---
*.*--0----------0------00---0---0---00-----00--*0*
-.---1---------*-*-1---1-*-*0--1---01-------1---1-
111100000000010000-0000001-1-0010--1-000-000-101-0
-*---------0-0---0---0---0--1*-*1..100------0---0-
-1----------0-------0-------------0---------0---0-
-0---------0-0-0---0-0-0---01*--*.**00-0----0---0-
--------------0-------0-----0-010-000-0-----0---0-
-------------0---0---0---0--0100**---0-0----0---0-
00000000--------0-------0---0--1---10-------0---0-
---------------0-0-0---0-0-00--1*1**1-------0---0-
------------------0-------0-0----00-0-------0---0-
-------0---------0---0---0--01---1-10-------0---0-
---001-*-*10--------0---------------0-------0---0-
-------1-1---------0-0-0---00*-1----0-------0---0-
*-----0**-0-----------0-----0-0-----0-------0---0-
---1-*010------------0---0--0*-1----0-------0---0-
1-010-*.*--00000--------0---0-------0-------0---0-
-1-010-.--11-----------0-0-01-------0-------0---0-
*1--*---0--.0-------------0-0-------0---0---0---0-
*-1-0*-*100.11-0---------0-00-------0-------0---0-
....-...-..*1.**-*10--------0-------0-------0---0-
*-1-0*-*100.11-0------------0-------0-------0---0-
*1--*---0--.0---------------0-------------------0-
-1-010-.--11----------------0-------0-------0---0-
1-010-*.*--00000------------0-------0-------0---0-
---1-*010-------------------0-------0-1---1-0---0-
*-----0**-0-----------------0---0---0---0---0-----
-------1-1------------------0-------0-1---1-0---1-
*01---*.-*10----------------0-------1-------1---0-
-------1--------------------0-----*-1-.---.-1-*-*-

