*** Life<ConwayCell> 9x9 ***

Generation = 0, Population = 3.
.........
.........
.........
.........
...***...
.........
.........
.........
.........

Generation = 1, Population = 3.
.........
.........
.........
....*....
....*....
....*....
.........
.........
.........

Generation = 2, Population = 3.
.........
.........
.........
.........
...***...
.........
.........
.........
.........

Generation = 3, Population = 3.
.........
.........
.........
....*....
....*....
....*....
.........
.........
.........

Generation = 4, Population = 3.
.........
.........
.........
.........
...***...
.........
.........
.........
.........

Generation = 5, Population = 3.
.........
.........
.........
....*....
....*....
....*....
.........
.........
.........

*** Life<ConwayCell> 1x1 ***

Generation = 0, Population = 1.
*

Generation = 1, Population = 0.
.

Generation = 2, Population = 0.
.

*** Life<ConwayCell> 1x3 ***

Generation = 0, Population = 3.
***

Generation = 1, Population = 1.
.*.

Generation = 2, Population = 0.
...

*** Life<ConwayCell> 20x20 ***

Generation = 0, Population = 20.
********************
....................
....................
....................
....................
....................
....................
....................
....................
....................
....................
....................
....................
....................
....................
....................
....................
....................
....................
....................

Generation = 1, Population = 36.
.******************.
.******************.
....................
....................
....................
....................
....................
....................
....................
....................
....................
....................
....................
....................
....................
....................
....................
....................
....................
....................

Generation = 2, Population = 20.
.*................*.
.*................*.
..****************..
....................
....................
....................
....................
....................
....................
....................
....................
....................
....................
....................
....................
....................
....................
....................
....................
....................

Generation = 3, Population = 46.
....................
.*.**************.*.
..****************..
...**************...
....................
....................
....................
....................
....................
....................
....................
....................
....................
....................
....................
....................
....................
....................
....................
....................

Generation = 4, Population = 26.
....************....
....................
....................
..*..............*..
....************....
....................
....................
....................
....................
....................
....................
....................
....................
....................
....................
....................
....................
....................
....................
....................

Generation = 5, Population = 50.
.....**********.....
.....**********.....
....................
.....**********.....
.....**********.....
.....**********.....
....................
....................
....................
....................
....................
....................
....................
....................
....................
....................
....................
....................
....................
....................

*** Life<ConwayCell> 50x50 ***

Generation = 0, Population = 142.
***********.............................*.........
.*......................................*.........
.*......................................*.........
.*......................................*.........
.*......................................*.........
.*....***...............................*.........
.*......................................*.........
.*......................................*.........
.*......................................*.........
.*......................................*.........
**************************************************
.*......................................*.........
.*......................................*.........
.*......................................*.........
........................................*.........
........................................*.........
........................................*.........
........................................*.........
........................................*.........
........................................*.........
........................................*.........
........................................*.........
........................................*.........
.......................*.*..............*.........
........................*...............*.........
.......................*.*.*............*.........
..........................*.............*.........
.........................*.*............*.........
........................................*.........
........................................*.........
........................................*.........
........................................*.........
........................................*.........
........................................*.........
........................................*.........
........................................*.........
........................................*.........
........................................*.........
........................................*.........
........................................*.........
********................................*.........
........................................*.........
........................................*.........
........................................*.........
........................................*.........
........................................*.........
........................................*.........
........................................*.........
........................................*.........
........................................*.........

Generation = 4, Population = 204.
......*................................***........
....*.................................*...*.......
.....................................*.....*......
..*...............................................
.......**...........................*.......*.....
.*...****...........................*.......*.....
.........***************************.........*....
..*....................................*.*.....*..
................................................*.
....*................................*..*..*.....*
....*..................................*.*.......*
*....................................*..*..*.....*
**..............................................*.
**.....................................*.*.....*..
....********************************.........*....
....................................*.......*.....
....................................*.......*.....
....................................*.......*.....
....................................*.......*.....
....................................*.......*.....
....................................*.......*.....
....................................*.......*.....
....................................*.......*.....
........................***.........*.......*.....
.......................*...*........*.......*.....
.......................*...*........*.......*.....
.......................*...*........*.......*.....
........................***.........*.......*.....
....................................*.......*.....
....................................*.......*.....
....................................*.......*.....
....................................*.......*.....
....................................*.......*.....
....................................*.......*.....
....................................*.......*.....
....................................*.......*.....
....................................*.......*.....
..*..*..............................*.......*.....
.*....*.............................*.......*.....
*......*............................*.......*.....
*......*............................*.......*.....
*......*............................*.......*.....
.*....*.............................*.......*.....
..*..*..............................*.......*.....
....................................*.......*.....
....................................*.......*.....
..................................................
.....................................*.....*......
......................................*...*.......
.......................................***........

Generation = 8, Population = 178.
..................................................
........................................*.........
.............*******************..................
............*...................*......***........
...........*.....................*................
.......*....*...................*.................
.....**...........................................
............*...................*.................
...........*.....................*................
............*...................*.......*.....*...
........***............................*.*....*.*.
......*.........................*.......*.....*...
.....*...........................*................
....*...........................*.................
....*.............................................
....*............................*................
.....*.......................................*.*..
......*............................*..*...*.......
........************************.....*.*.*.*....*.
................................*...............*.
................................*...............*.
................................*...............*.
........................***.....*...............*.
................................*...............*.
......................*.....*...*...............*.
......................*.....*...*...............*.
......................*.....*...*...............*.
................................*...............*.
........................***.....*...............*.
................................*...............*.
................................*...............*.
................................*...............*.
................................*...............*.
................................*...............*.
................................*...............*.
................................*...............*.
................................*...............*.
................................*...............*.
......**........................*...............*.
.........*......................*...............*.
.*.......*......................*...............*.
.........*......................*...............*.
......**..........................................
.................................*.....*.*.....*..
..................................*...*...*...*...
...................................***.....***....
.......................................***........
..................................................
........................................*.........
..................................................

Generation = 12, Population = 247.
................*...........*.....................
................*...........*...........*.........
............*..*.............*..*......*.*........
...........*.***.............***.*................
...........**...................**.....***........
...............*.............*....................
................*************.....................
...........*......................................
.........**.*.....................................
........*...*...........................*....*.*..
........*.**...........................*.*...*..*.
.........*..............................*....*.*..
....**............................................
..*....*..........................................
..*....*....****************......................
..*....*..*.................*.....................
....**...*...................*....................
........*...................*.....................
........*...............***.*..................**.
........*.............*.....**................*.*.
.........*..............***..................*....
..........*............*****...*..*.............*.
............************...*...***.*........*...*.
............................**......*.......*...*.
......................*......**.*...*.......*...*.
......................*......**.*...*.......*...*.
......................*......**.*...*.......*...*.
............................**......*.......*...*.
........................***.*..*....*.......*...*.
............................*.......*.......*...*.
............................*.......*.......*...*.
............................*.......*.......*...*.
............................*.......*.......*...*.
............................*.......*.......*...*.
............................*.......*.......*...*.
............................*.......*.......*...*.
............................*.......*.......*...*.
............................*.......*.......*...*.
................................................*.
.......*.*...................*.....*.........*....
......*..*....................*...*...........*.*.
.......*.*.....................***.............**.
...................................**.......**....
....................................**.....**.....
..................................*.*.......*.*...
..................................*...........*...
..................................................
..................................................
..................................................
..................................................

