*** Life<ConwayCell> 9x2 ***

Generation = 0, Population = 3.
..
.*
..
..
*.
..
..
*.
..

Generation = 2, Population = 0.
..
..
..
..
..
..
..
..
..

*** Life<ConwayCell> 2x10 ***

Generation = 0, Population = 11.
...***..*.
***..*.***

Generation = 1, Population = 17.
.*********
.***.*****

Generation = 2, Population = 4.
.*.......*
.*.......*

Generation = 3, Population = 0.
..........
..........

Generation = 4, Population = 0.
..........
..........

*** Life<ConwayCell> 7x13 ***

Generation = 0, Population = 1.
.............
.............
...*.........
.............
.............
.............
.............

Generation = 4, Population = 0.
.............
.............
.............
.............
.............
.............
.............

*** Life<ConwayCell> 3x6 ***

Generation = 0, Population = 0.
......
......
......

Generation = 4, Population = 0.
......
......
......

*** Life<ConwayCell> 12x16 ***

Generation = 0, Population = 8.
.*........*...*.
..*.............
................
................
................
................
................
*...............
................
.*.........*....
................
......*.........

Generation = 2, Population = 0.
................
................
................
................
................
................
................
................
................
................
................
................

*** Life<ConwayCell> 6x7 ***

Generation = 0, Population = 4.
.......
.......
.*.....
....*.*
.......
*......

Generation = 2, Population = 0.
.......
.......
.......
.......
.......
.......

Generation = 4, Population = 0.
.......
.......
.......
.......
.......
.......

*** Life<ConwayCell> 15x10 ***

Generation = 0, Population = 32.
........*.
.*......*.
....*...*.
..*..*....
*.......*.
.....***..
..*....***
.*..*.....
.......*..
*..*..*..*
...*...**.
*.........
....*..*..
*.....*...
.....*....

Generation = 2, Population = 17.
........*.
........*.
........*.
..........
......*...
.....*....
.......**.
......***.
..........
.......*..
......*.*.
.......**.
......**..
..........
..........

Generation = 4, Population = 19.
........*.
........*.
........*.
..........
..........
.......*..
......*.*.
........**
......*.*.
......*.*.
........*.
......*.**
.......**.
.......*..
..........

*** Life<ConwayCell> 1x3 ***

Generation = 0, Population = 3.
***

*** Life<ConwayCell> 13x4 ***

Generation = 0, Population = 19.
....
*...
***.
*...
....
*.**
*.**
...*
**..
*..*
*...
*..*
....

Generation = 4, Population = 12.
....
....
....
*...
....
.***
..**
.*..
..**
..**
.*..
....
....

*** Life<ConwayCell> 10x10 ***

Generation = 0, Population = 52.
*..***..**
****.**...
.**.*.*.**
..*.**..*.
..*.......
.****.*..*
***.**..**
****....*.
.**....*.*
.****..***

Generation = 3, Population = 23.
.....**...
**....**..
**......*.
.......*..
....**.*..
...*...*..
....*..*.*
..........
...**.***.
..........

Generation = 6, Population = 25.
..........
**.....**.
**.....***
....***...
....*..*..
...**.**..
...*....*.
...*...**.
....*..*..
..........
