*** Life<FredkinCell> 9x3 ***

Generation = 0, Population = 18.
--0
00-
000
000
0-0
-00
0--
000
0--

Generation = 3, Population = 19.
0-1
-1-
3-0
313
111
211
3--
11-
-02

Generation = 6, Population = 20.
001
222
411
-26
21-
-2-
--2
12-
213

*** Life<FredkinCell> 14x6 ***

Generation = 0, Population = 23.
-00-00
-0-0-0
00----
0-----
0-000-
-0-00-
-0----
------
0-0---
------
------
---0--
-0--0-
------

Generation = 3, Population = 45.
00----
1----1
0--0-2
1-2--1
3-1--2
-3-1-2
0-002-
020110
0-1-10
0-0-0-
1110--
-200--
--2-00
---10-

*** Life<FredkinCell> 11x4 ***

Generation = 0, Population = 26.
0---
--0-
0000
-000
0000
0--0
00--
--0-
-0-0
0-00
0-00

Generation = 2, Population = 24.
01-0
0020
---0
-202
-2-2
0-0-
---1
1-0-
--02
-1-2
2--0

*** Life<FredkinCell> 7x4 ***

Generation = 0, Population = 18.
0000
0000
00--
0--0
-0--
--00
00-0

Generation = 3, Population = 18.
-311
31--
10--
-021
-000
02-0
1--3

Generation = 6, Population = 13.
---4
--2-
--1-
233-
--1-
121-
2-16

*** Life<FredkinCell> 7x15 ***

Generation = 0, Population = 31.
00--------0---0
---0----0000--0
0----0----0-0--
-0------0--0-0-
---------0-----
000-00-0---0--0
0-------0----00

Generation = 1, Population = 50.
1100----0-1--01
-00-00-01--1-01
---00-0---1---0
--0--0-0----0-0
0-0-00-0--0--00
--1-11---00-0-1
1-0-00---0-001-

Generation = 2, Population = 55.
2211-0--1---0--
-----101-00---2
-001---000--0--
001-01010--0-0-
-----1-10-10011
-0--22000--01-2
--1---0-010112-

Generation = 3, Population = 52.
3--2-1----10-01
0---0-----11-0-
--12--011-----0
11-012--1--1-1-
0-0-0--21-2-12-
0--033111-012-3
---00-10---223-

Generation = 4, Population = 44.
421-0-0--0----2
1000--0110---12
--2-0-1--01--0-
-2--23-1-0--02-
-0---1--2-3----
10----2----23--
1-1--0------34-

Generation = 5, Population = 48.
-3-2--1--11---3
-1-1011--1--0--
00321021-120---
13-0--0-11011-0
--0--2---0---2-
-----3-11--3---
20-00--------50

Generation = 6, Population = 62.
44-3--201-2000-
--02122-1-1--12
----21-2123-0-0
---1-3112-1222-
0---03-221-----
1010-4-22-0-3-3
31-11--00--2361

Generation = 7, Population = 52.
5514-----------
1-1323---1--0--
--32-2----401-1
1-1--4--3---33-
1-001403-230-21
21---5-330-3404
--1-2-1--1-34--

*** Life<FredkinCell> 9x6 ***

Generation = 0, Population = 25.
-00---
---00-
0-0--0
-0--00
-00--0
-00-00
-00---
000-0-
-0-0--

Generation = 3, Population = 30.
0-1121
--2---
---1-1
03021-
030-20
0110--
-130--
---20-
0---01

Generation = 6, Population = 32.
132-2-
--5-2-
000211
--13-3
1430-1
1-1---
--6-12
3-03-2
-420--

*** Life<FredkinCell> 14x6 ***

Generation = 0, Population = 11.
--0---
----0-
----0-
------
------
-----0
0--0--
0-----
---0--
--0---
------
--0---
--0---
------

Generation = 2, Population = 32.
0-0---
--1---
------
----10
0--00-
1--1-0
2110-1
2----0
10-0-0
--0-0-
--00--
0-2-0-
0---0-
--1---

Generation = 4, Population = 26.
0---0-
1----0
--102-
1-----
--10--
-0011-
--1--1
----1-
--1--2
1----0
1--2--
------
2-11--
------

Generation = 6, Population = 44.
--11--
--31-0
-1-0-0
-1-021
20-0--
-203-1
3---1-
20-111
--1-0-
3-2112
-122--
1----0
203320
------

Generation = 8, Population = 26.
1-1-1-
2----2
1-3---
--0---
--2-0-
-2--3-
-2313-
----1-
-1-0--
------
----0-
----1-
--332-
1----1

*** Life<FredkinCell> 4x3 ***

Generation = 0, Population = 6.
--0
00-
-0-
-00

*** Life<FredkinCell> 8x14 ***

Generation = 0, Population = 68.
0000-000---000
--00-0--0-00-0
0--00-0---0-00
0-0-0-000--0--
000-0-0-00--00
0000000-0--00-
000-00---0-000
00-0----000000

Generation = 3, Population = 52.
-01-1-01--0-0-
----03-00---1-
-201-0--12--31
-2--113--0--20
----02----22--
101--3-0-0-030
-1-0-00-----1-
--011002--1---

Generation = 6, Population = 61.
-14040--10-0--
01--1-21----21
4-12102112--6-
-5-011-003--20
1-22-3-32-3-2-
23---4--2-1--3
24-1-1022--2--
-----115-12---

*** Life<FredkinCell> 2x11 ***

Generation = 0, Population = 2.
0----0-----
-----------

Generation = 2, Population = 4.
--00-0-0---
-----------

Generation = 4, Population = 6.
012-00---0-
-----------

Generation = 6, Population = 6.
214--21--0-
-----------
