*** Life<Cell> 6x11 ***

Generation = 0, Population = 21.
----0--0---
---0---00-0
--0-0--0---
-0--0-0--0-
-0-00---00-
-----00--0-

Generation = 4, Population = 33.
000--***-0-
----*1-1*0-
---1..-*---
1**--*010*1
1.-.*-----*
-.0*1.*10*-

*** Life<Cell> 13x4 ***

Generation = 0, Population = 6.
--0-
----
---0
--0-
----
----
----
----
----
0---
-0--
0---
----

Generation = 3, Population = 13.
---*
0--0
-111
--0-
0---
-0--
0-0-
----
----
----
--0-
----
0---

*** Life<Cell> 6x8 ***

Generation = 0, Population = 17.
-------0
-0-0-0-0
--0-0---
--00-0-0
00-0-0--
--0---0-

*** Life<Cell> 3x4 ***

Generation = 0, Population = 5.
0--0
----
-000

Generation = 4, Population = 5.
-01-
----
0-0*

*** Life<Cell> 8x11 ***

Generation = 0, Population = 18.
----0----0-
0-0---00---
------00---
-0-------0-
0-0--------
0-------0--
-----0-----
--000------

Generation = 3, Population = 49.
--*-------0
-110-*00*--
-0--0*-0-0-
0011-0*0*0-
1-1----1-00
**---0100*1
*-**-00--00
--11-110-0-

Generation = 6, Population = 41.
1-*-0--*-*-
-1..-*-1.--
*0*0*.----0
1.**-1.-*--
--*101*-1.-
..0**1.--.*
.-..1*--0.0
-1*--1.10*1

*** Life<Cell> 15x7 ***

Generation = 0, Population = 53.
-0-0-0-
--0-00-
00000--
----0--
-0-000-
00--0-0
---0-00
00--00-
--00---
--00000
0-0--00
--0000-
---0-00
0---000
-0000--

Generation = 4, Population = 53.
1-1--*-
*-.---*
--*-100
-0--0*0
**0-**0
10--.--
--1*0-*
*.-.*00
10--1*-
--*--*1
0-1-1.-
0---*.*
.-1--1-
-010-.1
**00-1-

*** Life<Cell> 8x8 ***

Generation = 0, Population = 33.
0000--00
--0-00--
-0-0-0--
-0--0-00
-0000-0-
-00-000-
0-0---0-
--0-0-00

Generation = 2, Population = 31.
*0-*-0*-
11*0----
1*--0*--
-001*1-*
--------
00----*1
-1-10-0-
11*---0-

*** Life<Cell> 9x3 ***

Generation = 0, Population = 12.
0--
--0
--0
0--
0--
000
-0-
00-
-0-

Generation = 2, Population = 11.
---
--*
1-*
-11
00-
-*-
10-
-*-
---

Generation = 4, Population = 15.
0--
1-.
1-*
*11
**-
-.*
**1
-.-
0*-

*** Life<Cell> 9x4 ***

Generation = 0, Population = 16.
0---
-0-0
0000
00-0
0---
-00-
0--0
-0--
----

Generation = 1, Population = 20.
---0
0101
---1
1-01
1000
011-
-0--
--00
-0--

Generation = 2, Population = 20.
00-1
1--*
-00-
*0-*
*1--
----
-100
-011
0--0

Generation = 3, Population = 21.
-1-*
*1-*
0-11
.10.
*-00
0-10
0-1-
--**
---1

Generation = 4, Population = 19.
-*-.
*-0*
1---
**1.
*11-
--*-
1--0
00**
---*

Generation = 5, Population = 17.
-*-.
*11.
---1
..-.
***0
--*-
*-11
--.*
00-*

Generation = 6, Population = 17.
-*-.
***.
10--
.*1*
.**1
--.0
.---
-0.*
11-.

Generation = 7, Population = 16.
-*-.
..*.
-111
..**
.*.*
-1.1
.1--
-1*.
*-0.

*** Life<Cell> 14x3 ***

Generation = 0, Population = 16.
00-
00-
---
0-0
-0-
-00
--0
-0-
00-
---
0--
0--
--0
---

Generation = 2, Population = 17.
-01
---
0--
0-0
--1
-0-
--*
-*0
---
01-
-1-
*-1
--0
0--

Generation = 4, Population = 24.
-**
1-1
*11
-0-
--*
10-
0-*
-.0
-01
-11
-.0
.1.
01*
0--
