*** Life<FredkinCell> 9x9 ***

Generation = 0, Population = 3.
---------
---------
---------
---------
---000---
---------
---------
---------
---------

Generation = 1, Population = 10.
---------
---------
---------
---000---
--01-10--
---000---
---------
---------
---------

Generation = 2, Population = 12.
---------
---------
---000---
---------
-012-210-
---------
---000---
---------
---------

Generation = 3, Population = 30.
---------
---000---
--01-10--
-00-0-00-
01-3-3-10
-00-0-00-
--01-10--
---000---
---------

*** Life<FredkinCell> 10x10 ***

Generation = 0, Population = 4.
----------
----------
----------
----------
----00----
----00----
----------
----------
----------
----------

Generation = 1, Population = 8.
----------
----------
----------
----00----
---0--0---
---0--0---
----00----
----------
----------
----------

Generation = 2, Population = 16.
----------
----------
----00----
----11----
--01--10--
--01--10--
----11----
----00----
----------
----------

Generation = 3, Population = 16.
----------
----00----
---0--0---
--0----0--
-0------0-
-0------0-
--0----0--
---0--0---
----00----
----------

*** Life<FredkinCell> 5x5 ***

Generation = 0, Population = 6.
--0--
-0---
---00
----0
0----

Generation = 1, Population = 11.
---0-
0--00
-001-
0---1
-0--0

Generation = 2, Population = 14.
0-01-
---11
01--0
-00-2
--001

Generation = 3, Population = 4.
--1--
-0---
1----
---0-
-----

*** Life<FredkinCell> 9x9 ***

Generation = 0, Population = 23.
0---0---0
--0--0---
--0---00-
-----0---
0--00---0
-----00--
--0---0--
---0--0--
0-0-0---0

Generation = 10, Population = 38.
0--------
-34-5-4--
2-12-----
22452----
63-4-40-0
33--36--4
-0-4-2-31
--0016-4-
--01-1-2-

*** Life<FredkinCell> 3x3 ***

Generation = 0, Population = 3.
0--
-0-
--0

Generation = 2, Population = 0.
---
---
---

*** Life<FredkinCell> 1x1 ***

Generation = 0, Population = 1.
0

Generation = 1, Population = 0.
-

*** Life<FredkinCell> 9x7 ***

Generation = 0, Population = 10.
-------
-------
-0---0-
-------
---0---
-------
0-----0
-0---0-
--000--

Generation = 5, Population = 18.
0-----0
00-0-00
-------
---0---
--1-1--
-0---0-
0-----0
-2---2-
--1-1--

*** Life<FredkinCell> 4x4 ***

Generation = 0, Population = 8.
-0-0
0-0-
-0-0
0-0-

Generation = 3, Population = 4.
--0-
---0
0---
-0--

Generation = 6, Population = 4.
-0--
0---
---0
--0-
