*** Life<Cell> 9x9 ***

Generation = 0, Population = 3.
---------
---------
---------
---------
---000---
---------
---------
---------
---------

Generation = 1, Population = 10.
---------
---------
---------
---000---
--01-10--
---000---
---------
---------
---------

Generation = 2, Population = 12.
---------
---------
---000---
---------
-01*-*10-
---------
---000---
---------
---------

Generation = 3, Population = 28.
---------
---000---
--01-10--
-00-0-00-
01-.-.-10
-00-0-00-
--01-10--
---000---
---------

*** Life<Cell> 5x5 ***

Generation = 0, Population = 6.
--0--
-0---
---00
----0
0----

Generation = 1, Population = 11.
---0-
0--00
-001-
0---1
-0--0

Generation = 2, Population = 14.
0-01-
---11
01--0
-00-*
--001

Generation = 3, Population = 5.
--1--
-0---
1----
---0*
-----

*** Life<Cell> 9x9 ***

Generation = 0, Population = 23.
0---0---0
--0--0---
--0---00-
-----0---
0--00---0
-----00--
--0---0--
---0--0--
0-0-0---0

Generation = 10, Population = 26.
..1....1-
...11-0.0
.0....-..
...-01.*-
..-..*..*
.*0.*.1..
1-.*.**--
.01-*1.-*
-.0-.-..-

*** Life<Cell> 3x3 ***

Generation = 0, Population = 3.
0--
-0-
--0

Generation = 2, Population = 0.
---
---
---

*** Life<Cell> 1x1 ***

Generation = 0, Population = 1.
0

Generation = 1, Population = 0.
-

*** Life<Cell> 9x7 ***

Generation = 0, Population = 10.
-------
-------
-0---0-
-------
---0---
-------
0-----0
-0---0-
--000--

Generation = 5, Population = 18.
0-----0
00-0-00
-------
---0---
--1-1--
-0---0-
0-----0
-*---*-
--1-1--

*** Life<Cell> 4x4 ***

Generation = 0, Population = 8.
-0-0
0-0-
-0-0
0-0-

Generation = 3, Population = 4.
--0-
---0
0---
-0--

Generation = 6, Population = 4.
-0--
0---
---0
--0-
