*** Life<ConwayCell> 1x5 ***

Generation = 0, Population = 3.
*..**

Generation = 2, Population = 0.
.....

Generation = 4, Population = 0.
.....

Generation = 6, Population = 0.
.....

Generation = 8, Population = 0.
.....

Generation = 10, Population = 0.
.....

*** Life<ConwayCell> 8x8 ***

Generation = 0, Population = 11.
....**..
*.......
...*....
........
.*....*.
.....*.*
....*...
.*...*..

Generation = 2, Population = 7.
........
........
........
........
.....**.
....*..*
....*.*.
.....*..

Generation = 4, Population = 7.
........
........
........
........
.....**.
....*..*
....*.*.
.....*..

*** Life<ConwayCell> 9x9 ***

Generation = 0, Population = 38.
.*.***..*
..***..*.
....**.*.
**......*
..*..*..*
*.*.*.**.
..*****..
..*..**.*
*..***.**

Generation = 2, Population = 27.
.........
.****...*
.**.*....
*........
..**....*
..*...**.
..**.....
.**.*..**
..***..**

Generation = 4, Population = 26.
..**.....
.**.*....
.........
.***.....
.**......
.*....***
......*.*
.***.**..
.***...**

Generation = 6, Population = 27.
.*.*.....
.*.*.....
.*.......
..*......
*..*...*.
***.....*
**.**.*.*
**.*..*.*
...*..**.

*** Life<ConwayCell> 8x3 ***

Generation = 0, Population = 15.
*.*
**.
*.*
.*.
**.
*.*
***
*..

Generation = 2, Population = 7.
.*.
*..
..*
..*
..*
..*
...
.*.

Generation = 4, Population = 5.
...
...
**.
*..
.**
...
...
...

Generation = 6, Population = 5.
...
...
**.
*.*
.*.
...
...
...

Generation = 8, Population = 5.
...
...
**.
*.*
.*.
...
...
...

Generation = 10, Population = 5.
...
...
**.
*.*
.*.
...
...
...

*** Life<ConwayCell> 4x5 ***

Generation = 0, Population = 14.
*.*.*
*****
****.
*..*.

Generation = 1, Population = 6.
*.*.*
....*
.....
*..*.

Generation = 2, Population = 2.
...*.
...*.
.....
.....

Generation = 3, Population = 0.
.....
.....
.....
.....

Generation = 4, Population = 0.
.....
.....
.....
.....

*** Life<ConwayCell> 2x6 ***

Generation = 0, Population = 1.
.....*
......

*** Life<ConwayCell> 10x7 ***

Generation = 0, Population = 23.
..*.*.*
...**..
..*.*.*
...*.**
..**.*.
...**..
*......
*.*..**
......*
..*....

Generation = 1, Population = 23.
....**.
..*.*..
..*...*
......*
..*..**
..***..
.*.***.
.*...**
.*...**
.......

Generation = 2, Population = 19.
...***.
....*..
...*.*.
......*
..*.***
.*....*
.*....*
**.....
.....**
.......

*** Life<ConwayCell> 6x1 ***

Generation = 0, Population = 2.
*
.
.
*
.
.

Generation = 2, Population = 0.
.
.
.
.
.
.

Generation = 4, Population = 0.
.
.
.
.
.
.

Generation = 6, Population = 0.
.
.
.
.
.
.

Generation = 8, Population = 0.
.
.
.
.
.
.

*** Life<ConwayCell> 11x10 ***

Generation = 0, Population = 51.
.*.**.....
.*.*****..
**..**..**
**.*.*....
***...**..
****..*.*.
.**.**.*.*
**.****..*
..***....*
*.........
.**..*....

Generation = 3, Population = 10.
.......*..
.......*..
..........
..........
....*.....
........*.
.......*.*
........*.
***.......
..........
..........

Generation = 6, Population = 7.
..........
..........
..........
..........
..........
........*.
.......*.*
.*......*.
.*........
.*........
..........

Generation = 9, Population = 7.
..........
..........
..........
..........
..........
........*.
.......*.*
........*.
***.......
..........
..........

*** Life<ConwayCell> 9x11 ***

Generation = 0, Population = 28.
.*.*..**.*.
*......*...
.........*.
*..**.....*
..**.....**
*....*.**..
..**.....*.
....*..*...
*......**..

