*** Life<FredkinCell> 10x3 ***

Generation = 0, Population = 12.
00-
---
0-0
000
-0-
0-0
---
0--
--0
---

Generation = 4, Population = 19.
220
2-3
20-
0--
321
---
1-1
110
-00
--1

Generation = 8, Population = 17.
--0
4-4
-1-
121
4--
0--
30-
2-2
2--
225

*** Life<FredkinCell> 10x2 ***

Generation = 0, Population = 2.
--
--
--
0-
--
--
--
--
--
-0

Generation = 4, Population = 5.
--
--
--
0-
--
-1
--
10
--
-0

*** Life<FredkinCell> 11x10 ***

Generation = 0, Population = 23.
----0---0-
----------
------0--0
-0------0-
0-0-------
----000---
0-0--0----
--0--0----
00--------
--0--00---
0-0-------

Generation = 2, Population = 45.
--0-0-0-01
-0------1-
0-0----1-0
---000----
0---111--0
-0-12221--
-0-10--0--
0-21---0--
2-10-0----
0-21-2-10-
-0--0-----

Generation = 4, Population = 45.
--0-0-0--3
----101---
0---1--11-
-00-2---0-
-00---1-1-
02---44-11
-2--0-----
2-----1-10
-13-02----
21--1-1--1
00--000---

Generation = 6, Population = 42.
----------
-0-1--10--
00--10--1-
-001----01
-2-1--30--
-4------1-
--2300--0-
2-3--111-2
--5-04-0--
---21--3--
--2-0--10-

*** Life<FredkinCell> 10x5 ***

Generation = 0, Population = 19.
0-0--
----0
--0--
00-0-
--0--
00---
---00
0--00
-0--0
--00-

*** Life<FredkinCell> 11x6 ***

Generation = 0, Population = 38.
00000-
--0-0-
00-000
0-0-00
---00-
----00
00--0-
--0-0-
0000-0
00-0--
00-000

Generation = 3, Population = 30.
11--1-
-0-0--
-11-00
--1130
-1-3--
--11-1
------
02-2--
-33-21
-3----
-1101-

*** Life<FredkinCell> 5x11 ***

Generation = 0, Population = 33.
00-0--0--00
00-0--000-0
--000-000--
-00---000-0
000-00000--

Generation = 4, Population = 32.
1--41120020
2----1----4
-----01--00
1--00212--0
42002122--1

*** Life<FredkinCell> 2x6 ***

Generation = 0, Population = 5.
0----0
-000--

*** Life<FredkinCell> 9x8 ***

Generation = 0, Population = 8.
--------
--------
------00
--0-0---
--------
-0------
----0---
--------
0--0----

Generation = 3, Population = 38.
--0-0011
-0--1-0-
00-0221-
1-1--020
00-----1
00-1-0-0
-0---0-0
-10-000-
0----10-

Generation = 6, Population = 35.
--00----
---1--0-
-02--3--
----10--
10--2--1
--2-2-01
01010---
023-111-
0-312110

Generation = 9, Population = 30.
--1120--
-3--1---
0--2--2-
-11-2-6-
-1-030--
0---2-12
--1-3--2
-3604--0
----3---

*** Life<FredkinCell> 5x5 ***

Generation = 0, Population = 13.
--0--
-0-00
--00-
0-00-
-0000

*** Life<FredkinCell> 6x7 ***

Generation = 0, Population = 18.
---0--0
-----00
00-00--
-0-000-
--0---0
00-00--

Generation = 3, Population = 18.
----01-
02--03-
-1-----
1--1---
-202--1
13-3-02

Generation = 6, Population = 19.
02-2---
--0203-
-----32
-3244-2
--05---
4--4--2

