*** Life<Cell> 4x4 ***

Generation = 0, Population = 4.
----
----
00--
0-0-

Generation = 1, Population = 6.
----
00--
-1--
10-0

*** Life<Cell> 11x7 ***

Generation = 0, Population = 30.
-00-00-
-000--0
0--00--
--0---0
-00---0
-----00
-0--0-0
-------
--0-000
00-----
00---0-

Generation = 4, Population = 40.
0*11.**
0-.00-0
*---.11
10.-1..
-.--111
0--**11
0-*1-*1
--1--.-
00--.**
0-0-1--
-0--10-

Generation = 8, Population = 45.
-.1*.**
0*.1*.-
.--...-
*..-..*
1.*1..-
-0*..1*
*0**0.1
*-**0.-
0*-1***
-0*0*11
00*01*-


*** Life<Cell> 4x8 ***

Generation = 0, Population = 9.
------0-
00-0--0-
------0-
0----0-0

Generation = 1, Population = 17.
00-0-010
11--00-0
-0-0--1-
-0--0-0-

Generation = 2, Population = 13.
----0---
-*001--1
----0-*-
010---10

Generation = 3, Population = 18.
-00-10-0
1.--*0--
0---1-*0
1-1000-1

Generation = 4, Population = 13.
-11-----
*.00.---
-00---.-
*-*-111*

Generation = 5, Population = 14.
-*------
*.11.---
011-10*0
.1*-*--.

*** Life<Cell> 1x2 ***

Generation = 0, Population = 1.
0-


*** Life<Cell> 9x7 ***

Generation = 0, Population = 3.
-------
-------
-------
-------
-0-----
0--0---
-------
-------
-------

Generation = 2, Population = 11.
-------
-------
-0-----
0--0---
---1---
001--0-
-0-----
0--0---
-------

Generation = 4, Population = 7.
-0-----
0--0---
-------
-------
-1-.-1-
--.-1--
-------
-------
-0-----

Generation = 6, Population = 16.
-0-1---
001--0-
-----0-
0--10--
---.---
--*---0
-----0-
----0--
-0-0---

Generation = 8, Population = 6.
-------
*-.0---
-1-----
---.---
---.---
--.1--0
-1-----
-------
-------

*** Life<Cell> 6x3 ***

Generation = 0, Population = 11.
00-
0-0
0-0
0-0
--0
-00

Generation = 4, Population = 10.
0.-
00*
-*-
*-0
--1
1.*


*** Life<Cell> 6x6 ***

Generation = 0, Population = 12.
00----
000---
-00---
--0---
------
-0000-

Generation = 2, Population = 12.
---0--
---10-
-0-10-
---1--
-10---
1-0--1

*** Life<Cell> 9x4 ***

Generation = 0, Population = 20.
00--
-0-0
-000
--0-
--0-
-00-
0-00
0--0
0000

Generation = 5, Population = 17.
-0*0
0-*1
*1.0
--1*
-0-*
--.0
.--0
----
-0-0


*** Life<Cell> 11x8 ***

Generation = 0, Population = 23.
---0--00
-00-0---
0-------
0-------
--0-----
00---00-
-0-----0
------0-
-----0-0
0-0-00--
----0---

Generation = 2, Population = 41.
01-00-*-
--*10-1-
*--0--00
----000-
-0--0--0
--0-1-*0
--10----
-10---0-
-0-00*-0
---00--1
--1-*000

Generation = 4, Population = 42.
**10--.-
0-.10-1-
*1-*1-*-
--0-0-0-
1--1-0--
10--*-*0
01.*0---
1-0---0-
-*10*.-*
----*--1
01-1*---

Generation = 6, Population = 47.
**10--.1
0-.*-0*-
**1.*0.*
-000---1
.001001*
*-*-.-.*
-1..--01
*1--0-0-
0..-..0*
1---.1-*
-*1*.-01


*** Life<Cell> 10x2 ***

Generation = 0, Population = 9.
0-
0-
--
--
00
00
--
--
0-
00

