*** Life<FredkinCell> 9x9 ***

Generation = 0, Population = 3.
---------
---------
---------
---------
---000---
---------
---------
---------
---------

Generation = 1, Population = 10.
---------
---------
---------
---000---
--01-10--
---000---
---------
---------
---------

Generation = 2, Population = 12.
---------
---------
---000---
---------
-012-210-
---------
---000---
---------
---------

Generation = 3, Population = 30.
---------
---000---
--01-10--
-00-0-00-
01-3-3-10
-00-0-00-
--01-10--
---000---
---------

*** Life<FredkinCell> 10x10 ***

Generation = 0, Population = 4.
----------
----------
----------
----------
----00----
----00----
----------
----------
----------
----------

Generation = 1, Population = 8.
----------
----------
----------
----00----
---0--0---
---0--0---
----00----
----------
----------
----------

Generation = 2, Population = 16.
----------
----------
----00----
----11----
--01--10--
--01--10--
----11----
----00----
----------
----------

Generation = 3, Population = 16.
----------
----00----
---0--0---
--0----0--
-0------0-
-0------0-
--0----0--
---0--0---
----00----
----------

*** Life<FredkinCell> 12x12 ***

Generation = 0, Population = 7.
------------
------------
------------
------------
----0000000-
------------
------------
------------
------------
------------
------------
------------

Generation = 1, Population = 18.
------------
------------
------------
----0000000-
---01-----10
----0000000-
------------
------------
------------
------------
------------
------------

Generation = 2, Population = 21.
------------
------------
----0000000-
------------
--0120---021
------------
----0000000-
------------
------------
------------
------------
------------

Generation = 3, Population = 41.
------------
----0000000-
---01-----10
--00--000--0
-01--10-01-2
--00--000--0
---01-----10
----0000000-
------------
------------
------------
------------

Generation = 4, Population = 23.
----0000000-
------------
------------
------------
0121221-12--
------------
------------
------------
----0000000-
------------
------------
------------

Generation = 5, Population = 52.
---01-----10
----0000000-
------------
0000000-00--
1-----2-232-
0000000-00--
------------
----0000000-
---01-----10
----0000000-
------------
------------

*** Life<FredkinCell> 15x15 ***

Generation = 0, Population = 6.
---------------
---------------
---------------
---------------
---------------
---------------
-------00------
-------00------
-------00------
---------------
---------------
---------------
---------------
---------------
---------------

Generation = 1, Population = 12.
---------------
---------------
---------------
---------------
---------------
-------00------
------0--0-----
------0110-----
------0--0-----
-------00------
---------------
---------------
---------------
---------------
---------------

Generation = 2, Population = 24.
---------------
---------------
---------------
---------------
-------00------
-------11------
-----010010----
-----01--10----
-----010010----
-------11------
-------00------
---------------
---------------
---------------
---------------

Generation = 3, Population = 36.
---------------
---------------
---------------
-------00------
------0--0-----
-----0-22-0----
----0-2112-0---
----01211210---
----0-2112-0---
-----0-22-0----
------0--0-----
-------00------
---------------
---------------
---------------

*** Life<FredkinCell> 15x15 ***

Generation = 0, Population = 10.
---------------
---------------
---------------
----00---------
-----00--------
------00-------
-------00------
--------00-----
---------------
---------------
---------------
---------------
---------------
---------------
---------------

Generation = 1, Population = 8.
---------------
---------------
----00---------
---01----------
---------------
---------------
---------------
---------10----
--------00-----
---------------
---------------
---------------
---------------
---------------
---------------

Generation = 2, Population = 16.
---------------
----00---------
-----10--------
--01-----------
---00----------
---------------
---------00----
----------10---
-------01------
--------00-----
---------------
---------------
---------------
---------------
---------------

Generation = 3, Population = 32.
----00---------
---01----------
--00--10-------
-01--00--------
----10---------
---00----00----
--------01-----
-------00--10--
------01--00---
---------10----
--------00-----
---------------
---------------
---------------
---------------

Generation = 4, Population = 30.
-----10--------
------00-------
-------10------
01-------------
-00------00----
--01------10---
---00------00--
------------10-
-----01--------
------00-------
-------01------
--------00-----
---------------
---------------
---------------

Generation = 5, Population = 29.
----02---------
---------------
00------10-----
1------0000----
--------01-----
---------------
----10---------
---0000------10
----01------00-
---------------
---------------
---------10----
--------00-----
---------------
---------------

Generation = 6, Population = 43.
---0130--------
00--10--00-----
-10------------
2-----01--10---
0--------------
----00--00-----
-------------00
--01--10------1
-----------01--
----00------00-
---------00----
----------10---
-------01------
--------00-----
---------------