*** Life<ConwayCell> 4x4 ***

Generation = 0, Population = 4.
....
.**.
.**.
....

Generation = 1, Population = 4.
....
.**.
.**.
....

*** Life<ConwayCell> 5x5 ***

Generation = 0, Population = 3.
.....
.....
.***.
.....
.....

Generation = 1, Population = 3.
.....
..*..
..*..
..*..
.....

Generation = 2, Population = 3.
.....
.....
.***.
.....
.....

*** Life<ConwayCell> 5x5 ***

Generation = 0, Population = 4.
.....
..*..
.*.*.
..*..
.....

Generation = 1, Population = 4.
.....
..*..
.*.*.
..*..
.....

*** Life<ConwayCell> 5x6 ***

Generation = 0, Population = 6.
......
..**..
.*..*.
..**..
......

Generation = 1, Population = 6.
......
..**..
.*..*.
..**..
......

*** Life<ConwayCell> 6x6 ***

Generation = 0, Population = 5.
......
..*...
...*..
.***..
......
......

Generation = 1, Population = 5.
......
......
.*.*..
..**..
..*...
......

Generation = 2, Population = 5.
......
......
...*..
.*.*..
..**..
......

Generation = 3, Population = 5.
......
......
..*...
...**.
..**..
......

Generation = 4, Population = 5.
......
......
...*..
....*.
..***.
......

*** Life<ConwayCell> 10x10 ***

Generation = 0, Population = 8.
..........
..**......
.*........
...*......
...*......
........*.
....*.....
.....*....
..........
..........

Generation = 1, Population = 3.
..........
..*.......
...*......
..*.......
..........
..........
..........
..........
..........
..........

Generation = 2, Population = 2.
..........
..........
..**......
..........
..........
..........
..........
..........
..........
..........

*** Life<ConwayCell> 10x10 ***

Generation = 0, Population = 6.
..........
..........
..........
..........
..........
..........
...******.
..........
..........
..........

Generation = 2, Population = 10.
..........
..........
..........
..........
.....**...
....*..*..
...*....*.
....*..*..
.....**...
..........

Generation = 4, Population = 10.
..........
..........
..........
..........
....*..*..
...*....*.
...*....*.
...*....*.
....*..*..
..........

Generation = 6, Population = 12.
..........
..........
..........
..........
..........
..*.*..*.*
..*..**..*
..*.*..*.*
..........
..........

*** Life<ConwayCell> 15x15 ***

Generation = 0, Population = 9.
...............
...............
...............
...............
...............
...............
.......***.....
.......***.....
.......***.....
...............
...............
...............
...............
...............
...............

Generation = 1, Population = 8.
...............
...............
...............
...............
...............
........*......
.......*.*.....
......*...*....
.......*.*.....
........*......
...............
...............
...............
...............
...............

Generation = 2, Population = 12.
...............
...............
...............
...............
...............
........*......
.......***.....
......**.**....
.......***.....
........*......
...............
...............
...............
...............
...............

Generation = 3, Population = 12.
...............
...............
...............
...............
...............
.......***.....
......*...*....
......*...*....
......*...*....
.......***.....
...............
...............
...............
...............
...............

Generation = 4, Population = 20.
...............
...............
...............
...............
........*......
.......***.....
......*.*.*....
.....***.***...
......*.*.*....
.......***.....
........*......
...............
...............
...............
...............

Generation = 5, Population = 12.
...............
...............
...............
...............
.......***.....
...............
.....*.....*...
.....*.....*...
.....*.....*...
...............
.......***.....
...............
...............
...............
...............

Generation = 6, Population = 12.
...............
...............
...............
........*......
........*......
........*......
...............
....***...***..
...............
........*......
........*......
........*......
...............
...............
...............

Generation = 7, Population = 12.
...............
...............
...............
...............
.......***.....
...............
.....*.....*...
.....*.....*...
.....*.....*...
...............
.......***.....
...............
...............
...............
...............

Generation = 8, Population = 12.
...............
...............
...............
........*......
........*......
........*......
...............
....***...***..
...............
........*......
........*......
........*......
...............
...............
...............