*** Life<Cell> 9x9 ***

Generation = 0, Population = 3.
---------
---------
---------
---------
---000---
---------
---------
---------
---------

Generation = 1, Population = 10.
---------
---------
---------
---000---
--01-10--
---000---
---------
---------
---------

Generation = 2, Population = 12.
---------
---------
---000---
---------
-01*-*10-
---------
---000---
---------
---------

Generation = 3, Population = 28.
---------
---000---
--01-10--
-00-0-00-
01-.-.-10
-00-0-00-
--01-10--
---000---
---------

*** Life<Cell> 7x7 ***

Generation = 0, Population = 5.
-------
-------
---0-0-
----0--
---0-0-
-------
-------

Generation = 1, Population = 12.
-------
---0-0-
--0-0-0
---0-0-
--0-0-0
---0-0-
-------

Generation = 2, Population = 10.
---0-0-
----0--
-0-----
--0---0
-0-----
----0--
---0-0-

Generation = 3, Population = 17.
--0-0-0
-0-----
0---0-0
-0-0-0-
0---0-0
-0-----
--0-0-0

Generation = 4, Population = 6.
-------
-------
-0---0-
0-----0
-0---0-
-------
-------

*** Life<Cell> 10x10 ***

Generation = 0, Population = 6.
----------
----------
----------
----------
-----0----
------00--
-------00-
--------0-
----------
----------

Generation = 1, Population = 8.
----------
----------
----------
-----0----
----0--0--
------1---
---------0
--------10
--------0-
----------

Generation = 2, Population = 14.
----------
----------
-----0----
------00--
---0----0-
----00---0
------0--1
-------0--
-------01-
--------0-

Generation = 3, Population = 21.
----------
-----0----
----0--0--
---0--11--
--0--00---
----11---1
----0---0*
-------1-0
------0--0
--------10

*** Life<Cell> 15x15 ***

Generation = 0, Population = 9.
---------------
---------------
---------------
---------------
------000------
-------000-----
--------000----
---------------
---------------
---------------
---------------
---------------
---------------
---------------
---------------

Generation = 1, Population = 12.
---------------
---------------
---------------
------000------
-----011-------
---------------
---------110---
--------000----
---------------
---------------
---------------
---------------
---------------
---------------
---------------

Generation = 2, Population = 24.
---------------
---------------
------000------
-------110-----
----01*--------
-----000-000---
----------*10--
-------011-----
--------000----
---------------
---------------
---------------
---------------
---------------
---------------

Generation = 3, Population = 42.
---------------
------000------
-----011-------
----000-*10----
---01*.10-00---
------11-11----
-----00-01.*10-
------01*-000--
---------110---
--------000----
---------------
---------------
---------------
---------------
---------------

Generation = 4, Population = 36.
------000------
-------110-----
--------000----
--------.------
--01*..---110--
---000-----000-
----011---..*10
--------.------
------000------
-------011-----
--------000----
---------------
---------------
---------------
---------------

Generation = 5, Population = 40.
-----011-------
---------------
---------110---
--000---.1-00--
-01*.*.--0**---
---------------
-----**0--.*.*1
----00-1.---000
-----011-------
---------------
---------110---
--------000----
---------------
---------------
---------------

*** Life<Cell> 20x20 ***

Generation = 0, Population = 25.
--------------------
-0------------------
-0000---------------
---0000-------------
-------00-----------
--------------------
---------0----------
---------0----------
---------0----------
--------------------
---------0000-------
------------00------
--------------------
--------------------
--------------000---
-----------------00-
--------------------
--------------------
--------------------
--------------------

Generation = 2, Population = 82.
-1000---------------
----100-------------
100*00100-----------
--00*0*01-----------
-001110---0---------
---0000--1----------
--------1*-0--------
-------0---0--------
-------0--1-0-------
---------0--10------
-------01-00000-----
----------10--10----
---------0001-000---
------------00---00-
------------01*-*01-
---------------10--1
--------------000---
-----------------00-
--------------------
--------------------

Generation = 4, Population = 73.
-*000--00-----------
---1**--------------
*0*.001*01----------
11*0.-**1-1---------
---11----0-10-------
-1-------*----------
-00111--.*-*10------
---00-1--1--0-------
-----0-*1----0------
------------.-------
-----01*.*---*------
--------1-.---*-0-0-
---------*----------
--------------------
---------0---..-.-10
------------1-1---11
--------------------
--------------------
--------------000---
-----------------00-

Generation = 6, Population = 126.
1*--001---0---------
-1--.*-00-0---------
*-*.0*..**0-0-------
1*.-*-..1-1-1-------
11-1**-*1-1.*-0-----
1*001----.-00-------
100.**00..-..-10----
--0-00110.11--0-----
-00-00-..11-1--0----
---00-1-11--.-0-0-0-
---01--...---.-0----
------1---*-0-.---0-
-----00--.-1-0----10
--------0---1-0-0--1
-------0-0-0-..0**-0
----------0-1----*-1
---------0----*10-11
------------0-1--1-0
------------01*-*01-
---------------10**1

Generation = 8, Population = 128.
*.----*1*1----------
1.0-..1*01----------
*1*.-...**-0--------
*..0.1.*1-1-1-1-----
*.--..-*--***0-10---
*.*-**-01.0--1------
1--...-0*.-..*1*10--
-1--*-*.-*-*11*---0-
-*-1*01.*-11-1---0--
-1------*-00.1------
----1*1*.*11-.-0-000
---1--.111.---.-0-*0
--------1.---0-1----
------------11---0--
------10-0--1..*.*--
----------0-11-1*.*-
---------0---1.--0.*
--------------1--*1-
---------00101.-.01-
------------110**...

Generation = 10, Population = 140.
.*--1**..-*---------
1.*-*.1.0*-10-0-----
.-..0...*.--1--00---
*..0*-**1-.-.11-1---
*.-*.*-.**...-1**-0-
*..-.*---.--------0-
*1-.*.10*.1....*1-00
0.--.-.*-.*.--.-----
-.-..-1..*-.*-0-1-0-
-.--10-0***-..110--1
-10-**1.*..--.--1*--
-----1.1*-*-0-.10-.0
----010-..1-1*01-1*1
---0---11--11--0*---
----01.*--011..*..1-
--------0-00-1--.**-
------0---00-*.*1-*.
----------1-*--11.--
-------01-0-*1.-.01-
----------10-.-**...