*** Life<ConwayCell> 4x7 ***

Generation = 0, Population = 9.
.*.*.*.
..*....
..**...
.*.*..*

Generation = 3, Population = 6.
.......
..***..
...**..
...*...

Generation = 6, Population = 2.
.......
...**..
.......
.......

*** Life<ConwayCell> 11x3 ***

Generation = 0, Population = 7.
.*.
...
.*.
.*.
..*
...
...
**.
...
...
*..

Generation = 5, Population = 0.
...
...
...
...
...
...
...
...
...
...
...

*** Life<ConwayCell> 12x1 ***

Generation = 0, Population = 5.
.
*
*
*
.
*
.
.
.
*
.
.

Generation = 1, Population = 1.
.
.
*
.
.
.
.
.
.
.
.
.

Generation = 2, Population = 0.
.
.
.
.
.
.
.
.
.
.
.
.

*** Life<ConwayCell> 8x15 ***

Generation = 0, Population = 39.
......*..*.....
..**.*....**..*
....***.*.*..*.
.....***..**.**
*..*.*..**.*..*
.....*.*....*..
.*.*..*.......*
.*.*...*......*

Generation = 2, Population = 27.
..........**...
..........**...
..........**.**
..........*..**
......*****...*
....**...*..***
.....****......
...............
