*** Life<FredkinCell> 8x13 ***

Generation = 0, Population = 28.
----0--------
---0---0-----
0--00-00-0-0-
0---0--0-----
-------------
0-00-----0--0
-0---0-0---00
00-0---0-0---

Generation = 6, Population = 46.
2-1---3302-20
-----0--1-1-0
210----2-0-0-
-12---1-2---1
--021------1-
0---31-52031-
3--1-2---0---
--10101-00---

*** Life<FredkinCell> 1x5 ***

Generation = 0, Population = 2.
0---0

Generation = 2, Population = 2.
0---0

Generation = 4, Population = 2.
0---0

Generation = 6, Population = 2.
0---0

Generation = 8, Population = 2.
0---0

*** Life<FredkinCell> 10x8 ***

Generation = 0, Population = 40.
-0--0-00
--000--0
0--0-00-
00--0---
000000-0
0---0--0
---00---
--00---0
-000--00
0-0--000

Generation = 5, Population = 45.
40-22--1
2--102-3
-0---1--
32--3121
32000-2-
-1------
10121212
311--1--
-3-221--
1----321

*** Life<FredkinCell> 12x16 ***

Generation = 0, Population = 91.
-0-0-000000-0-00
0-0000--00--00--
--------00--0---
-0-0--0--0-00--0
-00-0--0-0-0----
--0--00-00-0-0--
---000000-00-0--
-0-----0--000--0
-00000-0-00-0-00
--00-000----0-0-
-000--0-----00--
00-0--000--0--00

Generation = 4, Population = 84.
-0-4--1--2-0----
002220-1---1-2-0
-0---3--01-1--13
--1----22---0---
-1010--0---0-0-0
-01--1--201-0-1-
0---2----112143-
12-0-01--0--10-4
-0111-----00----
-----02-1--1-1-1
0---3-1--0-02--0
--0---2---3000--

*** Life<FredkinCell> 6x4 ***

Generation = 0, Population = 11.
-0-0
0---
0-00
00--
0---
-0-0

Generation = 2, Population = 12.
0-0-
-01-
0-2-
-20-
---1
00-0
