*** Life<Cell> 13x2 ***

Generation = 0, Population = 1.
--
--
--
--
--
--
--
--
0-
--
--
--
--

Generation = 3, Population = 5.
--
--
--
--
--
0-
-0
--
-0
--
-0
0-
--

Generation = 6, Population = 3.
--
--
0-
--
0-
--
--
--
0-
--
--
--
--

*** Life<Cell> 8x11 ***

Generation = 0, Population = 30.
-000-0000--
0------0---
--0----00--
-00-------0
0--000-----
0-000------
--0--------
000-00----0

Generation = 1, Population = 37.
-1-1-1-110-
---0-0--0--
0-10--0-100
-1--00-000-
1-0-110---0
1--1-------
-----0----0
1---110--0-

Generation = 2, Population = 42.
0--*-*-**10
00---1---00
-0*--0-0*11
0-0----11-0
*0-0-*1-0--
*0----0----
---0-1-----
-0-0**100--

Generation = 3, Population = 46.
1-0.-.-.**-
---00-0-011
0-*001--.**
1-1-----*01
.-0--*-0100
*-0--0100--
0-010*000--
1---.*--10-

Generation = 4, Population = 35.
---*0.0**.-
--0--1-----
1-*11*--...
*---0---.-*
.0-01*1--1-
.----1*-1-0
-----.111--
*000.*---10

Generation = 5, Population = 40.
---*1*1*..-
00100*-00--
*-*-**0-...
*-10-00-.-.
.--1*.-0--0
.0-1--.0*0-
0001-.-----
.--1..-0-*1

*** Life<Cell> 3x15 ***

Generation = 0, Population = 28.
0---0-0--000000
-0-00----00-000
0-0-00--0000000

Generation = 1, Population = 25.
----1--00-1-11-
0-011-0--11-1-1
-0-0-100111-11-

*** Life<Cell> 18x11 ***

Generation = 0, Population = 112.
0--0--00--0
-0-0000-000
0-00-0-0-00
--000--0--0
00000-00-0-
--000-0--00
0--0---0--0
---000-0-00
0---0-0--00
0-0-000-000
0--0----000
0-0-0-00000
0-00-0--0-0
000-0000-00
00--0-0-0--
000-0-0-0--
000---0--00
-000--0---0

Generation = 5, Population = 89.
-1--1*1-1-.
-.-.*.---..
-**.1***-0-
0-10*.000*.
-10110-1*10
1--101..01.
-------.-*0
*-*--.-**1.
*-00--.1-.*
00-101-*-**
---**---111
-.---.*-1*1
--.*-.-1..*
-.1--.**-*1
..*--1--*1*
.---*---.-*
-..-.-.**1*
-*1-1*-0---

*** Life<Cell> 20x18 ***

Generation = 0, Population = 188.
0-000-0-0-0-0---0-
--0-0-0-0--0000---
-00----0--0----0--
000--00--000000---
00-------00-00000-
000-0--0-00-0-00-0
--00-0000---0--0--
----0-0-0--00000-0
-0-0-00--00---0--0
000--0--0000-00---
0-00---0000-000000
00-00--00--000--00
-0---0----00-00--0
0-000---0000-0----
00-0--00-0-00-0000
00---00000--0000-0
00--0-0-0-----0---
-0000--0--000--000
--000000-0----000-
-0--0---0-0000-00-

Generation = 1, Population = 182.
------1-1--01-00-0
0--01-1010011-1-0-
--10000---10--0-0-
---0011-0---11-00-
110-0000011011-11-
-1-0---10----0-10-
0--1-111--0---0-0-
-000---01--11-1--1
-10-0--00--000--01
-1-001-----10-1-0-
-----00--1----1-1-
--0-1-0---0-110--1
01--0-00---10110-1
1-111-0-111101000-
1-01------0----1--
1100-1-11-0-----01
-1--101-1-00--100-
--111-01--1-100-11
-0-1----0-0---1-1-
0---1-0--01--10--0

Generation = 2, Population = 187.
0--000*0*------10-
-0---0*-*-1----01-
00*--11-----0-10-0
000---*01--0--0-10
**1--111----**-**0
0*01--0*---0-10-10
-0---*-*00--0-101-
--1--0-1-0---0*00*
0*--1-0--001-100--
0*011--0000--0*---
-0000--00--0----*-
0---*0-----0-*1--*
-*0---11-00-----0*
-0-*--10*-**1*1-1-
-01*-000----00-*00
-*1-0*0*------00-*
-*00-1--*-11----10
-0**-0-*00-0*-10**
--0*0----0-000--*0
-------0-1-00*-0--

Generation = 3, Population = 164.
--01-1.-*00---0--0
01-0-1.0*--11--1--
--.00-*---1------1
1-10-1.1*00-1-1--1
..*-0*-*---0..-..1
-.1*00-.-00-----*-
-1010*1.--0---*1*0
00-0-10*1--1--.-1*
-.0-*0-0-11*-*---1
-.1**1--11-10-.-0-
0-111-0----10--0.-
-0--*1--00-1-.*00*
-*1-0---01-10--0-*
1--*1-*-.1*.*.*0-0
11*.0--1--0----.1-
1.*-1.1.--000-1--.
0.--1--0.0*----0-1
0-..11-*1-11.0*-..
---.1------1---0.-
--001-0--*--1*---0

Generation = 4, Population = 160.
0-1--**-*-1-10--0-
1*0-1*.1*-1**0--1-
-0.11-.0--*---100*
-----*.-*--0---01-
...--.-*--1-..0.**
-.*.-1-.01----0-.0
--1-1.-.0-1--0.-.-
1--1-*1.*-0*10*--.
0.1-.101---.0.0-0*
0.*..---*-0*--.---
-0-**--0--0*-0-1.0
-10-.*-0----1**--*
-**0--11-*0--11-0*
*01.*-.-.-..***-11
*-*.-00-0------.--
-.*--.-*--1-1---0.
-.00---1.1.1001---
10.***-**0--*1*0*.
0-0.--0000-*----.0
-01----00.1-*.000-

Generation = 5, Population = 175.
10*1-**0*-*0--0110
-.-0-..-*-*..-----
-1.*-1.100*00-*1-*
-0-0-.*1*00-1-1-*1
...--.1*0---..1..*
-..*--0*-*0---11*1
01*1-.1.-0*--1.-.0
*01-0.-.*--.*1*01.
-.*-*-1*0--.1.1-1.
1.*.*100*--.-0*00-
-1-**-01-1-.011-*1
0*-0.*0-00--*..--*
-..1--*--.110**--.
*1*.*-.0*1..*.*---
*1*.-111-00--00*-0
1.*--.-*---0*-10-.
0.---11-.*.*-1----
-1..**0..111.*.-*.
1-1.1-1---0*00--.-
-1-0-----.-0..1-1-

Generation = 6, Population = 139.
*-*--.*-*-*1101--1
1.--1*.1.0..*---1-
0*.*--.--1.---**0*
11-10*.-.1-0*--0.*
..*--**.-1--..-...
0*.*011.0.-0----.*
-*.--**.--*0-*.-.1
*1*11.-.*-0***.--*
-.*-*1-.11-.*.---*
-.*..---.--.0-.-1-
0*1..-1--*0.-*-1.-
1*--..101---...--*
-..*--*--.*--.*0-.
**..*-.-.-.....--1
.*..-*-*0-1-01-.--
-.*0-.1*1---.---0.
1.0-----**..0*-01-
1-.**.1*.-**.**0..
---.*0*0---.----.-
--1---0--.-1.*---0

Generation = 7, Population = 168.
.-.10**0*0*-*-*1--
-.0-***-.1..*---*0
1..*1-*10-.0-0*.1*
--1--**-*--1.1-1.*
...00..*-*1-*.-.*.
1*.*--*.-*-101--..
0..-1.*.-0.10*.-*-
**.--.1**0-..*.-1*
0..0**1.-*-...---*
1.*..10-*-0*1-.---
-.-..0*--*1.-.--*1
-.-0.**-*---...-0.
-.*.-0*-0..1-..10.
***.*-*0.-.*.**01-
**.*-*1.----1*0.10
1.*11.*.*-1-.---1.
*.101--1.***1*1--1
*1.**.-..-**.*.-*.
1-1.*-.-0-0*--10.0
-1-01-1--.1-..1-1-
