*** Life<FredkinCell> 50x50 ***

Generation = 0, Population = 69.
---------------0-------------------------0-----0--
------------------------0-------------------------
-----------------------0--------------------0-----
----0-----------------0---------------------------
---------------------------------------0----------
--0---0---------0---------------------0-----------
------------------------0-------------------------
-0-----------------------0------------------------
--------------------------------------------------
--------------------------------------------------
-----------------------------------00-------------
--------------------------------------------------
------0----------0--------------0-----------------
-------0--------------------------------0---------
-------------------------------------0------------
-00-----------------------------------------------
---------0--------0------------------------------0
----0---------------------------------------------
-----------------------------0--------------------
------------------0-------------------------------
-----------------------------------------0--------
--------------------------------------------------
-------0------0-----------------------------0-----
-------------------------------------------------0
-----------------------------0--------0----0------
--------------------------------------------------
---0----------------------------------------------
--------------------------------------------------
---------00--------0------------------------------
------------------------0-------------------------
----0--------------00-------------------0------0--
--------------------------------------------------
-------------------------------00-----------------
--------------0----------------0------------------
--------------------------------------------------
-------0------------------------0-----------------
---------------------0--------------------0-------
----------------------------0---------------------
--------------------------------------------------
-------------0--------------------------------0---
----------------------------0---------------------
--------------------------------------------------
---------------------0----------------------------
-----0--------------------------------------------
---------------------------0----------------------
--------------------------------------------------
-0------------------------------------------------
--------------0----0------------------------------
-----0--------------------------------------------
--------------------------------------------------

Generation = 10, Population = 695.
-----0-0-0-----0-----014210------0---0---0-3-3--3-
0-1-0---0---0-0-------0-----------0-0---2---------
------10-----0----------2----0-000-----1-5--1036-1
-------00---0---0---1---0---0-0-------1-0-----0---
----0---1------01--1-0---0---0122101-1-1-00--10221
23--2---2-0-0-0-11----1-----0-0-10----0---0-3---0-
------2--1---002-------0------110-13-----2-200----
----3--01-10--00---1----0-----01---0----1-----0---
-------0---0-0-0-0--1--0---000--1----0-1-2---0----
-1--211--1-------02-------0------0----------------
0-------------00--1--0--0013-432-------212---0-0-0
----0----------0----------------0-----0---------0-
0-3--------01-1-1-----1-4-1-0--------202-41-00----
22---1--040--11--1----0--1----0---0-1---1-----0--1
01---3----2-0-0-12----1-00-1-1-0------210-01--10--
--3-----1--2---01------0---0----0-----1--------010
-------11---3-30---1-0-----112-0---0-2-11--011----
10---0---22---0----------01----------------------0
-----01--0-------------1--1--0--2-12-4-1-1-------1
--1----21-------------------0-----------0---------
---0--10---10----0--2-0-------01--1-----1-------35
-00--0---11-----------1---------------0--100------
--1-1---1-4--1---0-32-1-1-----00-11--2-2--0--2----
1--1---0------0---------0------1-------000-0-1----
---02-01-------00-----10----0-2-5-230--21---2--5--
-0----00----0---0-1----------1--00-------0-0------
--1--1-----0-1---0------------1-1--0-0---20---1---
----00---0----0-----2-------0-020-0---------------
1-2-1--4-1---3210---4--1-1-00---1-------1--1-0--0-
-------2-----02-----------1-----2-0-----------0--1
123-00-----010--331--2-422241-----0--0101------2--
------0----1---00-----01----0---1------0----1--100
--00---2---1--0-------0--2--3-401---23432-1-1---0-
----01--1----1-0----20---1-----------0--00----1--0
-0---1---01--0----------1--20-----0---011--0------
---1--10-----3---0--0--10-0---------0-11--0-------
-0-00--01---1--2-0-11----0-1-3-11---3---1------2--
--------------10--01-1--1-1-------1-----1-----2---
--11-00--00--0---212000----1-0-20-0-1-1---2--0---0
---0---0----0-2-00-200-02------3--------2---1---0-
-1-01--0-----0----000-1-------2--1----1-1------0--
-2---2-0----012-0--0-0-------1--20----0-------0---
-----------0---1---201-----1----1--00-----1-------
---0-1---0-0---1---2--------2-01--0---------------
-1-1-3-2-0---1---1-3-1-0-----2---0---0--0---0-----
-3----00---00---00---10---01--0-0-------------0---
-2---4-----1-1-----1-1-----22------0------0-------
----01--11-0-231---10---01--00--------------0---0-
-0-0-4---0-1---0---------11--10-------------------
---0-310---0-1--------0----1------------------0---

Generation = 20, Population = 715.
-----131-----00--2---244----2---2--10---12--------
---1---33--1------1-------------2-------------1---
--31---20211-11---0--1--7---2---23-1----3--------2
-33---2--12--0--22----0-12--------2------12------1
---------1--------14----34-1-4-44----41335---4----
----5-02----2-3-------1-----2-------3-2---4-------
----1-53--014----2132-------12--2---8-------4----3
-3--4-4--54------05-0-1------1-------24--------2--
-1------550-----2--13-6--1--1-----125--5-61-63-03-
--3---315-1-------2-2--00-------2-0-------3-1-1---
----1---0-----5-3--522-13----------1-----6-3-3--3-
10------21--1------------20--------------0-------3
-23-733------36---243--27230---01142-55-26-28--3--
--33--3---10--2-2--2----3--12--0------2-5-------2-
1--0----4--1-5-433--1---32----------65-5---3----1-
--3----354---32-41---21---------3-2---------------
3-----2-2-51----2-----11-1-22-34-1-24-2---3-16--01
--4----2--6---2---4-2--1---0-------1--2-----1-----
3---4--2-4-----0-1--21-12--03-1---------1------212
-2-2--4-4--01----1-------20-2-2--1-11-1-------1---
--5--1-------4-3-1---13----231-5421---42---5-2----
3-1---2-----5-4----------------11-1-------2-------
--602--------4------51-46-351---2-31---------5----
-32-2--3-2-------1---11--------21-1--5-6--0-------
---1411--3--------4--7-50--3---6---8-2-7-6-4-7---2
--1---023-------2-----------3---------1-----------
01-11-----3------0--5----1--2-3-3--33--4----3-----
-01------3---25----1-----0-------0-2----------2---
225--8-74-2----42-3----1---6-13-----1--2-1---10102
1--1-------12--3--------------2----------------2--
47---4022--2--1-7--623--4--413-25---3--2--------0-
01----33--4----51-------------------------------1-
-6-11-2--4-7102--1-33-1--6-2----2--4-5---13262-243
2-3-5--3---42-1-----------3-------0--------22----2
---10--1--4---3-----4---21-----1-0-22-------------
--13-------31-------3-1----3-03-------1-----2---21
-----1---4--3--61-2---0----4-42--3---1---3-1102313
1---01--3-1-----4-4----1------4---------4------02-
-5--------11------5--1-------3-------2--1-------1-
-3---3-3-5------2-3--1-2-41------1--------5--0-00-
--------1003----1--1---2-02-1--3-23--3-140-4---00-
-4-------2--225----2----3-------------------0-1---
----1----3---20----70----0-------0------20--0--0--
05-3-3-------4---3-------1--33-----2--4----------0
-----703-4--340--------31--3-3-1------33--110--2--
-----7-2-3----3--2--2-------5--21---------1-------
0--0-5--04---5-112-----13-----------00-----01----0
--2-3----4----5------4--1-0-------0----0----------
-----5----11-4-----4-------0---20--00-0---21--0---
0---------12-2----3-----1--3--1-----1---------0---

Generation = 30, Population = 1243.
3422264--4--2-2-3-23-85--349---454-54326-67--83--6
-3----2--2---2---24--1----3-7-1-----2----1-1--2--2
4-33----3-45--7-44-4435---454-2+-8-4-3-+3-9--24-4-
---33-631-----2-4---1--3--3---526-3---22-3-1-1-225
2--2---567---4-4-32-1--74--1--4--9-878--6--4---965
--2-7-34--7-536-677---4-84--44--605--4-043-2--2--4
-4----+-26-2-43---7--36----3--2-6-5+----233--5-58-
7-6655945693----5-720-4---5----7--6-2684-31-3---1-
2---3-----4-5----6527----6-33-----42---6--2--63-8-
-5506554---0-3----5--4--22---3---1-0--70+-704-----
51-----3-351465347-73--5-54-56---5316-----44256---
-2-445---32--2-1--+------------4-445-0-2-12--15-3-
--5--7-38---2---669-7847+-81--4-----49988--6---4--
---463-45--06--282--13--64-----411-45-60-321+-415-
82-4575---844-5--3-317--53-755--+2--+7576--5+73---
--6--7-6765--4---66----2--21323--25-4233-1-4-43--4
5-5-824-6-8-9356--4-3-325434-746------+-----293-14
624---44-480--33-2-------3733-135--532-05263-241-2
60--5-58--2--3-2-34-23-4622165-9------77-54--55-37
---5---5+263-3-23-51----336-418-0422-023-101-13-25
-491--8-4638--764----346-32543--+7--364--5--57----
6-4-----53-3----300-104303635-23322241-45533---32-
---04------5-5167--9---682-----0---6---688---8-442
--445-1-2---------2--6--372241453236272+46--56--5-
-5-4-1--7-5-----2-6--9-72---6---+2--94----2-6-----
-----2---344------7--3-0-4106-34444460-3--23----1-
---347-33-6-53-2--6-786--3-6--6----8--35-53-455321
----55---5-715----633----3--923-2247-22--2----3-3-
--7--+-8-538+754-9-8--31-9---3-----4-4---3--33--5-
--42226----4-89744--5----2-2--339--25--56-0-0-1---
7------3---631349-974-6-7--73-55-3---467--2--62-4-
62327--81-----3-447-4-413--5-1---243-32-7---5-4---
3------43579-12--2-5--359-5--67238-7---9-5-4+33-75
-64--21--15657--71-391--348-6611-0-4742---3-----2-
1-3--44-3-452-8--44--5--655-32-331387-2--21-5-12-1
-3372---687-295---2-88751--7--4--5-4+3-44-----3---
1-14--2-2-83---9-6-84-----6-7-45-7---21--54----8-7
---3--46636517-1629-3-5--1----732-22-31--3--5-----
2+------1-36--46-2-4--5--33-8-572-33--42-147-345-3
--52---6583--16--36433------80---65-2-32+-52------
----7----5-6----74-756-75--73+47-56--453644-----26
2--12------3979216---8333-44---5------6--22-------
07----121----6--------51-212---45133-3-55---34----
3+23-6143--2376-7--8--44--3--8----0---7-4-1-4-----
1-0--+3-2+2----426-5----4----7--33-5-3--5-41--2-21
77141-755-----+---7-49724-7-9---3----2---04-4-2---
073---321-041-12-655-5-6-4---005---2------215-2521
5-5--65--752-+8-5-7--66--51-11-----1--0-3--02-4-41
1--4---3244-----24-62---34--54-4---1-1---5-65-22-2
1-4-1-5617-2-3-20--424735-----1342--4-3-1-2--0-01-

Generation = 40, Population = 731.
-82---88---0-44--9-8---65--+----9--9--388--9----4-
4---------------2-----514-----3-7-5-4-70----------
-56----4---8---7653-9------9-+---9---3---8+----+--
7----1-64------36-------7-5-6---+-6-6-3-5---4-----
2--4---9-8424--4---+-5-----3------5-887------8---7
8---9---8-------8------2+-4-9-438-----936-6---4---
54--76--------6---+86------3--3-+--++7--2-----7-8-
--9--5-------34----5-----4--36---287-9+----5--4--9
----656--9--6--2-9----+----5---66----3--6+------+-
------74------2---------6-3----3----4---+---5-----
-435--+4-373-9---9-9-----8---8--+9-----66+---8---6
-3-----35-3-34------------------6---3---------5---
---4--6898------8--9-+-----4567-9---5+---8+7+-4---
5-6---5-----+--3+--52---8-----4---1-8-9--------37-
-6---+9--69-6+--44------6-2--5--------6--+--+-4---
-+--7-2--696-7---9-3573---35-3---5--74---215--5--5
----9-59-2----8-----3---9---6-4--5-----+----4+---5
--5--35--------44-5---------6---7-+---7-----3---3-
7--572--------6---------94-3---+95-9---+36-----7--
-----5------------5-3-7---------------------------
2----------+-----8-544-85----3-----74-5--637------
----6---7--3-2--------883--56----------4----2-3---
-+--4-----+9---78-+-94--+-5-3--34---7-2--+----2-5-
-77--0-----2--5--8-7-----+-4-4----6---------------
---7-----9--4-565--6--+--------++6-++-2---6-------
93--6---7-6--75-8---------2---4-7---70--2---------
-4----8------5---1-5---8---+-1-36--9---6---87--3--
1-1-5-----------------37------46----5--0----------
---+-+----4-++-5---++-----8+54--98963--8-7-7---3+5
3----79------------6-3----------+---6---9-----7-7-
99657-------65---------+----67---45-+----9-9-739-7
--------------6----16-5-5-----------4--------5----
-+4----559++-3-----8---9++-4+-9--+4-----9---+----6
--4--31-2------7-------------7--3-------5----27---
---3-----7-----5-----8-----+---4-------6-------33-
--3-7---9---4-72-------5-5--9-6------4-8----4--5--
-215--5----6--------65--5---++-69-3---4-8-7385-9-8
4-----578----++---------------+-2-------+---5---+2
--3----43-7---6-5----4----74-7---4--53-5-2--46-+-7
-99--52----4--8--6----8--+--+-2-+6---4--------46-4
667-8----+49---5-+---8---0-8----+---7-----5----549
----2--4--------3-9-----5-------5----7--------1---
-8-6-------5-----5-----5---48----------6---5-6----
6-------------+--83---74-----+-4-5--7--0-----0----
1--5-----+35--3---8--8--6-6---5747-5---787----45-7
-92---8----6---3----------------4-----3-11-4--2-24
----4-76------34---9561-69-------0--9---93--76-85-
-9-69+-4786---9--8-3--7--7------------0-31-3-56--7
-827--3--7-------7-7------4-----4-----7-2----5---8
--7-------2-4------------81----------1------------

Generation = 50, Population = 1172.
49-6---------7----49---6----75-++-7--5-++-+-7---+-
6-----66-4--35--539--4-357----6-+-8--59--4---1---4
--------9+-965-8857++9+--6+-++-+8---+---9--693--8-
---8-1--777-1--76-733256-5--9-------8--3----6--5--
53-895-+----+757+--+---+873--66+++-+++-7+7---9-+-8
9-4---78-59-7----++2---4+7-19-4-+--2-----5-+-16---
55--7++----7-7-46-++--+-64--8---+6-++---9-89-+8+--
9-+8-8-----4--7-83+--3--36-588---6+--+-7-6--67-7--
6+4-----9--89----9-5+7+-99----66---48-+--+-++---+7
4-81-8--9---3-3-5-96-----5-34-7-5-92--+--4-4-26---
+5-6---8-4+77--7++-----7---+-+-+------+-+++--8-5+-
5---8-8--3-555--8--3--------+--69-+-7-+6-----3+---
--9-++7--+---+---+++8++++6+799+6+-+5+-+---+--+-7++
8-+4-6-87-82--94+-+---3--4--84+-5447+2---772-5-683
-----+-----+-++84-+-7--7--4-7+-----+-+-7--87+--99-
+++--+-+----6+--8---------7-8-7--7-----4---7+78-3+
--+---8--3-4+5-+6-+-5--++---8---8-5-88-+--++-+---9
--77---7+-------+----468-8---4-3+6+-----8---55--84
8669869-9+649--6-95645+-+--487-+-8--+--+376----88+
2--97+7--3--7---6----1-6-6+-73-438-4----652-2-9-3-
2-+56-+6678--+--99+-+7--5------7+-9--+-98--++72-+-
-+-57--786--8-7-7-2---9+96--84-6-4-57385-7+7-45--4
--9-----+3++-7----+++-7+--6--5----7--6-+-+-+8+--7-
-8---0--3+-7--8---4-39++--8----+7378-9-+78--994--1
-++-+695-+--6------+-+----9-+----7-++9----6--+8+97
+-35---7-586----+-88--564----74---78-25--5-435+-53
7---8+---99-97---1----9-4-6+--976--+--496+3+-8+--4
3+-6-----7------4---+2-----6-46-7--87-7-------8--0
77--7---65--+-----+-++9--++-5+-7--+---+-+-+8956-+9
--64--+--7-57-+-7-57-6--4--4-9-8+35-8---+26-5-+5--
++88-8----++-7--+--9---+--6--++6+-----+----+-75-+9
+5-----+-9+-+5---8----7----6-43----5---49-2-+-5---
---46--+-9-+--75--8+-64--+98-+-----+++---+8++-77+7
----+-7+---9--6++---95--++--+9--645-+--39---7--66-
---8-+--+-+-6-+--6--+--5--8+---7--78+-4--824-7----
486--64--9+7-++--6-6+--937+-+-8-4----54-+3-2925-7-
--77+-----+--7----+--7-+6----+-7++59+77-+---9+----
--87--7-+------4-7-5-276-45--8+--44------59--2+-+-
--6+-+--68972--+-5---695-5-5--8+5-46+-76-4-9-9-+-8
-++-8--+-+57--+5-8-6-4-+++--+------75-4+++-48--9--
-99-+86-+--++5-8---8+8-89-----9++-+497-9--8+-4-75+
---33-7------++---+4-+74-4-5-48--5-64-8-2------6-8
-9667---5-7-3---78-+++69--37+54-+-7--8--+-4----159
-+---82----+-++-+8-+5-+----------+-8-4+2---1--2--7
-----+8--+--7+5+-+----3986---+-----8-76++--5----5-
+----++-8--9-8---+++6--6788-+-539----7--33-58---7-
-9-------+585--65+8+98-+9--65--8---8+48-+---9---+-
-----++-+--3-+---++5------5-62------4-11--8--+----
5-77------7++------98--4--5-85-+4-----++36--+8-94+
--+2-8-97+8-54--257--5+4-+3948-76-4---6-32--3-4-3-

*** Life<FredkinCell> 60x100 ***

Generation = 0, Population = 70.
---------------------------------------------------------------------0-----------------0------------
----------------------------------------------------------------------------------------------------
---------------0------------------------------------------------------------------------------------
----------------------------------------------------------------------------------------------------
-------------------------------------------0--------------------------------------------------------
-----------------------------------------------0----------------------------------------------------
---------------0------------------------------------------------------------------------------------
----------------------------------0-------------------------------------------------------------0---
-------------------------------------------------0-------------0---------0--------------------------
----0------------------0-----------------------------------0---------0------------------------------
------------------------------------0---------------------------------------------------------------
--------0------0---------------------------------------------0-------0------------------------------
----------------------------------------------------------------------------------------------------
--------------------------0-------------------------------------------------------------------------
----------------------------------------0-----------------------------------------------------------
-----------00-----------0---------------------------------------------------------------------------
----------------------------------------------------------------------------------------------------
-------------------------------------------------0--------0-----------------------------------------
-----------------------------------0----------------------------------------------------------------
---------------------------------------0------------------------------------------------------------
----------------------------------------------------------------------------------------0-----------
--------0---------0---------------------------------------------------------------------------------
-----------------------------------------------------------------------------------0----------------
--------------------------------------0-------------------------------------------------------------
-----------------------0----------------------------------------------------------------------------
--------------------------------0-------------------------------------------------------------------
----------------------------------------------------------------------------------------------------
-----------------------0---------------------------------------------------------------------0------
----------------------------------------------------------------------------------------------------
----------------------------------------------------------------------------------------------------
------------------------------------------------------------------------------0---------------------
----------------------------------------------------------------------------------------------------
-----------------------------------------------------------------0-------------------------0--------
-----------------0----------------------------------------------------------------------------------
--------------------------------------------------------------------0-------------------------------
-------------0----------------------------------------------------------0---------------------------
----------------------0--------------------------------------0--------------------------------------
----------------------------------------------------------------------------------------------------
----------------------------------------------------------------------------------------------------
----------------------------------------------------------------------------------------------------
-----------------------------------------------------------------0----------------------------------
----------------------------------------------------------------------------------------------------
----------------------------------------------------------------------------------------------------
----------------0--------------0--------------------------------------------------------------------
----------------------------------------------------------------------------------------------------
-0---------------------------------------------------------------------0----------------------------
-------------------------0--------------------------------------------------------------------------
------------------------------------------------------0------------0------------------0------------0
-------------0-----------------0--------------------------------------------------------------------
----------------------------------------------------------------------------------------------------
-----------0----------------------------------------------------------------------------------------
-------------------------------------------------------------------------------0--------------------
------------------------------------------------------------------------------0---------------------
-----------------0-----------------------0----------------------------------------------------------
----------------------------------------0-----------------------------------------------------------
----------------0-----------------------------------------------------------------------------------
-------------------------------------------------------------------------------------0--------------
-----------------------------------------------0----------------------------------------------------
-----0------------------------------------------------------------------0---------------------------
----------------------------------------------------------------------------------------------------

Generation = 5, Population = 889.
--------------0-0-------------------------0-0--0----------------0-0-----0-0-------0-0-----0-0-------
-----------0-------0-----------------------0--0-0----------------0---0---0---------0---0---0--------
----------0-0-0-0-0-0-------------0------------0--------------------0-0---------------0-0-------0---
-----------0---0---0-------------0-0---0-------0-0-------------0---------0---------------------0-0--
----0------------------0----------0---0-0--0--0---00-------0--0-0---010-0-0-----------0-0-------0---
---0-0-----0---0---0--0-0-----------0--0--0-0--0-10-0-----0-0--0----010--0-------------0------------
----0---0-0-0-010-0-0--0------0----0-00----0-------0-------0-0------------------------------0-------
-------0-0-0--020--0---------0-0----10-0---0-0-------0-----00-0----0010------0-------------0-0------
0--------------1---0------00--0-------0---0---01----0-00--0-00-0-00--10--0--0-0-------------0-------
-0-----0-0-----1--0-0----0210---0----------0-00-0----00-0--0--0---00-0--0-0--0----------------------
0---0---0-----0-0-------0-00---0-01------------0-------0-0-----1-0------------------------------0---
---0-0---------0--0-0--0-0------00-0-------------0------0-0----1--------020--------------------0-0--
-------------------0--000-----0---0-------------010------000--0-0----0--010---------------------0---
---0-0---------------0110----0-0---0--------0---010------0110--0----0-0--0--------------------------
----0--0--------0---0-00----0-0---0-0--0---0-0---0--------00-0--------------------------------------
------0-0------0-0-0-0-----0-0-----0--0-0---0---------------0-0-----0-0-----------------0-----------
-------00-------0-0-0-----0-0----------0-----0-------00------00------0-----------------0-0----------
-------0-0-------0-0-----0-0---0-------00---0-0-----0110-----0-0-------------------0----0-----------
--------0--00-----0-----0-0---0-0--0---210-0-0-------00-------0-------------------0-0---------------
----------0110-----------0-----0--0-01--0-0-0--------------------------------------00-------0-------
----0------0--0-----------------0--0--0----0-----0--------0------------------------0-0-----0-0------
---0-0-----0---0-----0---------0-0-0------------0-0------0-0-------------------0----0--0----0-------
----0-------0-0-------00--------0---0--0--0------0--------0-------------------0-0-----0-0----0------
-------------------0--0-0--0-----0----0-00-0-----------------------------------0-------00---0-0-----
--------0-----------0--0--0-------0-0--0--0--------------------------------------------0-0---0------
-------0-0-------0-----------0-----0-0----------------------------------------0----0----0-----------
--------0---------00-------00-------0-0--------------------------------------0-0--0-0----0-------0--
------------------0-0--0--0-0--------0-0-------------------------0------------0----0----0-00----0-0-
-----------------0-0--0-0--0----0-----0-------------------------0-0----------------------00-0----0--
----------------0-0----0-------0-0-------------------------------0--0-----0-------0--------0--------
-------------0---0-----0--------0----------------------------------0-0--00-0-----0-0---------0------
------------0-0---------0-------------------------------------------00-0-00-------0----0----0-00----
--------------------------------------------------------------------1-0-0-------------0-0----00-0---
------------0-0-----0-------------------------------------------0----0--0-----0--------0-------0----
---------0---0---0---0-----------------------------------------0-1--0--0-0--00-0--------------------
--------0-0-----0---------0------------------------------0------00-0-0--0--0-00------------0--------
---------0-------0-0-----0-0----------------------------0-0-----0-0-0-------0-------------0-0-------
----------------0---------0------------------------------0-------0--0----------------------0--------
-------------0--00-------------0-----------------------------------0-0--0---------------------------
------------0-00-0----0-------0-0-----------------------------------00-0-0--------------------------
-0-----------0--0----0-0-------0------------------------------------0-000---------------------------
0-0-------------------0--0-------------------------------------------00-0---------------------------
-0----------0-------0---0-00-------0------------------0------------0---0--------------0------------0
-----------0-------0-0---00-0--0--0-0----------------0-0---------00-0----------------0-0----------0-
-0---0--------0-----0------0--0-0--0------------------0---------0-0--------0----------0------------0
0-0-0-0----0-0-------0-------0-1---------------------------------00-0-----0-0-----------------------
-0---0----0-0---0---0-0-----0-01------------------0-------0----0---0---0---0---0--0-------0----0-0--
---------0-0---0-----0-----0-00-0--0-------------0-0-----0-0--0-0-----0-0-------00-0-----0-0--0---0-
-0------0-0------10-------0-0--0--0-0----0--------0-------0----0-------------0----0-------0----0-0--
0-0----0-0-----0010------0-0-------0------0---------------------------0-0-----0---------------------
-0----0-0-----0--0------0-0------------0--------------0------------0---0---0-------0--0------------0
-------0-----0---0-------0-----0--------0------------0-0----------0-0-------0-------0--0----------0-
------------010-0----0--------0-0----0-------0-0------0------------0-----0-------0--0--------------0
-----0-----0010-----0-0--------0------0---------0-----------------------0-0-------0--0--------------
----0-0---0--0------00-------------0-------0---0-----------------------0-0-----0--------------------
-----0-------0-----0-0--------------0-------0---------------------------0-------00-------0----------
------------0----0--0--------------------0-0-------0-------------------------0--0-0-----0-0---------
-0---0---0------0-0-------------------------0-----0-0---------------0---0---0-0--0-------0----------
0-0-0-0-0-0-----00---------------------0---0---0---0---------------0-0-0-0-0-0----------------------
-0---0---0-----0-0----------------------0-----0-0-------------------0---0---0-----------------------

Generation = 10, Population = 946.
-------0-----0-0-0-----1------------0------0---1-1-0-------1-----0-----0-0-------0-----------0-0-0--
--0---0-0------1-----0---0-------------------1---2-------0---------0-0-0----------------------------
-----0---0-----------0---0--------01--0--0---0---1-0---------1-0---------0---0-0---------------0----
----0-0---0--0---0-----1--0------------0-------1-------0-------0---0-0-0----------------------------
-------------0---0---------------0--11--0--0-----2---0---------------3-----------------0------------
--------0--00--2----------1-0--------0---10----------1---0---0-------4------------------0-------0---
-----0---0-----1-----1---0---------0--1--11--------0---1-0-------0-0-0-----------0---0-0-0----------
--0------01-3102------0-1---1--0-------01---0----0-1---2--0--1-----1---------0--------0---0---0---0-
-------0-------2-------0----0------0---01--10--------0-3-0-1---0-------1-0-----0---0-0-0-0----------
----0--0--01011-11-----00-2--0---0-----0--0----1-2-1----0--111-2-3---------1-1-0--------0-------0---
-------------0---0--------0---0--0---0---001--0--------0-0-------0---1-0---------0-----00-----------
0----0--10--0-00--0--0---0-----0--1--0---0-----1-2-----0--10-1-3-------1---1-1-0--------------------
----------------------------0---0--0-----0--10--0----------------------------------0--0---0---------
0--00-12--0--------00--1----------0-0-00-----0---1---0-------0-------0-------0------------------0---
-------------0---0-----0------0---0--------0--0--30------------1---------1-------0---0--0-----------
-01-420-2-----1--1---101------0---------00-----0--0------0-0------0--0------------------------0---0-
---------------0-----0---0-0----0---0------0---01--0---------0---0-----0---0-------0----------------
--010-1-0------00--000-3-0----010-----01---1---00---2--2-1-1----0--110-0---------------------0--0---
-----------------------0-0---0----0---0--2---0---0-------------0---------0------0---------------0---
0---0-0------2--10---0-1-0---0--20-------0---0---00------0-----0--00-0-0-------------------0---0----
---------------------------0--------0---0--0-------------------------------0------1--------0--0---0-
0-0--------3--01--0----10-----00--------------00-------------0-------0-----------------------0------
---------------0---------------0------0---0----------------------0-------0--11-----------1-0-0--0---
0--------0---10-00----2-1-0-0---0-------3---0---00--------0-----------------------------------------
-------------0---1-----------0---0-0----1----------------------0---00------0--1----------0-0-0------
-----------000-----0--0-1-1---01------01--0---00---0----0---0-----------0------------0-------------0
---------------1------0--------1-0---0-----------------------0---00---0-----------------0--1--------
--------0--0-0-0--1-----0----1---0---0--10-------0--------0-----------0---0--------0---0---------0-0
--------------------0---0----------0-----------------------0---0----1-0------------1------0---------
------0---0--0-00---0----------0------00--------------------------------1------------0-------------0
----------------------11---------------------------------0---0---1--0---20-------0-111-------------0
--------00--------0------0------0---0---0-----------------------------------------------------------
---------------------0---1-----------------------------0---00--0---2--01---00----0-1-00----------0-0
-----0-0---0----0----0-----0--01--0---0-------------------------0---------------0------------1------
--------------0--------1------0----------------------0---00---0--3---1---01---0----0---------------0
-0-0---0-0----1---00-0-0-----0--10----------------------------0---1----0------2---0--------0---0----
------------0---2--------0--0---0------------------0---0----0------1---1----0-1---------------------
---0-0----------2----0-0-------0----------------------0---------0--0-1---0------0-----0------0-----0
-------------00--------0---0--00---------------------0---0-------1---2---0--0---0----------0--------
-0---------------2----------------------------------0---0--------1---0-1------------0---0--------0-0
---------------0---------1---0---0---------------------0---0---0---12--2---0--0----------0---0------
--------0----1-0---0---00--------------0--------------0------------1----2------0------0------------0
---------0------------0--------1-------------------------0---0---10---0--0----0------------0--------
-----00--101---0-----01--30----------0-------------------------0------0---0--0-0-0------------------
-----------0-----1--0---1--------1------0------------------0---2----0-------0---0-------------------
---0----1--0-0-01--0---00------------------0--0------------0-11--2------0--0-000-0---------0-00-----
-----1---------0---0-000-------1---1--01--0------------------0---0------------1------0--------------
-----1---0----0--01----------------------0--0--10--------0--22-10--------0--11-11--------0-114-10---
-----1-0---------1---0-0-0-------1---0--10---------------------0---0----0----------0---0------------
-------------------------------1-------------01--0---------0--0--------0---0--0--------0---0-00-----
-0-1---0---------0-----0---------------0-------------------------0--------0----------10-------------
-0-------0----1---1------0---0-----------------0-0-------------------0-0-0-----------0---0----------
---0---------------0-----1------0---------------0-------------------0---0-----------1---0-----------
---0---01--2----3------01--0-------0---------------0--0------------0-0-0-0------------10-----------0
---0---0-----0---------0---0--01--0-----------0---0-----------------------0--0-------01------0------
-0----0--10-----0-----1--00------0-----0-----0------0--10--------0---0-0------------0---0--------0-0
-0---0-------1-0---------0---0--10------0-------0---------------0-------0--0---02--0---0---0---0----
--------0-----0--20-----0------------0---------0-----01--0---------0-----------1------0------------0
---0-----0-0---0---------------0------0---0-------------------0---0----------00---0--0-------0------
---------------021-0---------------------0-0-----------0---------------------0-0-0------------------

Generation = 15, Population = 2725.
0-0-0-0---0------0-1----0-0--0-01----2-2-------------0---------0-10---0-03-1----0---0---0-------0-0-
-------0-0-0----0---0--2---02--000--0---------------020-------0--400-0-101--0--0-0-0---0-0-----0-0-0
0-0-0-----0-0--1-----10---010-1-0023---3---------3-00100--0--1--0-00--010-0--10-0-----0-0-0---0-0-0-
-----0-0---0-10------10--001-----0----0-1-------0--2000101-00--2-2--0-02-2-1-100---0-0-0-0-0-0-0-0--
0-0---------0104----0--0000---0--1-3-2---2-----4--0-0101-200020-0----4--0-0---01--0---0-0-0---0-0---
---0-0-0----22240--1---1-1-0-2-020--0-----2---2--6-1-30-1---2-02---------1------00-----010-----0----
0---0------2-00200----0-002---1---1--------6-1--0-0-0--2--0202----------------0-00-----111----------
-0-----0--2-5-041013-1-2312----22--04----------3---3-----11-02---------------3----10--1-0-0----0----
--0-0-0-00-0-1-40101--0110-2---11101210----3-50---0----502-3--0-------------0-----0101-0-2-1--0-----
-------1111-0-33432-2-1-1-7-2-1-03-22-05--2--222-3----10-10----7-8---------3---2-2-1-00-300-00------
--0-0---00-2-10501-10-2412-0---00-3--1--00-40-0-------0-0-0-------0-------01--0---012103110110------
-0---0----0-00223-120---511----1-1------001-200--5--0211-032---5---1-----60-02----02-01-101-0-0-----
0-------0--00000-000-104110---0-0----1-1-501-1-10-02110203020-0-0---0---02-20----1--12-1-1-00--0----
-----0-3-0-12101210-22--01-2-2-1----0---2-020202241-2102-1122--2-1---3-30-01----0---0-0-1000-1--0---
0---0---0-0-0001-1-20-----0---1----1-----003-0-21--0-11-0-02-0--0-0----1-20----0---011-221--2-0--0--
-1-2-----2-1-22-1214--------------1------11-102-----0--001--0-3--1-2--1001--------00000-0----2-1--0-
--00----0-0-0--101--------030-0--0---------2030-2------201---2-1--0-0102-------0-01100120-----1-1--0
--1-1--2-0-1---03--5-----12-3--30--------1-222---1--4-2-3-0---0-11-4210--2----0--0000000-1-0---0-1--
-000-00-0-0---0--10-0---01-202-202------1-1-0-----10---000-1---30-0101--0----0--0-00420-1---2---3-00
01210110-0---2-0-10--2-41-1101--521----0-1-12-----3----0012-0--3-221---1----0--0-0-000-1-----0---121
0000-0000---010----0-----1010-0--104--0-0-02-0---20---000000-102010--00-0--0--0-1-1-1-2-------1--00-
-00-0-021--3213--1--0204-200-0-0--1400-1-1110-2-20-0-00121032--0-0--1102120--0-0-0-001---------0----
--00-000-00100-30-0-0--30-0-0-0-0-01-20-121222-00-0--00000000--101-0002-1-1-2-1-0-0013----------210-
---0012-21-43-1-50--0---1310-0-0----0-0242100001-1--1-100110-02-----03-1002--0-0-0010-0---------0-0-
-----0-00-0--1-0-3-1220---010-0------1--300120--0--0-000000-000-10----202--1--1-0001-2-5-------3-210
---0-01--1----2-01-03-232--110---------4-0001----01-211210-012-02-0-1-00-0--1--0010-0-0-0-----0-0101
--0-0-0--------3-----0-400--01-------21-2-10----000000000-0-0-20-3---2--2-2--2-013-2-2-2-2---1-2100-
-0-0-001-2-------1-2--0-311---1------111-2-----0110-0110-0-0001-0--------0-0----0-0-0-0-0-0-0-0101--
0-0-000-0-0---------2--2-2001-------0-0-2--0--0000-0-00-0-0010-1----------2-2---02-6-2-1-4-5-3100---
-0-002-1-2-2-----2---2--2-1-000----0-013--0-00110-0-0--0-0002-0------------0-0-0-10-0-0-0-0-0201----
-0000-0-0-0-0---0-1---4--0-1--11--0-0100-0-00-00-0-0----0020-2---------0----1---1-04-3-1-2-3000-----
0--1-1-1-2-1-0-3-0-2---2-10----000-0010-0-00-0--0-0-----001-0-1-------2-1--------0-10-0-0-02010-----
---00-0-0-00----2-0-2---1-0------00100-0-00-0----0----00-0-2-1-1---3-2-4-0--3-----1-0314-20004-1---2
0-0-01-2-21-2----2-0-3---211-------20-0-00-0-----0---010000-1-0-2-0---0-3-0--0---0-0--200100020-0-0-
-0-0-00-00-0-2----2-0-1--1200--------0-00-0-----0-0-0020-3-0-1-0-------0-3-0--3-2-2----2-0010001----
--0-0-012-121-3----5-0-30-0111--------00-0-----0-0---00-201-1-2---3-----0-2-1----0--1--22-020101--0-
-0-0-0---00011-1----2-0020-01-0-------000-----0-0------1-001-0---0-3-----1-2-030---1-12--2-1010-02-4
0-0-0-00-102120-5----203220--0-2-----0110------0-----0--0-102---1-0-3-----0-1-01202-101-0-1-01-1000-
-0-0-0000-200120--2--221011---3-0---0000------------0-0--1-00--0-3-0-4-----0-2-0--1210---0-1--02000-
--0-002200-20234-2-10-1202-0---1-1-0010-0------0---0-0-0--0--22-2-1-0-2-----0-13---01-----0---0101-1
---00000010-111-1-0122-03-0-2---1--00100-0----0-0-0-0-0-0----001-0-2-0-4-----23-2------------2-10-0-
---021002300-2-1-2013102-0-3-0----0-00000-0--0-0-0-0-0-0-01-0-221-0-1-0-3----2-1---100----1-0-1--1--
--0-00000100012-002202--0-2-0-1--0-0-01200-00-000-0-0-0-000--1-014-0-1-0-2--223---10-10--0---0------
-0-0--220123-10122031----6-2-2-00-0-0-000000200210-0-0-011-2--1-242-2-2---22104--10-2-001--------1--
--0----0000-0-002310---1--1-2-01-1-0-0-121-01-0-000-0-000-0-0--4-101-0----2-20-010-2-0--0-------0-0-
--------32-3-1-1220---0-1--1-00-0-0-0-0-0-1--212-110-011-1-3-2--0-221----210--21--1-0---01-----1-1-1
--0-------0-020-0----3-0-1--00-1-1-1-1-200---0100-0000000-0-0-0--2-00---2200--3----0-----20---0-0-0-
-0-0-1--11-111022-2-0-0-1-1-0-0-0-0-0-012---2-0322-2-10022-3-3-2--0--0-2-02-32------------14-6-4-4--
0-0---000200020------0-0-1--00-0-1-0-0-0---1-1--100-0-00000-0-0-0-------2--000-----1-0-----1--0-0-0-
------0-00-001-30-0---0-0--0--0-0-0-0-00--1-0--0-111-1-10011-1-1--1--2-----00-1---1--02-----0--1-1-1
0-0--100--0-0-01-1-1---0--0----1-0-0-01-10-2--2-0-100-0-00000-0--1-00-1-0-1--2-0-1--0-30-----2--0-0-
----0110---0031-3-1-0----1-0----0-0-00-2-10--0-3-0-112-2-10022--1-01-0--------0----0-3-01-----1--1--
0-01000-0--004-0---0-1-10-0-1----0-01-0-010-1-0-1-0-100-0-0000---11-1-----0------00-2-0-10----------
--0-10-0-10-2-2-----2-0232-2-0----00-1-300---1-0-1-0-212-1-100---2-0-----1-0----0022-0-2-02------1--
0-03--0-010101-------1010-1-1-3--01-0-010-----1-0-2-1-10000-0-1-021-----0-1-1---00100-2-0-20----0-0-
---0---0032013-------32001-0-1-101-2-100-------1-0-4-0-3200211--010----1-0-1-1-2-40011-0-2-01--2-3-1
---10--002010-0-----0-00010-1-003-0-010---------1-0-1-0-000-10-0-0-0--0-2-0-0---3-00000-1-0-000-0-0-
--0-100-2021---3---3-2-12102-00--2-300-----------1-0-2-1-1-0----0-0-0--0-2-1-----1-10021-0-0--01-2-1
-0-0--01-30-----0-0-0-0-010000-0--010-------------1-0---001--0-0-0---0--0-0-------0-10-00-0----00-00
0-0----011---------1---2--10--0-0-00---------------1-----10-0---0-----0--1---------1--1--0------010-

Generation = 20, Population = 901.
---------------------------1---0---3--------0----2-------1-2-------1-------1-----0------10---0-----0
----0---0---------0---03--3---01-------------2---2---20---02--13-----2------------------------------
---------------------------1-------5---30--------4---1---------3-------3-0---------0-0-----------0--
----0------11-----21--------------11--0----1------1------1---------------3------0-------1-------0---
---------------5---------------211-------------4-----1-1-4-----2-1-----1-------1----11---1--0----0--
0---0--10-0-2-3----12-3---2-----3--2---3---2---2-6---3-0--23---5-0-1-----2-1---------1--------------
--------------------1------1---3-----------7-1------03-----5-------2-1-------0-0-------2------------
------1-2-----04------254-----23--0---25--2--11------52------3-------4------13-------0-------1------
-----------0---5-------------0------32-----6-------1-1-----5---------3-----3-------3-1--1----1------
---01-4-4-33--3-4-3----43---2--4---33--7--2----5-5-3-----2-3---7-----1-2-------2-2-------0----------
----------------0--------------1-------4-------111-------------3-----1---1----1----1---3------------
---1----4-0-------231------3------32--2-10--------1------1---------------6------1-------2-------10--
-----------0---1---1---4---------1-------------1---------4-----------2---------0-------3-1-1--------
------24--0---0--2--3-----------41----21--12--12-----1-----------2--------01---------2--------------
---------------1---2--------1--------------3-------0--------0----2--0----21-------00-------0--------
2---8--1----12---------3--------3---1-------10-------3-0----------------0----2-------0-------3------
---------------3------0--------------------2---------------------3---4--10---------1---3---0---01---
--3---1---1--2-------1--0----2----2--21---0---10-------------6-------11-------1---------------------
-----------1-------1---01----------------------2-------10-------1--1-4--1-----0--------0-----------0
--22----20-------1-3--0-----0-----3-----1----------2--2----1--------1-------0-------------------2---
-------0----------1-------1--------------------1-3-------1-----2-2--20---2--1----------1---42-------
0-1-0-1---2-----12--1--5----0-1--0----2---12----3--1-------4-----0---2----1-------------------------
-----------1---4--------------------0--------------0-----------1----1--1-----------------------2-3--
-------02----2-35-0----2--1---01------03----------1----1--2--0-------5--1----0-------------00-------
---0-------1----------1------------1---------0-------0-----1-------2----3----1------------------2---
010---3-2---0------14---3-21------2---------1--1----2--3-------0-0-----2-1--------------------------
---------------4---------1------0-----------------------------3----0--------------------------0----0
---12------21------31-1-4--1------0--------0-------------0---------0-------------0----00-------10--1
-------1-----1-----------------2-------0-----------------------1-0-------1-1-----2-----------3------
----12----------3-----13------1--0--------------01--------00-------0-0-----1------------------------
-----------1---------0-------0-----0--------0-------1-----3-------2-----------------2-----0-------0-
-0------------------0-------01-1------------------1-----0-1--0-0-----0-1-----1-1--1-----0-03---4-1--
------0--1-------0---------1-------3--0--------------1-----------------5------02-----4--12-------1--
-----1--1--------20-------1--4-------1---0---1-------13-------1--------1----------------------------
-------1-------0---------1-----0-------0--------1-------1-----1-----------------3--1----3-----1-----
-0---0-----31---2-------03-------3-1--0----1--------1-2-----1------2-------1-------12-2-----0------2
--0-------0--1---------0-------1--1------01------1-----------------------124-----02-21------01------
-0--1-------121------30---------00---1-------1-1-1--------1-----------------------------------------
-----1-----0-----------------------01-------1-------0-------------------1------0----1--1------------
00----------0--5----0--3-----1--1-0----1--0----2--------0----------------------4--------1----1------
------1------------1-------0----------1--------------0------------------------4--0---0--10----------
--------2----2----0---------0-------0----0-0-------1---0-------------------------------1------------
-0---1----------------------------------00--------------------------1---0---2-3----0----------------
--0-1------3----2----------21-------0------0---3-------------------------------------1---0-------10-
-0-------------1-------2-----0-----------------1-1---------------1---------------0---------3--------
---------3---2--3----1----------0--------------3---0-------3-----------------------0-------2--------
-0-1-----0---3-------------0---------1--0----1--------------------------3-0-0-----1-----------------
0------------3-2-0-----1--------0-0------101-------3---0-------3--------3--------2-------1---715--1-
-2---2-----0-------2--0--1-------1---------1-------1----------1------2--------1--0-----2-2----11----
-1----------1----3--10---2-------2---------------------1-0---------------------1-------2------------
-----1-0-1-1-----------11------1----0----0--0-----------0-------1-------------0---------------------
1--------0---4---4---0----------1----00------0-4---1-------1-------11-------2--------4-----1------10
-2-----------5-0--0-------1--0-2---------------0---------01------11--1----1-------0--0----02------00
-1---0----------41---0---------1-----1---------------21------1-2---0-------0-------2--1------------1
---4---1-1-----0----01---1-11-----------0-----------1---1---1-------1-------------------0-----------
-22-0--------3--24----------1--1----0----0---------------------2-------20----------------------2----
---------2-------1----1----0-------1--------------------------1--1---1---1----0---------------01-4--
----------------3--------2-3---2-2-3--------------0------220---1---0-----------3--0-------1----1-4--
-----0---4-0-1---1------0----0----------------------1-------0-----------------------2---2---0-------
10---0------1-------1------1---11--0------------------5--------0-----------0----------3------------2

*** Life<FredkinCell> 10x20 ***

Generation = 0, Population = 55.
0------------0---0-0
---00--0-0----0----0
---0----0-0-00------
-------------00-----
-0000-00----0-0-----
-----0-00-------00--
--0--0------0-0--0-0
0-------------0-0-0-
-0---0----0-----0000
00-0-0-0--0------0-0

Generation = 1, Population = 102.
-0-00--0-0--0---0--1
0-0-100-0---00-0-001
--01-----0--1-0----0
-00-0-000-0-0--0----
01--101----0-01000--
-0-0-10-10-----01-00
00-001000--0--10010-
--0-------0-001-1-10
01000100-010--00-11-
1----1--0010-----101

Generation = 2, Population = 102.
--01----0-001------2
-01---10-0-0110-01-2
0-1200-00--0-0-0-0-1
---010--10-01-01-0-0
12---12--0--01--11-0
0--1-210-10--0012--1
1-0--21--------1--10
-010----0-1-1-2-2-21
--1--2-10------10-20
2-00-2--112-0-000-12

Generation = 3, Population = 85.
---20-0--011--0-0003
-1201-2---0122101---
-0-31-0--00--1-10---
-0--21--------1-0---
-30--2--------10----
-----3-1--10---2----
20100---00--001201-1
-1-10-0-1-------3-32
0--003-21-----0-1-31
---1-30---3---11----

Generation = 4, Population = 99.
-0----10012---10---4
0---2--0-012-3212-02
0-1-201001---2--10--
0--------00---2-10--
1-10--20--00-1------
0--1-4----21-00--0-1
31-1--1--1--1--31212
021210-0----10---0-3
--111--3-01--0112---
2-020-1-11-0-0-2--12

Generation = 5, Population = 91.
--0-0021-2---------5
1-203-2--123--32-11-
-------1-200130-2--1
-0-021-------0----0-
--2-1-310-1--21-1--0
------11----0-1--102
4-1--2--0---20-4---3
-32-21011-10----3134
--2-2--41-2--1-23-3-
---3---02-3--113-123
