*** Life<Cell> 9x9 ***

Generation = 0, Population = 3.
---------
---------
---------
---------
---000---
---------
---------
---------
---------

Generation = 1, Population = 10.
---------
---------
---------
---000---
--01-10--
---000---
---------
---------
---------

Generation = 2, Population = 12.
---------
---------
---000---
---------
-01*-*10-
---------
---000---
---------
---------

Generation = 3, Population = 28.
---------
---000---
--01-10--
-00-0-00-
01-.-.-10
-00-0-00-
--01-10--
---000---
---------

*** Life<Cell> 9x9 ***

Generation = 0, Population = 15.
---------
-00------
--00-----
---00----
----00---
-----00--
------00-
-------00
--------0

Generation = 1, Population = 5.
-00------
01-------
---------
---------
---------
---------
---------
---------
--------1

Generation = 2, Population = 7.
--10-----
1--------
00-------
---------
---------
---------
---------
--------0
-------0-

Generation = 3, Population = 14.
00*10----
*-00-----
-10------
00-------
---------
---------
--------0
---------
------0--

Generation = 4, Population = 15.
--.*10---
*-1------
0--------
1--------
00-------
--------0
-------0-
------0-0
-----0-0-

Generation = 5, Population = 16.
0-.*-10--
.---00---
-10------
---------
-10-----0
00-------
--------0
---------
----0-0--

Generation = 6, Population = 26.
-0..1-10-
.11-1----
0*1000---
--------0
--10---0-
1--------
00-----0-
----0-0-0
---0---0-

Generation = 7, Population = 37.
01***-*10
.*-0--00-
1.*-110-0
10--00---
01*10-0--
*-00-----
-10-0----
00-------
--0------

Generation = 8, Population = 38.
1*.**-**1
..-11-1-0
*.*0-*-0-
*-0-1-0-0
1*.*-0-0-
*-1-0-0--
0--0-0---
1-0-0----
0--0-----

Generation = 9, Population = 22.
*.***-*.-
*.-*-0*-1
..*--.--0
*01------
*...-----
*0-------
-10------
---------
10-------

Generation = 10, Population = 30.
.****1**1
..1.11*-*
*.*--.001
*--0----0
..*.-----
*--------
--10-----
1-0------
*10------

*** Life<Cell> 1x1 ***

Generation = 0, Population = 1.
0

Generation = 1, Population = 0.
-

Generation = 2, Population = 0.
-

Generation = 3, Population = 0.
-

*** Life<Cell> 5x5 ***

Generation = 0, Population = 5.
-----
--000
--00-
-----
-----

Generation = 1, Population = 9.
--000
-0-11
-0---
--00-
-----

Generation = 2, Population = 13.
--11-
010--
01--0
--110
--00-

Generation = 3, Population = 10.
0--*0
-*--1
--0-1
0--*-
-0---

Generation = 4, Population = 9.
--1*-
-*---
0--0*
---*-
--00-

Generation = 5, Population = 10.
--*.0
-*--1
--0-*
0--.-
-01-0

*** Life<Cell> 6x6 ***

Generation = 0, Population = 15.
------
--000-
--000-
-000--
--000-
-000--

Generation = 1, Population = 19.
--000-
-0-1-0
--1--0
01-10-
-01-10
011---

Generation = 2, Population = 23.
--111-
0--*01
00-0-1
1--*-0
01-0-1
1*-000

Generation = 3, Population = 15.
00**--
1--.1-
11--0-
-10*--
1---1-
-*----
