*** Life<ConwayCell> 2x1 ***

Generation = 0, Population = 2.
*
*

Generation = 1, Population = 0.
.
.

*** Life<ConwayCell> 5x5 ***

Generation = 0, Population = 10.
***..
***..
..**.
...*.
...*.

Generation = 3, Population = 6.
.....
..*..
..***
...**
.....

Generation = 6, Population = 2.
.....
..*..
..*..
.....
.....

Generation = 9, Population = 0.
.....
.....
.....
.....
.....

*** Life<ConwayCell> 3x3 ***

Generation = 0, Population = 9.
***
***
***

Generation = 1, Population = 4.
*.*
...
*.*

Generation = 2, Population = 0.
...
...
...

*** Life<ConwayCell> 6x6 ***

Generation = 0, Population = 12.
*....*
.*..*.
..**..
..**..
.*..*.
*....*

Generation = 2, Population = 20.
..**..
.****.
**..**
**..**
.****.
..**..

Generation = 4, Population = 0.
......
......
......
......
......
......

*** Life<ConwayCell> 10x10 ***

Generation = 0, Population = 16.
..........
..*.......
*.*.......
.**.......
.....*....
...*.*.*..
...*****..
..........
..........
*........*

Generation = 1, Population = 16.
..........
.*........
..**......
.**.......
..*.*.*...
...*...*..
...*.*.*..
....***...
..........
..........

Generation = 2, Population = 16.
..........
..*.......
...*......
.*........
.**.......
..**.*.*..
...*.*.*..
....***...
.....*....
..........

Generation = 3, Population = 12.
..........
..........
..*.......
.*........
.*.*......
.*.*......
..**...*..
..........
....***...
..........

Generation = 4, Population = 14.
..........
..........
..........
.*........
**........
.*.**.....
..**......
...****...
.....*....
.....*....

Generation = 5, Population = 12.
..........
..........
..........
**........
**........
**.**.....
..........
..**.**...
..........
..........

Generation = 6, Population = 7.
..........
..........
..........
**........
..........
***.......
.*...*....
..........
..........
..........

Generation = 7, Population = 7.
..........
..........
..........
..........
..*.......
***.......
***.......
..........
..........
..........

Generation = 8, Population = 6.
..........
..........
..........
..........
..*.......
*..*......
*.*.......
.*........
..........
..........
