*** Life<FredkinCell> 10x10 ***

Generation = 0, Population = 5.
----------
----------
----------
----------
----0-0---
-----0----
----0-0---
----------
----------
----------

Generation = 4, Population = 16.
----0-0---
-----0----
----0-0---
----------
0-0-----0-
-0-------0
0-0-----0-
----------
----0-0---
-----0----

Generation = 8, Population = 18.
----0-0---
-----0----
----0-0---
----------
0-0---0-0-
-0-----0--
0-0-0---0-
-----0----
----0-0---
----------

Generation = 12, Population = 20.
----0-----
-----0-0-0
------0---
-----0----
0-----0-0-
-0-0-----0
--0-0-----
-0-------0
----0-----
-0---0-0--

Generation = 16, Population = 6.
----------
----------
----------
----------
--------0-
---------0
--------0-
----------
----0-0---
-----0----

Generation = 20, Population = 14.
--------0-
---------0
--------0-
----------
------0-0-
-------0--
----0---0-
-----0----
0-0-0-0---
-0--------

Generation = 24, Population = 20.
----0-0-0-
-----0---0
--------0-
-----0----
0-----0---
-0-0------
0---0---0-
---------0
0-0---0---
-0-----0--

Generation = 28, Population = 24.
--0-0-0-0-
---0---0--
0---0-0-0-
-0--------
0-0-----0-
---------0
0-0-----0-
-0--------
0-0-0-0---
-----0----

Generation = 32, Population = 8.
----------
----------
----0-0---
-----0----
--0---0---
---0------
--0-0-----
----------
----------
----------

Generation = 36, Population = 18.
--0-0-----
---0------
0---0---0-
-0-------0
0-0---0---
-------0--
----0---0-
-----0----
--0---0---
---0------

Generation = 40, Population = 16.
--0-0-----
---0------
0-------0-
-0---0-0--
0---------
---0-----0
--------0-
---0------
--0---0---
-----0----

*** Life<FredkinCell> 2x1 ***

Generation = 0, Population = 2.
0
0

Generation = 2, Population = 2.
2
2

Generation = 4, Population = 2.
4
4

Generation = 6, Population = 2.
6
6

Generation = 8, Population = 2.
8
8

Generation = 10, Population = 2.
+
+

Generation = 12, Population = 2.
+
+

*** Life<FredkinCell> 4x6 ***

Generation = 0, Population = 7.
---00-
--00--
----0-
0-0---

Generation = 1, Population = 9.
----10
-01-0-
0----0
---00-

Generation = 2, Population = 15.
-000-1
-12-10
--000-
0-011-

Generation = 3, Population = 13.
0-1112
0-3---
0-111-
---2-0

Generation = 4, Population = 10.
1----3
---0-0
1--22-
0--31-

Generation = 5, Population = 16.
-0-114
--3111
2013--
100--0

Generation = 6, Population = 9.
1-1-2-
01--2-
-1----
-1--1-

Generation = 7, Population = 13.
20--34
---131
--1---
1203-0

Generation = 8, Population = 14.
311---
01-24-
2-232-
2-14--

Generation = 9, Population = 8.
-22-3-
1----1
-1---0
3-----

Generation = 10, Population = 10.
-33---
-13--2
2-2-21
-----0

Generation = 11, Population = 13.
3--1-4
--42-3
-13-32
3-1--1

Generation = 12, Population = 14.
-3-2-5
1---4-
-24343
-224-2

Generation = 13, Population = 13.
----3-
-14253
--545-
3-3-13

Generation = 14, Population = 16.
-33-4-
1253-4
2-6563
--44-4

Generation = 15, Population = 11.
---2--
-3---5
327--4
32--15

*** Life<FredkinCell> 8x8 ***

Generation = 0, Population = 10.
--------
---00---
--0--0--
--0--0--
--0--0--
---00---
--------
--------

Generation = 1, Population = 20.
---00---
---11---
-01--10-
-0-00-0-
-01--10-
---11---
---00---
--------

Generation = 2, Population = 26.
--0--0--
-0----0-
0-2002-0
0--11--0
0-2002-0
-0----0-
--0--0--
---00---

Generation = 3, Population = 34.
---00---
--0110--
10311301
-002200-
10311301
--0110--
--------
---11---

Generation = 4, Population = 24.
--------
0------0
21----12
01----10
21----12
0--22--0
--0--0--
--0220--

Generation = 5, Population = 34.
0------0
1------1
3-3--3-3
120--021
3-3113-3
1--33--1
00100100
-0----0-

Generation = 6, Population = 34.
10----01
-00--00-
-141141-
2-1--1-2
-1-22-1-
--0440--
-1-11-1-
-1-22-1-

Generation = 7, Population = 24.
2------2
-1----1-
--------
--2222--
--------
-01--10-
02122120
02----20

Generation = 8, Population = 20.
--------
--0--0--
-141141-
-23--32-
-1-22-1-
--------
--2--2--
---22---

Generation = 9, Population = 30.
--0--0--
--1--1--
3------3
23-22-32
32333323
-014410-
-2----2-
---33---

Generation = 10, Population = 42.
-010010-
11211211
4-4114-4
3-3--3-3
--4--4--
-125521-
03----30
-204402-

Generation = 11, Population = 24.
--2112--
-2----2-
-152251-
4------4
3------3
--3--3--
142--241
--------

Generation = 12, Population = 34.
--3--3--
132--231
--------
5-3223-5
424--424
--4554--
2--22--2
020--020

Generation = 13, Population = 30.
2-4114-2
2--11--2
-1-22-1-
63----36
--5335--
---66---
3-2--2-3
--1--1--

*** Life<FredkinCell> 7x7 ***

Generation = 0, Population = 13.
---0---
---0---
---0---
0000000
---0---
---0---
---0---

Generation = 1, Population = 20.
--010--
--0-0--
00---00
1-----1
00---00
--0-0--
--010--

Generation = 2, Population = 20.
-0---0-
0-101-0
-1---1-
-0---0-
-1---1-
0-101-0
-0---0-

Generation = 3, Population = 16.
---1---
--2-2--
-2-0-2-
1-0-0-1
-2-0-2-
--2-2--
---1---

Generation = 4, Population = 0.
-------
-------
-------
-------
-------
-------
-------

*** Life<FredkinCell> 5x6 ***

Generation = 0, Population = 10.
---0--
----0-
000000
----0-
---0--

Generation = 2, Population = 12.
0-1-0-
--1-2-
-0--0-
--1-2-
0-1-0-

Generation = 4, Population = 12.
003-2-
1-----
--11--
1-----
003-2-

Generation = 6, Population = 10.
00----
--2---
11--11
--2---
00----

Generation = 8, Population = 18.
2-4020
2-2-3-
3----3
2-2-3-
2-4020

Generation = 10, Population = 12.
-14---
2-4---
3-22-3
2-4---
-14---

Generation = 12, Population = 14.
-3--31
4---4-
-2442-
4---4-
-3--31

Generation = 14, Population = 10.
---1--
----4-
444444
----4-
---1--

Generation = 16, Population = 12.
3-5-3-
--5-6-
-4--4-
--5-6-
3-5-3-

Generation = 18, Population = 12.
337-5-
5-----
--55--
5-----
337-5-

Generation = 20, Population = 10.
33----
--6---
55--55
--6---
33----

Generation = 22, Population = 18.
5-8152
6-6-7-
7----7
6-6-7-
5-8152

Generation = 24, Population = 12.
-48---
6-8---
7-66-7
6-8---
-48---

Generation = 26, Population = 14.
-6--63
8---8-
-6886-
8---8-
-6--63

Generation = 28, Population = 10.
---2--
----8-
888888
----8-
---2--
