*** Life<Cell> 9x9 ***

Generation = 0, Population = 7.
-------0-
00-------
-0-0-----
--0------
---0-----
---------
---------
---------
---------

Generation = 1, Population = 14.
00----0-0
1-00---0-
-10-0----
---0-----
----0----
---0-----
---------
---------
---------

Generation = 2, Population = 15.
-1-0-0-0-
*--1-----
-*---0-0-
-0--0----
---0-0---
--0------
---0-----
---------
---------

Generation = 3, Population = 24.
---1----0
*00*0----
-*00----0
010--0-0-
-0--0-0--
-0-0-0---
----0----
---0-----
---------

Generation = 4, Population = 19.
01-*---0-
*11.10---
0.---0---
1-----0--
---------
01-------
-0-0-----
--0------
---0-----

Generation = 5, Population = 26.
--0*-00-0
.****-00-
-.0--1---
*1-----0-
-0----0--
1-00-----
-10-0----
---0-----
----0----

Generation = 6, Population = 21.
---.01-0-
.*...--1-
0.1------
*----0--0
01-0-0---
---1--0--
-*---0---
-0--0----
-----0---

Generation = 7, Population = 42.
-1-.1*-10
.*...00*0
1.-0-1-00
*-000100-
-*-1-1--0
1-0*00-0-
0.00-----
0100-0---
-0----0--

Generation = 8, Population = 31.
0*0.**0--
***..1-.1
*.-10--1-
*11-----0
0.-----0-
*1-.-----
-.11---0-
-*1------
-1-0---0-

Generation = 9, Population = 35.
-.-***110
.....*-*-
..1*1-0-0
*-*-0--0-
-.0---0--
**-.-----
0.-*0-0-0
0*-0-----
0*0-0-0-0

*** Life<Cell> 3x4 ***

Generation = 0, Population = 2.
----
-00-
----

Generation = 1, Population = 8.
-00-
0110
-00-

Generation = 2, Population = 2.
----
1--1
----

Generation = 3, Population = 6.
0--0
-11-
0--0

Generation = 4, Population = 4.
----
1**1
----

Generation = 5, Population = 12.
0000
****
0000

Generation = 6, Population = 4.
-11-
....
-11-

Generation = 7, Population = 8.
0**0
....
0**0

Generation = 8, Population = 8.
1**1
....
1**1

Generation = 9, Population = 8.
****
....
****

Generation = 10, Population = 4.
.**.
....
.**.

Generation = 11, Population = 0.
....
....
....

*** Life<Cell> 5x5 ***

Generation = 0, Population = 15.
00000
--0--
-000-
--0--
00000

Generation = 1, Population = 18.
1-1-1
00-00
01-10
00-00
1-1-1

Generation = 2, Population = 18.
*0-0*
1-0-1
1*-*1
1-0-1
*0-0*

Generation = 3, Population = 12.
*111*
-----
*.-.*
-----
*111*

Generation = 4, Population = 6.
.---.
-000-
..-..
-000-
.---.

Generation = 5, Population = 14.
.111.
11-11
..-..
11-11
.111.

Generation = 6, Population = 10.
*---*
*-0-*
..-..
*-0-*
*---*

Generation = 7, Population = 6.
.111.
.---.
..-..
.---.
.111.

Generation = 8, Population = 10.
.*-*.
.101.
..-..
.101.
.*-*.

*** Life<Cell> 10x10 ***

Generation = 0, Population = 22.
---0--0---
----00----
----00----
---0--0---
--0----0--
-0------0-
0000000000
----------
----------
----------

Generation = 3, Population = 52.
0-0-00-0-0
----------
--0----0--
-00000000-
01------10
---0000---
1*10--01*1
--000000--
11------11
0000000000

Generation = 6, Population = 34.
---1--1---
0-11--11-0
--.0--0.--
--.----.--
-*10--01*-
-*11--11*-
*...--...*
-*-.00.-*-
-*00--00*-
----------

Generation = 9, Population = 40.
010....010
0-.*--*.-0
--.*--*.--
--.1--1.--
*..0000..*
0.*----*.0
**..--..**
-.-....-.-
*.-1--1-.*
0-001100-0

Generation = 12, Population = 34.
---*..*---
*-......-*
-0*....*0-
**.-11-.**
*.*----*.*
1..1..1..1
*...--...*
0.1....1.0
*.-.11.-.*
--.1--1.--

Generation = 15, Population = 48.
--**..**--
.1..**..1.
*0..**..0*
*........*
**.1001.**
1.*1..1*.1
*..*00*..*
1*-....-*1
*.-....-.*
--******--

Generation = 18, Population = 26.
11******11
*........*
*-......-*
.*......*.
..*-00-*..
1........1
....00....
..-....-..
..-....-..
1........1

Generation = 21, Population = 32.
*-*....*-*
*...**...*
*0******0*
*........*
.**1**1**.
-..*..*..-
....**....
..-....-..
..-....-..
-........-

Generation = 24, Population = 26.
.1......1.
..........
*-......-*
*.******.*
.********.
-**.**.**-
..........
..-....-..
..-....-..
-........-

Generation = 27, Population = 14.
.-......-.
....**....
.0.*..*.0.
**..**..**
*........*
-........-
..........
..-....-..
..-....-..
-........-

Generation = 30, Population = 28.
.1******1.
**********
**......**
.*......*.
.*......*.
.*......*.
..........
..-....-..
..-....-..
-........-
