*** Life<FredkinCell> 10x10 ***

Generation = 0, Population = 10.
----------
-00-------
--0-------
---0------
-0-00-----
--0-------
-------0--
----0-----
----------
----------

Generation = 5, Population = 28.
-2--2-0---
4-00-2----
11--0---0-
-0-1------
------0-20
-2------00
----1-0---
-------0--
--0--0--0-
---010----

*** Life<FredkinCell> 10x10 ***

Generation = 0, Population = 10.
----------
----------
-0--------
--0-------
---0------
-0000-----
----------
--0----0--
----0-----
----------

*** Life<FredkinCell> 12x12 ***

Generation = 0, Population = 10.
------------
------------
-00---------
--0---------
----0-------
-0-00-------
--0---------
--------0---
-----0------
------------
------------
------------

Generation = 5, Population = 53.
0-1010------
---1--0-----
-21--1-00---
--1--02-10--
----11---0--
1---0201-0--
-2-00---0---
002-300--0--
01---0--0-0-
0102-0---0--
----0---0---
--0----0-0--

*** Life<FredkinCell> 14x14 ***

Generation = 0, Population = 10.
--------------
--------------
--------------
--0-----------
--00----------
-0------------
-00-----------
---00--0------
----0---------
--------------
--------------
--------------
--------------
--------------

Generation = 5, Population = 59.
--210---------
0210----------
--2-0-00------
1--1----0-----
3---41--0-----
031--100------
---00-2-0--0--
-0--00-2-00-0-
20--1---10-0--
-201----0-----
0-1-1--0------
-0-1-00-0-----
----10-0------
----0---------

*** Life<FredkinCell> 9x9 ***

Generation = 0, Population = 10.
---------
-----0---
-0-------
---------
----0----
-0-0--0--
-----0---
--0---00-
---------
