*** Life<Cell> 10x10 ***

Generation = 0, Population = 10.
----------
-00-------
--0-------
---0------
-0-00-----
--0-------
-------0--
----0-----
----------
----------

Generation = 5, Population = 29.
-*--*-0---
*-00-*----
11--0---0-
-0-1------
------0**0
-*------00
----1-0---
-------0--
--0--0--0-
---010----

*** Life<Cell> 10x10 ***

Generation = 0, Population = 10.
----------
----------
-0--------
--0-------
---0------
-0000-----
----------
--0----0--
----0-----
----------

*** Life<Cell> 12x12 ***

Generation = 0, Population = 10.
------------
------------
-00---------
--0---------
----0-------
-0-00-------
--0---------
--------0---
-----0------
------------
------------
------------

Generation = 5, Population = 53.
0*-010------
01.---0-----
*--.-1-00---
1-1.-0*-10--
-..011---0--
1.0.-*01-0--
-*--0---0---
00*-.00--0--
01---0--0-0-
010*-0---0--
----0---0---
--0----0-0--

*** Life<Cell> 15x15 ***

Generation = 0, Population = 10.
---------------
---------------
---------------
--0------------
--00-----------
-0-------------
-00------------
---00--0-------
----0----------
---------------
---------------
---------------
---------------
---------------
---------------

Generation = 5, Population = 64.
--*10----------
0*10-----------
--*-0-00-------
1.-1*---0------
*-1-*1--0------
0**--100-------
*-.*--*-0--0---
-0-*00**-00-0--
*01-1---10-0---
-*01----0------
0-1-1--0-------
-0-1-00-0------
----10-0-------
----0----------
---------------

*** Life<Cell> 9x9 ***

Generation = 0, Population = 10.
---------
-----0---
-0-------
---------
----0----
-0-0--0--
-----0---
--0---00-
---------
