*** Life<ConwayCell> 10x10 ***

Generation = 0, Population = 10.
..........
.**.......
..*.......
...*......
.*.**.....
..*.......
.......*..
....*.....
..........
..........

Generation = 5, Population = 3.
..........
..........
..........
..........
...*......
...*......
...*......
..........
..........
..........

*** Life<ConwayCell> 10x10 ***

Generation = 0, Population = 10.
..........
.*........
..*.......
...*......
.****.....
..........
..*....*..
....*.....
..........
..........

*** Life<ConwayCell> 12x12 ***

Generation = 0, Population = 10.
............
.**.........
..*.........
....*.......
.*.**.......
..*.........
........*...
.....*......
............
............
............
............

Generation = 5, Population = 0.
............
............
............
............
............
............
............
............
............
............
............
............

*** Life<ConwayCell> 19x19 ***

Generation = 0, Population = 10.
...................
...................
..*................
..**...............
.*.................
.**................
...**..*...........
....*..............
...................
...................
...................
...................
...................
...................
...................
...................
...................
...................
...................

Generation = 5, Population = 6.
...................
...................
...................
..**...............
...................
.**................
.*.................
.*.................
...................
...................
...................
...................
...................
...................
...................
...................
...................
...................
...................

*** Life<ConwayCell> 9x9 ***

Generation = 0, Population = 9.
.........
.*...*...
....*....
.....*...
.*.*.....
..*......
.......*.
......*..
.........
