*** Life<ConwayCell> 15x15 ***

Generation = 0, Population = 5.
...............
..........*....
...............
...............
........*......
..........*....
...............
...............
...............
...............
.*...*.........
...............
...............
...............
...............

Generation = 1, Population = 0.
...............
...............
...............
...............
...............
...............
...............
...............
...............
...............
...............
...............
...............
...............
...............

Generation = 2, Population = 0.
...............
...............
...............
...............
...............
...............
...............
...............
...............
...............
...............
...............
...............
...............
...............

Generation = 3, Population = 0.
...............
...............
...............
...............
...............
...............
...............
...............
...............
...............
...............
...............
...............
...............
...............

Generation = 4, Population = 0.
...............
...............
...............
...............
...............
...............
...............
...............
...............
...............
...............
...............
...............
...............
...............

Generation = 5, Population = 0.
...............
...............
...............
...............
...............
...............
...............
...............
...............
...............
...............
...............
...............
...............
...............

Generation = 6, Population = 0.
...............
...............
...............
...............
...............
...............
...............
...............
...............
...............
...............
...............
...............
...............
...............

Generation = 7, Population = 0.
...............
...............
...............
...............
...............
...............
...............
...............
...............
...............
...............
...............
...............
...............
...............

Generation = 8, Population = 0.
...............
...............
...............
...............
...............
...............
...............
...............
...............
...............
...............
...............
...............
...............
...............

*** Life<ConwayCell> 9x9 ***

Generation = 0, Population = 3.
.........
.........
.........
.........
...***...
.........
.........
.........
.........

Generation = 1, Population = 3.
.........
.........
.........
....*....
....*....
....*....
.........
.........
.........

Generation = 2, Population = 3.
.........
.........
.........
.........
...***...
.........
.........
.........
.........

Generation = 3, Population = 3.
.........
.........
.........
....*....
....*....
....*....
.........
.........
.........

*** Life<ConwayCell> 10x10 ***

Generation = 0, Population = 6.
..*.......
..........
*.........
..........
*.........
.....*....
..........
..........
*.........
*.........

Generation = 1, Population = 0.
..........
..........
..........
..........
..........
..........
..........
..........
..........
..........

Generation = 2, Population = 0.
..........
..........
..........
..........
..........
..........
..........
..........
..........
..........

Generation = 3, Population = 0.
..........
..........
..........
..........
..........
..........
..........
..........
..........
..........

Generation = 4, Population = 0.
..........
..........
..........
..........
..........
..........
..........
..........
..........
..........

Generation = 5, Population = 0.
..........
..........
..........
..........
..........
..........
..........
..........
..........
..........

Generation = 6, Population = 0.
..........
..........
..........
..........
..........
..........
..........
..........
..........
..........

*** Life<ConwayCell> 6x6 ***

Generation = 0, Population = 7.
......
..*...
.*.**.
..*.*.
...*..
......

Generation = 1, Population = 7.
......
..**..
.*..*.
..*.*.
...*..
......

Generation = 2, Population = 7.
......
..**..
.*..*.
..*.*.
...*..
......

Generation = 3, Population = 7.
......
..**..
.*..*.
..*.*.
...*..
......

Generation = 4, Population = 7.
......
..**..
.*..*.
..*.*.
...*..
......

*** Life<ConwayCell> 18x11 ***

Generation = 0, Population = 17.
.*.........
..***.*....
*..........
.*...*.....
.........*.
.....*.....
.*....*....
.....*....*
....*......
..*..*.....
...........
...........
...........
...........
...........
...........
...........
...........

Generation = 1, Population = 15.
..**.......
.***.......
.*****.....
...........
...........
...........
.....**....
.....*.....
....**.....
...........
...........
...........
...........
...........
...........
...........
...........
...........

Generation = 2, Population = 11.
.*.*.......
...........
.*..*......
..***......
...........
...........
.....**....
...........
....**.....
...........
...........
...........
...........
...........
...........
...........
...........
...........

Generation = 3, Population = 9.
...........
..*........
..*.*......
..***......
...*.......
...........
...........
....*.*....
...........
...........
...........
...........
...........
...........
...........
...........
...........
...........

Generation = 4, Population = 9.
...........
...*.......
.**.*......
..*.*......
..***......
...........
...........
...........
...........
...........
...........
...........
...........
...........
...........
...........
...........
...........

Generation = 5, Population = 10.
...........
..**.......
.**.*......
....**.....
..*.*......
...*.......
...........
...........
...........
...........
...........
...........
...........
...........
...........
...........
...........
...........

Generation = 6, Population = 14.
...........
.***.......
.**.**.....
.**.**.....
....**.....
...*.......
...........
...........
...........
...........
...........
...........
...........
...........
...........
...........
...........
...........

Generation = 7, Population = 12.
..*........
.*.**......
*....*.....
.**...*....
..*..*.....
....*......
...........
...........
...........
...........
...........
...........
...........
...........
...........
...........
...........
...........

Generation = 8, Population = 18.
..**.......
.****......
*..***.....
.**..**....
.***.*.....
...........
...........
...........
...........
...........
...........
...........
...........
...........
...........
...........
...........
...........

Generation = 9, Population = 14.
.*..*......
.*...*.....
*.....*....
*.....*....
.*.****....
..*........
...........
...........
...........
...........
...........
...........
...........
...........
...........
...........
...........
...........

Generation = 10, Population = 22.
...........
**...*.....
**...**....
**..*.**...
.******....
..****.....
...........
...........
...........
...........
...........
...........
...........
...........
...........
...........
...........
...........

Generation = 11, Population = 14.
...........
**...**....
..*.*..*...
.......*...
*......*...
.*....*....
...**......
...........
...........
...........
...........
...........
...........
...........
...........
...........
...........
...........

Generation = 12, Population = 11.
...........
.*...**....
.*...*.*...
......***..
......**...
...........
...........
...........
...........
...........
...........
...........
...........
...........
...........
...........
...........
...........

Generation = 13, Population = 8.
...........
.....**....
.....*..*..
.....*..*..
......*.*..
...........
...........
...........
...........
...........
...........
...........
...........
...........
...........
...........
...........
...........

Generation = 14, Population = 10.
...........
.....**....
....**.*...
.....**.**.
.......*...
...........
...........
...........
...........
...........
...........
...........
...........
...........
...........
...........
...........
...........

Generation = 15, Population = 12.
...........
....***....
....*..**..
....**..*..
......***..
...........
...........
...........
...........
...........
...........
...........
...........
...........
...........
...........
...........
...........

Generation = 16, Population = 16.
.....*.....
....****...
...*...**..
....**...*.
.....****..
.......*...
...........
...........
...........
...........
...........
...........
...........
...........
...........
...........
...........
...........

Generation = 17, Population = 18.
....**.....
....**.**..
...*...**..
....**...*.
....**.**..
.......**..
...........
...........
...........
...........
...........
...........
...........
...........
...........
...........
...........
...........

Generation = 18, Population = 20.
....***....
...*.*.**..
...*...*.*.
...*.*...*.
....**.*.*.
......***..
...........
...........
...........
...........
...........
...........
...........
...........
...........
...........
...........
...........

Generation = 19, Population = 25.
....****...
...*.*.**..
..**...*.*.
...*.*...**
....**.*.*.
.....****..
.......*...
...........
...........
...........
...........
...........
...........
...........
...........
...........
...........
...........

Generation = 20, Population = 24.
....**.**..
..**.*.....
..**...*.**
..**.*...**
.......*.**
....**.....
.......**..
...........
...........
...........
...........
...........
...........
...........
...........
...........
...........
...........

*** Life<ConwayCell> 9x9 ***

Generation = 0, Population = 3.
.........
.........
.........
.........
...***...
.........
.........
.........
.........

Generation = 1, Population = 3.
.........
.........
.........
....*....
....*....
....*....
.........
.........
.........

Generation = 2, Population = 3.
.........
.........
.........
.........
...***...
.........
.........
.........
.........

Generation = 3, Population = 3.
.........
.........
.........
....*....
....*....
....*....
.........
.........
.........

*** Life<ConwayCell> 10x10 ***

Generation = 0, Population = 4.
..........
..........
..........
..........
....**....
....**....
..........
..........
..........
..........

Generation = 1, Population = 4.
..........
..........
..........
..........
....**....
....**....
..........
..........
..........
..........

Generation = 2, Population = 4.
..........
..........
..........
..........
....**....
....**....
..........
..........
..........
..........

Generation = 3, Population = 4.
..........
..........
..........
..........
....**....
....**....
..........
..........
..........
..........

