*** Life<FredkinCell> 15x15 ***

Generation = 0, Population = 5.
---------------
----------0----
---------------
---------------
--------0------
----------0----
---------------
---------------
---------------
---------------
-0---0---------
---------------
---------------
---------------
---------------

Generation = 1, Population = 20.
----------0----
---------0-0---
----------0----
--------0------
-------0-00----
--------00-0---
----------0----
---------------
---------------
-0---0---------
0-0-0-0--------
-0---0---------
---------------
---------------
---------------

Generation = 2, Population = 14.
---------------
--------0---0--
--------0------
---------------
------0---1----
--------1---0--
--------0------
----------0----
-0---0---------
---------------
-------0-------
---------------
-0---0---------
---------------
---------------

Generation = 3, Population = 56.
--------0---0--
-------010-0-0-
-------010--0--
------0-0-0----
-----0-000-00--
------002000-0-
-------0100-0--
-0---0--00-0---
0-0-0-0---0----
-0---0-0-------
------0-0------
-0---0-0-------
0-0-0-0--------
-0---0---------
---------------

Generation = 4, Population = 16.
--------1------
------0-------0
---------------
---------------
----0-------1--
------1---1---0
-0---0---------
---------------
--------0------
----------0----
-----0---0-----
---------------
---------------
---------------
-0---0---------

Generation = 5, Population = 51.
------00-0----0
-----0-01----0-
------0-------0
----0-------0--
---0-00---10-00
-0--0--0-0-000-
0-0-0-----0---0
-0---0--0------
-------0-00----
-----0--0--0---
----0-0-0------
-----0---0-----
---------------
-0---0---------
0-0-0-0--------

Generation = 6, Population = 40.
------1-1-0----
----0---2---0-0
----0---1---0--
----------0----
-00--11---2---1
----1---------0
----1--01---0--
------0-------0
-0----0--11----
--------1---0--
---0----1--0---
----------0----
-0-------0-----
---------------
-0---0-0-------

Generation = 7, Population = 112.
----00--2--00-0
---01000-0001--
---010-02000100
-00-000-00100-0
0110-220-030-02
-0002-102-1-001
---020-120-0-0-
-0--001-000-00-
0-0--010-2200-0
-0-0--002-0--0-
--0-0--020-----
-0-0----0------
0-0-----0------
-----0-0-0-----
0-0-0---0------

Generation = 8, Population = 20.
---------------
--0-------1-2--
-0---1--3------
---------------
1-------------3
--1-------2-1--
---------------
---------------
---------------
----------1----
-0---0---1---0-
---------------
-0---0--1------
----------0----
---------------

*** Life<FredkinCell> 9x9 ***

Generation = 0, Population = 3.
---------
---------
---------
---------
---000---
---------
---------
---------
---------

Generation = 1, Population = 10.
---------
---------
---------
---000---
--01-10--
---000---
---------
---------
---------

Generation = 2, Population = 12.
---------
---------
---000---
---------
-012-210-
---------
---000---
---------
---------

Generation = 3, Population = 30.
---------
---000---
--01-10--
-00-0-00-
01-3-3-10
-00-0-00-
--01-10--
---000---
---------

*** Life<FredkinCell> 10x10 ***

Generation = 0, Population = 6.
--0-------
----------
0---------
----------
0---------
-----0----
----------
----------
0---------
0---------

Generation = 1, Population = 16.
-0-0------
0-0-------
-0--------
----------
-0---0----
0---0-0---
-----0----
0---------
10--------
10--------

Generation = 2, Population = 11.
--0-0-----
----------
----------
-----0----
--0-------
---0---0--
----------
1----0----
2-0-------
--0-------

Generation = 3, Population = 31.
-0---0----
--0-0-----
-----0----
--0-0-0---
-0---0-0--
----0-0-0-
0--0-0-0--
200-0-0---
3-10-0----
1010------

Generation = 4, Population = 16.
0-----0---
-----0----
----0-----
----------
0---0-----
00-------0
1---------
3---------
--2-0-----
--2-00----

Generation = 5, Population = 27.
-0-----0--
0---------
---0------
0---------
1--0-0---0
110-0---0-
---------0
400-0-----
303-1-----
-03--10---

Generation = 6, Population = 28.
--0---0-0-
---0---0--
--0-0-----
10---0---0
----0-0---
--10---0-0
----------
-1--10---0
--4-2-0---
---0-210--

*** Life<FredkinCell> 6x6 ***

Generation = 0, Population = 7.
------
--0---
-0-00-
--0-0-
---0--
------

Generation = 1, Population = 8.
--0---
----0-
0--1-0
----10
------
---0--

Generation = 2, Population = 15.
-0-00-
0-0---
-00--1
0---2-
---000
--0-0-

Generation = 3, Population = 19.
--0110
--1-00
01-1--
--0-30
0--1-1
-0-01-

Generation = 4, Population = 11.
-0--2-
0-2---
12--0-
----4-
---2-2
----2-

*** Life<FredkinCell> 18x11 ***

Generation = 0, Population = 17.
-0---------
--000-0----
0----------
-0---0-----
---------0-
-----0-----
-0----0----
-----0----0
----0------
--0--0-----
-----------
-----------
-----------
-----------
-----------
-----------
-----------
-----------

Generation = 1, Population = 39.
0--00-0----
0-1-1--0---
--00000----
--0-0-0--0-
-0------0-0
-0--0----0-
0-0--0-0--0
-0-------0-
--00-0----0
-0-0--0----
--0--0-----
-----------
-----------
-----------
-----------
-----------
-----------
-----------

Generation = 2, Population = 44.
10-1-------
1-2---0-0--
001------0-
--101010---
01----00---
-1-0---0--0
---0----00-
--00---00-0
-01--------
0--100-0--0
----0------
--0--0-----
-----------
-----------
-----------
-----------
-----------
-----------

Generation = 3, Population = 55.
-10-0-0-0--
--3--0-----
--2-00-0--0
-0----2-00-
1---0--10-0
-2-10--1---
-0--0--0-10
----0-01-0-
-1-000--0--
---211--00-
0-0-10-0--0
-0-0--0----
--0--0-----
-----------
-----------
-----------
-----------
-----------

Generation = 4, Population = 49.
12---0---0-
---011-00-0
--3-1-0----
---------10
-1--10---0-
-3-2100--0-
010--0----1
-----01-01-
0-------10-
00---20--1-
-0----0----
-----0----0
----0------
--0--0-----
-----------
-----------
-----------
-----------

Generation = 5, Population = 76.
2301-100---
10-12-0110-
-0-020--00-
-01--02-0-1
120-----0--
--032-1101-
121---0-01-
-00-0-2----
1------0-10
--0-13-0-20
-10--010-00
-0-------0-
--00-0----0
-0-0--0----
--0--0-----
-----------
-----------
-----------

Generation = 6, Population = 69.
-4--021--0-
-132---22-0
--3-3-0-1--
-1----3--1-
231-10----0
-31-3-----0
232--0-0--1
0-----3-0-0
-----0-1---
0-1-2-0--31
0--0-----1-
0100--00010
-01--------
0--100-0--0
----0------
--0--0-----
-----------
-----------

Generation = 7, Population = 82.
25--1-2----
1-432103-0-
-040--102-0
-21---40---
3----1----1
042-40-1-1-
-4-0--0--1-
1-0--0----1
--1------1-
1--2-3--0-2
--01---0--0
-21-001--21
0--0000-00-
---211--00-
0-0-10-0--0
-0-0--0----
--0--0-----
-----------

Generation = 8, Population = 51.
-6--223--0-
2--43---2--
------2-30-
-----------
43---2-----
-5335-1--2-
25---0--02-
-01-0----1-
-12-------0
-013--0--33
0----------
-3---1-----
---------1-
-----2-----
-0----0----
-----0----0
----0------
--0--0-----

Generation = 9, Population = 86.
--0---40--0
--45---330-
0--030---10
02---04-01-
5--0-----0-
06--6--1-30
36200--0131
-1-------2-
123-0-0--11
--2423-004-
-101-01--10
--1-0-1--2-
-0------0-0
-0--1----0-
0-0--0-0--0
-0-------0-
--00-0----0
-0-0--0----

Generation = 10, Population = 91.
-61--25----
21---1----0
1------0321
131---5-12-
-31--201---
1--3701204-
-----00----
1-10--31--1
23-010---22
10353--1-53
02-------21
-320-120-31
01----00---
-1-2---0--0
---0----00-
--00---00-0
-01--------
0-010--0--0

Generation = 11, Population = 92.
--212-60--0
----32-33-1
-04--0-143-
-4-0--6----
5-------0--
---4---3-50
--2---10131
212--0-20-2
3--121--1-3
2--6--0--64
-30-101-032
04-1-23----
12-----101-
-2-31--1---
-0--1--0-10
----0-01-0-
-1200---0--
-0--100-00-

Generation = 12, Population = 85.
-63--27--01
-1----04-02
1-5--12-54-
-51-1----2-
------0---1
1---7--4---
3-3---2-242
-----13-12-
--------22-
3--733110-5
0-1-212-14-
-52-0-----1
-31-00---20
---4-20---0
010--0----1
--0---1-01-
0---1---10-
01----1--10

Generation = 13, Population = 103.
2-4123--0--
-24--21531-
--60-2-165-
-6-------3-
531--2-----
2634-01--5-
4--00-30-53
2-2-02--23-
3--12---3--
40-8442-1--
132132-0-52
--3--23-032
1--0----031
0-0-1311---
1---110-0-2
--100------
1-20-0-0-1-
-20-10-0--1

Generation = 14, Population = 90.
-6------1--
-355-3-6--2
-0-1-32-761
-710---0-41
----13-----
374-7---06-
--3----1264
----13-----
----3101---
5-39-5312-5
-43243-----
--41--40--3
231------4-
---4-42200-
21--22-0---
-0-1-011010
-13--1-1---
-3-12--10--

Generation = 15, Population = 94.
27-1-3---01
24---41-3-3
1-----3-872
1-------1--
5----4010-1
4---8------
4-40-032375
--20----232
3-3---1---3
-0---6423--
-5----2-1--
055---510--
3--0-0---5-
----1--3--0
3-0033--0-2
--1-01----1
1240-20-110
04023-1-11-

Generation = 16, Population = 58.
-----4---1-
3-553---4--
------4-9--
-7---0-----
-3---5-----
-74--0---6-
5---01--48-
-13-13---43
-34---2---4
-1--47---65
---------5-
-66--------
4---0------
--04242---1
------0----
-----2-----
-3-------2-
-513402----

Generation = 17, Population = 91.
2-41--7---1
--6-4-165--
10613---+7-
181-11--1--
5---1-0--0-
--54--1--70
-6-0-23259-
-----------
34-1-1-1-2-
52-958--3--
--3-43--16-
-7710----3-
----1-0---1
021-3--3-0-
--003310--2
-0--0----1-
14-01-0-1-0
0-----31-1-

Generation = 18, Population = 87.
---2-48-11-
----5-----3
-1--4-4-+82
29-022-024-
6---2511-1-
4-6------81
5-41-34----
2-----3-2--
---232--3-4
--3-694-46-
154-5-20--2
088-1-5--4-
4--------5-
1--4--24--1
31------01-
-1-1---1--1
---1--11---
1--340-21--

Generation = 19, Population = 101.
--4-259-22-
-4--6----14
-26--3-1-9-
---1----35-
--1--6--0--
--7-8--40-2
---2-4-2595
313-134-343
3--34-21-2-
5-497+-2-75
-65--331-6-
19--2-6-05-
--101--106-
--1-3435-0-
--0---10122
-2-20--2---
144---22--0
-51--13-21-

Generation = 20, Population = 88.
------+-3--
35657416-25
1-7-----+--
-91-2-----1
-32---1---1
-784-01-183
564--54--+6
--4--4-----
--4-5---3-4
62-+8----86
1---5-4-1--
2-8-327--63
4---2-0-171
-2-4--46---
--1------33
-3-3121--1-
2---1------
---342-232-

*** Life<FredkinCell> 9x9 ***

Generation = 0, Population = 3.
---------
---------
---------
---------
---000---
---------
---------
---------
---------

Generation = 1, Population = 10.
---------
---------
---------
---000---
--01-10--
---000---
---------
---------
---------

Generation = 2, Population = 12.
---------
---------
---000---
---------
-012-210-
---------
---000---
---------
---------

Generation = 3, Population = 30.
---------
---000---
--01-10--
-00-0-00-
01-3-3-10
-00-0-00-
--01-10--
---000---
---------

*** Life<FredkinCell> 10x10 ***

Generation = 0, Population = 4.
----------
----------
----------
----------
----00----
----00----
----------
----------
----------
----------

Generation = 1, Population = 8.
----------
----------
----------
----00----
---0--0---
---0--0---
----00----
----------
----------
----------

Generation = 2, Population = 16.
----------
----------
----00----
----11----
--01--10--
--01--10--
----11----
----00----
----------
----------

Generation = 3, Population = 16.
----------
----00----
---0--0---
--0----0--
-0------0-
-0------0-
--0----0--
---0--0---
----00----
----------

