*** Life<Cell> 15x15 ***

Generation = 0, Population = 5.
---------------
----------0----
---------------
---------------
--------0------
----------0----
---------------
---------------
---------------
---------------
-0---0---------
---------------
---------------
---------------
---------------

Generation = 1, Population = 20.
----------0----
---------0-0---
----------0----
--------0------
-------0-00----
--------00-0---
----------0----
---------------
---------------
-0---0---------
0-0-0-0--------
-0---0---------
---------------
---------------
---------------

Generation = 2, Population = 14.
---------------
--------0---0--
--------0------
---------------
------0---1----
--------1---0--
--------0------
----------0----
-0---0---------
---------------
-------0-------
---------------
-0---0---------
---------------
---------------

Generation = 3, Population = 56.
--------0---0--
-------010-0-0-
-------010--0--
------0-0-0----
-----0-000-00--
------00*000-0-
-------0100-0--
-0---0--00-0---
0-0-0-0---0----
-0---0-0-------
------0-0------
-0---0-0-------
0-0-0-0--------
-0---0---------
---------------

Generation = 4, Population = 16.
--------1------
------0-------0
---------------
---------------
----0-------1--
------1-.-1---0
-0---0---------
---------------
--------0------
----------0----
-----0---0-----
---------------
---------------
---------------
-0---0---------

Generation = 5, Population = 51.
------00-0----0
-----0-01----0-
------0-------0
----0-------0--
---0-00---10-00
-0--0--0.0-000-
0-0-0-----0---0
-0---0--0------
-------0-00----
-----0--0--0---
----0-0-0------
-----0---0-----
---------------
-0---0---------
0-0-0-0--------

Generation = 6, Population = 40.
------1-1-0----
----0---*---0-0
----0---1---0--
----------0----
-00--11---*---1
----1---.-----0
----1--01---0--
------0-------0
-0----0--11----
--------1---0--
---0----1--0---
----------0----
-0-------0-----
---------------
-0---0-0-------

Generation = 7, Population = 111.
----00--*--00-0
---01000*0001--
---010-0*000100
-00-000-00100-0
0110-**0-0.0-0*
-000*-10.-1-001
---0*0-1*0-0-0-
-0--001-000-00-
0-0--010-**00-0
-0-0--00*-0--0-
--0-0--0*0-----
-0-0----0------
0-0-----0------
-----0-0-0-----
0-0-0---0------

Generation = 8, Population = 26.
--------*------
--0----1.11-*--
-0---1--.------
----------*----
1----..-01.1--.
--1-.--1.0--1--
----.---.------
---------------
---------..----
--------.-1----
-0---0--.1---0-
---------------
-0---0--1------
----------0----
---------------

*** Life<Cell> 9x9 ***

Generation = 0, Population = 3.
---------
---------
---------
---------
---000---
---------
---------
---------
---------

Generation = 1, Population = 10.
---------
---------
---------
---000---
--01-10--
---000---
---------
---------
---------

Generation = 2, Population = 12.
---------
---------
---000---
---------
-01*-*10-
---------
---000---
---------
---------

Generation = 3, Population = 28.
---------
---000---
--01-10--
-00-0-00-
01-.-.-10
-00-0-00-
--01-10--
---000---
---------

*** Life<Cell> 10x10 ***

Generation = 0, Population = 6.
--0-------
----------
0---------
----------
0---------
-----0----
----------
----------
0---------
0---------

Generation = 1, Population = 16.
-0-0------
0-0-------
-0--------
----------
-0---0----
0---0-0---
-----0----
0---------
10--------
10--------

Generation = 2, Population = 11.
--0-0-----
----------
----------
-----0----
--0-------
---0---0--
----------
1----0----
*-0-------
--0-------

Generation = 3, Population = 30.
-0---0----
--0-0-----
-----0----
--0-0-0---
-0---0-0--
----0-0-0-
0--0-0-0--
*00-0-0---
.-10-0----
1010------

Generation = 4, Population = 18.
0-----0---
-----0----
----0-----
----------
0---0-----
00-------0
1---------
*---------
.0*-0-----
*-*-00----

Generation = 5, Population = 26.
-0-----0--
0---------
---0------
0---------
1--0-0---0
110-0---0-
---------0
*-0-0-----
*1*-1-----
.0*--10---

Generation = 6, Population = 34.
--0---0-0-
---0---0--
--0-0-----
10---0---0
----0-0---
--10---0-0
-0--------
*01-10---0
**.-*-0---
*-*0-*10--

*** Life<Cell> 6x6 ***

Generation = 0, Population = 7.
------
--0---
-0-00-
--0-0-
---0--
------

Generation = 1, Population = 8.
--0---
----0-
0--1-0
----10
------
---0--

Generation = 2, Population = 15.
-0-00-
0-0---
-00--1
0---*-
---000
--0-0-

Generation = 3, Population = 18.
--0110
--1-00
01-1--
--0-.0
0--1-1
-0-01-

Generation = 4, Population = 12.
-0--*-
0-*---
1*----
---0.1
---*0*
----*-

*** Life<Cell> 18x11 ***

Generation = 0, Population = 17.
-0---------
--000-0----
0----------
-0---0-----
---------0-
-----0-----
-0----0----
-----0----0
----0------
--0--0-----
-----------
-----------
-----------
-----------
-----------
-----------
-----------
-----------

Generation = 1, Population = 39.
0--00-0----
0-1-1--0---
--00000----
--0-0-0--0-
-0------0-0
-0--0----0-
0-0--0-0--0
-0-------0-
--00-0----0
-0-0--0----
--0--0-----
-----------
-----------
-----------
-----------
-----------
-----------
-----------

Generation = 2, Population = 44.
10-1-------
1-*---0-0--
001------0-
--101010---
01----00---
-1-0---0--0
---0----00-
--00---00-0
-01--------
0--100-0--0
----0------
--0--0-----
-----------
-----------
-----------
-----------
-----------
-----------

Generation = 3, Population = 54.
-10-0-0-0--
--.--0-----
--*-00-0--0
-0----*-00-
1---0--10-0
-*-10--1---
-0--0--0-10
----0-01-0-
-1-000--0--
---*11--00-
0-0-10-0--0
-0-0--0----
--0--0-----
-----------
-----------
-----------
-----------
-----------

Generation = 4, Population = 51.
1*1--0---0-
-0*-11-00-0
--.-1-0----
------*--10
-1--10---0-
-*-*100--0-
010--0----1
-----01-01-
0-------10-
00-.-*0--1-
-0----0----
-----0----0
----0------
--0--0-----
-----------
-----------
-----------
-----------

Generation = 5, Population = 72.
*.-1-100---
--*---0110-
-0.0*01-00-
-0----*00-1
1*0---0-0--
-.0**-1101-
1*1---0-01-
-00-0-*----
1------0-10
--0.1*-0-*0
-10--010-00
-0-------0-
--00-0----0
-0-0--0----
--0--0-----
-----------
-----------
-----------

Generation = 6, Population = 70.
..---*1--0-
1-*0111**-0
01.1*-*-1--
---01-.-11-
*.--10----0
-.1..-*---0
*.*--0-0--1
0-----*-0-0
-----0-1---
0-1***0--.1
0--0-----1-
0100--00010
-01--------
0--100-0--0
----0------
--0--0-----
-----------
-----------

Generation = 7, Population = 82.
..11-.-----
*0*1**-.*0-
-*.*.0*0--0
-01-*-.0-*-
..0--1--0-1
-.***0*--1-
...00----1-
100--0.---1
--10-1-----
1-**.*1--.-
--0--0-0-*0
-*1-001--*1
0--0000-00-
---*11--00-
0-0-10-0--0
-0-0--0----
--0--0-----
-----------

Generation = 8, Population = 49.
..---.--00-
*1.-.*-**1-
-....-.--0-
0--0*0.11*1
..--1*-----
-.*..1*1-*-
...--00-0*-
*--0-1.----
--*-------0
--...**--.1
0--------*-
-*-0-----.-
---------1-
---.-*-----
-0----0----
-----0----0
----0------
--0--0-----

Generation = 9, Population = 71.
..---.----0
.*.-..-*.*0
-*...-.-1--
-011.-**-**
..0--.--0-1
-....*.*0*0
...001-01*1
.0---**-011
11.---0--11
1-.....0-**
---0-01-0.-
-.--0----.-
-0-0-0--0-0
-0-.1.---0-
0-0--0-0--0
-0-------0-
--00-0----0
-0-0--0----

Generation = 10, Population = 80.
..---.-0--1
...-..1.**-
0*...-*0-0-
0-**.0.*-.*
.*1--.011--
-..*.*..-.1
...1-*0--.*
*100-..1--*
--.---1--**
*-...*.-0.*
0-0-11*0-*0
-.-0-01--*1
01----00-1-
-1-*-*-0--0
---0----00-
--00---00-0
-01--------
0-010--0--0

Generation = 11, Population = 76.
..---.-----
...-..*..*-
-**..-.-11-
1-.*.-..-*.
.*-0-*1**0-
-..*.*..0**
.*.--*1--**
.---0*.-0-*
-1*0-----.*
.0..*..--..
1--0*-.10.1
-.--0-*00.-
1-1--0---*0
-*-.-.01-0-
-0--10-0-10
----0-01-0-
-1*00---0--
-0--100-00-

Generation = 12, Population = 88.
..---.1--0-
...-....**0
-**..-.0**0
-0.**0*.1.*
..---*-*.1-
-.......-..
...1-.*01..
.-0-1**1-1*
1-*101--1*.
*1..*..00*.
--01*1*--*-
-*1-10*1-.-
-1-0--0--*1
-*-.1.1---0
0100-1---*1
--0--01-01-
0-*-1---10-
01----1--10

Generation = 13, Population = 79.
..---.-0-1-
...-......-
0****0*1..1
11.**1..*.*
..-0-*1**--
-.......0..
...--..1**.
.11--..---*
*1*----1-..
**.....11.*
11--.*.1-*1
0*---1.*0*1
1-1-0---0*-
-.-.-.*1-0-
1*111*0--.-
------*--*-
11*----0-1-
-*--10-0--1

Generation = 14, Population = 76.
..---.1---1
.**1**.**.0
-....1**.**
--...*..*..
..111*-.*11
-.......-..
...--..***.
*--0-..-0-.
.-.1--1*-*.
.......**.*
**0-...--.*
1.---*.*1.-
*1----00-.-
-.-.-.**010
**---.1--.-
---00-*-0.0
***010-1-*-
-*-1*1-10--

Generation = 15, Population = 80.
..110*--01*
..*-*...*.-
-.**.*....*
--.*.......
..*--*1.*-*
-..**..*-.*
...1-..***.
.1111.*111.
.-.*01*.-*.
.**...***.*
**11..*--..
-.1-1..**.1
**1----10.1
-.-.-*..--1
..111.---.-
-----0*1-*-
**.---0*-*-
-*0-.---1--

Generation = 16, Population = 75.
..--1*10--.
.*.-....*.-
-.*........
--.*.**..*.
..*1-***.-.
-.****..0.*
...-0*....*
.*---..****
.-..1-..1.*
*.......**.
*.-*.**1-..
-.-0-.*.*.*
.*-0000--.-
0.-.-...01*
..*-*.10-.1
0000-1.--.0
***----.1*0
-*11.-1----

Generation = 17, Population = 75.
..-1**-1--.
...-.***..-
-.*........
--.*.*.*...
...*1..**1.
-.*....*-*.
..*--***..*
..1--*.**.*
.1..-1..-.*
....***.**.
..1.****0..
1.1--......
..-----1-.-
-*0.-...1-*
*.*1***1-.-
-1-10-*10.-
...0-00.**-
-.**.1-1111

Generation = 18, Population = 78.
..1***1*0-.
...1.*.*..-
-...**.*...
--**..**...
..***..*.-.
-.*.**..0**
.**10*....*
.**11*.**.*
.-..--..-.*
...*....**.
.**.*...-*.
-**01*..*..
..----0--.1
-*-.1*..--.
*..*...-0*1
--0*--.*-*-
...-1--...-
-.**.*1****

Generation = 19, Population = 83.
..**.*-*11.
..**......-
-.*..*.**..
-1*....**..
.*.....*.1.
-.....*.1**
...*-..*..*
.*.****...*
.1..11.*-.*
..**....***
.*...*..0*.
1*.-**...*.
.*10-0-10.-
-.0.**..11*
.*.*...-1**
011*--..0*-
...0--0...0
-..***-***.

Generation = 20, Population = 75.
..***.-.-*.
.*.......*-
-.....***..
1-*......*.
.**...*..**
-.....*.*.*
..**-..**.*
...*...*.**
.*..--.*-.*
.***.***..*
**.*.*..-..
*..-.*.*.*.
*.*1---*-.1
-.1..**.***
*......1*..
1*-*0-.*-.0
.*.----...-
-..***1***.

*** Life<Cell> 9x9 ***

Generation = 0, Population = 3.
---------
---------
---------
---------
---000---
---------
---------
---------
---------

Generation = 1, Population = 10.
---------
---------
---------
---000---
--01-10--
---000---
---------
---------
---------

Generation = 2, Population = 12.
---------
---------
---000---
---------
-01*-*10-
---------
---000---
---------
---------

Generation = 3, Population = 28.
---------
---000---
--01-10--
-00-0-00-
01-.-.-10
-00-0-00-
--01-10--
---000---
---------

*** Life<Cell> 10x10 ***

Generation = 0, Population = 4.
----------
----------
----------
----------
----00----
----00----
----------
----------
----------
----------

Generation = 1, Population = 8.
----------
----------
----------
----00----
---0--0---
---0--0---
----00----
----------
----------
----------

Generation = 2, Population = 16.
----------
----------
----00----
----11----
--01--10--
--01--10--
----11----
----00----
----------
----------

Generation = 3, Population = 16.
----------
----00----
---0--0---
--0----0--
-0------0-
-0------0-
--0----0--
---0--0---
----00----
----------

