*** Life<Cell> 14x2 ***

Generation = 0, Population = 13.
00
--
-0
0-
--
00
--
--
0-
00
--
-0
00
-0

Generation = 5, Population = 11.
-.
*-
*-
1-
--
-.
11
01
*-
*-
0*
-.
..
-.

Generation = 10, Population = 11.
-.
..
**
**
01
..
--
.1
.1
**
0.
-.
..
-.

*** Life<Cell> 4x7 ***

Generation = 0, Population = 2.
---0---
-------
--0----
-------

Generation = 1, Population = 7.
--0-0--
--00---
-0-0---
--0----

Generation = 2, Population = 7.
-010-0-
-------
0--10--
-------

Generation = 3, Population = 17.
01-1--0
000-00-
-00*10-
0--00--

Generation = 4, Population = 4.
--1----
-------
0-1.--0
-------

Generation = 5, Population = 8.
-1-1---
0-----0
---.-0-
0-0---0

Generation = 6, Population = 7.
----0-0
---0---
--1.1-0
---0---

Generation = 7, Population = 3.
-------
----0--
-0-.---
------0

Generation = 8, Population = 10.
----0--
-0-0-0-
0-1.1-0
-0---0-

Generation = 9, Population = 3.
-1-----
--0----
---*---
-------

Generation = 10, Population = 3.
0------
-------
---.1--
---0---

Generation = 11, Population = 5.
-1-----
0---0--
---.-0-
--0----

Generation = 12, Population = 9.
--1-0--
---0---
0-1.--0
-0-0-0-

*** Life<Cell> 9x2 ***

Generation = 0, Population = 8.
0-
--
0-
-0
-0
00
0-
--
0-

Generation = 1, Population = 4.
-0
--
--
-1
--
--
1-
--
-0

Generation = 2, Population = 10.
0-
-0
-0
0-
-0
0-
-0
00
0-

Generation = 3, Population = 8.
--
-1
-1
-1
0-
-0
11
--
1-

Generation = 4, Population = 11.
-0
0*
0-
-*
-0
01
*-
-0
-0

Generation = 5, Population = 10.
-1
-*
11
-*
--
--
*1
-1
11

Generation = 6, Population = 12.
0*
-*
**
-*
-0
01
*-
0-
*-

Generation = 7, Population = 9.
1*
0.
**
-*
--
--
*-
-1
.1

Generation = 8, Population = 8.
-*
-.
**
-*
-0
0-
.-
-*
.*

Generation = 9, Population = 9.
1.
0*
**
-*
-1
--
.1
0.
..

*** Life<Cell> 9x9 ***

Generation = 0, Population = 17.
-0--0----
-0---0---
-0-------
--0------
------0--
--0------
0-0--00--
0-0------
00-0-----

Generation = 2, Population = 32.
--110-0--
--1----0-
-*-00-0--
000-00---
000-010-0
----0----
*00---*10
----0----
0-----0--

Generation = 4, Population = 29.
0----00-0
--*------
-.--0-0--
-00---1--
0-00*.--0
-0---0---
.--10*.1*
0-*-0----
0*--1--1-

Generation = 6, Population = 40.
--*1-**00
11.-1-0--
-*-*-0--0
0*00--.-1
-1-0..-1-
-0--*--10
*11.*...*
*-.10---1
-*0-*-1-1

*** Life<Cell> 13x2 ***

Generation = 0, Population = 8.
0-
0-
--
-0
0-
00
--
--
0-
--
--
--
0-

Generation = 2, Population = 7.
--
*1
--
--
*-
0-
--
10
0-
--
--
--
--

Generation = 4, Population = 11.
*-
..
--
10
.1
**
--
-*
*-
10
0-
--
--

Generation = 6, Population = 14.
.-
**
-1
*-
*1
**
1-
-*
*-
.-
--
10
0-

Generation = 8, Population = 12.
*1
..
1.
*-
.1
..
*-
-*
.0
.1
*-
1*
--

Generation = 10, Population = 12.
**
**
*.
.0
.-
..
.0
-.
*0
..
.1
1.
*-

Generation = 12, Population = 12.
..
**
..
.0
.-
..
.0
**
.-
**
.-
**
*1

*** Life<Cell> 6x15 ***

Generation = 0, Population = 7.
----0----------
-----0----0----
----0---0------
------0--------
---------------
-----------0---

Generation = 2, Population = 22.
--0---0-0------
---0--101---0--
--0-0-----1----
----11--1-00---
----0---0------
------0--0-0-0-

Generation = 4, Population = 20.
0---0----------
-0---11--111--0
0-------0-.-1--
--1-..--.-0*---
----*----------
-----101--0----

*** Life<Cell> 10x2 ***

Generation = 0, Population = 13.
0-
00
--
00
-0
-0
0-
00
00
0-

Generation = 3, Population = 11.
--
01
1-
1-
11
-*
-0
-0
-1
*-

Generation = 6, Population = 8.
.-
-*
11
--
1-
0.
.0
.0
1.
.-

*** Life<Cell> 15x8 ***

Generation = 0, Population = 10.
----0---
--------
----0---
--------
------0-
---0----
--------
---0----
---0----
--0-----
--------
--------
0-------
--------
--0----0

Generation = 1, Population = 27.
---0-0--
--------
---0-0--
----0-0-
---0-0-0
--0-0-0-
--------
--010---
---10---
-0------
--0-----
0-------
-0------
0-0----0
-0-0--0-

Generation = 2, Population = 27.
--0---0-
--------
--0-0---
---0----
--------
-0-0-0--
---0--0-
-01*-0--
-0---0--
0--00---
0--0----
--0-----
0------0
--------
--0-00--

Generation = 3, Population = 42.
-0-0-0-0
----0-0-
-0-0-0--
--------
-0---0--
0--1----
----00-0
0--*-1--
-1---10-
1-0-1---
10-1----
-0-----0
-00---0-
0-0-00-0
-0--110-

*** Life<Cell> 11x8 ***

Generation = 0, Population = 11.
--0---0-
-----0--
----0---
0-------
0-----0-
----0---
--------
--------
-----0--
--0-0---
--------

Generation = 4, Population = 28.
--0-0-0-
-1--00-0
--1---0-
*0*-.---
.00-11--
--*-00.-
----1---
1-------
10----00
--0---0-
-----0--

Generation = 8, Population = 41.
*10-.1*-
*-001.--
.-.-.00-
*1.-.*--
**.0.-.-
--.-.-*0
*000.-*-
*-*--*11
*-0*---*
0-1-01*-
*---0-*-

Generation = 12, Population = 25.
.---**.-
.*-0...-
.*.-.-.*
.-....*1
...-...1
*-.-.-..
*-*-.-..
.**--..-
...*--*.
*1.--1.0
**-**-.1

*** Life<Cell> 11x9 ***

Generation = 0, Population = 14.
------0--
00-------
---00-0--
---------
---0--00-
--0---0--
---------
----0----
---------
--0------
--------0

Generation = 1, Population = 36.
00---0-0-
11000----
00011--0-
----0--0-
----00-10
-0---01--
--0-0-0--
---0-0---
--0-0----
-0-0----0
--0----0-

Generation = 2, Population = 31.
---0----0
*-11-----
-11**0010
000---0--
-0-0--0-1
0---0---0
---0--10-
--0------
--------0
0--------
------0--

Generation = 3, Population = 42.
0--10--0-
.1-*-000-
0--.*-1-1
1--00----
010--01-*
---0-0--1
0----0*1-
-0----000
0-0----0-
-0----0-0
0----0-0-

Generation = 4, Population = 31.
--0-1--10
*--*-11--
1--..0*1-
---1-----
--10--*-.
-0----1-*
---00-.-0
0-------1
---0--010
0--------
----0-0--

Generation = 5, Population = 49.
00-1---*1
.1-*0--00
*1-..-.*1
1--*00-0-
--*-00.1.
0---00*-.
000110.1-
-0--0-0--
--0-001--
-0-00--00
0--0---0-

Generation = 6, Population = 39.
1--*--0*-
.--*11111
*-1..0..-
*--*1----
-1.011.*.
1---1-.0.
-1----.-0
-10---1--
-0-01---0
--0-----1
--01--01-

Generation = 7, Population = 50.
-00*---.-
.--*-****
.--..1.*1
*--.-0-0-
0-*--**..
-0--*-*1*
-*--1-.--
0*1-00-0-
01-1*0111
--100-0-*
-0-*001*-

Generation = 8, Population = 46.
11-*100*1
.1-*-*..*
.--..-..-
.00.1-01-
11.0-...*
-1-0*0*-.
-.-1--.-0
-.*01-11-
----.1**-
00*-1---*
0-0.1-**-

*** Life<Cell> 14x8 ***

Generation = 0, Population = 2.
--------
--------
------0-
--------
--------
0-------
--------
--------
--------
--------
--------
--------
--------
--------

Generation = 1, Population = 7.
--------
------0-
-----0-0
------0-
0-------
-0------
0-------
--------
--------
--------
--------
--------
--------
--------

Generation = 2, Population = 7.
------0-
--------
----0---
0-------
------0-
0-0-----
--------
0-------
--------
--------
--------
--------
--------
--------

Generation = 3, Population = 18.
-----0-0
----0-0-
0--0-0--
-0--0-0-
--0--0-0
---0--0-
--0-----
-0------
0-------
--------
--------
--------
--------
--------

Generation = 4, Population = 8.
------0-
0-------
--0---0-
--------
--------
--0-0---
------0-
--------
--------
0-------
--------
--------
--------
--------

*** Life<Cell> 7x14 ***

Generation = 0, Population = 17.
--------------
0-------------
---0---0-0----
------0-0-0---
0-00-----0----
--0-0----00---
---------0---0

Generation = 4, Population = 38.
1-0----0------
*--------10---
*--*-0-0-1-0--
*-1-1-0---1-0-
1-0.**01-*----
.-*-*0--1*..-0
*-1--0-*-1-1-0

Generation = 8, Population = 40.
.0-10-----0---
.-----0-.-.*--
.-*.--.-1.1*-*
*0*-*1*--0---*
*-0.**1.*.*-0-
*..-*.0-*...**
.-..1.**0*0--*

*** Life<Cell> 9x6 ***

Generation = 0, Population = 3.
------
0-----
-----0
---0--
------
------
------
------
------

Generation = 1, Population = 10.
0-----
-0---0
0--00-
--0-00
---0--
------
------
------
------

Generation = 2, Population = 11.
-----0
0-00--
---1-0
00---1
-----0
---0--
------
------
------

Generation = 3, Population = 23.
0-000-
--1-0-
-0-*-1
11000-
00-001
--0-00
---0--
------
------

Generation = 4, Population = 9.
-----0
0-*-1-
-1-.--
-----1
------
0-----
-----0
---0--
------

*** Life<Cell> 5x15 ***

Generation = 0, Population = 2.
----------0----
---------------
---------------
-----------0---
---------------

Generation = 1, Population = 7.
---------0-0---
----------0----
-----------0---
----------0-0--
-----------0---

Generation = 2, Population = 7.
--------0-0-0--
-----------0---
----------0----
---------0---0-
---------------

Generation = 3, Population = 11.
-------0---0-0-
--------0-0----
-------------0-
--------0---0-0
---------0---0-

Generation = 4, Population = 6.
------0-------0
---------------
----------0----
-------0---0---
----------0----

Generation = 5, Population = 14.
-----0-0-----0-
------0---0---0
-------0-0-----
------0-0-0-0--
-------0-0-----

*** Life<Cell> 15x5 ***

Generation = 0, Population = 16.
-----
--0--
-----
-0-0-
--0--
-----
---0-
--0-0
0--0-
--0-0
-0---
----0
-----
-0-0-
-0---

Generation = 1, Population = 31.
--0--
-0-0-
-000-
0-0-0
-----
--00-
-----
00---
-00-0
0--0-
0----
-0-0-
-0-00
01--0
0100-

Generation = 2, Population = 33.
-----
01-10
--1--
-010-
0--00
-0110
0000-
1---0
0-10-
1----
1----
-1-1-
-----
-*-01
-*-1-

Generation = 3, Population = 38.
00-00
1*0*1
00*00
-1*--
-001-
0-*--
-11-0
---0-
--*1-
-000-
*--0-
----0
----0
0.--*
0.-*-

Generation = 4, Population = 31.
--0--
*.1.*
--.1-
-*.00
---*0
--.-0
-*-0-
-001-
--.*0
-1110
.--1-
0---1
0--0-
1.--*
1.0.-

Generation = 5, Population = 41.
00100
.**..
00.*0
0..1-
-00.1
-0*11
0*11-
1--*-
--..-
1*---
.0-*0
11-1-
-00-0
-.0-.
**-.0

Generation = 6, Population = 35.
11*-1
.....
--.*1
1..*0
---.*
-1.*-
-.**-
*--*0
-0..-
**110
.--*1
**0*1
---0-
1.10.
.*-.-

Generation = 7, Population = 29.
*-.--
.**.*
0-.*-
-...1
00-.*
0-.*-
0*..-
.--*1
01..-
**-*-
.-0.*
.*-.-
-00--
-**-.
.*-.-

Generation = 8, Population = 41.
.-.-1
****.
--**1
-*.**
-10**
-1*.-
-***0
.-0.*
--.*0
*.1*-
*0-*.
.*0*1
01-0-
1..0.
.*-.-

Generation = 9, Population = 24.
.1*--
.*...
00..-
1*...
0*1.*
0*..-
0...-
.-1..
0-..-
*.*.-
*--..
..-.*
--0--
*..1.
..0.-

Generation = 10, Population = 23.
.-*0-
.....
-1*.-
*....
1.*..
1.*.1
1...-
.0-..
11..-
*...-
.00..
..0..
01--0
.**-.
..-.-
