*** Life<FredkinCell> 7x8 ***

Generation = 0, Population = 6.
0-------
--00----
--------
--------
-----0--
----0---
------0-

Generation = 1, Population = 17.
-000----
00110---
--00----
-----0--
------0-
---0--0-
----00-0

Generation = 2, Population = 18.
--1-----
11--10--
0----0--
--000---
---0--10
--0---1-
----110-

Generation = 3, Population = 31.
0--000--
-2-12-0-
1-00010-
00111-00
--01-0-1
-0--0---
--002--0

*** Life<FredkinCell> 10x10 ***

Generation = 0, Population = 10.
0---------
-0--------
--0-------
---0------
----0-----
-----0----
------0---
-------0--
--------0-
---------0

Generation = 2, Population = 0.
----------
----------
----------
----------
----------
----------
----------
----------
----------
----------

Generation = 4, Population = 0.
----------
----------
----------
----------
----------
----------
----------
----------
----------
----------

Generation = 6, Population = 0.
----------
----------
----------
----------
----------
----------
----------
----------
----------
----------

*** Life<FredkinCell> 1x1 ***

Generation = 0, Population = 1.
0

Generation = 1, Population = 0.
-

*** Life<FredkinCell> 5x1 ***

Generation = 0, Population = 5.
0
0
0
0
0

Generation = 1, Population = 2.
1
-
-
-
1

Generation = 2, Population = 2.
-
0
-
0
-

Generation = 3, Population = 2.
1
-
-
-
1

Generation = 4, Population = 2.
-
0
-
0
-

*** Life<FredkinCell> 25x25 ***

Generation = 0, Population = 20.
-------------------------
-------------------------
-------------------------
----0--------------------
----0--------------------
----00-------------------
--------------------0----
----------0----------0---
----------0---------0----
-----------0-------------
-----------0-------------
-------------------------
--------------------0----
-------------0-----0-----
--------------------00---
--------------------00---
-------------------------
-------------------------
-------------------------
-------------------------
-------------------------
-------------------------
-------------------------
-----------------------0-
------------------------0

Generation = 200, Population = 310.
------++++---++--+--++++-
------+--++----+++++++++-
-+-++++--++++---+----+---
--+-+--++++++--+-++++--+-
++-+-+--++------++++++-+-
+--+---++++--+---+++++++-
+-+-++--++---+++++--+++-+
-+++--+------+++---+---+-
-++-+-+--+-----+-+--++++-
-++-++++----+---+-+--++--
-+-+-+--+--++-+------++-+
---++++-----+--++---+-+-+
-++---+--+++---+++-+-++--
---+-+-+--+------++-++++-
+-+-++--+++-++-++++--+--+
--++-+-+---+-------++-+++
-++--+--++-+--++++-++++--
++++++-++-+-++-+----++---
++-+-++----+----+-+--++-+
++++--++-++--+-++---+-+--
+-+-+-+-++--++-+-++-++-++
++++++++++-++++-++-+---++
+----++++++-++--++---+++-
--++-+++------++-++-+---+
-+++-++--+--+-----++-+-+-

Generation = 400, Population = 309.
+-+--++++++----------+--+
+-+---+-+---++--++-----+-
-++--++++-+++--++++--++--
++-----+-+++---++++---+-+
+++-+-+++-+--++++--+-----
--+++-+--+++++-++++++++--
+-+++-----++----++-+++-+-
++-+-+--+--+-+--+-+--+-+-
-+-+++--+--+++++-+----+++
--+--+++---++++++++--++-+
----+--++++-++++++-+--+-+
+-++-+-++-------++-++-++-
-+++-+++-----++-++-+-----
++--++-+++++---+-++-++++-
--++-+---++++-+----+-+-+-
--++----++--+-+-+-+------
-++++--++---+++-+-+++-+--
++-++++-+++--++-+-+++-+++
----+-++++-+++++-+--+-+--
--+--++---++--+--+----+++
---+-++-++++---+--+-++++-
----+++--++--+--+-+-+-+--
--+----+--+---+--++--+---
--+-+--+++++-++-+-+++++--
++--++-+-------+-+-+-+---

Generation = 600, Population = 185.
+------+-----------+-----
----+--+---------+-+-----
-+--+---++-+--------+----
+-+-+----++++-++-++--+-++
+-+-----+++------++--+---
--+----+----++-----+-----
+-------+-+-------+--++--
-++-----++-+-+++--+----++
+-+-----+-+++-----+-+-++-
---+---+---+-----------+-
+--+---++-+-------+-+-+--
+--++--+-++------+---++--
+-----+-+-+-+-----+-+-+--
-----++---------+----+-+-
++-------++-++--+---+++--
++-++-+++---+++-+++-+++++
--------+++---+--++--+---
-+-----+---+--+---------+
+-------+-++------+-+---+
-+------++----------+--+-
+-------+-++-----------+-
-------+---+-+---------+-
+------++-+-------++-++--
-+-++-++-------+++-++-+--
-+------++----------+----

Generation = 800, Population = 312.
+---+-+------+++---+--+--
---++-+---+---++++--+--++
+++++----+--+-+++++---+++
--+-+++-++++----+++++++-+
+-+++---+++++-+-+-+++++--
+-++---++-+-+--+--+++++--
-++----+---+++-++--+-++++
+++------+++-++-+++-+--+-
--+---++---+-+-+-+--+--+-
--+++-+-----+-+++-+---+-+
+-+-+++++-++--++++-----++
+--+---+-++-++++-+--++--+
+--++-+++-+++++++++++-+--
+--+--+++-++----+-+++++--
--+---++++-++-+++-++-+-+-
++--+-+-+-++--+-++-++++-+
+-++---+-+++---++--++++-+
-++++-------+-++--------+
---+++--------+++++---++-
-+-+-++-++--+--+-+----++-
--+-+-+++-++-+++-------+-
+----+--+----+-+---+-----
+++-+-+---+--++++-++-++-+
--+-+-++--+-+----++++-+-+
-+-+----++-++---++++--+-+

Generation = 1000, Population = 228.
++-+----+-+------++-++-+-
----+--+---+--++-+---+-++
----++--+----+----+------
++--++-+-+-+-+--++++-++--
-----+-++--+-+--++++---++
+--+----+---------+---+--
--+---+++--+------++-----
+--+--+-+---++-++--++-+--
--++--+++------+--+-++-+-
------+--------++--------
-+-+--++-+-++-------++-+-
+--+-+--+----+-+++--++-+-
+-+---+---++--------++---
+-------+-+------+--+--+-
+++-+-++--++-++-++-++---+
+++--++++-++---------+---
+---++-----+-++-++--+---+
-+-++-----+--+-----++--+-
++--+----+------+----+--+
---++++++++--++-+++--+-+-
++-+---++-+----++++--+-++
-+----+----+--+++-------+
---+------------+------++
-+--+-+----+-------+-++-+
--+-++-+---+-++-+-++---++

Generation = 1200, Population = 166.
--+---+-----+-++-----+---
---+---+-+---+-+---------
-+---+----+---+-+---++---
--+--------++--+---------
--+-------++----+--------
----+-+--+++----+-+-+-+--
--------+-+---+-----+-+--
+----+--+-+--+-------+-++
+--------+----+--+--+-+--
-+-+++-+-----------+-----
---++---+---------+-----+
---++---++-------++------
+-+-+----+----+--+-----++
-+-+-----------+-----+-+-
--+-++--++---++--++---+-+
+--+-+--+----++--------+-
----+---+-------------++-
----+-+---------+-+--+++-
+-+-----+-------+-+-+-+--
++--+++--++-+----+--+-+--
--+-+-+-+-+-+---+-+--+---
----+-+------+-+++-+-----
------+--------++--------
-++--+-+--+----++---+----
-+---+--+--++-+-----++---

Generation = 1400, Population = 327.
--+---+-+-+----+++--++--+
---+-----+++-+-+-+-+++-+-
+++-++++---+--+++--+-+--+
--+-+---++-++--+-+----+--
--+----++-++-+-+-+--+-+--
----+-++-++--+++++--+--++
---+-++++++++--++-+++-+++
--+--+----+----+--++++--+
+--++--+++++-++++-+++---+
++--++--+-+--++--++-+-+-+
+-+++-++-+++-+++---++-+-+
---++---++----+--+++---++
+-+++--+++-++++++-+++-+++
+++-++-+++--+-+--+++-++-+
+-++--++--++++-+-+-+--+++
+-++++-++---++----+---+++
+-+++-++---+++++++-++-++-
++++-+++++--++--+-++-+++-
--+-+-++-+-+++-++--++-+--
-++-++++--++----+++-+-+-+
+-++--+++-++---++++++++--
-++---+-----++-+++-----+-
+----+---++---++--+-+-+-+
+++---+--+++-+-++-+-+----
-+---+-+---++--+-----++--

Generation = 1600, Population = 316.
-+-++----+-----+++++++--+
+-+-+-+-+-+++---+-++++++-
-++-+++++--+++----+----++
--+---++--+--+--+-++++-+-
+-+-+++-+-++-+++---+-+---
+-+-+-+-+-+-+-+++++-+++-+
-+--++---+-++-+-+-+++-++-
+++++-+--+-++---+-+++-++-
+-+++---+++++++--+--++-+-
+-++---++-+++++----++--++
+--+-++---+-+--+--++----+
--+--+++++-----++++-+-+++
+--+--+-++---++-++++-++++
+---+-+-++++----+-+-+-+--
+++--++----+-++-+--++-+++
+----++-+--+-++--++---+-+
--++++------++----+++++++
---+++++--------+-++--++-
-----+-++--++-+-+-----++-
+-++--+++---+---+--------
-++++----++++-+--+---+-+-
+++++++-+---+-+++--+---++
-+-+-+---+--+-+++--++---+
-+++-+-+--++--+--++-+-+--
++--++-----++++++--++-+-+

Generation = 1800, Population = 183.
--------------+-----++---
--------------+----+----+
+---------+---------+---+
-+------+++-----++++--+-+
+-------+--+----+++-+---+
-------+--++---+--+++-++-
--+-+-++--+---+-+--+--+-+
-+--+-----+-+++-+--++----
+-+---++--+-+--++----+--+
---++--+------+--+-+---++
-+-++-+--+-+--+++---+--+-
+---+-+-+-+---+--+---+-+-
+-+-+-+-+-++--+-+----+--+
+-------+--+---+-----+---
+++-+-+++-+--++----+-----
+++-+-+-+-+--++-++---+--+
+---------++----++--+---+
----+----+-----+-------+-
++--+----+------+---+---+
++-+---+-+----------+----
------++-------+-----+---
-------+-----+-+---+-----
--------------+-+-------+
+---+-+-+-++--+--+---+---
--+--------+----+---+---+

Generation = 2000, Population = 247.
---+--++----+------------
---+-+++---+----+----+---
-++-----++-+-+--+-+--+-+-
-++-++-+++-+--++++----+++
+++--++-++--+----+--+++--
++-+---++--+-+-----------
--+---+--++++---++---++-+
+--++-+--+++++-+-------++
-++-+-+-++--+-+++-+---+++
---++------+-+---+-+---+-
--++--+-+---+--++-+-+++--
---+++++--+-+--+-+-++++--
-++---+++++-+---+--+--+-+
-----+-+-+-----+--++--+--
++-------+++++--+++--+--+
-+-+++-+---+-++--+-+-+++-
-+---+++-+-------+-++++--
--++---+-+-++----------+-
--+---+----+------+-++++-
--+--------+-+++--+-+---+
--+---------+--+------+++
-+-+----------++-------++
+-++--++-++-+-+-++---++--
---+++++++---+++----+++-+
-++---+-++---+----+--+---

*** Life<FredkinCell> 2x2 ***

Generation = 0, Population = 4.
00
00

Generation = 2, Population = 0.
--
--

Generation = 4, Population = 0.
--
--
