*** Life<ConwayCell> 7x8 ***

Generation = 0, Population = 6.
*.......
..**....
........
........
.....*..
....*...
......*.

Generation = 1, Population = 1.
........
........
........
........
........
.....*..
........

Generation = 2, Population = 0.
........
........
........
........
........
........
........

Generation = 3, Population = 0.
........
........
........
........
........
........
........

*** Life<ConwayCell> 10x10 ***

Generation = 0, Population = 10.
*.........
.*........
..*.......
...*......
....*.....
.....*....
......*...
.......*..
........*.
.........*

Generation = 2, Population = 6.
..........
..........
..*.......
...*......
....*.....
.....*....
......*...
.......*..
..........
..........

Generation = 4, Population = 2.
..........
..........
..........
..........
....*.....
.....*....
..........
..........
..........
..........

Generation = 6, Population = 0.
..........
..........
..........
..........
..........
..........
..........
..........
..........
..........

*** Life<ConwayCell> 1x1 ***

Generation = 0, Population = 1.
*

Generation = 1, Population = 0.
.

*** Life<ConwayCell> 5x1 ***

Generation = 0, Population = 5.
*
*
*
*
*

Generation = 1, Population = 3.
.
*
*
*
.

Generation = 2, Population = 1.
.
.
*
.
.

Generation = 3, Population = 0.
.
.
.
.
.

Generation = 4, Population = 0.
.
.
.
.
.

*** Life<ConwayCell> 25x25 ***

Generation = 0, Population = 20.
.........................
.........................
.........................
....*....................
....*....................
....**...................
....................*....
..........*..........*...
..........*.........*....
...........*.............
...........*.............
.........................
....................*....
.............*.....*.....
....................**...
....................**...
.........................
.........................
.........................
.........................
.........................
.........................
.........................
.......................*.
........................*

Generation = 200, Population = 10.
.........................
.........................
.........................
....*....................
...*.*...................
...*.*...................
....*....................
.........................
..........**.............
..........**.............
.........................
.........................
.........................
.........................
.........................
.........................
.........................
.........................
.........................
.........................
.........................
.........................
.........................
.........................
.........................

Generation = 400, Population = 10.
.........................
.........................
.........................
....*....................
...*.*...................
...*.*...................
....*....................
.........................
..........**.............
..........**.............
.........................
.........................
.........................
.........................
.........................
.........................
.........................
.........................
.........................
.........................
.........................
.........................
.........................
.........................
.........................

Generation = 600, Population = 10.
.........................
.........................
.........................
....*....................
...*.*...................
...*.*...................
....*....................
.........................
..........**.............
..........**.............
.........................
.........................
.........................
.........................
.........................
.........................
.........................
.........................
.........................
.........................
.........................
.........................
.........................
.........................
.........................

Generation = 800, Population = 10.
.........................
.........................
.........................
....*....................
...*.*...................
...*.*...................
....*....................
.........................
..........**.............
..........**.............
.........................
.........................
.........................
.........................
.........................
.........................
.........................
.........................
.........................
.........................
.........................
.........................
.........................
.........................
.........................

Generation = 1000, Population = 10.
.........................
.........................
.........................
....*....................
...*.*...................
...*.*...................
....*....................
.........................
..........**.............
..........**.............
.........................
.........................
.........................
.........................
.........................
.........................
.........................
.........................
.........................
.........................
.........................
.........................
.........................
.........................
.........................

Generation = 1200, Population = 10.
.........................
.........................
.........................
....*....................
...*.*...................
...*.*...................
....*....................
.........................
..........**.............
..........**.............
.........................
.........................
.........................
.........................
.........................
.........................
.........................
.........................
.........................
.........................
.........................
.........................
.........................
.........................
.........................

Generation = 1400, Population = 10.
.........................
.........................
.........................
....*....................
...*.*...................
...*.*...................
....*....................
.........................
..........**.............
..........**.............
.........................
.........................
.........................
.........................
.........................
.........................
.........................
.........................
.........................
.........................
.........................
.........................
.........................
.........................
.........................

Generation = 1600, Population = 10.
.........................
.........................
.........................
....*....................
...*.*...................
...*.*...................
....*....................
.........................
..........**.............
..........**.............
.........................
.........................
.........................
.........................
.........................
.........................
.........................
.........................
.........................
.........................
.........................
.........................
.........................
.........................
.........................

Generation = 1800, Population = 10.
.........................
.........................
.........................
....*....................
...*.*...................
...*.*...................
....*....................
.........................
..........**.............
..........**.............
.........................
.........................
.........................
.........................
.........................
.........................
.........................
.........................
.........................
.........................
.........................
.........................
.........................
.........................
.........................

Generation = 2000, Population = 10.
.........................
.........................
.........................
....*....................
...*.*...................
...*.*...................
....*....................
.........................
..........**.............
..........**.............
.........................
.........................
.........................
.........................
.........................
.........................
.........................
.........................
.........................
.........................
.........................
.........................
.........................
.........................
.........................

*** Life<ConwayCell> 2x2 ***

Generation = 0, Population = 4.
**
**

Generation = 2, Population = 4.
**
**

Generation = 4, Population = 4.
**
**
