*** Life<Cell> 11x6 ***

Generation = 0, Population = 2.
------
------
------
-----0
------
------
----0-
------
------
------
------

Generation = 2, Population = 7.
------
-----0
------
---0-0
----0-
-----0
--0---
------
----0-
------
------

Generation = 4, Population = 7.
------
------
----0-
-0-0--
------
------
0---0-
-----0
------
------
----0-

Generation = 6, Population = 18.
----0-
-0-0--
--0---
-0-0-0
0-----
-0-0-0
0-----
---0-0
0-----
-----0
--0-0-

Generation = 8, Population = 6.
----0-
------
------
-0---0
------
------
0-0---
------
----0-
------
------

*** Life<Cell> 5x11 ***

Generation = 0, Population = 1.
-----------
--------0--
-----------
-----------
-----------

Generation = 1, Population = 4.
--------0--
-------0-0-
--------0--
-----------
-----------

Generation = 2, Population = 3.
-----------
------0---0
-----------
--------0--
-----------

Generation = 3, Population = 11.
------0---0
-----0-0-0-
------0-0-0
-------0-0-
--------0--

Generation = 4, Population = 3.
-----------
----0---0-0
-----------
-----------
-----------

*** Life<Cell> 3x8 ***

Generation = 0, Population = 19.
00-00000
000-0000
-0--0000

Generation = 1, Population = 13.
--01111-
--101--1
-1-0-11-

Generation = 2, Population = 12.
-0-**-*-
-----00-
0-010**-

Generation = 3, Population = 14.
0--.*1*0
001-1-11
--1--.*0

Generation = 4, Population = 14.
1-0**-.-
----*0**
0-*10**-

Generation = 5, Population = 9.
--1**-*0
---0.1.*
--.-1..-

Generation = 6, Population = 9.
-0***1*-
---1.-.*
--.--..0

Generation = 7, Population = 12.
11***-*-
-0-*.1.*
--.1-..1

Generation = 8, Population = 15.
**.**1*-
-11..-.*
-1**1.**

*** Life<Cell> 9x1 ***

Generation = 0, Population = 8.
0
0
0
0
0
0
0
0
-

Generation = 2, Population = 4.
-
0
-
-
-
-
0
*
1

Generation = 4, Population = 4.
-
-
-
0
0
1
-
*
.

Generation = 6, Population = 4.
-
0
1
*
-
.
1
.
.

*** Life<Cell> 7x9 ***

Generation = 0, Population = 6.
---------
---------
-----0---
-----0---
------00-
----0----
--0------

Generation = 3, Population = 24.
----010--
---00*---
--01-----
-----1---
-010*-1--
00-00*--0
--1--0-10

*** Life<Cell> 12x6 ***

Generation = 0, Population = 13.
0-----
-0---0
--0--0
---0--
------
------
--0--0
------
------
00----
--00-0
------

Generation = 3, Population = 39.
---00*
--010*
--0--*
---000
---0--
0-01-0
1-0--1
-10-00
-0-10-
*11*--
*-1*10
--000-

*** Life<Cell> 8x5 ***

Generation = 0, Population = 27.
00-00
0000-
0000-
0-0-0
---0-
0-00-
00000
--000

Generation = 2, Population = 22.
0010-
*0-*-
*-00-
-1---
-0--0
*10*0
-0---
-00-0

Generation = 4, Population = 21.
0-10*
.01.-
.1-0-
-*111
00-1*
.1-*-
-0--0
--*--

*** Life<Cell> 10x1 ***

Generation = 0, Population = 7.
0
-
0
0
-
0
0
-
0
0

Generation = 2, Population = 7.
-
0
*
*
-
*
*
-
*
*

Generation = 4, Population = 1.
1
-
.
.
-
.
.
-
.
.

*** Life<Cell> 11x9 ***

Generation = 0, Population = 9.
---0-----
0--------
---0-----
---------
---------
-----0---
-------0-
0--0-----
---------
-------0-
--0------

*** Life<Cell> 11x2 ***

Generation = 0, Population = 4.
--
0-
--
--
--
--
--
--
--
-0
00

*** Life<Cell> 3x10 ***

Generation = 0, Population = 16.
00-00-----
00-0-0-0--
0-0000-0-0

Generation = 1, Population = 13.
----1--0--
1-0--1-100
1011---1--

Generation = 2, Population = 18.
0-00--01-0
*01----*-1
--**000*-0

Generation = 3, Population = 18.
10-1101--1
*-*0010.--
1-**---*-1

Generation = 4, Population = 14.
-10-*1-10-
*0.-1*-*--
*-*.-0-.--

*** Life<Cell> 8x8 ***

Generation = 0, Population = 35.
00-00---
-0-0---0
-0000---
00-0-00-
00--00--
-00-0000
0---0-00
-00000--

Generation = 1, Population = 30.
1---10-0
--0-0-0-
-1--1-00
-101--10
-1---100
0-1-111-
-0------
-1--11-0

Generation = 2, Population = 33.
-000-10-
0----010
0*0-*-1-
0*-*--*1
-*00----
----**--
-1----00
0*00**--

Generation = 3, Population = 33.
-1-1----
10-0---1
1.10*0-0
-.-.-0**
-*---100
--1-**-0
-*-0-011
1*--**-0

Generation = 4, Population = 34.
-*-*1--0
--0--01*
*.*1.-1-
0*0*-1..
0.---*11
-0-0..--
-*0--1-*
**0-**01

Generation = 5, Population = 35.
1.0**--1
1-10-1**
*..-.0*-
1.1*-*.*
1.0-0*-*
-11-**1-
-.---*1*
*.--**--

Generation = 6, Population = 27.
*.-.*--*
----0-.*
*..-.1.0
-.-*0..*
*.-0-.1*
-*--..-0
0*0-0.**
..-0**-1

Generation = 7, Population = 31.
..-..10.
---01-.*
...1.-.-
-.1*1*.*
..01-.**
0.-0.*1-
1*101..*
.*-1**0*

