*** Life<FredkinCell> 6x1 ***

Generation = 0, Population = 6.
0
0
0
0
0
0

Generation = 3, Population = 4.
1
-
0
0
-
1

*** Life<FredkinCell> 7x5 ***

Generation = 0, Population = 5.
-0-0-
-----
-----
-0---
---0-
---0-
-----

Generation = 3, Population = 13.
-0---
020--
020--
-----
0-0--
-0-1-
--0-0

*** Life<FredkinCell> 2x12 ***

Generation = 0, Population = 21.
000000000000
0000-00--000

Generation = 1, Population = 11.
-111-11--11-
-11-0-----1-

Generation = 2, Population = 15.
0-22022002-0
0--0--0---20

Generation = 3, Population = 13.
1-33--3--311
11-1--1-0-3-

*** Life<FredkinCell> 4x12 ***

Generation = 0, Population = 24.
0-000--00---
--00---000--
-00--0-0-000
0-0-0----000

Generation = 1, Population = 22.
---1100-----
0-1--0011--0
-11----1011-
-01----00-1-

Generation = 2, Population = 19.
0--2-1--0--0
-02---12----
--20-0-2----
0--0--0--020

Generation = 3, Population = 19.
---------00-
-1-0-02----0
0------30110
-0-10---01-1

Generation = 4, Population = 24.
-0-2-10-011-
-----13-1-01
-1--00-412-1
---210----22

Generation = 5, Population = 19.
0-----------
---0-2-2----
0-2--10523--
-0132-000-3-

Generation = 6, Population = 21.
-0-2-1-0----
-----333-0--
-130--1-34--
-12-30-1-1-2

*** Life<FredkinCell> 9x7 ***

Generation = 0, Population = 19.
-0-0-0-
00-----
-00-00-
-0---0-
-----0-
-------
-0-0-0-
-0-000-
-------

Generation = 2, Population = 30.
-20000-
2201-0-
02202-1
12-----
--0-1--
---10--
-2-----
-20--01
-1-1-1-

Generation = 4, Population = 24.
-22-0--
2-0-02-
-------
-2-100-
---1---
01-----
-40-12-
1--01-3
-3-1---

Generation = 6, Population = 30.
04-1--0
-3---41
-3423--
----0-1
--1-2--
-103-10
142-1-0
----11-
-30-0--

Generation = 8, Population = 18.
-4-1-0-
-------
-----0-
---10--
--334--
11-----
-6-2---
-3---3-
--222--

*** Life<FredkinCell> 1x5 ***

Generation = 0, Population = 4.
0-000

*** Life<FredkinCell> 2x12 ***

Generation = 0, Population = 8.
-----0--0-0-
0-00---0-0--

Generation = 1, Population = 13.
0-000-0--0-0
--11000-0---

Generation = 2, Population = 9.
---1-010----
00-21------0

Generation = 3, Population = 15.
000201-10--0
11--2-00--0-

Generation = 4, Population = 10.
-1--121-10--
----301--0--

Generation = 5, Population = 12.
0-02-3--2-0-
-1-2-1-0-10-

Generation = 6, Population = 13.
-11--41--010
--13-2--02-0

Generation = 7, Population = 11.
02--1-21----
---4-3-01-01

Generation = 8, Population = 15.
131--43---10
111-3-1-2-12

*** Life<FredkinCell> 9x10 ***

Generation = 0, Population = 2.
----------
----------
-0--------
----------
-----0----
----------
----------
----------
----------

Generation = 2, Population = 7.
-0--------
----------
---0-0----
----------
-0-0---0--
----------
-----0----
----------
----------

Generation = 4, Population = 8.
-0---0----
----------
-0---0----
----------
-0-------0
----------
-0--------
----------
-----0----

Generation = 6, Population = 16.
-------0--
----------
-----0-0-0
----------
---0-0-0-0
----------
-0-0-0---0
----------
-0-0-0-0--

Generation = 8, Population = 4.
----------
----------
---------0
----------
-------0--
----------
-----0----
----------
-0--------

Generation = 10, Population = 7.
---------0
----------
---------0
----------
----------
----------
-0-0------
----------
-0-0-0----

*** Life<FredkinCell> 7x5 ***

Generation = 0, Population = 18.
0-0--
000--
--0-0
-0---
0000-
0----
00000

Generation = 3, Population = 16.
-03-0
0--22
2--1-
0----
1--1-
-2---
-1013

Generation = 6, Population = 25.
23403
112--
----1
04-21
21013
-3010
0-0-6

*** Life<FredkinCell> 12x3 ***

Generation = 0, Population = 9.
-0-
-00
---
0--
---
--0
---
---
--0
---
--0
-00

Generation = 3, Population = 23.
0--
-0-
-20
121
00-
-01
-0-
002
---
011
101
-30

Generation = 6, Population = 16.
-3-
---
-51
--2
11-
-1-
11-
--3
---
121
1-2
-3-

*** Life<FredkinCell> 10x2 ***

Generation = 0, Population = 18.
00
00
00
00
00
00
0-
00
-0
00

*** Life<FredkinCell> 5x5 ***

Generation = 0, Population = 8.
---00
-00--
0-00-
-----
---0-

Generation = 2, Population = 12.
01---
0--11
-10--
-01--
001--

Generation = 4, Population = 12.
---2-
2-0-3
0-011
-----
2-110

