*** Life<ConwayCell> 9x10 ***

Generation = 0, Population = 11.
......*...
.........*
.....*....
.*........
.......*..
....*...*.
.......*..
....*.....
...*..*...

Generation = 1, Population = 2.
..........
..........
..........
..........
..........
.......**.
..........
..........
..........

Generation = 2, Population = 0.
..........
..........
..........
..........
..........
..........
..........
..........
..........

Generation = 3, Population = 0.
..........
..........
..........
..........
..........
..........
..........
..........
..........

Generation = 4, Population = 0.
..........
..........
..........
..........
..........
..........
..........
..........
..........

Generation = 5, Population = 0.
..........
..........
..........
..........
..........
..........
..........
..........
..........

Generation = 6, Population = 0.
..........
..........
..........
..........
..........
..........
..........
..........
..........

Generation = 7, Population = 0.
..........
..........
..........
..........
..........
..........
..........
..........
..........

Generation = 8, Population = 0.
..........
..........
..........
..........
..........
..........
..........
..........
..........

Generation = 9, Population = 0.
..........
..........
..........
..........
..........
..........
..........
..........
..........

Generation = 10, Population = 0.
..........
..........
..........
..........
..........
..........
..........
..........
..........

*** Life<ConwayCell> 11x8 ***

Generation = 0, Population = 16.
.*.*....
.*..*.*.
........
........
*.*.....
...*...*
.*..*...
..*..*.*
........
........
.*.....*

Generation = 1, Population = 9.
..*.....
..*.....
........
........
........
.***....
..***.*.
........
........
........
........

Generation = 2, Population = 6.
........
........
........
........
..*.....
.*..*...
.*..*...
...*....
........
........
........

Generation = 3, Population = 6.
........
........
........
........
........
.***....
..***...
........
........
........
........

Generation = 4, Population = 6.
........
........
........
........
..*.....
.*..*...
.*..*...
...*....
........
........
........

Generation = 5, Population = 6.
........
........
........
........
........
.***....
..***...
........
........
........
........

*** Life<ConwayCell> 9x10 ***

Generation = 0, Population = 17.
*.....*...
......*...
**.*......
..*.......
..*.......
**.**.*..*
..*.......
.*........
...*......

Generation = 3, Population = 13.
.*........
***.......
*..*......
..*.......
..........
..........
.*.**.....
..**......
..*.......

Generation = 6, Population = 12.
..**......
*.**......
.**.......
..........
..........
..........
...**.....
..*.*.....
...*......

*** Life<ConwayCell> 6x9 ***

Generation = 0, Population = 18.
.**.*..**
*.*.***..
*.*......
*....*...
...*...**
.*.......

Generation = 3, Population = 11.
.***.....
*...****.
..**.....
...*.....
.........
.........

Generation = 6, Population = 10.
..*......
.*.*..**.
.**......
..**.....
...*.....
.........

*** Life<ConwayCell> 10x6 ***

Generation = 0, Population = 34.
**..**
***...
**.**.
**..**
*...*.
..*...
..**.*
***.**
*.**.*
*.**.*

Generation = 1, Population = 22.
*.*...
.....*
...***
..*..*
*..***
.**.*.
.....*
*....*
*....*
..**..

Generation = 2, Population = 15.
......
...*.*
...*.*
..*...
.....*
.**...
.*..**
....**
.*..*.
......

Generation = 3, Population = 17.
......
......
..**..
....*.
.**...
.**.**
.*****
...*..
....**
......

*** Life<ConwayCell> 9x12 ***

Generation = 0, Population = 21.
.**.........
.*..*..*....
....**.**...
.......*....
....*.......
.*.**.*....*
............
....*...*...
......*.*..*

Generation = 2, Population = 18.
.*..****....
.*......*...
..*......*..
........*...
.......*....
..*...*.....
...*.**.....
....*.*.....
............

*** Life<ConwayCell> 11x11 ***

Generation = 0, Population = 34.
*.*......*.
.......*..*
**.*..*.**.
*......***.
.*.*.*.....
..*......*.
.*.........
........***
*....*.*.**
..*......*.
...**...*..

Generation = 1, Population = 27.
...........
*.*....*..*
**....*...*
*...*.**.*.
.**......*.
.**........
........*.*
........*.*
...........
...**....**
...*.......

Generation = 2, Population = 27.
...........
*..........
*....**.***
*.*..******
*.**....*..
.**......*.
...........
...........
..........*
...**......
...**......

Generation = 3, Population = 21.
...........
.........*.
*....*....*
*.****....*
*..*..*...*
.***.......
...........
...........
...........
...**......
...**......

Generation = 4, Population = 22.
...........
...........
.*.*.*...**
*.**.**..**
*....*.....
.***.......
..*........
...........
...........
...**......
...**......

Generation = 5, Population = 26.
...........
...........
.*.*.**..**
*.**.**..**
*....**....
.***.......
.***.......
...........
...........
...**......
...**......

Generation = 6, Population = 25.
...........
...........
.*.*.**..**
*.**...*.**
*....**....
*..**......
.*.*.......
..*........
...........
...**......
...**......

*** Life<ConwayCell> 7x10 ***

Generation = 0, Population = 14.
...*......
..........
...*......
...*..*..*
**...*..*.
....*..*..
*..*...*..

Generation = 1, Population = 13.
..........
..........
..........
..*.*.....
....*****.
**..*.***.
..........

Generation = 2, Population = 10.
..........
..........
..........
...**.**..
.*..*...*.
....*...*.
.......*..

Generation = 3, Population = 8.
..........
..........
..........
...***.*..
....*...*.
.......**.
..........

Generation = 4, Population = 11.
..........
..........
....*.....
...***....
...****.*.
.......**.
..........

Generation = 5, Population = 12.
..........
..........
...***....
......*...
...*..*.*.
....*****.
..........

Generation = 6, Population = 15.
..........
....*.....
....**....
...*..**..
....*...*.
....***.*.
.....***..

Generation = 7, Population = 16.
..........
....**....
...****...
...*..**..
...**...*.
....*...*.
....*..*..

Generation = 8, Population = 15.
..........
...*..*...
...*...*..
..*...**..
...***..*.
....**.**.
..........

Generation = 9, Population = 15.
..........
..........
..**...*..
..*..****.
...*....*.
...*.****.
..........

Generation = 10, Population = 17.
..........
..........
..**...**.
..*.*.*.*.
..**.....*
....*.***.
......**..

*** Life<ConwayCell> 11x1 ***

Generation = 0, Population = 5.
.
.
.
.
.
*
*
*
*
.
*

Generation = 1, Population = 2.
.
.
.
.
.
.
*
*
.
.
.

Generation = 2, Population = 0.
.
.
.
.
.
.
.
.
.
.
.

*** Life<ConwayCell> 12x7 ***

Generation = 0, Population = 2.
.......
.......
.......
.......
.......
.......
.......
.......
*......
.......
.......
....*..

Generation = 2, Population = 0.
.......
.......
.......
.......
.......
.......
.......
.......
.......
.......
.......
.......

Generation = 4, Population = 0.
.......
.......
.......
.......
.......
.......
.......
.......
.......
.......
.......
.......

Generation = 6, Population = 0.
.......
.......
.......
.......
.......
.......
.......
.......
.......
.......
.......
.......

Generation = 8, Population = 0.
.......
.......
.......
.......
.......
.......
.......
.......
.......
.......
.......
.......

Generation = 10, Population = 0.
.......
.......
.......
.......
.......
.......
.......
.......
.......
.......
.......
.......

*** Life<ConwayCell> 8x1 ***

Generation = 0, Population = 5.
*
*
*
.
*
.
*
.

Generation = 3, Population = 0.
.
.
.
.
.
.
.
.

Generation = 6, Population = 0.
.
.
.
.
.
.
.
.

*** Life<ConwayCell> 8x10 ***

Generation = 0, Population = 35.
..*******.
.*.*...***
*....*.*.*
..*.*.***.
..*......*
.**..***..
*..*..*.**
....*.*...

Generation = 3, Population = 31.
..****....
**.*..*.**
***..*...*
**...**...
........*.
......***.
..*****.*.
..**......

Generation = 6, Population = 22.
.*.***....
*.........
.**.....**
.........*
.......*..
..**......
..*...*.**
...*****..

