*** Life<ConwayCell> 6x6 ***

Generation = 0, Population = 5.
......
..*...
...*..
.***..
......
......

Generation = 1, Population = 5.
......
......
.*.*..
..**..
..*...
......

Generation = 2, Population = 5.
......
......
...*..
.*.*..
..**..
......

Generation = 3, Population = 5.
......
......
..*...
...**.
..**..
......

Generation = 4, Population = 5.
......
......
...*..
....*.
..***.
......

*** Life<ConwayCell> 5x5 ***

Generation = 0, Population = 8.
.....
.***.
.*.*.
.***.
.....

Generation = 3, Population = 12.
.***.
*...*
*...*
*...*
.***.

Generation = 6, Population = 16.
.***.
*.*.*
**.**
*.*.*
.***.

Generation = 9, Population = 12.
.***.
*...*
*...*
*...*
.***.


*** Life<ConwayCell> 9x50 ***

Generation = 0, Population = 7.
..................................................
...*..............................................
...*..............................................
...*..............................................
...*..............................................
...*..............................................
...*..............................................
...*..............................................
..................................................

Generation = 10, Population = 16.
..................................................
......*...........................................
......**..........................................
...*..*..*........................................
..*.*..*.*........................................
...*..*..*........................................
......**..........................................
......*...........................................
..................................................

Generation = 20, Population = 11.
...*..............................................
...*..............................................
...*..............................................
..................................................
**...***..........................................
..................................................
...*..............................................
...*..............................................
...*..............................................

Generation = 30, Population = 9.
...*..............................................
...*..............................................
...*..............................................
..................................................
.....***..........................................
..................................................
...*..............................................
...*..............................................
...*..............................................

Generation = 40, Population = 9.
...*..............................................
...*..............................................
...*..............................................
..................................................
.....***..........................................
..................................................
...*..............................................
...*..............................................
...*..............................................

Generation = 50, Population = 9.
...*..............................................
...*..............................................
...*..............................................
..................................................
.....***..........................................
..................................................
...*..............................................
...*..............................................
...*..............................................

Generation = 60, Population = 9.
...*..............................................
...*..............................................
...*..............................................
..................................................
.....***..........................................
..................................................
...*..............................................
...*..............................................
...*..............................................

Generation = 70, Population = 9.
...*..............................................
...*..............................................
...*..............................................
..................................................
.....***..........................................
..................................................
...*..............................................
...*..............................................
...*..............................................

Generation = 80, Population = 9.
...*..............................................
...*..............................................
...*..............................................
..................................................
.....***..........................................
..................................................
...*..............................................
...*..............................................
...*..............................................

Generation = 90, Population = 9.
...*..............................................
...*..............................................
...*..............................................
..................................................
.....***..........................................
..................................................
...*..............................................
...*..............................................
...*..............................................

Generation = 100, Population = 9.
...*..............................................
...*..............................................
...*..............................................
..................................................
.....***..........................................
..................................................
...*..............................................
...*..............................................
...*..............................................

*** Life<ConwayCell> 9x10 ***

Generation = 0, Population = 10.
..........
...*......
...*......
...**.....
...**.....
...*......
...**.....
...*......
..........

Generation = 23, Population = 12.
.***......
*....*....
*....*....
*....*....
..........
.***......
..........
..........
..........

Generation = 46, Population = 18.
.***......
*.*.*.....
**.***....
*.*..*....
.**.......
..**......
..........
..........
..........

Generation = 69, Population = 14.
.**.......
*.*.*.....
**..***...
..........
.**.......
..*.......
..*.......
..........
..........

Generation = 92, Population = 12.
.***......
*....*....
*....*....
*....*....
..........
.***......
..........
..........
..........

Generation = 115, Population = 18.
.***......
*.*.*.....
**.***....
*.*..*....
.**.......
..**......
..........
..........
..........

Generation = 138, Population = 14.
.**.......
*.*.*.....
**..***...
..........
.**.......
..*.......
..*.......
..........
..........

Generation = 161, Population = 12.
.***......
*....*....
*....*....
*....*....
..........
.***......
..........
..........
..........

*** Life<ConwayCell> 50x50 ***

Generation = 0, Population = 14.
..................................................
..................................................
..................................................
..................................................
..................................................
..................................................
..................................................
..................................................
..................................................
..................................................
..................................................
..................................................
..................................................
..................................................
..................................................
..................................................
..................................................
..................................................
..................................................
..................................................
..................................................
..................................................
..................................................
..........................*.......................
.......................*.*.*.*....................
.......................*.*.*.*....................
.......................*.*.*.*....................
..........................*.......................
..................................................
..................................................
..................................................
..................................................
..................................................
..................................................
..................................................
..................................................
..................................................
..................................................
..................................................
..................................................
..................................................
..................................................
..................................................
..................................................
..................................................
..................................................
..................................................
..................................................
..................................................
..................................................

Generation = 1, Population = 12.
..................................................
..................................................
..................................................
..................................................
..................................................
..................................................
..................................................
..................................................
..................................................
..................................................
..................................................
..................................................
..................................................
..................................................
..................................................
..................................................
..................................................
..................................................
..................................................
..................................................
..................................................
..................................................
..................................................
..........................*.......................
.........................*.*......................
......................**.*.*.**...................
.........................*.*......................
..........................*.......................
..................................................
..................................................
..................................................
..................................................
..................................................
..................................................
..................................................
..................................................
..................................................
..................................................
..................................................
..................................................
..................................................
..................................................
..................................................
..................................................
..................................................
..................................................
..................................................
..................................................
..................................................
..................................................

Generation = 2, Population = 12.
..................................................
..................................................
..................................................
..................................................
..................................................
..................................................
..................................................
..................................................
..................................................
..................................................
..................................................
..................................................
..................................................
..................................................
..................................................
..................................................
..................................................
..................................................
..................................................
..................................................
..................................................
..................................................
..................................................
..........................*.......................
........................**.**.....................
.........................*.*......................
........................**.**.....................
..........................*.......................
..................................................
..................................................
..................................................
..................................................
..................................................
..................................................
..................................................
..................................................
..................................................
..................................................
..................................................
..................................................
..................................................
..................................................
..................................................
..................................................
..................................................
..................................................
..................................................
..................................................
..................................................
..................................................

Generation = 3, Population = 14.
..................................................
..................................................
..................................................
..................................................
..................................................
..................................................
..................................................
..................................................
..................................................
..................................................
..................................................
..................................................
..................................................
..................................................
..................................................
..................................................
..................................................
..................................................
..................................................
..................................................
..................................................
..................................................
..................................................
.........................***......................
........................**.**.....................
..................................................
........................**.**.....................
.........................***......................
..................................................
..................................................
..................................................
..................................................
..................................................
..................................................
..................................................
..................................................
..................................................
..................................................
..................................................
..................................................
..................................................
..................................................
..................................................
..................................................
..................................................
..................................................
..................................................
..................................................
..................................................
..................................................

Generation = 4, Population = 18.
..................................................
..................................................
..................................................
..................................................
..................................................
..................................................
..................................................
..................................................
..................................................
..................................................
..................................................
..................................................
..................................................
..................................................
..................................................
..................................................
..................................................
..................................................
..................................................
..................................................
..................................................
..................................................
..........................*.......................
........................**.**.....................
........................**.**.....................
..................................................
........................**.**.....................
........................**.**.....................
..........................*.......................
..................................................
..................................................
..................................................
..................................................
..................................................
..................................................
..................................................
..................................................
..................................................
..................................................
..................................................
..................................................
..................................................
..................................................
..................................................
..................................................
..................................................
..................................................
..................................................
..................................................
..................................................

Generation = 5, Population = 18.
..................................................
..................................................
..................................................
..................................................
..................................................
..................................................
..................................................
..................................................
..................................................
..................................................
..................................................
..................................................
..................................................
..................................................
..................................................
..................................................
..................................................
..................................................
..................................................
..................................................
..................................................
..................................................
.........................***......................
........................*...*.....................
........................**.**.....................
..................................................
........................**.**.....................
........................*...*.....................
.........................***......................
..................................................
..................................................
..................................................
..................................................
..................................................
..................................................
..................................................
..................................................
..................................................
..................................................
..................................................
..................................................
..................................................
..................................................
..................................................
..................................................
..................................................
..................................................
..................................................
..................................................
..................................................

Generation = 6, Population = 20.
..................................................
..................................................
..................................................
..................................................
..................................................
..................................................
..................................................
..................................................
..................................................
..................................................
..................................................
..................................................
..................................................
..................................................
..................................................
..................................................
..................................................
..................................................
..................................................
..................................................
..................................................
..........................*.......................
.........................***......................
........................*...*.....................
........................**.**.....................
..................................................
........................**.**.....................
........................*...*.....................
.........................***......................
..........................*.......................
..................................................
..................................................
..................................................
..................................................
..................................................
..................................................
..................................................
..................................................
..................................................
..................................................
..................................................
..................................................
..................................................
..................................................
..................................................
..................................................
..................................................
..................................................
..................................................
..................................................

Generation = 7, Population = 24.
..................................................
..................................................
..................................................
..................................................
..................................................
..................................................
..................................................
..................................................
..................................................
..................................................
..................................................
..................................................
..................................................
..................................................
..................................................
..................................................
..................................................
..................................................
..................................................
..................................................
..................................................
.........................***......................
.........................***......................
........................*...*.....................
........................**.**.....................
..................................................
........................**.**.....................
........................*...*.....................
.........................***......................
.........................***......................
..................................................
..................................................
..................................................
..................................................
..................................................
..................................................
..................................................
..................................................
..................................................
..................................................
..................................................
..................................................
..................................................
..................................................
..................................................
..................................................
..................................................
..................................................
..................................................
..................................................

Generation = 8, Population = 22.
..................................................
..................................................
..................................................
..................................................
..................................................
..................................................
..................................................
..................................................
..................................................
..................................................
..................................................
..................................................
..................................................
..................................................
..................................................
..................................................
..................................................
..................................................
..................................................
..................................................
..........................*.......................
.........................*.*......................
........................*...*.....................
........................*...*.....................
........................**.**.....................
..................................................
........................**.**.....................
........................*...*.....................
........................*...*.....................
.........................*.*......................
..........................*.......................
..................................................
..................................................
..................................................
..................................................
..................................................
..................................................
..................................................
..................................................
..................................................
..................................................
..................................................
..................................................
..................................................
..................................................
..................................................
..................................................
..................................................
..................................................
..................................................

Generation = 9, Population = 32.
..................................................
..................................................
..................................................
..................................................
..................................................
..................................................
..................................................
..................................................
..................................................
..................................................
..................................................
..................................................
..................................................
..................................................
..................................................
..................................................
..................................................
..................................................
..................................................
..................................................
..........................*.......................
.........................***......................
........................**.**.....................
.......................**...**....................
........................**.**.....................
..................................................
........................**.**.....................
.......................**...**....................
........................**.**.....................
.........................***......................
..........................*.......................
..................................................
..................................................
..................................................
..................................................
..................................................
..................................................
..................................................
..................................................
..................................................
..................................................
..................................................
..................................................
..................................................
..................................................
..................................................
..................................................
..................................................
..................................................
..................................................

Generation = 10, Population = 30.
..................................................
..................................................
..................................................
..................................................
..................................................
..................................................
..................................................
..................................................
..................................................
..................................................
..................................................
..................................................
..................................................
..................................................
..................................................
..................................................
..................................................
..................................................
..................................................
..................................................
.........................***......................
........................*...*.....................
.......................*.....*....................
.......................*.....*....................
.......................***.***....................
..................................................
.......................***.***....................
.......................*.....*....................
.......................*.....*....................
........................*...*.....................
.........................***......................
..................................................
..................................................
..................................................
..................................................
..................................................
..................................................
..................................................
..................................................
..................................................
..................................................
..................................................
..................................................
..................................................
..................................................
..................................................
..................................................
..................................................
..................................................
..................................................

Generation = 11, Population = 42.
..................................................
..................................................
..................................................
..................................................
..................................................
..................................................
..................................................
..................................................
..................................................
..................................................
..................................................
..................................................
..................................................
..................................................
..................................................
..................................................
..................................................
..................................................
..................................................
..........................*.......................
.........................***......................
........................*****.....................
.......................**...**....................
......................**.....**...................
.......................**...**....................
..................................................
.......................**...**....................
......................**.....**...................
.......................**...**....................
........................*****.....................
.........................***......................
..........................*.......................
..................................................
..................................................
..................................................
..................................................
..................................................
..................................................
..................................................
..................................................
..................................................
..................................................
..................................................
..................................................
..................................................
..................................................
..................................................
..................................................
..................................................
..................................................

Generation = 12, Population = 36.
..................................................
..................................................
..................................................
..................................................
..................................................
..................................................
..................................................
..................................................
..................................................
..................................................
..................................................
..................................................
..................................................
..................................................
..................................................
..................................................
..................................................
..................................................
..................................................
.........................***......................
........................*...*.....................
.......................*.....*....................
......................*...*...*...................
......................*.......*...................
......................***...***...................
..................................................
......................***...***...................
......................*.......*...................
......................*...*...*...................
.......................*.....*....................
........................*...*.....................
.........................***......................
..................................................
..................................................
..................................................
..................................................
..................................................
..................................................
..................................................
..................................................
..................................................
..................................................
..................................................
..................................................
..................................................
..................................................
..................................................
..................................................
..................................................
..................................................

Generation = 13, Population = 46.
..................................................
..................................................
..................................................
..................................................
..................................................
..................................................
..................................................
..................................................
..................................................
..................................................
..................................................
..................................................
..................................................
..................................................
..................................................
..................................................
..................................................
..................................................
..........................*.......................
.........................***......................
........................*****.....................
.......................*.....*....................
......................**.....**...................
.....................**.......**..................
......................**.....**...................
..................................................
......................**.....**...................
.....................**.......**..................
......................**.....**...................
.......................*.....*....................
........................*****.....................
.........................***......................
..........................*.......................
..................................................
..................................................
..................................................
..................................................
..................................................
..................................................
..................................................
..................................................
..................................................
..................................................
..................................................
..................................................
..................................................
..................................................
..................................................
..................................................
..................................................

Generation = 14, Population = 52.
..................................................
..................................................
..................................................
..................................................
..................................................
..................................................
..................................................
..................................................
..................................................
..................................................
..................................................
..................................................
..................................................
..................................................
..................................................
..................................................
..................................................
..................................................
.........................***......................
........................*...*.....................
........................*...*.....................
......................**.***.**...................
.....................*.*.....*.*..................
.....................*.........*..................
.....................***.....***..................
..................................................
.....................***.....***..................
.....................*.........*..................
.....................*.*.....*.*..................
......................**.***.**...................
........................*...*.....................
........................*...*.....................
.........................***......................
..................................................
..................................................
..................................................
..................................................
..................................................
..................................................
..................................................
..................................................
..................................................
..................................................
..................................................
..................................................
..................................................
..................................................
..................................................
..................................................
..................................................

Generation = 15, Population = 68.
..................................................
..................................................
..................................................
..................................................
..................................................
..................................................
..................................................
..................................................
..................................................
..................................................
..................................................
..................................................
..................................................
..................................................
..................................................
..................................................
..................................................
..........................*.......................
.........................***......................
........................*.*.*.....................
........................*.*.*.....................
......................**.***.**...................
.....................*.**.*.**.*..................
....................**.*.....*.**.................
.....................**.......**..................
..................................................
.....................**.......**..................
....................**.*.....*.**.................
.....................*.**.*.**.*..................
......................**.***.**...................
........................*.*.*.....................
........................*.*.*.....................
.........................***......................
..........................*.......................
..................................................
..................................................
..................................................
..................................................
..................................................
..................................................
..................................................
..................................................
..................................................
..................................................
..................................................
..................................................
..................................................
..................................................
..................................................
..................................................

Generation = 16, Population = 52.
..................................................
..................................................
..................................................
..................................................
..................................................
..................................................
..................................................
..................................................
..................................................
..................................................
..................................................
..................................................
..................................................
..................................................
..................................................
..................................................
..................................................
.........................***......................
..................................................
........................*...*.....................
........................*...*.....................
......................*.......*...................
....................**....*....**.................
....................*..**...**..*.................
....................***.......***.................
..................................................
....................***.......***.................
....................*..**...**..*.................
....................**....*....**.................
......................*.......*...................
........................*...*.....................
........................*...*.....................
..................................................
.........................***......................
..................................................
..................................................
..................................................
..................................................
..................................................
..................................................
..................................................
..................................................
..................................................
..................................................
..................................................
..................................................
..................................................
..................................................
..................................................
..................................................

Generation = 17, Population = 58.
..................................................
..................................................
..................................................
..................................................
..................................................
..................................................
..................................................
..................................................
..................................................
..................................................
..................................................
..................................................
..................................................
..................................................
..................................................
..................................................
..........................*.......................
..........................*.......................
.........................***......................
..................................................
.......................*.....*....................
.....................*.........*..................
....................****.....****.................
...................*...*.....*...*................
....................****.....****.................
..................................................
....................****.....****.................
...................*...*.....*...*................
....................****.....****.................
.....................*.........*..................
.......................*.....*....................
..................................................
.........................***......................
..........................*.......................
..........................*.......................
..................................................
..................................................
..................................................
..................................................
..................................................
..................................................
..................................................
..................................................
..................................................
..................................................
..................................................
..................................................
..................................................
..................................................
..................................................

Generation = 18, Population = 56.
..................................................
..................................................
..................................................
..................................................
..................................................
..................................................
..................................................
..................................................
..................................................
..................................................
..................................................
..................................................
..................................................
..................................................
..................................................
..................................................
..................................................
..................................................
.........................***......................
..........................*.......................
..................................................
....................**.*.....*.**.................
....................**.*.....*.**.................
...................*....*...*....*................
....................****.....****.................
..................................................
....................****.....****.................
...................*....*...*....*................
....................**.*.....*.**.................
....................**.*.....*.**.................
..................................................
..........................*.......................
.........................***......................
..................................................
..................................................
..................................................
..................................................
..................................................
..................................................
..................................................
..................................................
..................................................
..................................................
..................................................
..................................................
..................................................
..................................................
..................................................
..................................................
..................................................

Generation = 19, Population = 62.
..................................................
..................................................
..................................................
..................................................
..................................................
..................................................
..................................................
..................................................
..................................................
..................................................
..................................................
..................................................
..................................................
..................................................
..................................................
..................................................
..................................................
..........................*.......................
.........................***......................
.........................***......................
..................................................
....................**.........**.................
...................*.*.**...**.*.*................
...................*....*...*....*................
....................****.....****.................
..................................................
....................****.....****.................
...................*....*...*....*................
...................*.*.**...**.*.*................
....................**.........**.................
..................................................
.........................***......................
.........................***......................
..........................*.......................
..................................................
..................................................
..................................................
..................................................
..................................................
..................................................
..................................................
..................................................
..................................................
..................................................
..................................................
..................................................
..................................................
..................................................
..................................................
..................................................

Generation = 20, Population = 68.
..................................................
..................................................
..................................................
..................................................
..................................................
..................................................
..................................................
..................................................
..................................................
..................................................
..................................................
..................................................
..................................................
..................................................
..................................................
..................................................
..................................................
.........................***......................
..................................................
.........................*.*......................
..........................*.......................
....................***.......***.................
...................*.****...****.*................
...................*....*...*....*................
....................****.....****.................
..................................................
....................****.....****.................
...................*....*...*....*................
...................*.****...****.*................
....................***.......***.................
..........................*.......................
.........................*.*......................
..................................................
.........................***......................
..................................................
..................................................
..................................................
..................................................
..................................................
..................................................
..................................................
..................................................
..................................................
..................................................
..................................................
..................................................
..................................................
..................................................
..................................................
..................................................

*** Life<ConwayCell> 11x11 ***

Generation = 0, Population = 16.
.....*.....
....***....
...........
...........
.*.......*.
**.......**
.*.......*.
...........
...........
....***....
.....*.....

Generation = 3, Population = 16.
...........
....*.*....
.....*.....
.....*.....
.*.......*.
..**...**..
.*.......*.
.....*.....
.....*.....
....*.*....
...........

Generation = 6, Population = 24.
.....*.....
....*.*....
...........
....***....
.*.*...*.*.
*..*...*..*
.*.*...*.*.
....***....
...........
....*.*....
.....*.....

Generation = 9, Population = 20.
.....*.....
....*.*....
....*.*....
...........
.**.....**.
*.........*
.**.....**.
...........
....*.*....
....*.*....
.....*.....

Generation = 12, Population = 0.
...........
...........
...........
...........
...........
...........
...........
...........
...........
...........
...........

Generation = 15, Population = 0.
...........
...........
...........
...........
...........
...........
...........
...........
...........
...........
...........

