*** Life<FredkinCell> 9x9 ***

Generation = 0, Population = 3.
---------
---------
---------
---------
---000---
---------
---------
---------
---------

Generation = 1, Population = 10.
---------
---------
---------
---000---
--01-10--
---000---
---------
---------
---------

Generation = 2, Population = 12.
---------
---------
---000---
---------
-012-210-
---------
---000---
---------
---------

Generation = 3, Population = 30.
---------
---000---
--01-10--
-00-0-00-
01-3-3-10
-00-0-00-
--01-10--
---000---
---------

*** Life<FredkinCell> 1x2 ***

Generation = 0, Population = 2.
00

Generation = 10, Population = 2.
++

*** Life<FredkinCell> 3x4 ***

Generation = 0, Population = 2.
----
-00-
----

Generation = 10, Population = 4.
----
3443
----

*** Life<FredkinCell> 5x5 ***

Generation = 0, Population = 5.
0----
-----
-00--
0----
---0-

Generation = 1, Population = 12.
-0---
000--
-110-
--00-
0-0-0

Generation = 2, Population = 7.
-1---
1----
----0
0-1--
--10-

Generation = 3, Population = 10.
--0--
----0
--10-
--2-0
00-10

Generation = 4, Population = 13.
-1-00
-----
-1-10
0-3-1
1112-

Generation = 5, Population = 10.
0--11
-----
--12-
1-4-2
--23-

Generation = 6, Population = 13.
-1022
1-0-0
01-3-
-----
11-4-

Generation = 7, Population = 10.
-21--
2-1-1
-21--
-----
22--0

Generation = 8, Population = 13.
-3-22
-----
-3-30
1-4-2
3324-

Generation = 9, Population = 10.
0--33
-----
--14-
2-5-3
--35-

Generation = 10, Population = 13.
-3144
2-1-1
03-5-
-----
33-6-

Generation = 11, Population = 10.
-42--
3-2-2
-41--
-----
44--0

Generation = 12, Population = 13.
-5-44
-----
-5-50
2-5-3
5536-

Generation = 13, Population = 10.
0--55
-----
--16-
3-6-4
--47-

Generation = 14, Population = 13.
-5266
3-2-2
05-7-
-----
55-8-

Generation = 15, Population = 10.
-63--
4-3-3
-61--
-----
66--0

Generation = 16, Population = 13.
-7-66
-----
-7-70
3-6-4
7748-

Generation = 17, Population = 10.
0--77
-----
--18-
4-7-5
--59-

Generation = 18, Population = 13.
-7388
4-3-3
07-9-
-----
77-+-

Generation = 19, Population = 10.
-84--
5-4-4
-81--
-----
88--0

Generation = 20, Population = 13.
-9-88
-----
-9-90
4-7-5
995+-

*** Life<FredkinCell> 10x10 ***

Generation = 0, Population = 2.
----------
-0--------
----------
------0---
----------
----------
----------
----------
----------
----------

Generation = 1, Population = 8.
-0--------
0-0-------
-0----0---
-----0-0--
------0---
----------
----------
----------
----------
----------

Generation = 2, Population = 6.
----------
---0--0---
----------
-0--0---0-
----------
------0---
----------
----------
----------
----------

Generation = 3, Population = 24.
---0--0---
--0-00-0--
-0-00-0-0-
0-00-0-0-0
-0--0-0-0-
-----0-0--
------0---
----------
----------
----------

Generation = 4, Population = 4.
----------
-----1----
----------
--1-------
----------
-0--------
----------
------0---
----------
----------

Generation = 5, Population = 16.
-----0----
----0-0---
--0--0----
-0-0------
-00-------
0-0-------
-0----0---
-----0-0--
------0---
----------

Generation = 6, Population = 14.
----------
--00---0--
----------
01--00----
----------
--10--0---
----------
-0--0---0-
----------
------0---

Generation = 7, Population = 54.
--00---0--
-0110-0-0-
000000-0--
1210110---
0000000---
-02100-0--
-0000-0-0-
0-00-0-0-0
-0--0-0-0-
-----0-0--

Generation = 8, Population = 6.
----------
-----1---0
----------
2---------
----------
-1--------
----------
----------
----------
-0----0---

Generation = 9, Population = 20.
-----0---0
----0-0-0-
0----0---0
-2--------
00--------
0-2-------
-0--------
----------
-0----0---
0-0--0-0--

Generation = 10, Population = 16.
----------
0--1-----0
----------
231--1---0
----------
1--1------
----------
------0---
----------
-0-00-0-0-

Generation = 11, Population = 38.
0--0-----0
-01-0---0-
-000-0----
3-201-0-0-
-000-0---0
-12-0-----
0--0--0---
-----0-0--
-0-00---0-
0--11----0

Generation = 12, Population = 10.
----------
-------0--
----------
--3-2-----
----------
------0--0
----------
00----0---
----------
--0--0----

Generation = 13, Population = 32.
-------0--
------0-0-
--0-0--0--
-3---1----
--0-0-0--0
-----0-00-
00-------0
110--0-0--
000--00---
-0-11-0---

Generation = 14, Population = 30.
----------
--1-01---0
----------
3-3-2--0-0
----------
112---0110
----------
2--0010-00
----------
-1022010--

Generation = 15, Population = 46.
--0-00---0
-0--120-0-
0----0-0--
-----10---
-0--0-0-0-
2-31-01--1
-00000-0--
-101--1-11
000----000
02-----10-

Generation = 16, Population = 8.
----------
---1--10--
----------
33------0-
----------
----------
----------
-2--------
----------
------1---

Generation = 17, Population = 30.
---0--00--
--1-12210-
00-0--000-
443----0-0
00------0-
----------
-0--------
2-0-------
-0----0---
-----0-1--

Generation = 18, Population = 14.
----------
0---2----0
----------
5-4----1--
----------
2-------1-
----------
---1--1---
----------
-2--2-1-0-

Generation = 19, Population = 36.
0---0----0
-0-1-2--0-
--0-0--0-0
---0--0-0-
--0----00-
-1-----1-1
0--0--0-0-
--0-01-0--
-0-00---0-
0-02-----0

Generation = 20, Population = 14.
----------
--1---2--0
----------
--4--1--1-
----------
---1---2--
----------
2----21-1-
----------
-21-------

*** Life<FredkinCell> 1x11 ***

Generation = 0, Population = 1.
-----0-----

Generation = 3, Population = 4.
--0-0-0-0--

Generation = 6, Population = 2.
---0---0---

Generation = 9, Population = 4.
0-0-----0-0

Generation = 12, Population = 2.
-0-------0-

Generation = 15, Population = 4.
--0-0-0-0--

Generation = 18, Population = 2.
---0---0---

Generation = 21, Population = 4.
0-0-----0-0

Generation = 24, Population = 2.
-0-------0-

Generation = 27, Population = 4.
--0-0-0-0--

Generation = 30, Population = 2.
---0---0---

Generation = 33, Population = 4.
0-0-----0-0

Generation = 36, Population = 2.
-0-------0-

Generation = 39, Population = 4.
--0-0-0-0--

Generation = 42, Population = 2.
---0---0---

Generation = 45, Population = 4.
0-0-----0-0


*** Life<FredkinCell> 11x11 ***

Generation = 0, Population = 16.
-----0-----
----000----
-----------
-----------
-0-------0-
00-------00
-0-------0-
-----------
-----------
----000----
-----0-----

Generation = 10, Population = 36.
-0---4---0-
0-43---34-0
-4---9---4-
-3---2---3-
-----------
4-92---29-4
-----------
-3---2---3-
-4---9---4-
0-43---34-0
-0---4---0-

Generation = 20, Population = 28.
-----------
--+-+5+-+--
-+---+---+-
-----------
-+---5---+-
-5+-5-5-+5-
-+---5---+-
-----------
-+---+---+-
--+-+5+-+--
-----------

Generation = 30, Population = 36.
-0---9---0-
0-+8---8+-0
-+---+---+-
-8---7---8-
-----------
9-+7---7+-9
-----------
-8---7---8-
-+---+---+-
0-+8---8+-0
-0---9---0-

Generation = 40, Population = 28.
-----------
--+-+++-+--
-+---+---+-
-----------
-+---+---+-
-++-+-+-++-
-+---+---+-
-----------
-+---+---+-
--+-+++-+--
-----------

Generation = 50, Population = 36.
-0---+---0-
0-++---++-0
-+---+---+-
-+---+---+-
-----------
+-++---++-+
-----------
-+---+---+-
-+---+---+-
0-++---++-0
-0---+---0-

Generation = 60, Population = 28.
-----------
--+-+++-+--
-+---+---+-
-----------
-+---+---+-
-++-+-+-++-
-+---+---+-
-----------
-+---+---+-
--+-+++-+--
-----------

Generation = 70, Population = 36.
-0---+---0-
0-++---++-0
-+---+---+-
-+---+---+-
-----------
+-++---++-+
-----------
-+---+---+-
-+---+---+-
0-++---++-0
-0---+---0-

Generation = 80, Population = 28.
-----------
--+-+++-+--
-+---+---+-
-----------
-+---+---+-
-++-+-+-++-
-+---+---+-
-----------
-+---+---+-
--+-+++-+--
-----------

Generation = 90, Population = 36.
-0---+---0-
0-++---++-0
-+---+---+-
-+---+---+-
-----------
+-++---++-+
-----------
-+---+---+-
-+---+---+-
0-++---++-0
-0---+---0-

Generation = 100, Population = 28.
-----------
--+-+++-+--
-+---+---+-
-----------
-+---+---+-
-++-+-+-++-
-+---+---+-
-----------
-+---+---+-
--+-+++-+--
-----------

*** Life<FredkinCell> 11x11 ***

Generation = 0, Population = 1.
-----------
-----------
-----------
-----------
-----------
-----0-----
-----------
-----------
-----------
-----------
-----------

Generation = 1, Population = 4.
-----------
-----------
-----------
-----------
-----0-----
----0-0----
-----0-----
-----------
-----------
-----------
-----------

Generation = 2, Population = 4.
-----------
-----------
-----------
-----0-----
-----------
---0---0---
-----------
-----0-----
-----------
-----------
-----------

Generation = 3, Population = 16.
-----------
-----------
-----0-----
----0-0----
---0-0-0---
--0-0-0-0--
---0-0-0---
----0-0----
-----0-----
-----------
-----------

Generation = 4, Population = 4.
-----------
-----0-----
-----------
-----------
-----------
-0-------0-
-----------
-----------
-----------
-----0-----
-----------

Generation = 5, Population = 16.
-----0-----
----0-0----
-----0-----
-----------
-0-------0-
0-0-----0-0
-0-------0-
-----------
-----0-----
----0-0----
-----0-----

Generation = 6, Population = 12.
-----------
---0---0---
-----------
-0---0---0-
-----------
---0---0---
-----------
-0---0---0-
-----------
---0---0---
-----------

Generation = 7, Population = 48.
---0---0---
--0-0-0-0--
-0-0-0-0-0-
0-0-0-0-0-0
-0-0-0-0-0-
--0-0-0-0--
-0-0-0-0-0-
0-0-0-0-0-0
-0-0-0-0-0-
--0-0-0-0--
---0---0---

Generation = 8, Population = 4.
-----------
-----0-----
-----------
-----------
-----------
-0-------0-
-----------
-----------
-----------
-----0-----
-----------

Generation = 9, Population = 16.
-----0-----
----0-0----
-----0-----
-----------
-0-------0-
0-0-----0-0
-0-------0-
-----------
-----0-----
----0-0----
-----0-----

Generation = 10, Population = 12.
-----------
---0---0---
-----------
-0---0---0-
-----------
---0---0---
-----------
-0---0---0-
-----------
---0---0---
-----------

*** Life<FredkinCell> 101x101 ***

Generation = 0, Population = 1.
-----------------------------------------------------------------------------------------------------
-----------------------------------------------------------------------------------------------------
-----------------------------------------------------------------------------------------------------
-----------------------------------------------------------------------------------------------------
-----------------------------------------------------------------------------------------------------
-----------------------------------------------------------------------------------------------------
-----------------------------------------------------------------------------------------------------
-----------------------------------------------------------------------------------------------------
-----------------------------------------------------------------------------------------------------
-----------------------------------------------------------------------------------------------------
-----------------------------------------------------------------------------------------------------
-----------------------------------------------------------------------------------------------------
-----------------------------------------------------------------------------------------------------
-----------------------------------------------------------------------------------------------------
-----------------------------------------------------------------------------------------------------
-----------------------------------------------------------------------------------------------------
-----------------------------------------------------------------------------------------------------
-----------------------------------------------------------------------------------------------------
-----------------------------------------------------------------------------------------------------
-----------------------------------------------------------------------------------------------------
-----------------------------------------------------------------------------------------------------
-----------------------------------------------------------------------------------------------------
-----------------------------------------------------------------------------------------------------
-----------------------------------------------------------------------------------------------------
-----------------------------------------------------------------------------------------------------
-----------------------------------------------------------------------------------------------------
-----------------------------------------------------------------------------------------------------
-----------------------------------------------------------------------------------------------------
-----------------------------------------------------------------------------------------------------
-----------------------------------------------------------------------------------------------------
-----------------------------------------------------------------------------------------------------
-----------------------------------------------------------------------------------------------------
-----------------------------------------------------------------------------------------------------
-----------------------------------------------------------------------------------------------------
-----------------------------------------------------------------------------------------------------
-----------------------------------------------------------------------------------------------------
-----------------------------------------------------------------------------------------------------
-----------------------------------------------------------------------------------------------------
-----------------------------------------------------------------------------------------------------
-----------------------------------------------------------------------------------------------------
-----------------------------------------------------------------------------------------------------
-----------------------------------------------------------------------------------------------------
-----------------------------------------------------------------------------------------------------
-----------------------------------------------------------------------------------------------------
-----------------------------------------------------------------------------------------------------
-----------------------------------------------------------------------------------------------------
-----------------------------------------------------------------------------------------------------
-----------------------------------------------------------------------------------------------------
-----------------------------------------------------------------------------------------------------
-----------------------------------------------------------------------------------------------------
--------------------------------------------------0--------------------------------------------------
-----------------------------------------------------------------------------------------------------
-----------------------------------------------------------------------------------------------------
-----------------------------------------------------------------------------------------------------
-----------------------------------------------------------------------------------------------------
-----------------------------------------------------------------------------------------------------
-----------------------------------------------------------------------------------------------------
-----------------------------------------------------------------------------------------------------
-----------------------------------------------------------------------------------------------------
-----------------------------------------------------------------------------------------------------
-----------------------------------------------------------------------------------------------------
-----------------------------------------------------------------------------------------------------
-----------------------------------------------------------------------------------------------------
-----------------------------------------------------------------------------------------------------
-----------------------------------------------------------------------------------------------------
-----------------------------------------------------------------------------------------------------
-----------------------------------------------------------------------------------------------------
-----------------------------------------------------------------------------------------------------
-----------------------------------------------------------------------------------------------------
-----------------------------------------------------------------------------------------------------
-----------------------------------------------------------------------------------------------------
-----------------------------------------------------------------------------------------------------
-----------------------------------------------------------------------------------------------------
-----------------------------------------------------------------------------------------------------
-----------------------------------------------------------------------------------------------------
-----------------------------------------------------------------------------------------------------
-----------------------------------------------------------------------------------------------------
-----------------------------------------------------------------------------------------------------
-----------------------------------------------------------------------------------------------------
-----------------------------------------------------------------------------------------------------
-----------------------------------------------------------------------------------------------------
-----------------------------------------------------------------------------------------------------
-----------------------------------------------------------------------------------------------------
-----------------------------------------------------------------------------------------------------
-----------------------------------------------------------------------------------------------------
-----------------------------------------------------------------------------------------------------
-----------------------------------------------------------------------------------------------------
-----------------------------------------------------------------------------------------------------
-----------------------------------------------------------------------------------------------------
-----------------------------------------------------------------------------------------------------
-----------------------------------------------------------------------------------------------------
-----------------------------------------------------------------------------------------------------
-----------------------------------------------------------------------------------------------------
-----------------------------------------------------------------------------------------------------
-----------------------------------------------------------------------------------------------------
-----------------------------------------------------------------------------------------------------
-----------------------------------------------------------------------------------------------------
-----------------------------------------------------------------------------------------------------
-----------------------------------------------------------------------------------------------------
-----------------------------------------------------------------------------------------------------
-----------------------------------------------------------------------------------------------------

Generation = 20, Population = 16.
-----------------------------------------------------------------------------------------------------
-----------------------------------------------------------------------------------------------------
-----------------------------------------------------------------------------------------------------
-----------------------------------------------------------------------------------------------------
-----------------------------------------------------------------------------------------------------
-----------------------------------------------------------------------------------------------------
-----------------------------------------------------------------------------------------------------
-----------------------------------------------------------------------------------------------------
-----------------------------------------------------------------------------------------------------
-----------------------------------------------------------------------------------------------------
-----------------------------------------------------------------------------------------------------
-----------------------------------------------------------------------------------------------------
-----------------------------------------------------------------------------------------------------
-----------------------------------------------------------------------------------------------------
-----------------------------------------------------------------------------------------------------
-----------------------------------------------------------------------------------------------------
-----------------------------------------------------------------------------------------------------
-----------------------------------------------------------------------------------------------------
-----------------------------------------------------------------------------------------------------
-----------------------------------------------------------------------------------------------------
-----------------------------------------------------------------------------------------------------
-----------------------------------------------------------------------------------------------------
-----------------------------------------------------------------------------------------------------
-----------------------------------------------------------------------------------------------------
-----------------------------------------------------------------------------------------------------
-----------------------------------------------------------------------------------------------------
-----------------------------------------------------------------------------------------------------
-----------------------------------------------------------------------------------------------------
-----------------------------------------------------------------------------------------------------
-----------------------------------------------------------------------------------------------------
--------------------------------------------------0--------------------------------------------------
-----------------------------------------------------------------------------------------------------
-----------------------------------------------------------------------------------------------------
-----------------------------------------------------------------------------------------------------
----------------------------------------------0-------0----------------------------------------------
-----------------------------------------------------------------------------------------------------
-----------------------------------------------------------------------------------------------------
-----------------------------------------------------------------------------------------------------
--------------------------------------------------0--------------------------------------------------
-----------------------------------------------------------------------------------------------------
-----------------------------------------------------------------------------------------------------
-----------------------------------------------------------------------------------------------------
-----------------------------------------------------------------------------------------------------
-----------------------------------------------------------------------------------------------------
-----------------------------------------------------------------------------------------------------
-----------------------------------------------------------------------------------------------------
----------------------------------0-------------------------------0----------------------------------
-----------------------------------------------------------------------------------------------------
-----------------------------------------------------------------------------------------------------
-----------------------------------------------------------------------------------------------------
------------------------------0-------0-----------------------0-------0------------------------------
-----------------------------------------------------------------------------------------------------
-----------------------------------------------------------------------------------------------------
-----------------------------------------------------------------------------------------------------
----------------------------------0-------------------------------0----------------------------------
-----------------------------------------------------------------------------------------------------
-----------------------------------------------------------------------------------------------------
-----------------------------------------------------------------------------------------------------
-----------------------------------------------------------------------------------------------------
-----------------------------------------------------------------------------------------------------
-----------------------------------------------------------------------------------------------------
-----------------------------------------------------------------------------------------------------
--------------------------------------------------0--------------------------------------------------
-----------------------------------------------------------------------------------------------------
-----------------------------------------------------------------------------------------------------
-----------------------------------------------------------------------------------------------------
----------------------------------------------0-------0----------------------------------------------
-----------------------------------------------------------------------------------------------------
-----------------------------------------------------------------------------------------------------
-----------------------------------------------------------------------------------------------------
--------------------------------------------------0--------------------------------------------------
-----------------------------------------------------------------------------------------------------
-----------------------------------------------------------------------------------------------------
-----------------------------------------------------------------------------------------------------
-----------------------------------------------------------------------------------------------------
-----------------------------------------------------------------------------------------------------
-----------------------------------------------------------------------------------------------------
-----------------------------------------------------------------------------------------------------
-----------------------------------------------------------------------------------------------------
-----------------------------------------------------------------------------------------------------
-----------------------------------------------------------------------------------------------------
-----------------------------------------------------------------------------------------------------
-----------------------------------------------------------------------------------------------------
-----------------------------------------------------------------------------------------------------
-----------------------------------------------------------------------------------------------------
-----------------------------------------------------------------------------------------------------
-----------------------------------------------------------------------------------------------------
-----------------------------------------------------------------------------------------------------
-----------------------------------------------------------------------------------------------------
-----------------------------------------------------------------------------------------------------
-----------------------------------------------------------------------------------------------------
-----------------------------------------------------------------------------------------------------
-----------------------------------------------------------------------------------------------------
-----------------------------------------------------------------------------------------------------
-----------------------------------------------------------------------------------------------------
-----------------------------------------------------------------------------------------------------
-----------------------------------------------------------------------------------------------------
-----------------------------------------------------------------------------------------------------
-----------------------------------------------------------------------------------------------------
-----------------------------------------------------------------------------------------------------
-----------------------------------------------------------------------------------------------------
