*** Life<Cell> 9x9 ***

Generation = 0, Population = 3.
---------
---------
---------
---------
---000---
---------
---------
---------
---------

Generation = 1, Population = 10.
---------
---------
---------
---000---
--01-10--
---000---
---------
---------
---------

Generation = 2, Population = 12.
---------
---------
---000---
---------
-01*-*10-
---------
---000---
---------
---------

Generation = 3, Population = 28.
---------
---000---
--01-10--
-00-0-00-
01-.-.-10
-00-0-00-
--01-10--
---000---
---------

*** Life<Cell> 7x50 ***

Generation = 0, Population = 5.
--------------------------------------------------
---0----------------------------------------------
---0----------------------------------------------
---0----------------------------------------------
---0----------------------------------------------
---0----------------------------------------------
--------------------------------------------------

Generation = 20, Population = 56.
0.1.---*****-01.-01*------------------------------
-1-...........1.*.-.0--0--------------------------
--....0**.*.*.*.-10*---0--------------------------
-------0---------------0--------------------------
--....0**.*.*.*.-10*---0--------------------------
-1-...........1.*.-.0--0--------------------------
0.1.---*****-01.-01*------------------------------

Generation = 40, Population = 82.
....*.*.......-*.*..-*.**..*.***-*-*001*----------
...............*..*........*.*....**-.-.0--0------
-...***........*.*.*....**-.......0.*10*---0------
-------------------0-------0-------0-------0------
-...***........*.*.*....**-.......0.*10*---0------
...............*..*........*.*....**-.-.0--0------
....*.*.......-*.*..-*.**..*.***-*-*001*----------

Generation = 60, Population = 17.
................................-.....-......-....
....................................**.........*..
1...................................**....-...1*.-
-------------------------------------0------------
1...................................**....-...1*.-
....................................**.........*..
................................-.....-......-....

Generation = 80, Population = 12.
................................-.........*..-....
..........................................*.......
-.........................................**.....-
-----------------0-------0-----------------0-----0
-.........................................**.....-
..........................................*.......
................................-.........*..-....

Generation = 100, Population = 14.
................................-............-....
......................................*.*.........
-....................................**.*........-
-0-----------0---------0---------------0----------
-....................................**.*........-
......................................*.*.........
................................-............-....

Generation = 120, Population = 16.
................................-............-....
..................................................
-................................................-
-0-0-0---0-0-0---0-0-0---0-0-----0-0-----0-0-----0
-................................................-
..................................................
................................-............-....

Generation = 140, Population = 2.
................................-............-....
..................................................
-................................................-
---------0-------------------------------0--------
-................................................-
..................................................
................................-............-....

Generation = 160, Population = 4.
................................-............-....
..................................................
-................................................-
-0-------0-----------------------------0-------0--
-................................................-
..................................................
................................-............-....

Generation = 180, Population = 8.
................................-............-....
..................................................
-................................................-
-0-----------0---0-0---------0---0-0-------------0
-................................................-
..................................................
................................-............-....

Generation = 200, Population = 9.
................................-............-....
..................................................
1................................................-
-------0-------0-------0-0-------0-------0-------0
1................................................-
..................................................
................................-............-....

*** Life<Cell> 21x50 ***

Generation = 0, Population = 15.
--------------------------------------------------
---0----------------------------------------------
---0----------------------------------------------
---0----------------------------------------------
---0----------------------------------------------
---0----------------------------------------------
--------------------------------------------------
--------------------------------------------------
---0----------------------------------------------
---0----------------------------------------------
---0----------------------------------------------
---0----------------------------------------------
---0----------------------------------------------
--------------------------------------------------
--------------------------------------------------
---0----------------------------------------------
---0----------------------------------------------
---0----------------------------------------------
---0----------------------------------------------
---0----------------------------------------------
--------------------------------------------------

Generation = 20, Population = 178.
1.-.0-..-1.*.-**-01*------------------------------
.....*1.*..*1.-.-*-.0--0--------------------------
*.-****.*.1.0.1.0-0*---0--------------------------
....*****-00-.*.-0-----0--------------------------
.*-.-.**.**-**-.1------0--------------------------
-*1..........*..1.0.0--0--------------------------
-**.***.*..-..1--1-1------------------------------
.......-*..*.0*011-1------------------------------
........**.**...1.0.0--0--------------------------
.-.....-**-**-*-1------0--------------------------
-------0---------------0--------------------------
.-.....-**-**-*-1------0--------------------------
........**.**...1.0.0--0--------------------------
.......-*..*.0*011-1------------------------------
-**.***.*..-..1--1-1------------------------------
-*1..........*..1.0.0--0--------------------------
.*-.-.**.**-**-.1------0--------------------------
....*****-00-.*.-0-----0--------------------------
*.-****.*.1.0.1.0-0*---0--------------------------
.....*1.*..*1.-.-*-.0--0--------------------------
1.-.0-..-1.*.-**-01*------------------------------

Generation = 40, Population = 260.
-....-.........*.**...........1*-*-.001*----------
.......*..*...*.*.**.......*-.*.*.**-*-.0--0------
.....***..***..*.***..-*.*0...-..0-.010*---0------
.......*..*....**.-..*.-*.-0..*.*-*-1*-----0------
................*.*..-..--..0**.10*10------0------
..................*...........*.0.*.-.-*---0------
-..**............*.*.*..*1.*1.-0*10.0*------------
...**..........0........-1-.*10*0--.0*------------
..............*.***.....*****-..-***0*-*---0------
.-............***....1*.*.0**..-*1-*-------0------
-------------------0-------0-------0-------0------
.-............***....1*.*.0**..-*1-*-------0------
..............*.***.....*****-..-***0*-*---0------
...**..........0........-1-.*10*0--.0*------------
-..**............*.*.*..*1.*1.-0*10.0*------------
..................*...........*.0.*.-.-*---0------
................*.*..-..--..0**.10*10------0------
.......*..*....**.-..*.-*.-0..*.*-*-1*-----0------
.....***..***..*.***..-*.*0...-..0-.010*---0------
.......*..*...*.*.**.......*-.*.*.**-*-.0--0------
-....-.........*.**...........1*-*-.001*----------

Generation = 60, Population = 177.
-....-............................*.*..........**-
......................................*.-....**.*.
.......................**........**..***........*-
...............**.-....*.*.......***.*..**.....---
...............**.......*............-*.....*....*
.........................*...............**....*..
-..**..................**............*......--**-*
...**..................**.*.....*....*...**..***..
..............***.....*...**.***..**.....*.**.**.*
.-...........**....*.****.*.*.......**.**.......*0
-------------------------------------0------------
.-...........**....*.****.*.*.......**.**.......*0
..............***.....*...**.***..**.....*.**.**.*
...**..................**.*.....*....*...**..***..
-..**..................**............*......--**-*
.........................*...............**....*..
...............**.......*............-*.....*....*
...............**.-....*.*.......***.*..**.....---
.......................**........**..***........*-
......................................*.-....**.*.
-....-............................*.*..........**-

Generation = 80, Population = 92.
-....-.......................**....*.............-
.............................*..*..*........*.....
.............................**.............**....
...............**.-.............**.........*..**.-
...............**..............**..........*****..
...........................................***.*..
-..**......................................***..1.
...**........................................**...
..............................................*...
.-...........................................*.*.-
-----------------0-------0-----------------0-----0
.-...........................................*.*.-
..............................................*...
...**........................................**...
-..**......................................***..1.
...........................................***.*..
...............**..............**..........*****..
...............**.-.............**.........*..**.-
.............................**.............**....
.............................*..*..*........*.....
-....-.......................**....*.............-

Generation = 100, Population = 66.
-....-........................................***1
............................*...............**.*.*
...........................................*.*...*
...............**.-..........*.............*...*.*
...............**..........................*.*.**.
............................................***...
-..**.............................................
...**.............................................
..................................................
.-...............................................-
-0-----------0---------0---------------0----------
.-...............................................-
..................................................
...**.............................................
-..**.............................................
............................................***...
...............**..........................*.*.**.
...............**.-..........*.............*...*.*
...........................................*.*...*
............................*...............**.*.*
-....-........................................***1

Generation = 120, Population = 74.
-....-............................................
.........................................*........
........................................**........
...............**.-....................***....*...
...............**.....................*.....**.*..
.......................................***..**.*..
-..**..................................***....*...
...**.............................................
..................................................
.-...............................................-
-0-0-0---0-0-0---0-0-0---0-0-----0-0-----0-0-----0
.-...............................................-
..................................................
...**.............................................
-..**..................................***....*...
.......................................***..**.*..
...............**.....................*.....**.*..
...............**.-....................***....*...
........................................**........
.........................................*........
-....-............................................

Generation = 140, Population = 64.
-....-............................................
........................................*.........
.......................................****.......
...............**.-...................**..*.......
...............**....................***...*.....*
......................................***...*....*
-..**..................................**.......*.
...**.....................................*.*.....
..................................................
.-...............................................-
---------0-------------------------------0--------
.-...............................................-
..................................................
...**.....................................*.*.....
-..**..................................**.......*.
......................................***...*....*
...............**....................***...*.....*
...............**.-...................**..*.......
.......................................****.......
........................................*.........
-....-............................................

Generation = 160, Population = 98.
-....-.......................................*....
.................................**...***....**...
...............................**.**..*......***..
...............**.-............*..*...*******.***.
...............**..............*..*.....*****.....
................................**.........**.....
-..**.............................................
...**.............................................
..................................................
.-...............................................-
-0-------0-----------------------------0-------0--
.-...............................................-
..................................................
...**.............................................
-..**.............................................
................................**.........**.....
...............**..............*..*.....*****.....
...............**.-............*..*...*******.***.
...............................**.**..*......***..
.................................**...***....**...
-....-.......................................*....

Generation = 180, Population = 32.
-....-................................**..........
......................................**..........
..................................................
...............**.-...............................
...............**.................................
..................................................
-..**.............................................
...**.............................................
..................................................
.-...............................................-
-0-----------0---0-0---------0---0-0-------------0
.-...............................................-
..................................................
...**.............................................
-..**.............................................
..................................................
...............**.................................
...............**.-...............................
..................................................
......................................**..........
-....-................................**..........

Generation = 200, Population = 31.
-....-................................**..........
......................................**..........
..................................................
...............**.-...............................
...............**.................................
..................................................
-..**.............................................
...**.............................................
..................................................
.-...............................................-
-------0-------0-------0-0-------0-------0-------0
.-...............................................-
..................................................
...**.............................................
-..**.............................................
..................................................
...............**.................................
...............**.-...............................
..................................................
......................................**..........
-....-................................**..........

*** Life<Cell> 21x21 ***

Generation = 0, Population = 20.
---------------------
---------------------
---------------------
--------00000--------
---------------------
---------------------
---------------------
---------------------
---0-------------0---
---0-------------0---
---0-------------0---
---0-------------0---
---0-------------0---
---------------------
---------------------
---------------------
---------------------
--------00000--------
---------------------
---------------------
---------------------

Generation = 20, Population = 136.
-1-*1**-..-..-**1*-1-
1-*1.*.*..0..*.*.1*-1
-*-0*.1...-...1.*0-*-
*10-*.....-.....*-01*
1.**-....1-1....-**.1
**...--..*-*..--...**
*.1..--..*-*..--..1.*
-*.....-..0..-.....*-
........-.-.-........
....1**..---..**1....
-0-----0-----0-----0-
....1**..---..**1....
........-.-.-........
-*.....-..0..-.....*-
*.1..--..*-*..--..1.*
**...--..*-*..--...**
1.**-....1-1....-**.1
*10-*.....-.....*-01*
-*-0*.1...-...1.*0-*-
1-*1.*.*..0..*.*.1*-1
-1-*1**-..-..-**1*-1-

Generation = 40, Population = 12.
-...-..-..-..-..-...-
.-........0........-.
..--..-...-...-..--..
..--......-......--..
-...-.....-.....-...-
.....-....0....-.....
..-...-...-...-...-..
-......-..0..-......-
........-.-.-........
.........---.........
-0---0-0-----0-0---0-
.........---.........
........-.-.-........
-......-..0..-......-
..-...-...-...-...-..
.....-....0....-.....
-...-.....-.....-...-
..--......-......--..
..--..-...-...-..--..
.-........0........-.
-...-..-..-..-..-...-

Generation = 60, Population = 4.
-...-..-..-..-..-...-
.-........0........-.
..--..-...-...-..--..
..--......-......--..
-...-.....-.....-...-
.....-....-....-.....
..-...-...-...-...-..
-......-..-..-......-
........-.-.-........
.........---.........
-0-----------------0-
.........---.........
........-.-.-........
-......-..-..-......-
..-...-...-...-...-..
.....-....-....-.....
-...-.....-.....-...-
..--......-......--..
..--..-...-...-..--..
.-........0........-.
-...-..-..-..-..-...-

Generation = 80, Population = 12.
-...-..-..-..-..-...-
.-........-........-.
..--..-...-...-..--..
..--......0......--..
-...-.....-.....-...-
.....-....-....-.....
..-...-...-...-...-..
-......-..0..-......-
........-.-.-........
.........-0-.........
---0---0-0-0-0---0---
.........-0-.........
........-.-.-........
-......-..0..-......-
..-...-...-...-...-..
.....-....-....-.....
-...-.....-.....-...-
..--......0......--..
..--..-...-...-..--..
.-........-........-.
-...-..-..-..-..-...-

Generation = 100, Population = 12.
-...-..-..-..-..-...-
.-........0........-.
..--..-...-...-..--..
..--......0......--..
-...-.....-.....-...-
.....-....0....-.....
..-...-...-...-...-..
-......-..-..-......-
........-.-.-........
.........---.........
-0-0-0---------0-0-0-
.........---.........
........-.-.-........
-......-..-..-......-
..-...-...-...-...-..
.....-....0....-.....
-...-.....-.....-...-
..--......0......--..
..--..-...-...-..--..
.-........0........-.
-...-..-..-..-..-...-

Generation = 120, Population = 20.
-...-..-..-..-..-...-
.-........0........-.
..--..-...-...-..--..
..--......0......--..
-...-.....-.....-...-
.....-....0....-.....
..-...-...-...-...-..
-......-..0..-......-
........-.-.-........
.........-0-.........
-0-0-0-0-0-0-0-0-0-0-
.........-0-.........
........-.-.-........
-......-..0..-......-
..-...-...-...-...-..
.....-....0....-.....
-...-.....-.....-...-
..--......0......--..
..--..-...-...-..--..
.-........0........-.
-...-..-..-..-..-...-

Generation = 140, Population = 8.
-...-..-..-..-..-...-
.-........0........-.
..--..-...-...-..--..
..--......-......--..
-...-.....-.....-...-
.....-....-....-.....
..-...-...-...-...-..
-......-..-..-......-
........-.-.-........
.........-0-.........
-0-------0-0-------0-
.........-0-.........
........-.-.-........
-......-..-..-......-
..-...-...-...-...-..
.....-....-....-.....
-...-.....-.....-...-
..--......-......--..
..--..-...-...-..--..
.-........0........-.
-...-..-..-..-..-...-

Generation = 160, Population = 8.
-...-..-..-..-..-...-
.-........0........-.
..--..-...-...-..--..
..--......0......--..
-...-.....-.....-...-
.....-....-....-.....
..-...-...-...-...-..
-......-..-..-......-
........-.-.-........
.........---.........
-0-0-------------0-0-
.........---.........
........-.-.-........
-......-..-..-......-
..-...-...-...-...-..
.....-....-....-.....
-...-.....-.....-...-
..--......0......--..
..--..-...-...-..--..
.-........0........-.
-...-..-..-..-..-...-

Generation = 180, Population = 12.
-...-..-..-..-..-...-
.-........0........-.
..--..-...-...-..--..
..--......0......--..
-...-.....-.....-...-
.....-....-....-.....
..-...-...-...-...-..
-......-..-..-......-
........-.-.-........
.........-0-.........
-0-0-----0-0-----0-0-
.........-0-.........
........-.-.-........
-......-..-..-......-
..-...-...-...-...-..
.....-....-....-.....
-...-.....-.....-...-
..--......0......--..
..--..-...-...-..--..
.-........0........-.
-...-..-..-..-..-...-

Generation = 200, Population = 8.
-...-..-..-..-..-...-
.-........-........-.
..--..-...-...-..--..
..--......0......--..
-...-.....-.....-...-
.....-....-....-.....
..-...-...-...-...-..
-......-..0..-......-
........-.-.-........
.........---.........
---0---0-----0---0---
.........---.........
........-.-.-........
-......-..0..-......-
..-...-...-...-...-..
.....-....-....-.....
-...-.....-.....-...-
..--......0......--..
..--..-...-...-..--..
.-........-........-.
-...-..-..-..-..-...-

Generation = 220, Population = 16.
-...-..-..-..-..-...-
.-........-........-.
..--..-...-...-..--..
..--......0......--..
-...-.....-.....-...-
.....-....0....-.....
..-...-...-...-...-..
-......-..0..-......-
........-.-.-........
.........-0-.........
---0-0-0-0-0-0-0-0---
.........-0-.........
........-.-.-........
-......-..0..-......-
..-...-...-...-...-..
.....-....0....-.....
-...-.....-.....-...-
..--......0......--..
..--..-...-...-..--..
.-........-........-.
-...-..-..-..-..-...-

Generation = 240, Population = 12.
-...-..-..-..-..-...-
.-........0........-.
..--..-...-...-..--..
..--......0......--..
-...-.....-.....-...-
.....-....-....-.....
..-...-...-...-...-..
-......-..0..-......-
........-.-.-........
.........---.........
-0-0---0-----0---0-0-
.........---.........
........-.-.-........
-......-..0..-......-
..-...-...-...-...-..
.....-....-....-.....
-...-.....-.....-...-
..--......0......--..
..--..-...-...-..--..
.-........0........-.
-...-..-..-..-..-...-

Generation = 260, Population = 4.
-...-..-..-..-..-...-
.-........-........-.
..--..-...-...-..--..
..--......-......--..
-...-.....-.....-...-
.....-....0....-.....
..-...-...-...-...-..
-......-..-..-......-
........-.-.-........
.........---.........
-----0---------0-----
.........---.........
........-.-.-........
-......-..-..-......-
..-...-...-...-...-..
.....-....0....-.....
-...-.....-.....-...-
..--......-......--..
..--..-...-...-..--..
.-........-........-.
-...-..-..-..-..-...-

Generation = 280, Population = 8.
-...-..-..-..-..-...-
.-........-........-.
..--..-...-...-..--..
..--......-......--..
-...-.....-.....-...-
.....-....0....-.....
..-...-...-...-...-..
-......-..0..-......-
........-.-.-........
.........---.........
-----0-0-----0-0-----
.........---.........
........-.-.-........
-......-..0..-......-
..-...-...-...-...-..
.....-....0....-.....
-...-.....-.....-...-
..--......-......--..
..--..-...-...-..--..
.-........-........-.
-...-..-..-..-..-...-

Generation = 300, Population = 16.
-...-..-..-..-..-...-
.-........0........-.
..--..-...-...-..--..
..--......0......--..
-...-.....-.....-...-
.....-....-....-.....
..-...-...-...-...-..
-......-..0..-......-
........-.-.-........
.........-0-.........
-0-0---0-0-0-0---0-0-
.........-0-.........
........-.-.-........
-......-..0..-......-
..-...-...-...-...-..
.....-....-....-.....
-...-.....-.....-...-
..--......0......--..
..--..-...-...-..--..
.-........0........-.
-...-..-..-..-..-...-

*** Life<Cell> 11x11 ***

Generation = 0, Population = 16.
-----0-----
----000----
-----------
-----------
-0-------0-
00-------00
-0-------0-
-----------
-----------
----000----
-----0-----

Generation = 50, Population = 44.
-...***...-
.-.*...*.-.
..-*****-..
.**-...-**.
*.*.-*-.*.*
*.*.*-*.*.*
*.*.-*-.*.*
.**-...-**.
..-*****-..
.-.*...*.-.
-...***...-

Generation = 100, Population = 44.
-...***...-
.-.*...*.-.
..-*****-..
.**-...-**.
*.*.-*-.*.*
*.*.*-*.*.*
*.*.-*-.*.*
.**-...-**.
..-*****-..
.-.*...*.-.
-...***...-

Generation = 150, Population = 44.
-...***...-
.-.*...*.-.
..-*****-..
.**-...-**.
*.*.-*-.*.*
*.*.*-*.*.*
*.*.-*-.*.*
.**-...-**.
..-*****-..
.-.*...*.-.
-...***...-

Generation = 200, Population = 44.
-...***...-
.-.*...*.-.
..-*****-..
.**-...-**.
*.*.-*-.*.*
*.*.*-*.*.*
*.*.-*-.*.*
.**-...-**.
..-*****-..
.-.*...*.-.
-...***...-

Generation = 250, Population = 44.
-...***...-
.-.*...*.-.
..-*****-..
.**-...-**.
*.*.-*-.*.*
*.*.*-*.*.*
*.*.-*-.*.*
.**-...-**.
..-*****-..
.-.*...*.-.
-...***...-

Generation = 300, Population = 44.
-...***...-
.-.*...*.-.
..-*****-..
.**-...-**.
*.*.-*-.*.*
*.*.*-*.*.*
*.*.-*-.*.*
.**-...-**.
..-*****-..
.-.*...*.-.
-...***...-

Generation = 350, Population = 44.
-...***...-
.-.*...*.-.
..-*****-..
.**-...-**.
*.*.-*-.*.*
*.*.*-*.*.*
*.*.-*-.*.*
.**-...-**.
..-*****-..
.-.*...*.-.
-...***...-

Generation = 400, Population = 44.
-...***...-
.-.*...*.-.
..-*****-..
.**-...-**.
*.*.-*-.*.*
*.*.*-*.*.*
*.*.-*-.*.*
.**-...-**.
..-*****-..
.-.*...*.-.
-...***...-

Generation = 450, Population = 44.
-...***...-
.-.*...*.-.
..-*****-..
.**-...-**.
*.*.-*-.*.*
*.*.*-*.*.*
*.*.-*-.*.*
.**-...-**.
..-*****-..
.-.*...*.-.
-...***...-

Generation = 500, Population = 44.
-...***...-
.-.*...*.-.
..-*****-..
.**-...-**.
*.*.-*-.*.*
*.*.*-*.*.*
*.*.-*-.*.*
.**-...-**.
..-*****-..
.-.*...*.-.
-...***...-
