*** Life<Cell> 9x9 ***

Generation = 0, Population = 3.
---------
---------
---------
---------
---000---
---------
---------
---------
---------

Generation = 1, Population = 10.
---------
---------
---------
---000---
--01-10--
---000---
---------
---------
---------

Generation = 2, Population = 12.
---------
---------
---000---
---------
-01*-*10-
---------
---000---
---------
---------

Generation = 3, Population = 28.
---------
---000---
--01-10--
-00-0-00-
01-.-.-10
-00-0-00-
--01-10--
---000---
---------

*** Life<Cell> 5x5 ***

Generation = 0, Population = 7.
0-00-
-0-00
-----
-----
----0

Generation = 1, Population = 9.
-01--
--0-1
-0-00
----0
---0-

Generation = 2, Population = 16.
01-00
-010*
0-011
-0-01
--0--

Generation = 3, Population = 6.
1-1--
0-*-.
----*
-----
----0

Generation = 4, Population = 9.
*-*0-
1-.0.
0-01.
-----
---0-

Generation = 5, Population = 10.
.-*-0
-0.-*
1-1-.
0-0--
--0-0

Generation = 6, Population = 13.
.-.-1
--*0.
*0*1.
1--01
001--

Generation = 7, Population = 9.
.-.--
1-.-*
*-.*.
-00-*
--*-0

Generation = 8, Population = 12.
.-.-1
*0.-.
*-***
-1-0*
--*-1

Generation = 9, Population = 12.
.1.0-
*1*0*
*-..*
----.
--*0*

Generation = 10, Population = 15.
**.1-
**.1*
*-*.*
1-00*
-0.-.

*** Life<Cell> 30x30 ***

Generation = 0, Population = 5.
-------------------0----------
-----------------00-----------
------------------00----------
------------------------------
------------------------------
------------------------------
------------------------------
------------------------------
------------------------------
------------------------------
------------------------------
------------------------------
------------------------------
------------------------------
------------------------------
------------------------------
------------------------------
------------------------------
------------------------------
------------------------------
------------------------------
------------------------------
------------------------------
------------------------------
------------------------------
------------------------------
------------------------------
------------------------------
------------------------------
------------------------------

Generation = 1, Population = 9.
-----------------0--0---------
----------------01-0----------
-------------------10---------
------------------00----------
------------------------------
------------------------------
------------------------------
------------------------------
------------------------------
------------------------------
------------------------------
------------------------------
------------------------------
------------------------------
------------------------------
------------------------------
------------------------------
------------------------------
------------------------------
------------------------------
------------------------------
------------------------------
------------------------------
------------------------------
------------------------------
------------------------------
------------------------------
------------------------------
------------------------------
------------------------------

Generation = 2, Population = 16.
-----------------10--0--------
---------------01--10---------
----------------00-*10--------
-----------------01-----------
------------------00----------
------------------------------
------------------------------
------------------------------
------------------------------
------------------------------
------------------------------
------------------------------
------------------------------
------------------------------
------------------------------
------------------------------
------------------------------
------------------------------
------------------------------
------------------------------
------------------------------
------------------------------
------------------------------
------------------------------
------------------------------
------------------------------
------------------------------
------------------------------
------------------------------
------------------------------

Generation = 3, Population = 19.
---------------0-*1---0-------
--------------01-1---0--------
------------------0.*10-------
-------------------000--------
-------------------10---------
------------------00----------
------------------------------
------------------------------
------------------------------
------------------------------
------------------------------
------------------------------
------------------------------
------------------------------
------------------------------
------------------------------
------------------------------
------------------------------
------------------------------
------------------------------
------------------------------
------------------------------
------------------------------
------------------------------
------------------------------
------------------------------
------------------------------
------------------------------
------------------------------
------------------------------

Generation = 4, Population = 20.
---------------1-**0---0------
-------------01--*0--10-------
--------------00---..-10------
------------------------------
-------------------*----------
-----------------01-----------
------------------00----------
------------------------------
------------------------------
------------------------------
------------------------------
------------------------------
------------------------------
------------------------------
------------------------------
------------------------------
------------------------------
------------------------------
------------------------------
------------------------------
------------------------------
------------------------------
------------------------------
------------------------------
------------------------------
------------------------------
------------------------------
------------------------------
------------------------------
------------------------------

Generation = 5, Population = 34.
-------------0---*.100--0-----
------------01-11*--0*-0------
---------------1000..--10-----
--------------00---0--00------
-----------------0-.0---------
----------------01-0----------
-------------------10---------
------------------00----------
------------------------------
------------------------------
------------------------------
------------------------------
------------------------------
------------------------------
------------------------------
------------------------------
------------------------------
------------------------------
------------------------------
------------------------------
------------------------------
------------------------------
------------------------------
------------------------------
------------------------------
------------------------------
------------------------------
------------------------------
------------------------------
------------------------------

Generation = 6, Population = 52.
-------------101-***1-0--0----
-----------01---*.---*-10-----
------------00-*111**1-*10----
-------------01------01-------
--------------00-10*-000------
---------------01--10---------
----------------00-*10--------
-----------------01-----------
------------------00----------
------------------------------
------------------------------
------------------------------
------------------------------
------------------------------
------------------------------
------------------------------
------------------------------
------------------------------
------------------------------
------------------------------
------------------------------
------------------------------
------------------------------
------------------------------
------------------------------
------------------------------
------------------------------
------------------------------
------------------------------
------------------------------

Generation = 7, Population = 56.
-----------0-*-*0****0----0---
----------01-111..--0.0--0----
--------------0**--*.*1.*10---
---------------00----1-000----
----------------0*-*0-110-----
-----------------1-*-000------
------------------0.*10-------
-------------------000--------
-------------------10---------
------------------00----------
------------------------------
------------------------------
------------------------------
------------------------------
------------------------------
------------------------------
------------------------------
------------------------------
------------------------------
------------------------------
------------------------------
------------------------------
------------------------------
------------------------------
------------------------------
------------------------------
------------------------------
------------------------------
------------------------------
------------------------------

*** Life<Cell> 7x7 ***

Generation = 0, Population = 7.
-00000-
-0-----
-------
-------
-------
-------
------0

Generation = 1, Population = 11.
0----10
01-000-
-0-----
-------
-------
------0
-----0-

Generation = 2, Population = 12.
1--0--1
---1---
-10000-
-0-----
------0
-------
----0--

Generation = 3, Population = 25.
-00101-
01---00
0--1-10
01-0000
-0---0-
----0-0
---0-0-

Generation = 4, Population = 16.
-------
-----1-
-10*0*1
-------
-100010
-0-----
--0-0--

Generation = 5, Population = 19.
-----1-
-101-*-
0*-*-**
-------
0-----1
0100-00
-----0-

Generation = 6, Population = 27.
-0010*1
-----*-
1*0*-**
-1-0-0-
1-00--*
---1---
000001-

Generation = 7, Population = 27.
11---**
0----.0
**-*-**
0*---10
-1110-.
-10--00
1--1-*0

*** Life<Cell> 10x10 ***

Generation = 0, Population = 60.
0000000000
0000000000
0000000000
0000000000
0000000000
0000000000
----------
----------
----------
----------

Generation = 2, Population = 50.
-*------*-
*-000000-*
-0------0-
-0------0-
*-000000-*
0-******-0
1111111111
0000000000
----------
----------

Generation = 4, Population = 64.
-*1*--*1*-
*--0--0--*
-*0-11-0*-
---1--1---
*1--**--1*
0-..**..-0
*.-1111-.*
0********0
1111111111
0000000000

