*** Life<ConwayCell> 4x4 ***

Generation = 0, Population = 4.
....
.**.
.**.
....

Generation = 1, Population = 4.
....
.**.
.**.
....

*** Life<ConwayCell> 5x5 ***

Generation = 0, Population = 3.
.....
.....
.***.
.....
.....

Generation = 1, Population = 3.
.....
..*..
..*..
..*..
.....

Generation = 2, Population = 3.
.....
.....
.***.
.....
.....

*** Life<ConwayCell> 1x1 ***

Generation = 0, Population = 1.
*

Generation = 1, Population = 0.
.

Generation = 2, Population = 0.
.

Generation = 3, Population = 0.
.

Generation = 4, Population = 0.
.

Generation = 5, Population = 0.
.

*** Life<ConwayCell> 5x5 ***

Generation = 0, Population = 9.
*...*
.*.*.
..*..
.*.*.
*...*

Generation = 1, Population = 8.
.....
.***.
.*.*.
.***.
.....

Generation = 2, Population = 8.
..*..
.*.*.
*...*
.*.*.
..*..

Generation = 3, Population = 12.
..*..
.***.
**.**
.***.
..*..

Generation = 4, Population = 12.
.***.
*...*
*...*
*...*
.***.

Generation = 5, Population = 16.
.***.
*.*.*
**.**
*.*.*
.***.

*** Life<ConwayCell> 3x3 ***

Generation = 0, Population = 9.
***
***
***

Generation = 1, Population = 4.
*.*
...
*.*

Generation = 2, Population = 0.
...
...
...

Generation = 3, Population = 0.
...
...
...

*** Life<ConwayCell> 1x10 ***

Generation = 0, Population = 2.
*........*

Generation = 3, Population = 0.
..........

Generation = 6, Population = 0.
..........

Generation = 9, Population = 0.
..........

*** Life<ConwayCell> 8x8 ***

Generation = 0, Population = 14.
*....*..
.*.**...
....*.*.
......**
........
..*.....
...**...
.....**.

Generation = 2, Population = 13.
...**...
........
...*...*
....**.*
......*.
...*....
...*.*..
...*.*..

Generation = 4, Population = 10.
........
...***..
......*.
...*...*
...*..*.
....*...
...*....
........

*** Life<ConwayCell> 9x9 ***

Generation = 0, Population = 12.
....*....
....*....
....*....
.........
***...***
.........
....*....
....*....
....*....

Generation = 1, Population = 12.
.........
...***...
.........
.*.....*.
.*.....*.
.*.....*.
.........
...***...
.........

Generation = 2, Population = 12.
....*....
....*....
....*....
.........
***...***
.........
....*....
....*....
....*....

Generation = 3, Population = 12.
.........
...***...
.........
.*.....*.
.*.....*.
.*.....*.
.........
...***...
.........

Generation = 4, Population = 12.
....*....
....*....
....*....
.........
***...***
.........
....*....
....*....
....*....

Generation = 5, Population = 12.
.........
...***...
.........
.*.....*.
.*.....*.
.*.....*.
.........
...***...
.........

Generation = 6, Population = 12.
....*....
....*....
....*....
.........
***...***
.........
....*....
....*....
....*....

Generation = 7, Population = 12.
.........
...***...
.........
.*.....*.
.*.....*.
.*.....*.
.........
...***...
.........

Generation = 8, Population = 12.
....*....
....*....
....*....
.........
***...***
.........
....*....
....*....
....*....

Generation = 9, Population = 12.
.........
...***...
.........
.*.....*.
.*.....*.
.*.....*.
.........
...***...
.........

Generation = 10, Population = 12.
....*....
....*....
....*....
.........
***...***
.........
....*....
....*....
....*....

*** Life<ConwayCell> 20x20 ***

Generation = 0, Population = 5.
...................*
.................**.
..................**
....................
....................
....................
....................
....................
....................
....................
....................
....................
....................
....................
....................
....................
....................
....................
....................
....................

Generation = 2, Population = 5.
....................
.................*.*
.................**.
..................*.
....................
....................
....................
....................
....................
....................
....................
....................
....................
....................
....................
....................
....................
....................
....................
....................

Generation = 4, Population = 5.
....................
..................*.
................**..
.................**.
....................
....................
....................
....................
....................
....................
....................
....................
....................
....................
....................
....................
....................
....................
....................
....................

Generation = 6, Population = 5.
....................
....................
................*.*.
................**..
.................*..
....................
....................
....................
....................
....................
....................
....................
....................
....................
....................
....................
....................
....................
....................
....................

Generation = 8, Population = 5.
....................
....................
.................*..
...............**...
................**..
....................
....................
....................
....................
....................
....................
....................
....................
....................
....................
....................
....................
....................
....................
....................

Generation = 10, Population = 5.
....................
....................
....................
...............*.*..
...............**...
................*...
....................
....................
....................
....................
....................
....................
....................
....................
....................
....................
....................
....................
....................
....................

Generation = 12, Population = 5.
....................
....................
....................
................*...
..............**....
...............**...
....................
....................
....................
....................
....................
....................
....................
....................
....................
....................
....................
....................
....................
....................

Generation = 14, Population = 5.
....................
....................
....................
....................
..............*.*...
..............**....
...............*....
....................
....................
....................
....................
....................
....................
....................
....................
....................
....................
....................
....................
....................

Generation = 16, Population = 5.
....................
....................
....................
....................
...............*....
.............**.....
..............**....
....................
....................
....................
....................
....................
....................
....................
....................
....................
....................
....................
....................
....................

Generation = 18, Population = 5.
....................
....................
....................
....................
....................
.............*.*....
.............**.....
..............*.....
....................
....................
....................
....................
....................
....................
....................
....................
....................
....................
....................
....................

Generation = 20, Population = 5.
....................
....................
....................
....................
....................
..............*.....
............**......
.............**.....
....................
....................
....................
....................
....................
....................
....................
....................
....................
....................
....................
....................

*** Life<ConwayCell> 2x2 ***

Generation = 0, Population = 4.
**
**

Generation = 2, Population = 4.
**
**

