*** Life<FredkinCell> 9x9 ***

Generation = 0, Population = 3.
---------
---------
---------
---------
---000---
---------
---------
---------
---------

Generation = 1, Population = 10.
---------
---------
---------
---000---
--01-10--
---000---
---------
---------
---------

Generation = 2, Population = 12.
---------
---------
---000---
---------
-012-210-
---------
---000---
---------
---------

Generation = 3, Population = 30.
---------
---000---
--01-10--
-00-0-00-
01-3-3-10
-00-0-00-
--01-10--
---000---
---------

*** Life<FredkinCell> 10x10 ***

Generation = 0, Population = 4.
----------
----------
----------
----------
----00----
----00----
----------
----------
----------
----------

Generation = 1, Population = 8.
----------
----------
----------
----00----
---0--0---
---0--0---
----00----
----------
----------
----------

Generation = 2, Population = 16.
----------
----------
----00----
----11----
--01--10--
--01--10--
----11----
----00----
----------
----------

Generation = 3, Population = 16.
----------
----00----
---0--0---
--0----0--
-0------0-
-0------0-
--0----0--
---0--0---
----00----
----------

*** Life<FredkinCell> 5x5 ***

Generation = 0, Population = 9.
0---0
-0-0-
--0--
-0-0-
0---0

Generation = 1, Population = 4.
-----
--0--
-0-0-
--0--
-----

Generation = 2, Population = 4.
--0--
-----
0---0
-----
--0--

Generation = 3, Population = 12.
-0-0-
0-0-0
-0-0-
0-0-0
-0-0-

Generation = 4, Population = 4.
--0--
-----
0---0
-----
--0--

Generation = 5, Population = 12.
-0-0-
0-0-0
-0-0-
0-0-0
-0-0-

*** Life<FredkinCell> 9x9 ***

Generation = 0, Population = 12.
----0----
----0----
----0----
---------
000---000
---------
----0----
----0----
----0----

Generation = 1, Population = 36.
---010---
---0-0---
---010---
000-0-000
1-10-01-1
000-0-000
---010---
---0-0---
---010---

Generation = 2, Population = 24.
--0---0--
--0---0--
00--2--00
----1----
--21-12--
----1----
00--2--00
--0---0--
--0---0--

Generation = 3, Population = 60.
-010-010-
0-10001-0
11-030-11
000-2-000
-032-230-
000-2-000
11-030-11
0-10001-0
-010-010-

Generation = 4, Population = 28.
-12-1-21-
1---1---1
2-------2
----3----
11-3-3-11
----3----
2-------2
1---1---1
-12-1-21-

Generation = 5, Population = 40.
-23-2-32-
2-10201-2
31-----13
-0-----0-
22-----22
-0-----0-
31-----13
2-10201-2
-23-2-32-

Generation = 6, Population = 36.
-3-030-3-
3---3---3
---030---
0-0---0-0
333---333
0-0---0-0
---030---
3---3---3
-3-030-3-

Generation = 7, Population = 36.
---141---
---0-0---
---141---
101-3-101
4-43-34-4
101-3-101
---141---
---0-0---
---141---

Generation = 8, Population = 24.
--3---3--
--1---1--
31--5--13
----4----
--54-45--
----4----
31--5--13
--1---1--
--3---3--

Generation = 9, Population = 60.
-341-143-
3-20302-3
42-161-24
101-5-101
-365-563-
101-5-101
42-161-24
3-20302-3
-341-143-

Generation = 10, Population = 28.
-45-4-54-
4---4---4
5-------5
----6----
44-6-6-44
----6----
5-------5
4---4---4
-45-4-54-

*** Life<FredkinCell> 1x1 ***

Generation = 0, Population = 1.
0

Generation = 1, Population = 0.
-

Generation = 2, Population = 0.
-

Generation = 3, Population = 0.
-

Generation = 4, Population = 0.
-

Generation = 5, Population = 0.
-

*** Life<FredkinCell> 7x7 ***

Generation = 0, Population = 17.
00-00--
--0---0
-----00
---0---
-0-00--
0-0-0--
----00-

Generation = 1, Population = 28.
1101100
0---0-1
--0001-
-001-00
--0--0-
-0-0---
0-00-10

Generation = 2, Population = 25.
----2--
1--0--2
0--11-0
01--011
-01001-
---10-0
-01--21

Generation = 3, Population = 23.
1----00
2001003
--0--1-
---112-
---1--0
--0---1
012--3-

*** Life<FredkinCell> 6x6 ***

Generation = 0, Population = 5.
------
------
---0--
--000-
---0--
------

Generation = 2, Population = 18.
---0--
--010-
-0-2-0
012-21
-0-2-0
--010-

Generation = 4, Population = 8.
------
------
-----2
----43
---4-2
--232-

*** Life<FredkinCell> 72x72 ***

Generation = 0, Population = 12.
------------------------------------------------------------------------
------------------------------------------------------------------------
------------------------------------------------------------------------
------------------------------------------------------------------------
------------------------------------------------------------------------
------------------------------------------------------------------------
------------------------------------------------------------------------
------------------------------------------------------------------------
------------------------------------------------------------------------
------------------------------------------------------------------------
------------------------------------------------------------------------
------------------------------------------------------------------------
------------------------------------------------------------------------
------------------------------------------------------------------------
------------------------------------------------------------------------
------------------------------------------------------------------------
------------------------------------------------------------------------
------------------------------------------------------------------------
------------------------------------------------------------------------
------------------------------------------------------------------------
------------------------------------------------------------------------
------------------------------------------------------------------------
-------------------------------------0-0-0------------------------------
-------------------------------------0---0------------------------------
-------------------------------------0---0------------------------------
-------------------------------------0---0------------------------------
-------------------------------------0-0-0------------------------------
------------------------------------------------------------------------
------------------------------------------------------------------------
------------------------------------------------------------------------
------------------------------------------------------------------------
------------------------------------------------------------------------
------------------------------------------------------------------------
------------------------------------------------------------------------
------------------------------------------------------------------------
------------------------------------------------------------------------
------------------------------------------------------------------------
------------------------------------------------------------------------
------------------------------------------------------------------------
------------------------------------------------------------------------
------------------------------------------------------------------------
------------------------------------------------------------------------
------------------------------------------------------------------------
------------------------------------------------------------------------
------------------------------------------------------------------------
------------------------------------------------------------------------
------------------------------------------------------------------------
------------------------------------------------------------------------
------------------------------------------------------------------------
------------------------------------------------------------------------
------------------------------------------------------------------------
------------------------------------------------------------------------
------------------------------------------------------------------------
------------------------------------------------------------------------
------------------------------------------------------------------------
------------------------------------------------------------------------
------------------------------------------------------------------------
------------------------------------------------------------------------
------------------------------------------------------------------------
------------------------------------------------------------------------
------------------------------------------------------------------------
------------------------------------------------------------------------
------------------------------------------------------------------------
------------------------------------------------------------------------
------------------------------------------------------------------------
------------------------------------------------------------------------
------------------------------------------------------------------------
------------------------------------------------------------------------
------------------------------------------------------------------------
------------------------------------------------------------------------
------------------------------------------------------------------------
------------------------------------------------------------------------

Generation = 1, Population = 28.
------------------------------------------------------------------------
------------------------------------------------------------------------
------------------------------------------------------------------------
------------------------------------------------------------------------
------------------------------------------------------------------------
------------------------------------------------------------------------
------------------------------------------------------------------------
------------------------------------------------------------------------
------------------------------------------------------------------------
------------------------------------------------------------------------
------------------------------------------------------------------------
------------------------------------------------------------------------
------------------------------------------------------------------------
------------------------------------------------------------------------
------------------------------------------------------------------------
------------------------------------------------------------------------
------------------------------------------------------------------------
------------------------------------------------------------------------
------------------------------------------------------------------------
------------------------------------------------------------------------
------------------------------------------------------------------------
-------------------------------------0-0-0------------------------------
------------------------------------01---10-----------------------------
------------------------------------0-000-0-----------------------------
------------------------------------0-0-0-0-----------------------------
------------------------------------0-000-0-----------------------------
------------------------------------01---10-----------------------------
-------------------------------------0-0-0------------------------------
------------------------------------------------------------------------
------------------------------------------------------------------------
------------------------------------------------------------------------
------------------------------------------------------------------------
------------------------------------------------------------------------
------------------------------------------------------------------------
------------------------------------------------------------------------
------------------------------------------------------------------------
------------------------------------------------------------------------
------------------------------------------------------------------------
------------------------------------------------------------------------
------------------------------------------------------------------------
------------------------------------------------------------------------
------------------------------------------------------------------------
------------------------------------------------------------------------
------------------------------------------------------------------------
------------------------------------------------------------------------
------------------------------------------------------------------------
------------------------------------------------------------------------
------------------------------------------------------------------------
------------------------------------------------------------------------
------------------------------------------------------------------------
------------------------------------------------------------------------
------------------------------------------------------------------------
------------------------------------------------------------------------
------------------------------------------------------------------------
------------------------------------------------------------------------
------------------------------------------------------------------------
------------------------------------------------------------------------
------------------------------------------------------------------------
------------------------------------------------------------------------
------------------------------------------------------------------------
------------------------------------------------------------------------
------------------------------------------------------------------------
------------------------------------------------------------------------
------------------------------------------------------------------------
------------------------------------------------------------------------
------------------------------------------------------------------------
------------------------------------------------------------------------
------------------------------------------------------------------------
------------------------------------------------------------------------
------------------------------------------------------------------------
------------------------------------------------------------------------
------------------------------------------------------------------------

Generation = 2, Population = 24.
------------------------------------------------------------------------
------------------------------------------------------------------------
------------------------------------------------------------------------
------------------------------------------------------------------------
------------------------------------------------------------------------
------------------------------------------------------------------------
------------------------------------------------------------------------
------------------------------------------------------------------------
------------------------------------------------------------------------
------------------------------------------------------------------------
------------------------------------------------------------------------
------------------------------------------------------------------------
------------------------------------------------------------------------
------------------------------------------------------------------------
------------------------------------------------------------------------
------------------------------------------------------------------------
------------------------------------------------------------------------
------------------------------------------------------------------------
------------------------------------------------------------------------
------------------------------------------------------------------------
-------------------------------------0-0-0------------------------------
-------------------------------------1---1------------------------------
-----------------------------------0-------0----------------------------
-----------------------------------0-0---0-0----------------------------
-----------------------------------0-------0----------------------------
-----------------------------------0-0---0-0----------------------------
-----------------------------------0-------0----------------------------
-------------------------------------1---1------------------------------
-------------------------------------0-0-0------------------------------
------------------------------------------------------------------------
------------------------------------------------------------------------
------------------------------------------------------------------------
------------------------------------------------------------------------
------------------------------------------------------------------------
------------------------------------------------------------------------
------------------------------------------------------------------------
------------------------------------------------------------------------
------------------------------------------------------------------------
------------------------------------------------------------------------
------------------------------------------------------------------------
------------------------------------------------------------------------
------------------------------------------------------------------------
------------------------------------------------------------------------
------------------------------------------------------------------------
------------------------------------------------------------------------
------------------------------------------------------------------------
------------------------------------------------------------------------
------------------------------------------------------------------------
------------------------------------------------------------------------
------------------------------------------------------------------------
------------------------------------------------------------------------
------------------------------------------------------------------------
------------------------------------------------------------------------
------------------------------------------------------------------------
------------------------------------------------------------------------
------------------------------------------------------------------------
------------------------------------------------------------------------
------------------------------------------------------------------------
------------------------------------------------------------------------
------------------------------------------------------------------------
------------------------------------------------------------------------
------------------------------------------------------------------------
------------------------------------------------------------------------
------------------------------------------------------------------------
------------------------------------------------------------------------
------------------------------------------------------------------------
------------------------------------------------------------------------
------------------------------------------------------------------------
------------------------------------------------------------------------
------------------------------------------------------------------------
------------------------------------------------------------------------
------------------------------------------------------------------------

Generation = 3, Population = 56.
------------------------------------------------------------------------
------------------------------------------------------------------------
------------------------------------------------------------------------
------------------------------------------------------------------------
------------------------------------------------------------------------
------------------------------------------------------------------------
------------------------------------------------------------------------
------------------------------------------------------------------------
------------------------------------------------------------------------
------------------------------------------------------------------------
------------------------------------------------------------------------
------------------------------------------------------------------------
------------------------------------------------------------------------
------------------------------------------------------------------------
------------------------------------------------------------------------
------------------------------------------------------------------------
------------------------------------------------------------------------
------------------------------------------------------------------------
------------------------------------------------------------------------
-------------------------------------0-0-0------------------------------
------------------------------------01---10-----------------------------
-----------------------------------002000200----------------------------
----------------------------------010-----010---------------------------
----------------------------------0---0-0---0---------------------------
----------------------------------0-0-----0-0---------------------------
----------------------------------0---0-0---0---------------------------
----------------------------------010-----010---------------------------
-----------------------------------002000200----------------------------
------------------------------------01---10-----------------------------
-------------------------------------0-0-0------------------------------
------------------------------------------------------------------------
------------------------------------------------------------------------
------------------------------------------------------------------------
------------------------------------------------------------------------
------------------------------------------------------------------------
------------------------------------------------------------------------
------------------------------------------------------------------------
------------------------------------------------------------------------
------------------------------------------------------------------------
------------------------------------------------------------------------
------------------------------------------------------------------------
------------------------------------------------------------------------
------------------------------------------------------------------------
------------------------------------------------------------------------
------------------------------------------------------------------------
------------------------------------------------------------------------
------------------------------------------------------------------------
------------------------------------------------------------------------
------------------------------------------------------------------------
------------------------------------------------------------------------
------------------------------------------------------------------------
------------------------------------------------------------------------
------------------------------------------------------------------------
------------------------------------------------------------------------
------------------------------------------------------------------------
------------------------------------------------------------------------
------------------------------------------------------------------------
------------------------------------------------------------------------
------------------------------------------------------------------------
------------------------------------------------------------------------
------------------------------------------------------------------------
------------------------------------------------------------------------
------------------------------------------------------------------------
------------------------------------------------------------------------
------------------------------------------------------------------------
------------------------------------------------------------------------
------------------------------------------------------------------------
------------------------------------------------------------------------
------------------------------------------------------------------------
------------------------------------------------------------------------
------------------------------------------------------------------------
------------------------------------------------------------------------

Generation = 4, Population = 40.
------------------------------------------------------------------------
------------------------------------------------------------------------
------------------------------------------------------------------------
------------------------------------------------------------------------
------------------------------------------------------------------------
------------------------------------------------------------------------
------------------------------------------------------------------------
------------------------------------------------------------------------
------------------------------------------------------------------------
------------------------------------------------------------------------
------------------------------------------------------------------------
------------------------------------------------------------------------
------------------------------------------------------------------------
------------------------------------------------------------------------
------------------------------------------------------------------------
------------------------------------------------------------------------
------------------------------------------------------------------------
------------------------------------------------------------------------
-------------------------------------0-0-0------------------------------
-------------------------------------1---1------------------------------
-------------------------------------2---2------------------------------
-------------------------------------3---3------------------------------
---------------------------------0-2---0---2-0--------------------------
---------------------------------0---0---0---0--------------------------
---------------------------------0---0---0---0--------------------------
---------------------------------0---0---0---0--------------------------
---------------------------------0-2---0---2-0--------------------------
-------------------------------------3---3------------------------------
-------------------------------------2---2------------------------------
-------------------------------------1---1------------------------------
-------------------------------------0-0-0------------------------------
------------------------------------------------------------------------
------------------------------------------------------------------------
------------------------------------------------------------------------
------------------------------------------------------------------------
------------------------------------------------------------------------
------------------------------------------------------------------------
------------------------------------------------------------------------
------------------------------------------------------------------------
------------------------------------------------------------------------
------------------------------------------------------------------------
------------------------------------------------------------------------
------------------------------------------------------------------------
------------------------------------------------------------------------
------------------------------------------------------------------------
------------------------------------------------------------------------
------------------------------------------------------------------------
------------------------------------------------------------------------
------------------------------------------------------------------------
------------------------------------------------------------------------
------------------------------------------------------------------------
------------------------------------------------------------------------
------------------------------------------------------------------------
------------------------------------------------------------------------
------------------------------------------------------------------------
------------------------------------------------------------------------
------------------------------------------------------------------------
------------------------------------------------------------------------
------------------------------------------------------------------------
------------------------------------------------------------------------
------------------------------------------------------------------------
------------------------------------------------------------------------
------------------------------------------------------------------------
------------------------------------------------------------------------
------------------------------------------------------------------------
------------------------------------------------------------------------
------------------------------------------------------------------------
------------------------------------------------------------------------
------------------------------------------------------------------------
------------------------------------------------------------------------
------------------------------------------------------------------------
------------------------------------------------------------------------

Generation = 5, Population = 104.
------------------------------------------------------------------------
------------------------------------------------------------------------
------------------------------------------------------------------------
------------------------------------------------------------------------
------------------------------------------------------------------------
------------------------------------------------------------------------
------------------------------------------------------------------------
------------------------------------------------------------------------
------------------------------------------------------------------------
------------------------------------------------------------------------
------------------------------------------------------------------------
------------------------------------------------------------------------
------------------------------------------------------------------------
------------------------------------------------------------------------
------------------------------------------------------------------------
------------------------------------------------------------------------
------------------------------------------------------------------------
-------------------------------------0-0-0------------------------------
------------------------------------01---10-----------------------------
------------------------------------0-000-0-----------------------------
------------------------------------0-0-0-0-----------------------------
---------------------------------0-004000400-0--------------------------
--------------------------------01--0-0-0-0--10-------------------------
--------------------------------0-00010001000-0-------------------------
--------------------------------0-0-0-0-0-0-0-0-------------------------
--------------------------------0-00010001000-0-------------------------
--------------------------------01--0-0-0-0--10-------------------------
---------------------------------0-004000400-0--------------------------
------------------------------------0-0-0-0-----------------------------
------------------------------------0-000-0-----------------------------
------------------------------------01---10-----------------------------
-------------------------------------0-0-0------------------------------
------------------------------------------------------------------------
------------------------------------------------------------------------
------------------------------------------------------------------------
------------------------------------------------------------------------
------------------------------------------------------------------------
------------------------------------------------------------------------
------------------------------------------------------------------------
------------------------------------------------------------------------
------------------------------------------------------------------------
------------------------------------------------------------------------
------------------------------------------------------------------------
------------------------------------------------------------------------
------------------------------------------------------------------------
------------------------------------------------------------------------
------------------------------------------------------------------------
------------------------------------------------------------------------
------------------------------------------------------------------------
------------------------------------------------------------------------
------------------------------------------------------------------------
------------------------------------------------------------------------
------------------------------------------------------------------------
------------------------------------------------------------------------
------------------------------------------------------------------------
------------------------------------------------------------------------
------------------------------------------------------------------------
------------------------------------------------------------------------
------------------------------------------------------------------------
------------------------------------------------------------------------
------------------------------------------------------------------------
------------------------------------------------------------------------
------------------------------------------------------------------------
------------------------------------------------------------------------
------------------------------------------------------------------------
------------------------------------------------------------------------
------------------------------------------------------------------------
------------------------------------------------------------------------
------------------------------------------------------------------------
------------------------------------------------------------------------
------------------------------------------------------------------------
------------------------------------------------------------------------

Generation = 6, Population = 56.
------------------------------------------------------------------------
------------------------------------------------------------------------
------------------------------------------------------------------------
------------------------------------------------------------------------
------------------------------------------------------------------------
------------------------------------------------------------------------
------------------------------------------------------------------------
------------------------------------------------------------------------
------------------------------------------------------------------------
------------------------------------------------------------------------
------------------------------------------------------------------------
------------------------------------------------------------------------
------------------------------------------------------------------------
------------------------------------------------------------------------
------------------------------------------------------------------------
------------------------------------------------------------------------
-------------------------------------0-0-0------------------------------
-------------------------------------1---1------------------------------
-----------------------------------0-------0----------------------------
-----------------------------------0-1---1-0----------------------------
---------------------------------0---2---2---0--------------------------
---------------------------------1-1-------1-1--------------------------
-------------------------------0---2-------2---0------------------------
-------------------------------0-0-----------0-0------------------------
-------------------------------0---------------0------------------------
-------------------------------0-0-----------0-0------------------------
-------------------------------0---2-------2---0------------------------
---------------------------------1-1-------1-1--------------------------
---------------------------------0---2---2---0--------------------------
-----------------------------------0-1---1-0----------------------------
-----------------------------------0-------0----------------------------
-------------------------------------1---1------------------------------
-------------------------------------0-0-0------------------------------
------------------------------------------------------------------------
------------------------------------------------------------------------
------------------------------------------------------------------------
------------------------------------------------------------------------
------------------------------------------------------------------------
------------------------------------------------------------------------
------------------------------------------------------------------------
------------------------------------------------------------------------
------------------------------------------------------------------------
------------------------------------------------------------------------
------------------------------------------------------------------------
------------------------------------------------------------------------
------------------------------------------------------------------------
------------------------------------------------------------------------
------------------------------------------------------------------------
------------------------------------------------------------------------
------------------------------------------------------------------------
------------------------------------------------------------------------
------------------------------------------------------------------------
------------------------------------------------------------------------
------------------------------------------------------------------------
------------------------------------------------------------------------
------------------------------------------------------------------------
------------------------------------------------------------------------
------------------------------------------------------------------------
------------------------------------------------------------------------
------------------------------------------------------------------------
------------------------------------------------------------------------
------------------------------------------------------------------------
------------------------------------------------------------------------
------------------------------------------------------------------------
------------------------------------------------------------------------
------------------------------------------------------------------------
------------------------------------------------------------------------
------------------------------------------------------------------------
------------------------------------------------------------------------
------------------------------------------------------------------------
------------------------------------------------------------------------
------------------------------------------------------------------------

Generation = 7, Population = 152.
------------------------------------------------------------------------
------------------------------------------------------------------------
------------------------------------------------------------------------
------------------------------------------------------------------------
------------------------------------------------------------------------
------------------------------------------------------------------------
------------------------------------------------------------------------
------------------------------------------------------------------------
------------------------------------------------------------------------
------------------------------------------------------------------------
------------------------------------------------------------------------
------------------------------------------------------------------------
------------------------------------------------------------------------
------------------------------------------------------------------------
------------------------------------------------------------------------
-------------------------------------0-0-0------------------------------
------------------------------------01---10-----------------------------
-----------------------------------002000200----------------------------
----------------------------------010-----010---------------------------
---------------------------------001-20-02-100--------------------------
--------------------------------010-030-030-010-------------------------
-------------------------------002-204---402-200------------------------
------------------------------010-030-----030-010-----------------------
------------------------------0---00-------00---0-----------------------
------------------------------0-0-------------0-0-----------------------
------------------------------0---00-------00---0-----------------------
------------------------------010-030-----030-010-----------------------
-------------------------------002-204---402-200------------------------
--------------------------------010-030-030-010-------------------------
---------------------------------001-20-02-100--------------------------
----------------------------------010-----010---------------------------
-----------------------------------002000200----------------------------
------------------------------------01---10-----------------------------
-------------------------------------0-0-0------------------------------
------------------------------------------------------------------------
------------------------------------------------------------------------
------------------------------------------------------------------------
------------------------------------------------------------------------
------------------------------------------------------------------------
------------------------------------------------------------------------
------------------------------------------------------------------------
------------------------------------------------------------------------
------------------------------------------------------------------------
------------------------------------------------------------------------
------------------------------------------------------------------------
------------------------------------------------------------------------
------------------------------------------------------------------------
------------------------------------------------------------------------
------------------------------------------------------------------------
------------------------------------------------------------------------
------------------------------------------------------------------------
------------------------------------------------------------------------
------------------------------------------------------------------------
------------------------------------------------------------------------
------------------------------------------------------------------------
------------------------------------------------------------------------
------------------------------------------------------------------------
------------------------------------------------------------------------
------------------------------------------------------------------------
------------------------------------------------------------------------
------------------------------------------------------------------------
------------------------------------------------------------------------
------------------------------------------------------------------------
------------------------------------------------------------------------
------------------------------------------------------------------------
------------------------------------------------------------------------
------------------------------------------------------------------------
------------------------------------------------------------------------
------------------------------------------------------------------------
------------------------------------------------------------------------
------------------------------------------------------------------------
------------------------------------------------------------------------

Generation = 8, Population = 48.
------------------------------------------------------------------------
------------------------------------------------------------------------
------------------------------------------------------------------------
------------------------------------------------------------------------
------------------------------------------------------------------------
------------------------------------------------------------------------
------------------------------------------------------------------------
------------------------------------------------------------------------
------------------------------------------------------------------------
------------------------------------------------------------------------
------------------------------------------------------------------------
------------------------------------------------------------------------
------------------------------------------------------------------------
------------------------------------------------------------------------
-------------------------------------0-0-0------------------------------
-------------------------------------1---1------------------------------
-------------------------------------2---2------------------------------
-------------------------------------3---3------------------------------
-------------------------------------1-0-1------------------------------
------------------------------------------------------------------------
------------------------------------------------------------------------
------------------------------------------------------------------------
-----------------------------0-2-1-----------1-2-0----------------------
-----------------------------0---0-----------0---0----------------------
-----------------------------0---0-----------0---0----------------------
-----------------------------0---0-----------0---0----------------------
-----------------------------0-2-1-----------1-2-0----------------------
------------------------------------------------------------------------
------------------------------------------------------------------------
------------------------------------------------------------------------
-------------------------------------1-0-1------------------------------
-------------------------------------3---3------------------------------
-------------------------------------2---2------------------------------
-------------------------------------1---1------------------------------
-------------------------------------0-0-0------------------------------
------------------------------------------------------------------------
------------------------------------------------------------------------
------------------------------------------------------------------------
------------------------------------------------------------------------
------------------------------------------------------------------------
------------------------------------------------------------------------
------------------------------------------------------------------------
------------------------------------------------------------------------
------------------------------------------------------------------------
------------------------------------------------------------------------
------------------------------------------------------------------------
------------------------------------------------------------------------
------------------------------------------------------------------------
------------------------------------------------------------------------
------------------------------------------------------------------------
------------------------------------------------------------------------
------------------------------------------------------------------------
------------------------------------------------------------------------
------------------------------------------------------------------------
------------------------------------------------------------------------
------------------------------------------------------------------------
------------------------------------------------------------------------
------------------------------------------------------------------------
------------------------------------------------------------------------
------------------------------------------------------------------------
------------------------------------------------------------------------
------------------------------------------------------------------------
------------------------------------------------------------------------
------------------------------------------------------------------------
------------------------------------------------------------------------
------------------------------------------------------------------------
------------------------------------------------------------------------
------------------------------------------------------------------------
------------------------------------------------------------------------
------------------------------------------------------------------------
------------------------------------------------------------------------
------------------------------------------------------------------------

Generation = 9, Population = 112.
------------------------------------------------------------------------
------------------------------------------------------------------------
------------------------------------------------------------------------
------------------------------------------------------------------------
------------------------------------------------------------------------
------------------------------------------------------------------------
------------------------------------------------------------------------
------------------------------------------------------------------------
------------------------------------------------------------------------
------------------------------------------------------------------------
------------------------------------------------------------------------
------------------------------------------------------------------------
------------------------------------------------------------------------
-------------------------------------0-0-0------------------------------
------------------------------------01---10-----------------------------
------------------------------------0-000-0-----------------------------
------------------------------------0-0-0-0-----------------------------
------------------------------------0-000-0-----------------------------
------------------------------------02---20-----------------------------
-------------------------------------2-0-2------------------------------
------------------------------------------------------------------------
-----------------------------0-0-2-----------2-0-0----------------------
----------------------------01---20---------02---10---------------------
----------------------------0-000-0---------0-000-0---------------------
----------------------------0-0-0-0---------0-0-0-0---------------------
----------------------------0-000-0---------0-000-0---------------------
----------------------------01---20---------02---10---------------------
-----------------------------0-0-2-----------2-0-0----------------------
------------------------------------------------------------------------
-------------------------------------2-0-2------------------------------
------------------------------------02---20-----------------------------
------------------------------------0-000-0-----------------------------
------------------------------------0-0-0-0-----------------------------
------------------------------------0-000-0-----------------------------
------------------------------------01---10-----------------------------
-------------------------------------0-0-0------------------------------
------------------------------------------------------------------------
------------------------------------------------------------------------
------------------------------------------------------------------------
------------------------------------------------------------------------
------------------------------------------------------------------------
------------------------------------------------------------------------
------------------------------------------------------------------------
------------------------------------------------------------------------
------------------------------------------------------------------------
------------------------------------------------------------------------
------------------------------------------------------------------------
------------------------------------------------------------------------
------------------------------------------------------------------------
------------------------------------------------------------------------
------------------------------------------------------------------------
------------------------------------------------------------------------
------------------------------------------------------------------------
------------------------------------------------------------------------
------------------------------------------------------------------------
------------------------------------------------------------------------
------------------------------------------------------------------------
------------------------------------------------------------------------
------------------------------------------------------------------------
------------------------------------------------------------------------
------------------------------------------------------------------------
------------------------------------------------------------------------
------------------------------------------------------------------------
------------------------------------------------------------------------
------------------------------------------------------------------------
------------------------------------------------------------------------
------------------------------------------------------------------------
------------------------------------------------------------------------
------------------------------------------------------------------------
------------------------------------------------------------------------
------------------------------------------------------------------------
------------------------------------------------------------------------

Generation = 10, Population = 96.
------------------------------------------------------------------------
------------------------------------------------------------------------
------------------------------------------------------------------------
------------------------------------------------------------------------
------------------------------------------------------------------------
------------------------------------------------------------------------
------------------------------------------------------------------------
------------------------------------------------------------------------
------------------------------------------------------------------------
------------------------------------------------------------------------
------------------------------------------------------------------------
------------------------------------------------------------------------
-------------------------------------0-0-0------------------------------
-------------------------------------1---1------------------------------
-----------------------------------0-------0----------------------------
-----------------------------------0-1---1-0----------------------------
-----------------------------------0-------0----------------------------
-----------------------------------0-3---3-0----------------------------
-----------------------------------1-------1----------------------------
-------------------------------------3---3------------------------------
-----------------------------0-0-1---3-0-3---1-0-0----------------------
-----------------------------1---3-----------3---1----------------------
---------------------------0-------3-------3-------0--------------------
---------------------------0-0---0-0-------0-0---0-0--------------------
---------------------------0-------0-------0-------0--------------------
---------------------------0-0---0-0-------0-0---0-0--------------------
---------------------------0-------3-------3-------0--------------------
-----------------------------1---3-----------3---1----------------------
-----------------------------0-0-1---3-0-3---1-0-0----------------------
-------------------------------------3---3------------------------------
-----------------------------------1-------1----------------------------
-----------------------------------0-3---3-0----------------------------
-----------------------------------0-------0----------------------------
-----------------------------------0-1---1-0----------------------------
-----------------------------------0-------0----------------------------
-------------------------------------1---1------------------------------
-------------------------------------0-0-0------------------------------
------------------------------------------------------------------------
------------------------------------------------------------------------
------------------------------------------------------------------------
------------------------------------------------------------------------
------------------------------------------------------------------------
------------------------------------------------------------------------
------------------------------------------------------------------------
------------------------------------------------------------------------
------------------------------------------------------------------------
------------------------------------------------------------------------
------------------------------------------------------------------------
------------------------------------------------------------------------
------------------------------------------------------------------------
------------------------------------------------------------------------
------------------------------------------------------------------------
------------------------------------------------------------------------
------------------------------------------------------------------------
------------------------------------------------------------------------
------------------------------------------------------------------------
------------------------------------------------------------------------
------------------------------------------------------------------------
------------------------------------------------------------------------
------------------------------------------------------------------------
------------------------------------------------------------------------
------------------------------------------------------------------------
------------------------------------------------------------------------
------------------------------------------------------------------------
------------------------------------------------------------------------
------------------------------------------------------------------------
------------------------------------------------------------------------
------------------------------------------------------------------------
------------------------------------------------------------------------
------------------------------------------------------------------------
------------------------------------------------------------------------
------------------------------------------------------------------------

Generation = 11, Population = 224.
------------------------------------------------------------------------
------------------------------------------------------------------------
------------------------------------------------------------------------
------------------------------------------------------------------------
------------------------------------------------------------------------
------------------------------------------------------------------------
------------------------------------------------------------------------
------------------------------------------------------------------------
------------------------------------------------------------------------
------------------------------------------------------------------------
------------------------------------------------------------------------
-------------------------------------0-0-0------------------------------
------------------------------------01---10-----------------------------
-----------------------------------002000200----------------------------
----------------------------------010-----010---------------------------
----------------------------------0---0-0---0---------------------------
----------------------------------0-0-----0-0---------------------------
----------------------------------0---0-0---0---------------------------
----------------------------------020-----020---------------------------
-----------------------------0-0-0-104000401-0-0-0----------------------
----------------------------01---20-04---40-02---10---------------------
---------------------------002000402-4-0-4-204000200--------------------
--------------------------010-----040-----040-----010-------------------
--------------------------0---0-0---0-----0---0-0---0-------------------
--------------------------0-0-----0-0-----0-0-----0-0-------------------
--------------------------0---0-0---0-----0---0-0---0-------------------
--------------------------010-----040-----040-----010-------------------
---------------------------002000402-4-0-4-204000200--------------------
----------------------------01---20-04---40-02---10---------------------
-----------------------------0-0-0-104000401-0-0-0----------------------
----------------------------------020-----020---------------------------
----------------------------------0---0-0---0---------------------------
----------------------------------0-0-----0-0---------------------------
----------------------------------0---0-0---0---------------------------
----------------------------------010-----010---------------------------
-----------------------------------002000200----------------------------
------------------------------------01---10-----------------------------
-------------------------------------0-0-0------------------------------
------------------------------------------------------------------------
------------------------------------------------------------------------
------------------------------------------------------------------------
------------------------------------------------------------------------
------------------------------------------------------------------------
------------------------------------------------------------------------
------------------------------------------------------------------------
------------------------------------------------------------------------
------------------------------------------------------------------------
------------------------------------------------------------------------
------------------------------------------------------------------------
------------------------------------------------------------------------
------------------------------------------------------------------------
------------------------------------------------------------------------
------------------------------------------------------------------------
------------------------------------------------------------------------
------------------------------------------------------------------------
------------------------------------------------------------------------
------------------------------------------------------------------------
------------------------------------------------------------------------
------------------------------------------------------------------------
------------------------------------------------------------------------
------------------------------------------------------------------------
------------------------------------------------------------------------
------------------------------------------------------------------------
------------------------------------------------------------------------
------------------------------------------------------------------------
------------------------------------------------------------------------
------------------------------------------------------------------------
------------------------------------------------------------------------
------------------------------------------------------------------------
------------------------------------------------------------------------
------------------------------------------------------------------------
------------------------------------------------------------------------

Generation = 12, Population = 144.
------------------------------------------------------------------------
------------------------------------------------------------------------
------------------------------------------------------------------------
------------------------------------------------------------------------
------------------------------------------------------------------------
------------------------------------------------------------------------
------------------------------------------------------------------------
------------------------------------------------------------------------
------------------------------------------------------------------------
------------------------------------------------------------------------
-------------------------------------0-0-0------------------------------
-------------------------------------1---1------------------------------
-------------------------------------2---2------------------------------
-------------------------------------3---3------------------------------
---------------------------------0-2---0---2-0--------------------------
---------------------------------0---1---1---0--------------------------
---------------------------------0---2---2---0--------------------------
---------------------------------0---3---3---0--------------------------
-----------------------------0-0---3---0---3---0-0----------------------
-----------------------------1---1---5---5---1---1----------------------
-----------------------------2---3---5---5---3---2----------------------
-----------------------------3---5---5---5---5---3----------------------
-------------------------0-2---2---5---0---5---2---2-0------------------
-------------------------0---0---0---1---1---0---0---0------------------
-------------------------0---0---0---0---0---0---0---0------------------
-------------------------0---0---0---1---1---0---0---0------------------
-------------------------0-2---2---5---0---5---2---2-0------------------
-----------------------------3---5---5---5---5---3----------------------
-----------------------------2---3---5---5---3---2----------------------
-----------------------------1---1---5---5---1---1----------------------
-----------------------------0-0---3---0---3---0-0----------------------
---------------------------------0---3---3---0--------------------------
---------------------------------0---2---2---0--------------------------
---------------------------------0---1---1---0--------------------------
---------------------------------0-2---0---2-0--------------------------
-------------------------------------3---3------------------------------
-------------------------------------2---2------------------------------
-------------------------------------1---1------------------------------
-------------------------------------0-0-0------------------------------
------------------------------------------------------------------------
------------------------------------------------------------------------
------------------------------------------------------------------------
------------------------------------------------------------------------
------------------------------------------------------------------------
------------------------------------------------------------------------
------------------------------------------------------------------------
------------------------------------------------------------------------
------------------------------------------------------------------------
------------------------------------------------------------------------
------------------------------------------------------------------------
------------------------------------------------------------------------
------------------------------------------------------------------------
------------------------------------------------------------------------
------------------------------------------------------------------------
------------------------------------------------------------------------
------------------------------------------------------------------------
------------------------------------------------------------------------
------------------------------------------------------------------------
------------------------------------------------------------------------
------------------------------------------------------------------------
------------------------------------------------------------------------
------------------------------------------------------------------------
------------------------------------------------------------------------
------------------------------------------------------------------------
------------------------------------------------------------------------
------------------------------------------------------------------------
------------------------------------------------------------------------
------------------------------------------------------------------------
------------------------------------------------------------------------
------------------------------------------------------------------------
------------------------------------------------------------------------
------------------------------------------------------------------------

Generation = 13, Population = 400.
------------------------------------------------------------------------
------------------------------------------------------------------------
------------------------------------------------------------------------
------------------------------------------------------------------------
------------------------------------------------------------------------
------------------------------------------------------------------------
------------------------------------------------------------------------
------------------------------------------------------------------------
------------------------------------------------------------------------
-------------------------------------0-0-0------------------------------
------------------------------------01---10-----------------------------
------------------------------------0-000-0-----------------------------
------------------------------------0-0-0-0-----------------------------
---------------------------------0-004000400-0--------------------------
--------------------------------01--0-0-0-0--10-------------------------
--------------------------------0-00020002000-0-------------------------
--------------------------------0-0-0-0-0-0-0-0-------------------------
-----------------------------0-00100040004000100-0----------------------
----------------------------01--0-0-0-0-0-0-0-0--10---------------------
----------------------------0-0002010600060102000-0---------------------
----------------------------0-0-0-0-0-0-0-0-0-0-0-0---------------------
-------------------------0-0040006020600060206000400-0------------------
------------------------01--0-0-0-0-0-0-0-0-0-0-0-0--10-----------------
------------------------0-000100010002000200010001000-0-----------------
------------------------0-0-0-0-0-0-0-0-0-0-0-0-0-0-0-0-----------------
------------------------0-000100010002000200010001000-0-----------------
------------------------01--0-0-0-0-0-0-0-0-0-0-0-0--10-----------------
-------------------------0-0040006020600060206000400-0------------------
----------------------------0-0-0-0-0-0-0-0-0-0-0-0---------------------
----------------------------0-0002010600060102000-0---------------------
----------------------------01--0-0-0-0-0-0-0-0--10---------------------
-----------------------------0-00100040004000100-0----------------------
--------------------------------0-0-0-0-0-0-0-0-------------------------
--------------------------------0-00020002000-0-------------------------
--------------------------------01--0-0-0-0--10-------------------------
---------------------------------0-004000400-0--------------------------
------------------------------------0-0-0-0-----------------------------
------------------------------------0-000-0-----------------------------
------------------------------------01---10-----------------------------
-------------------------------------0-0-0------------------------------
------------------------------------------------------------------------
------------------------------------------------------------------------
------------------------------------------------------------------------
------------------------------------------------------------------------
------------------------------------------------------------------------
------------------------------------------------------------------------
------------------------------------------------------------------------
------------------------------------------------------------------------
------------------------------------------------------------------------
------------------------------------------------------------------------
------------------------------------------------------------------------
------------------------------------------------------------------------
------------------------------------------------------------------------
------------------------------------------------------------------------
------------------------------------------------------------------------
------------------------------------------------------------------------
------------------------------------------------------------------------
------------------------------------------------------------------------
------------------------------------------------------------------------
------------------------------------------------------------------------
------------------------------------------------------------------------
------------------------------------------------------------------------
------------------------------------------------------------------------
------------------------------------------------------------------------
------------------------------------------------------------------------
------------------------------------------------------------------------
------------------------------------------------------------------------
------------------------------------------------------------------------
------------------------------------------------------------------------
------------------------------------------------------------------------
------------------------------------------------------------------------
------------------------------------------------------------------------

Generation = 14, Population = 120.
------------------------------------------------------------------------
------------------------------------------------------------------------
------------------------------------------------------------------------
------------------------------------------------------------------------
------------------------------------------------------------------------
------------------------------------------------------------------------
------------------------------------------------------------------------
------------------------------------------------------------------------
-------------------------------------0-0-0------------------------------
-------------------------------------1---1------------------------------
-----------------------------------0-------0----------------------------
-----------------------------------0-1---1-0----------------------------
---------------------------------0---2---2---0--------------------------
---------------------------------1-1-------1-1--------------------------
-------------------------------0---2-------2---0------------------------
-------------------------------0-0-----------0-0------------------------
-----------------------------0---0-----------0---0----------------------
-----------------------------1-1---------------1-1----------------------
---------------------------0---0---------------0---0--------------------
---------------------------0-1-------------------1-0--------------------
-------------------------0---2-------------------2---0------------------
-------------------------1-1-----------------------1-1------------------
-----------------------0---2-----------------------2---0----------------
-----------------------0-0---------------------------0-0----------------
-----------------------0-------------------------------0----------------
-----------------------0-0---------------------------0-0----------------
-----------------------0---2-----------------------2---0----------------
-------------------------1-1-----------------------1-1------------------
-------------------------0---2-------------------2---0------------------
---------------------------0-1-------------------1-0--------------------
---------------------------0---0---------------0---0--------------------
-----------------------------1-1---------------1-1----------------------
-----------------------------0---0-----------0---0----------------------
-------------------------------0-0-----------0-0------------------------
-------------------------------0---2-------2---0------------------------
---------------------------------1-1-------1-1--------------------------
---------------------------------0---2---2---0--------------------------
-----------------------------------0-1---1-0----------------------------
-----------------------------------0-------0----------------------------
-------------------------------------1---1------------------------------
-------------------------------------0-0-0------------------------------
------------------------------------------------------------------------
------------------------------------------------------------------------
------------------------------------------------------------------------
------------------------------------------------------------------------
------------------------------------------------------------------------
------------------------------------------------------------------------
------------------------------------------------------------------------
------------------------------------------------------------------------
------------------------------------------------------------------------
------------------------------------------------------------------------
------------------------------------------------------------------------
------------------------------------------------------------------------
------------------------------------------------------------------------
------------------------------------------------------------------------
------------------------------------------------------------------------
------------------------------------------------------------------------
------------------------------------------------------------------------
------------------------------------------------------------------------
------------------------------------------------------------------------
------------------------------------------------------------------------
------------------------------------------------------------------------
------------------------------------------------------------------------
------------------------------------------------------------------------
------------------------------------------------------------------------
------------------------------------------------------------------------
------------------------------------------------------------------------
------------------------------------------------------------------------
------------------------------------------------------------------------
------------------------------------------------------------------------
------------------------------------------------------------------------
------------------------------------------------------------------------

Generation = 15, Population = 344.
------------------------------------------------------------------------
------------------------------------------------------------------------
------------------------------------------------------------------------
------------------------------------------------------------------------
------------------------------------------------------------------------
------------------------------------------------------------------------
------------------------------------------------------------------------
-------------------------------------0-0-0------------------------------
------------------------------------01---10-----------------------------
-----------------------------------002000200----------------------------
----------------------------------010-----010---------------------------
---------------------------------001-20-02-100--------------------------
--------------------------------010-030-030-010-------------------------
-------------------------------002-204---402-200------------------------
------------------------------010-030-----030-010-----------------------
-----------------------------001-100-------001-100----------------------
----------------------------010-010---------010-010---------------------
---------------------------002-201-----------102-200--------------------
--------------------------010-010-------------010-010-------------------
-------------------------001-200---------------002-100------------------
------------------------010-030-----------------030-010-----------------
-----------------------002-204-------------------402-200----------------
----------------------010-030---------------------030-010---------------
----------------------0---00-----------------------00---0---------------
----------------------0-0-----------------------------0-0---------------
----------------------0---00-----------------------00---0---------------
----------------------010-030---------------------030-010---------------
-----------------------002-204-------------------402-200----------------
------------------------010-030-----------------030-010-----------------
-------------------------001-200---------------002-100------------------
--------------------------010-010-------------010-010-------------------
---------------------------002-201-----------102-200--------------------
----------------------------010-010---------010-010---------------------
-----------------------------001-100-------001-100----------------------
------------------------------010-030-----030-010-----------------------
-------------------------------002-204---402-200------------------------
--------------------------------010-030-030-010-------------------------
---------------------------------001-20-02-100--------------------------
----------------------------------010-----010---------------------------
-----------------------------------002000200----------------------------
------------------------------------01---10-----------------------------
-------------------------------------0-0-0------------------------------
------------------------------------------------------------------------
------------------------------------------------------------------------
------------------------------------------------------------------------
------------------------------------------------------------------------
------------------------------------------------------------------------
------------------------------------------------------------------------
------------------------------------------------------------------------
------------------------------------------------------------------------
------------------------------------------------------------------------
------------------------------------------------------------------------
------------------------------------------------------------------------
------------------------------------------------------------------------
------------------------------------------------------------------------
------------------------------------------------------------------------
------------------------------------------------------------------------
------------------------------------------------------------------------
------------------------------------------------------------------------
------------------------------------------------------------------------
------------------------------------------------------------------------
------------------------------------------------------------------------
------------------------------------------------------------------------
------------------------------------------------------------------------
------------------------------------------------------------------------
------------------------------------------------------------------------
------------------------------------------------------------------------
------------------------------------------------------------------------
------------------------------------------------------------------------
------------------------------------------------------------------------
------------------------------------------------------------------------
------------------------------------------------------------------------

