Generation = 0, Population = 10.
-0000
000--
000--

Generation = 2, Population = 8.
-02-2
--201
0-0--

Generation = 4, Population = 10.
-2214
104--
012--

*** Life<FredkinCell> 10x10 ***

Generation = 0, Population = 24.
0000000000
---0------
----------
-0--------
-----0----
----0-----
----------
----------
----------
0000000000

Generation = 5, Population = 54.
--13031---
00-2-201-0
32-212-1-3
020-1-0--0
----1-112-
-3-0-11-0-
00-0----0-
--1--1---3
0-0-010000
--1110-1--

Generation = 10, Population = 58.
3-4-0--3-3
2--323---3
-513---3--
1--2-25222
002-30243-
-52103-23-
31252-2--3
-03---011-
3-2-012--2
3-4----4-3