*** Life<Cell> 60x1 ***

Generation = 0, Population = 11.
0
0
0
0
0
0
0
0
0
0
0
-
-
-
-
-
-
-
-
-
-
-
-
-
-
-
-
-
-
-
-
-
-
-
-
-
-
-
-
-
-
-
-
-
-
-
-
-
-
-
-
-
-
-
-
-
-
-
-
-

Generation = 10, Population = 9.
-
0
1
-
*
0
1
-
.
.
.
-
.
.
.
-
.
1
*
1
0
-
-
-
-
-
-
-
-
-
-
-
-
-
-
-
-
-
-
-
-
-
-
-
-
-
-
-
-
-
-
-
-
-
-
-
-
-
-
-

Generation = 20, Population = 3.
.
-
.
-
.
-
.
.
.
.
.
-
.
.
.
-
.
.
.
-
.
.
.
-
.
.
.
-
*
1
0
-
-
-
-
-
-
-
-
-
-
-
-
-
-
-
-
-
-
-
-
-
-
-
-
-
-
-
-
-

Generation = 30, Population = 4.
.
-
.
-
.
-
.
.
.
.
.
-
.
.
.
-
.
.
.
-
.
.
.
-
.
.
.
-
.
.
.
-
.
.
.
-
.
1
*
1
0
-
-
-
-
-
-
-
-
-
-
-
-
-
-
-
-
-
-
-

Generation = 40, Population = 3.
.
-
.
-
.
-
.
.
.
.
.
-
.
.
.
-
.
.
.
-
.
.
.
-
.
.
.
-
.
.
.
-
.
.
.
-
.
.
.
-
.
.
.
-
.
.
.
-
*
1
0
-
-
-
-
-
-
-
-
-

Generation = 50, Population = 3.
.
-
.
-
.
-
.
.
.
.
.
-
.
.
.
-
.
.
.
-
.
.
.
-
.
.
.
-
.
.
.
-
.
.
.
-
.
.
.
-
.
.
.
-
.
.
.
-
.
.
.
-
.
.
.
-
.
1
*
1

Generation = 60, Population = 0.
.
-
.
-
.
-
.
.
.
.
.
-
.
.
.
-
.
.
.
-
.
.
.
-
.
.
.
-
.
.
.
-
.
.
.
-
.
.
.
-
.
.
.
-
.
.
.
-
.
.
.
-
.
.
.
-
.
.
.
.

Generation = 70, Population = 0.
.
-
.
-
.
-
.
.
.
.
.
-
.
.
.
-
.
.
.
-
.
.
.
-
.
.
.
-
.
.
.
-
.
.
.
-
.
.
.
-
.
.
.
-
.
.
.
-
.
.
.
-
.
.
.
-
.
.
.
.

Generation = 80, Population = 0.
.
-
.
-
.
-
.
.
.
.
.
-
.
.
.
-
.
.
.
-
.
.
.
-
.
.
.
-
.
.
.
-
.
.
.
-
.
.
.
-
.
.
.
-
.
.
.
-
.
.
.
-
.
.
.
-
.
.
.
.

Generation = 90, Population = 0.
.
-
.
-
.
-
.
.
.
.
.
-
.
.
.
-
.
.
.
-
.
.
.
-
.
.
.
-
.
.
.
-
.
.
.
-
.
.
.
-
.
.
.
-
.
.
.
-
.
.
.
-
.
.
.
-
.
.
.
.

Generation = 100, Population = 0.
.
-
.
-
.
-
.
.
.
.
.
-
.
.
.
-
.
.
.
-
.
.
.
-
.
.
.
-
.
.
.
-
.
.
.
-
.
.
.
-
.
.
.
-
.
.
.
-
.
.
.
-
.
.
.
-
.
.
.
.

*** Life<Cell> 9x9 ***

Generation = 0, Population = 3.
---------
---------
---------
---------
---000---
---------
---------
---------
---------

Generation = 1, Population = 10.
---------
---------
---------
---000---
--01-10--
---000---
---------
---------
---------

Generation = 2, Population = 12.
---------
---------
---000---
---------
-01*-*10-
---------
---000---
---------
---------

Generation = 3, Population = 28.
---------
---000---
--01-10--
-00-0-00-
01-.-.-10
-00-0-00-
--01-10--
---000---
---------

*** Life<Cell> 5x8 ***

Generation = 0, Population = 3.
--------
0--0----
--------
--------
-----0--

Generation = 2, Population = 10.
--------
011--0--
-----0--
0--0----
---0-0-0

Generation = 4, Population = 8.
-----1--
*-.11--0
-----*--
--------
-0-----0