*** Life<Cell> 9x9 ***

Generation = 0, Population = 3.
---------
---------
---------
---------
---000---
---------
---------
---------
---------

Generation = 1, Population = 10.
---------
---------
---------
---000---
--01-10--
---000---
---------
---------
---------

Generation = 2, Population = 12.
---------
---------
---000---
---------
-01*-*10-
---------
---000---
---------
---------

Generation = 3, Population = 28.
---------
---000---
--01-10--
-00-0-00-
01-.-.-10
-00-0-00-
--01-10--
---000---
---------

*** Life<Cell> 10x10 ***

Generation = 0, Population = 12.
-000------
----------
-----0----
----------
-----0----
-----0----
--00------
-------0--
0--------0
---------0

Generation = 3, Population = 40.
-----0----
00--00-0--
011001--0-
-0--0-0---
-0--0.--0-
-0---1-0-0
0-1--0--0-
00-00--0--
-00-0-0--.
0--0---0-1

Generation = 6, Population = 39.
*.1-*-0-1-
---0-*----
-11001---0
-0-1-0-0-1
01--**-000
---*0*1---
1-1-*-0-10
----------
0---1--1-.
---0------

Generation = 9, Population = 52.
..11.*-11*
00---.1-0*
----1.0-01
-1-*1-1-0-
1*10..001-
---*1.---1
1--*.---*1
-00-11*-00
---0-*-1*.
0-0-010-01

Generation = 12, Population = 39.
.*****-**.
-11--..*..
*-*0*.-*.*
-.*.-0----
*.--*.10*-
-.1...-*0*
---.*-1*.*
011-...-*-
--101*-...
-----.---.

Generation = 15, Population = 49.
....**1*..
1-.10**..*
.-*0**-.**
0*..*-11-*
*.-..***.-
*.-*..-.**
**-*.-****
---*...-.0
***1*.-*..
-1-1*.*--.

Generation = 18, Population = 36.
..*....*..
-*.*0..**.
*-.*..-..*
-....1--**
*.1**...*-
*.1***-*..
**-..-.*..
---.**.0.-
*.*-*.-...
-.*-**.--.

Generation = 21, Population = 42.
.*****.**.
**..*..*.*
.-..*.0.**
1..*.*1-..
..-****..-
*.-...-...
*.1*.1**..
-.-*.**-.1
**.-..**..
*.**...--.

Generation = 24, Population = 47.
...******.
.**......*
*-..***..*
-*.*....**
**1...*.*-
.*.*..1*..
.*.**-....
*.-*.*.***
*.*1.*...*
*...****1.

Generation = 27, Population = 50.
.********.
*.**...*.*
.1....**.*
1*...**.**
.*......*-
*..*.**...
*.**.1...*
*.-....*.*
*..-***..*
.********.

Generation = 30, Population = 31.
.....****.
.*..*....*
*.*.......
...*.....*
...*.....0
....*..*..
*...*...*.
*..***..**
*..**....*
.***......

*** Life<Cell> 50x50 ***

Generation = 0, Population = 11.
--0-----------------------------------------------
0-------------------------------------------------
---0----------------------------------------------
---0----------------------------------------------
---0-0--------------------------------------------
--------------------------------------------------
-------0------------------------------------------
---------------------------------0----------------
--------------------------------------------------
--------------------------------------------------
------------------------0-------------------------
--------------------------------------------------
--------------------------------------------------
--------------------------------------------------
--------------------------------------------------
--------------------------------------------------
--------------------------------------------------
--------------------------------------------------
--------------------------------------------------
--------------------------------------------------
--------------------------------------------------
--------------------------------------------------
--------------------------------------------------
--0-----------------------------------------------
--------------------------------------------------
--------------------------------------------------
--------------------------------------------------
--------------------------------------------------
--------------------------------------------------
--------------------------------------------------
--------------------------------------------------
--------------------------------------------------
--------------------------------------------------
--------------------------------------------------
--------------------------------------------------
--------------------------------------------------
--------------------------------------------------
--------------------------------------------------
--------------------------------------------------
--------------------------------------------------
--------------------------------------------------
--------------------------------------------------
--------------------------------------------------
--------------------------------------------------
--------------------------------------------------
--------------------------------------------------
--------------------------------------------------
--------0-----------------------------------------
--------------------------------------------------
--------------------------------------------------

Generation = 1, Population = 38.
00-0----------------------------------------------
-000----------------------------------------------
0-010---------------------------------------------
--0-00--------------------------------------------
--01--0-------------------------------------------
---0-0-0------------------------------------------
------0-0------------------------0----------------
-------0------------------------0-0---------------
---------------------------------0----------------
------------------------0-------------------------
-----------------------0-0------------------------
------------------------0-------------------------
--------------------------------------------------
--------------------------------------------------
--------------------------------------------------
--------------------------------------------------
--------------------------------------------------
--------------------------------------------------
--------------------------------------------------
--------------------------------------------------
--------------------------------------------------
--------------------------------------------------
--0-----------------------------------------------
-0-0----------------------------------------------
--0-----------------------------------------------
--------------------------------------------------
--------------------------------------------------
--------------------------------------------------
--------------------------------------------------
--------------------------------------------------
--------------------------------------------------
--------------------------------------------------
--------------------------------------------------
--------------------------------------------------
--------------------------------------------------
--------------------------------------------------
--------------------------------------------------
--------------------------------------------------
--------------------------------------------------
--------------------------------------------------
--------------------------------------------------
--------------------------------------------------
--------------------------------------------------
--------------------------------------------------
--------------------------------------------------
--------------------------------------------------
--------0-----------------------------------------
-------0-0----------------------------------------
--------0-----------------------------------------
--------------------------------------------------

Generation = 2, Population = 35.
1-010---------------------------------------------
0-11----------------------------------------------
-01*----------------------------------------------
00---1--------------------------------------------
-0---0--------------------------------------------
---1-----------------------------0----------------
---0-----0----------------------------------------
-------------------------------0---0--------------
-------0----------------0-------------------------
---------------------------------0----------------
----------------------0---0-----------------------
--------------------------------------------------
------------------------0-------------------------
--------------------------------------------------
--------------------------------------------------
--------------------------------------------------
--------------------------------------------------
--------------------------------------------------
--------------------------------------------------
--------------------------------------------------
--------------------------------------------------
--0-----------------------------------------------
--------------------------------------------------
0---0---------------------------------------------
--------------------------------------------------
--0-----------------------------------------------
--------------------------------------------------
--------------------------------------------------
--------------------------------------------------
--------------------------------------------------
--------------------------------------------------
--------------------------------------------------
--------------------------------------------------
--------------------------------------------------
--------------------------------------------------
--------------------------------------------------
--------------------------------------------------
--------------------------------------------------
--------------------------------------------------
--------------------------------------------------
--------------------------------------------------
--------------------------------------------------
--------------------------------------------------
--------------------------------------------------
--------------------------------------------------
--------0-----------------------------------------
--------------------------------------------------
------0---0---------------------------------------
--------------------------------------------------
--------0-----------------------------------------

Generation = 3, Population = 104.
*--*10--------------------------------------------
10**----------------------------------------------
0-**00--------------------------------------------
11-00*0-------------------------------------------
-101010--------------------------0----------------
-00*00---0----------------------0-0---------------
--010---0-0--------------------0-0-0--------------
---0---0-0--------------0-----0-0-0-0-------------
------0-0--------------0-0-----0-0-0--------------
-------0--------------0-0-0-----0-0---------------
---------------------0-0-0-0-----0----------------
----------------------0-0-0-----------------------
-----------------------0-0------------------------
------------------------0-------------------------
--------------------------------------------------
--------------------------------------------------
--------------------------------------------------
--------------------------------------------------
--------------------------------------------------
--------------------------------------------------
--0-----------------------------------------------
-0-0----------------------------------------------
0-0-0---------------------------------------------
-0-0-0--------------------------------------------
0-0-0---------------------------------------------
-0-0----------------------------------------------
--0-----------------------------------------------
--------------------------------------------------
--------------------------------------------------
--------------------------------------------------
--------------------------------------------------
--------------------------------------------------
--------------------------------------------------
--------------------------------------------------
--------------------------------------------------
--------------------------------------------------
--------------------------------------------------
--------------------------------------------------
--------------------------------------------------
--------------------------------------------------
--------------------------------------------------
--------------------------------------------------
--------------------------------------------------
--------------------------------------------------
--------0-----------------------------------------
-------0-0----------------------------------------
------0-0-0---------------------------------------
-----0-0-0-0--------------------------------------
------0-0-0---------------------------------------
-------0-0----------------------------------------

*** Life<Cell> 25x25 ***

Generation = 0, Population = 15.
-------------------------
-0-----------------------
--0----------------------
---0---------------------
----0--------------------
-----0-------------------
------0------------------
-------0-----------------
--------0----------------
---------0---------------
----------0--------------
-----------0-------------
------------0------------
-------------0-----------
--------------0----------
---------------0---------
-------------------------
-------------------------
-------------------------
-------------------------
-------------------------
-------------------------
-------------------------
-------------------------
-------------------------

Generation = 1, Population = 4.
-0-----------------------
0------------------------
-------------------------
-------------------------
-------------------------
-------------------------
-------------------------
-------------------------
-------------------------
-------------------------
-------------------------
-------------------------
-------------------------
-------------------------
-------------------------
----------------0--------
---------------0---------
-------------------------
-------------------------
-------------------------
-------------------------
-------------------------
-------------------------
-------------------------
-------------------------

Generation = 2, Population = 6.
--0----------------------
-------------------------
0------------------------
-------------------------
-------------------------
-------------------------
-------------------------
-------------------------
-------------------------
-------------------------
-------------------------
-------------------------
-------------------------
-------------------------
----------------0--------
-----------------0-------
--------------0----------
---------------0---------
-------------------------
-------------------------
-------------------------
-------------------------
-------------------------
-------------------------
-------------------------

Generation = 3, Population = 14.
-0-0---------------------
0-0----------------------
-0-----------------------
0------------------------
-------------------------
-------------------------
-------------------------
-------------------------
-------------------------
-------------------------
-------------------------
-------------------------
-------------------------
----------------0--------
---------------0---------
--------------0---0------
-------------0---0-------
----------------0--------
---------------0---------
-------------------------
-------------------------
-------------------------
-------------------------
-------------------------
-------------------------

Generation = 4, Population = 12.
--0-0--------------------
-------------------------
0------------------------
-------------------------
0------------------------
-------------------------
-------------------------
-------------------------
-------------------------
-------------------------
-------------------------
-------------------------
----------------0--------
-----------------0-------
------------------0------
-------------------0-----
------------0------------
-------------0-----------
--------------0----------
---------------0---------
-------------------------
-------------------------
-------------------------
-------------------------
-------------------------

Generation = 5, Population = 16.
-0---0-------------------
0-0-0--------------------
-0-----------------------
-------------------------
-0-----------------------
0------------------------
-------------------------
-------------------------
-------------------------
-------------------------
-------------------------
----------------0--------
---------------0---------
-------------------------
-------------------------
------------0-------0----
-----------0-------0-----
-------------------------
-------------------------
----------------0--------
---------------0---------
-------------------------
-------------------------
-------------------------
-------------------------

*** Life<Cell> 20x20 ***

Generation = 0, Population = 17.
0---0---00----------
--------------------
--------------0-----
--------------------
--------------------
00-----0------------
-----0--------------
--------------------
-------0-0----------
---------0----------
-0-------0----------
--------------------
--------------------
--0-----------------
--------------------
-----0--------------
--------------------
-----------------0--
--------------------
--------------------

Generation = 2, Population = 52.
----0--1**10--0-----
--------------------
0---0---00--0---0---
00-----0------------
-----0--------0-----
*-10-1---0----------
---0-----0----------
00-----1-1----------
-0-----0---0--------
-------1---0--------
---0-----*-0--------
--0------1----------
-0-------0----------
0---00--------------
--------------------
--00---0---------0--
--------------------
-----0---------0---0
--------------------
-----------------0--

Generation = 4, Population = 64.
0-0--1-***1-110-----
10-----100----------
*---01--**1-------0-
--------------------
0---1--10-----------
.1.00.---*-0--------
--------------0-----
-------.-.----------
---0-0-----*-0------
010--0-.-1---0------
-0---0--1.0--0------
-----0---1----------
-------0-*----------
0-----1--1-------0--
-0-------0----------
-1-------0----------
--------------------
--0----------0-----0
--------------------
-----0-----------0--