*** Life<FredkinCell> 9x9 ***

Generation = 0, Population = 3.
---------
---------
---------
---------
---000---
---------
---------
---------
---------

Generation = 1, Population = 10.
---------
---------
---------
---000---
--01-10--
---000---
---------
---------
---------

Generation = 2, Population = 12.
---------
---------
---000---
---------
-012-210-
---------
---000---
---------
---------

Generation = 3, Population = 30.
---------
---000---
--01-10--
-00-0-00-
01-3-3-10
-00-0-00-
--01-10--
---000---
---------

*** Life<FredkinCell> 10x10 ***

Generation = 0, Population = 4.
----------
----------
----------
----------
----00----
----00----
----------
----------
----------
----------

Generation = 1, Population = 8.
----------
----------
----------
----00----
---0--0---
---0--0---
----00----
----------
----------
----------

Generation = 2, Population = 16.
----------
----------
----00----
----11----
--01--10--
--01--10--
----11----
----00----
----------
----------

Generation = 3, Population = 16.
----------
----00----
---0--0---
--0----0--
-0------0-
-0------0-
--0----0--
---0--0---
----00----
----------

*** Life<FredkinCell> 1x1 ***

Generation = 0, Population = 1.
0

Generation = 1, Population = 0.
-

*** Life<FredkinCell> 40x40 ***

Generation = 0, Population = 12.
--0-------------------------------------
0---------------------------------------
----------------------------------------
--0-0-----------------------------------
----0-----------------------------------
----------------------------------------
----------------------------------------
----------------------------------------
--0-------------------------------------
----0----0------------------------------
----------0-----------------------------
----------------------------------------
----------------------------------------
----------------------------------------
----------------------------------------
----------------------------------------
----------------------------------------
----------------------------------------
----------------------------------------
----------------------------------------
-0--------------------------------------
----------------------------------------
----------------------------------------
----------------------------------------
------------------------0---------------
----------------------------------------
----------------------------------------
----------------------------------------
----------------------------------------
----------------------------------------
---------0------------------------------
----------------------------------------
----------------------------------------
----------------------------------------
----------------------------------------
----------------------------------------
----------------------------------------
----------------------------------------
----------------------------------------
----------------------------------------

Generation = 5, Population = 123.
40003--0--------------------------------
3-1-100---------------------------------
00401-0-0-------------------------------
0-0--0--10------------------------------
10--1-101-------------------------------
10-0-0----------------------------------
0-1--------0----------------------------
00--100---0-----------------------------
100040-00----0--------------------------
20----11-0--0---------------------------
0------00------0------------------------
--0---0-------0-------------------------
-0-00----0------------------------------
--00-0--0-------------------------------
----0------0----------------------------
-0--------0-----------------------------
0-0-------------------------------------
-0--------------------------------------
----------------------------------------
-0---0------------------0---------------
0-0-0-0----------------0-0--------------
-0---0------------------0---------------
----------------------------------------
-0------------------0-------0-----------
0-0----------------0-0-----0-0----------
-0-------0----------0-------0-----------
--------0-0-----------------------------
---------0--------------0---------------
-----------------------0-0--------------
-----0-------0----------0---------------
----0-0-----0-0-------------------------
-----0-------0--------------------------
----------------------------------------
---------0------------------------------
--------0-0-----------------------------
---------0------------------------------
----------------------------------------
----------------------------------------
----------------------------------------
----------------------------------------

Generation = 10, Population = 123.
4---6-1-2---0---------------------------
--2-2--02--00---------------------------
--4-3-3-2-3-----------------------------
0---4-2--24-2-0-------------------------
4-1-----------0-------------------------
4-0-------0-1---------------------------
1---------0-0---------------------------
-01---------0----0----------------------
3-3-7-1-2---1-----0---------------------
---2------1---00---0--------------------
201-1-----0-----0---0-------------------
-0--2-0-----0----0----------------------
---1--1-----------0---------------------
--2-1-----------------------------------
-10-0-------------------0---------------
----0----0------------------------------
0---1-----0-----------0---0-------------
--1---00---0----------------------------
--0--0--00--0-----------0---------------
----0----1------------------------------
---0-----010----------------------------
----------------------------------------
-----0-0-0-0----0---------------0-------
----------------------------------------
---------0----0---0-----------0---0-----
----------------------------------------
-0--------------0---------------0-------
----------------------------------------
-0-0-------------0----------------------
----------------------------------------
-0-0-----------0---0----0---------------
----------------------------------------
-0---------------0----0---0-------------
----------------------------------------
------------------------0---------------
----------------------------------------
---------0------------------------------
----------------------------------------
-------0---0----------------------------
----------------------------------------

Generation = 15, Population = 560.
4-----3-50105--010----------------------
-0---2--5----201-0----------------------
--7-3--05-60-04--00---------------------
------50--40----3-10--------------------
--2-205--01--010-000--------------------
----4---12--40-1100---------------------
--40--2000-00-1--0----------------------
-1-0-43-2--0-2---1----------------------
5-81-0-03-406---201---------------------
-25--144--22---300-1----0---------------
-1--21---02---202-0----0----------------
11-05--013---100-1----0---0-------------
1-015-32----201-0----0---0-0------------
0151--0--0-200-1----0---0-0-0-----------
2-0--01-0--02-0----0---0-0-0-0----------
21--11---20--1----0---0-0-0-0-0---------
-2-04----12------0---0-0-0-0-0-0--------
-021----0--1-0--0---0-0-0-0-0-0-0-------
-------2------00---0-0-0-0-0-0-0-0------
-000--0----0--00--0-0-0-0-0-0-0-0-0-----
2120-1----3-01--00-0-0-0-0-0-0-0-0-0----
002-0----1-10---0-0-0-0-0-0-0-0-0-0-0---
-0-1----1-02---110-0-0-0-0-0-0-0-0-0-0--
-00----0-20---00000-0-0-0-0-0-0-0-0-0-0-
0-0---0-01---2100110-0-0-0-0-0-0-0-0-0-0
-0-0-0-0----000000000-0-0-0-0-0-0-0-0-0-
--0-0-0----11001210110-0-0-0-0-0-0-0-0--
---0-0-----000000000000-0-0-0-0-0-0-0---
----0-----0-011012100110-0-0-0-0-0-0----
---------0-0-000000000000-0-0-0-0-0-----
----0---0-0-0-011001200110-0-0-0-0------
---0---0-0-0-0-0000000000-0-0-0-0-------
--0---0-0-0-0-0-01100210-0-0-0-0--------
-0---0-0-0-0-0-0-000000-0-0-0-0---------
0---0-0-0-0-0-0-0-0110-0-0-0-0----------
---0-0-0---0-0-0-0-00-0-0-0-0-----------
0-0-0-0-----0-0-0-0--0-0-0-0------------
-0-0-0-------0-0-0----0-0-0-------------
--0-0---------0-0------0-0--------------
---0-----------0--------0---------------

Generation = 20, Population = 127.
-0------5-----3-4---2-0-----------------
----2----54-0-3-2-0-0-------------------
--8---------4-----3---------------------
------5-4-------------2-0---------------
-1---0----------1-----------------------
7-------2-4--10-1---3----0--------------
7-----3-------------------0-------------
--2-2-----3-2-----1-0-------------------
-2------4-----1-2-----2-----0-----------
43--4-5-------3-1----1--1----0----------
---------0------------1-------0---------
------5-1-------------------------------
--3---------2-----0-----0---------------
3-5-61----1---------0----0--------------
5----12------0------------0-------------
----------------------------------------
3---6-2------0---0----------------------
5-2-0-----------------------------------
--4------0------------------------------
------2-0-------------------------------
2--------2---2---1---0------------------
0---3----1------------------------------
----------0-----------------------------
--1-0-----------------------------------
0-----2-----02---1----------------------
1----1--1----0--------------------------
-----01-------0----------0--------------
----------------------------------------
--0-----0-------------------------------
----0----0------------------------------
-0--------0----------0-------0----------
----------------------------------------
-0--------------------------------------
----------------------------------------
-------------0-----------0--------------
----------------------------------------
-0---0----------------------------------
----------------------------------------
---------0------------------------------
----------------------------------------

Generation = 25, Population = 331.
-1--+-3-5-6--0---0--500030-0------------
-071--3-7--21-----10-----20-------------
3-8-515-607--------0202-0-200-----------
-0---1---6--4-------3----11-10----------
614-2-5-1-10203-20--------1010----------
+--060----43----61----------0-----------
9-9--2--014-202-0--0--------------------
---------3------2---0-----0-----0-------
5-+--0---2--+-30506--0---0-00--0--------
9--34-----42--6---422-----11-0----------
425---------203-3--00-------0------0----
-1--7--------1----2-31------------0-----
1-41945-21--2-1-1--040------------------
--61----12---0------0-------------------
633-215-1--1----0-0---------------------
-1------0---0----00-----0---------------
-2--9-20124--0---0-00--0----------------
--31--4---110-----00-0------------------
----101-1--00-------0------0------------
--2--1----1-11-------0---00-------------
51-01-2-0--112------0-0-0-0-------------
-0----------0--------0------------------
00-10-1-2-0-------------0-0-------------
2---01---20-----0--------0--------------
305--1---1-31--0------------------------
--402----010-1--------------------------
1--12---0-0-1------1--------------------
--2-31---1---1---00---------------------
0--020------0-1-1-1---------------------
----0----------------------------0------
0-2---------0-0-1-0-------------0-0-----
-00-----0----0---0---------------0------
-0-00--0--------------------------------
-000-0-----------0----------------------
0-0-0------0----0-0---------------------
-----0---00------0----------------------
0-0-0-0-0-0-----------------------------
-0-----------------------0--------------
----0-0-0-0-------------0-0-------------
-----0---0---------------0--------------

Generation = 30, Population = 490.
----------717-4-5---7-----2-----0-------
-----------3----3-----1-3-3-2--00-------
--------7--0514-----3-5-1-7---3-1-------
---------7---35---3-5-7-----214-010-----
------6--32--0-0--2-----------2---0-----
-------2---35--38-1-------113--01--0----
----7--01--1--3111----3-1---0-0-0-------
-----5---43--33-31----3-223--11-00---0--
--+--12--5--+34-71-05-3-----3-2-1-------
---4---53--42-63---35-33---12-12--00---0
5--02--1--325-51---130----1-0-1---------
-2---46--41-13---23-61---21-00--10---0--
3-5--4--333-34---50--3-01-0-1---------0-
---18--43-22---12-40---11-11--00---0----
9-4---632-22---11--1--10000---------0---
--3--31-12---21-10---11-01--10---0------
6-----3-33---20--5--204-01-1------0-----
7---4-42---23-10---01-12--00---0--------
----6------13--1--200-01---0-0--0-------
1-2-5----32-41---11-01--11---1----------
6-4-----184--5--013-00---0---010--------
6-------3-21---01-11--00---0------------
--2---213--3--111-01---0---110-0--------
------3-22---21-01--10---1--------------
-----44--4--325-02---0---010-0---0------
3---5-32---02-12--00---0----------------
--525--2--221-02---1---110-0---0---0----
1---61---21-02--11---1------------------
070--3--002-01---2---120-0---0---0---0--
--40---11-11--00---0--------------------
-3-2--100-11---1---230-1---0---0---0---0
11---11-01--10---1----------------------
2--0204-01---0---120-----0---0---0---0--
3--01-12--00---0------------------------
1-2-0001---0---110---------0---0---0----
0---00--11---1--------------------------
0---1--1-0---010-------------0---0------
--1---00---0----------------------------
--0------0-110-----------------0--------
----0----0------------------------------

Generation = 35, Population = 294.
------4-----8------------04---2-3---10--
-------1---3-------------4-1-21-30-0-0--
--------7-9-------------20--204-102--00-
---------8-------------0--6--1---1--3-10
------------------------0--0-0---0-0-010
----------------------0--2---0---0--200-
-----------------------0---020---01--0-0
-1----------------------22500-2-1-00-0--
6-+---------------------4-3050---0102010
-4-5-------------------5-032512-10311211
--7-3------------1------0-2010---01-2-0-
-2-0--------------3------3-01-----0010--
3-5----------------1------0---------00--
-2------------------4-----------------0-
----------------------------------------
---------2------------------------------
--------3-4-----------------------------
-------3-122-----------------0---0------
----6-1-1-524---------------0-0-0-0-----
--30-2-0-5-04--------------0-1---0-0----
-2613-3-2-6--6------------1-0-----0-0---
715031-1-5-----------------1-0---0-0----
-2222-3---------------------1-0-0-0-----
2-50213----------------------0---0------
-260---0--------------------------------
-----4--3-------------------------------
3282--3---------------------------------
---09--0-------------2-----------------0
07--541-------------0-2---------------0-
3----0-------------1-0-0-------------0--
--7-21------------0-3-0-1-----------0---
-1-----------------0-0-0-------------0--
4---41--------------0-1---------------0-
40-0-1---------------0-----------------0
114--11---------------------------------
-0--5-10--0-----------------------------
-0-04012---1----------------------------
-0300-1-----0---------------------------
---0200--1---1--------------------------
-0--1-110-------------------------------

Generation = 40, Population = 154.
-4---------------0--7---4-7-3-----1-4-0-
---------------------34-4-7---------2-10
-1------------------5-----+---------1-1-
------------------4-6---------------3-3-
------------------2---------2-----2-1---
------------------------------2-5-------
---------3------1-----------4---0-1-----
----------------------------------------
---------6----------6-----8-8-----4-7-4-
-------------3----5---------6253433-2---
-----1------6---------------1-3---2-----
--------------------------4-2-----1-1---
----------5---------------3--1---0--3---
----9----4------------------------------
--6---------------------1---------------
----------------------------------------
------3---------------------1-----1-----
---------------------1----1---------0--0
----6------------1--1-----------------1-
--4-8-----------------------------------
-26---------------4--0---1-----------0-0
+16---------4----1----------------------
--3-7-----3----------0-----------------0
----------------------------------------
3-8-----------6-------------------------
5---------------------------------------
--8------2--2---------------------------
----------2-1---------------------------
----56---24------------------0---0------
----8-1-43------------------------------
--8-4--------1---------------0-0-0------
----0----1------------------------------
----7-5---0-----------------------------
----3-3-12------------------------------
----3-----2-----------------------------
----------2-0---------------------------
-03-6-------0---------------------------
2-6-2-----------------------------------
------------------0--0-----------------0
110---------0----0----------------------

Generation = 45, Population = 606.
----+-4-----8-40-151--305--03-----105---
---------7---3--------627681-23--0--312-
----6-5-7-9---4--1-0+090---050-020-02-10
-2---3-------46--2--83---39----0--503062
6-5-----2-3---61-------0------8--02-20--
---------5--63-----143--323-615-+1-0---2
+-9---------323-----20405-40402-50200--0
-1---6----4-----428--34-44--5---3-41-2-1
------3--6-0+--0-1+060605--0+-4--26080--
-465----4-5----4-----25-6------364-----1
54903--2-1----5--1--------6032-001202--0
-24-----35----3-----635-----32--32--2--0
3----5----5--4-0--11-420-1-1---0---15---
62---2-5----2-1----0------4-51--11-0220-
+762-3943--3-2--2----1--------2-0--020--
2---4-2-----1----02--1--1-3-----0-2-2--0
-83------3--1----6-02--032-2-2---2---2-2
-2+-71-----3----2-2----3-1----2-2---021-
5-52821423-2--33-1----1--2----0-00----31
215-+---452--3--03---20--1--01---0-0-00-
7--3-53------6----4-03202--1211-01-10--1
+-9--34-5------1----001--1-100---000-0-2
------53-3-551-22--1-0--0---------0-011-
3-+-6-5-33--322-----20-------0---0-0--00
-----6-0-9-------2--1-0-0-1-0-0-0-0-0---
8-6--4-----0-2----1------0-----0-----0--
8----15----43-024---1-0-----0-----0---0-
2040+-9-6-5-----31---2---0-----0-----0-0
0+----32---2-2--3-------0-0-0-0-0-0-0-0-
---08--27-3---1--1---------0-------0----
259---3-312-11--1-0-----1-----0-0-----0-
3-4--231--0-2----2-------0-0-------0-0--
-22--2-----03--0------------0-0-0-0-----
-030-2534-2---0---0--0---------0-------0
42+--1--425-0--11--11-0-----0-----0---0-
-2---05--7-1-23--1---0-------0-0-0-----0
2--1-2--31-1--2110----------------------
3-9--1--0-01-00--1---00--0---------0-0-0
0--0--1-2-11---0--212-200-0-------0-----
2-3--42---2-31-1--0-01---0---------0-0-0

Generation = 50, Population = 457.
---1-1-0-28-8-7-7-6-8--1-0-04-6-6-3-6-2-
----------8---6-4---2-------6---6-4---2-
-1---2-0---06-----5------0--608--0--5---
----7---586-6-----8-94+-----8-6-------73
--62----24----------------415-+---30----
--4---13--636-----337--23-----6---2-93-5
+5--8-----4-3-----2-----7-5-53--63------
----26---44---------44-0-68-6-------4302
--+-+-----8--66-+2--7-----8-----4-----7-
--857--54---5-----7--359-3-58-7---55---4
-4----3----37-----416---------7-----3---
--5-+67---2---------8--0257-------2-32--
--73-----4---4---6---43-----4-----2----1
7---+---------------------4---2-1---2---
+96-6--6-2-3-------3---1--0-2-3-1-0-20-0
----------------------------------------
8-3-94-0-4-0---------1---24-1-1-1-1-4--4
9---7---------------------2---5-3---1---
--82---4-3---0---2-----1---12--0--402---
--5-+35---4---------1---222-1-----1-3-0-
-----6----825-----52----33---1----2--40-
--93---356--6-----4---10--112-----1-1---
----------6-623-32--1-----0-1--0--101---
--+-6470-430--------20---20---------1--1
-4----7-----3-----1-2-----2---0-0---1-1-
--6-9-34-1625-----101--10---1-----1--101
---39---2----2---4----0-----0-----0-1---
--4-----675-5-----0-030---0---------0--0
-+1--83----20-----21---1-0-----------00-
--7-+-1---5---1-0---0-------------------
--+36--1--3-141-211-32-1-1-0-------0---0
4---1-----------------------------------
6-3-82---11-3-2-1-4-02-0-0-----------0-0
----------3---1-0---0-------------------
73+-5--1---21-----123--0-----0---0---0-0
4-------374-4-----2-2-0-----------------
---1-----2--------1--10---00-------0---0
----62-1---21-----0------0--------------
04--7---------------3---1---00---0------
--42-5-4345-4-----1-0-00-0-0------------

Generation = 55, Population = 792.
-471-1---3+-8-+---6-+---5-+1--82-1626030
4-+33----8--43-2--4-76839--262-1--7---76
-3-1-25---93-45-328-+3+1----91+02-5--2-0
--2073+0--8097705----6------+--121526-96
--84-1+125-2-16---4-3030---26---6-3-415-
----9024-5657---+2-----54351-2--+474+5-5
+8--+54-3--2-4-3--3-20-------4---43---4-
-3-05--0-570----8-+---518--3-4----7-6-33
-4-3----67--+7----+0+-7-70+--24---+----1
-59774--507--3---38----+-5--9--376-73-44
-692-342-4359--1--7-----10-044----2---2-
2-8-+--08-2-2---2-41-5--5--243-14---551-
-774----346246-----1--415-8---5031729--2
--+3-3---44-4-1-32-15-2------35-42-34---
----93--634352--24---4---1--22-1--0-431-
-1----40-43----0-0-00------0-200-1214--2
+-3---6254--341-27-33----36-1----22-----
---3+1553-44--20204-312--2-33--06-3-4-10
7--597-44--4----223331-----22311205-325-
-36-+-8--7-15-4--32-1-5--54-4--010----2-
-3+368------7--2---304-233122---1------4
+4+---------6---6--12-2---1231--3---44-7
-----1-----6--6-6----1--0--2-1-0---022-1
33+--49--5--58---3-051----30-2--2--222--
-4-14-805-0--3---2-0--1-107--21--01-4-40
9371+6--5--465---2221---1-2----0-2-4-6-3
--+591--44-464---612101454012-210-----52
5-70+-+2-8--8-0-4-3024--300-0--01-01--01
2--2-933256-04---5-40----1-202-----0-2--
5-72+-43--8-4----11-50----002-0-00--0--2
4-+3--4-726-----3-2233--2201-0--012---1-
715-42533--1-1----0---00--1-00----0-10--
---4-3--323---4-355---12-0100-0-0-0-00--
61--55--4-6-----3--0100--1--00--------0-
+3+--2-1---5--324--4421---0--0--0-0-----
-4-2+2----7-5-3---2-50-2--11--0--0-0----
-3618--33--1--4-43-0--0-0131---0--0-0---
74-164311---3-1-1-3-12-1030--2--00-0---0
-6--9--2-2--5-----42-24231--1-1-110---0-
-2---5-534-1-41-20-353--22-1-2---0-----0

Generation = 60, Population = 544.
--+-+----3+-+----69---7-81-------4--7--1
-------------------18-96--93--81---5----
43---56-+----5--4-8--3+---+-+4--3----3-1
----------------5-+-----6-+-------------
85----+-3----26------3-------4-----4-6-2
---------------5----+--65-62---2--9----5
-9+-+8---8--6-5--5--7-7--27-7-3-+5-0-1--
--------------------5-6-----8-6---------
-4+-+5----+-+----4------75-----1-4-2+0-4
-----------8----8--6----7-+++-+----+-97-
89---3--64---6--4-+--1--2-+--6+0-34-8--1
----+----6--------------5-9-----4-4-----
58+--9+-57----2-1----6-----262-344-5-2-2
---------------1----6--4----7-52525---27
-+--+5+--6--+5---7--4-4--2-2557---31-43-
4----4--4----2--------------3-1-----5-3-
++3--69---9-47----5-6--1-4-362-343-3-4-5
--+-+--------------4----3--3-1--6--4961-
-69--8--54+--1--32---3-1463----3218-4--3
666-+----8--7----4--------------1-2---7-
-6--9-6--++---3-36-3--33-6-7-3-3-3-937-7
------7-6--------------1-1--4-33-2--5--8
668--49--6--757--7-27------3821-4-2153--
-5+-+4+-6----8--4----1------------3---0-
-----+--5-0--3+---6----1--9163-0-1-1-2-1
--9-+-----9-8--------1----33-0--3-44272-
+5+--15--55--5-25-2----45---2-7102----65
62---4+-++6-8----5--5----2----1-1-----0-
------3--8--3-2-5-3---2-2--3--0003-21532
------7-8-----4-41----1--0----10013----3
-+--984--492--4----24-1-4-033-1---20-22-
-28--3----3-311-1----1--0-3-10----1-1---
--4---------5---4-5---6---4-1--00--31121
----------8-13------32----2-101-1--1-1--
-6---4--5-6---32--1-4-203--3--10------10
-5----7--8----5-332-6-4-00--4-2-01------
5-------3-----------1-1---3-0---0-31---0
---------2------45-------30-1----1--1--0
-9----------7-1-0--4---3--22--10--11----
-----5----8--5-------31-2-1-23--1----0--

Generation = 65, Population = 160.
-------------5-2+-+3-4------------------
-0------------92---2+-------------------
5-+---------8-5-6-9-+-+-----------------
-3---------0+--1---1--+3----------------
-----------3849-----4351----------------
----------7-8---------1-6---------------
----+------5-----------1-4--------------
--50-7--2-----6-----6---+---------------
-5-3+--1-+--+9-2---2-08----4------------
--+-----5--8-5+-----+6-+--+-------------
-----3------+---------8------7----------
----+-+--6------------------8-----------
--+4++--6-8-----------------------------
-2--+6---7------------------------------
+-+-+-----------------------------------
-17-------------------------------------
++-3------------------------------------
----------------------------------------
76-5------------------------------------
-67------------0---0--------------------
9-+-+---------3-4-7-1-------------------
-5--+4---------2---3--------------------
--93+5----------------------------------
----+-+-------------------------------0-
-----+-2-----------------------------4-2
--+---4-------------------------------2-
-6-5+----6------------------------------
--70-4--+-------------------------------
----7------3----------------------------
-------3--+----------------1------------
------4-8-----------------0-3-----------
-------4-1-----------------1------------
--------4-3-----------------------------
---------8------------------------------
----------------------------------------
----------------------------------------
----------------------------------------
-8----------------------1---------------
3-7--------------------3-2--------------
-3----------------------3---------------

Generation = 70, Population = 319.
---1-2--8-+---+-----+---9-+-------------
----5---79--7---------+---+-------------
-5+----0--+-+---7-+---+-+---------------
--4-----6-91+-+-----+-+-8-+1+-----------
9---72+-------+-7-8-5-------6-----------
+---+-------969-+-6-+-2--36--4----------
+-+0+-5-786-----5-9-----+-8-------------
8---5-4-3-----72+-+-9--3+-+3---2--------
+6+-+-92--+3+-+-+-+-+-+-+-+-----6-------
+7+-----6-9-7---+-+--67-79--+8---7------
+----35-+73-+69-6-+-8-8-2-----+---5-----
4-+1+-------2---3-5---63--+3---2--------
+-+4---4--836--11-4---6-----9---4-------
--+-+64-6-----2-----8---55---3----------
+---+7+--7---621---65-----5---+---------
----7--24---3---------3----1------------
--4---+5+--1-7-------1------9-----------
----------------------------------------
--+---4-87-4-----------2--------------+-
----+---5-------------------------------
+---+-+--+---------------9----------4---
--+-+-9-89+-----------------------------
9-+-------+6-----------2----------2-----
6-+-+--27--1----------------------------
6-----+27----3-------2-----2----1-------
+-+--75-72---8--------------------------
+-+-+39-5-----24---2-----6---1----3-----
+--0+-+2--72---2------------------------
4-627-3-----5---7------2---3---1----1---
6---+4--8+---2--------------------------
5+--+-----+---4------7---5---2---3----3-
--9---74---6----------------------------
-35-----4---6--2-------31--0---3--------
----6----8------------------------------
---1------9--4--------2--12--1----------
----------------------------------------
-5---6-----1--------2------10-----------
----------------------------------------
---2---2-6--------6-----------2---------
----------------------------------------

Generation = 75, Population = 627.
---1-47--7+-+-+2---3+-+--3+---+6--------
40-----2-++-+-+2+-92+-+7+8-6-3-2--------
57---790--+7+-+27-+3+--1+-+4+---3-------
-3--9-+--+--+8-1---1-7+--6-3-----2------
--+5-3+---4-84+2-1-3635-0--3----6-------
-484-0-4--7-----+-9--4-----37--2--9-----
+++-++-179-5659366+3-5-----394---6------
9-8278-----2-------2-5+-+-+-94827-------
+-+-+6+3-++3+--2-5-2+0-----4+28-7-------
+-++-5-7---997+6-7-7+-8-8-+++9+4-8------
--+4-472-7-5+-+4-7-492+23--057+-2------2
-----7+------48--3----+--6--84-2------1-
+++6+-+---+36+--1-549-9-8-----5------2--
-2--+--7-9+470---3-2+2-4--7---------7-3-
-+---8+6+7+4--43---8-4---2-----------6-1
9-+-+4-276----10104012424-----------5-6-
-+4-+6--+4+1--41---371+-+----------5-6--
----+-866-7-71402-54734--6-5--------+-3-
-6+-+85-89+-8-55---553----7-2--6-----4-4
+6+-+---+----67-----1--------40-------7-
+7+-++-47+--9-------1-----2--46---------
-5-6+--------3-2-----0-3-3--7-4---3-----
-9+3--+--7--+-9-------2------321-2-1----
---2-4-2--8--8--4------0-4--423---6-4---
7--1-----+-86--0----------+383-----3-4--
+6+3+-6-839-9963---4-------44-3---6-2---
--+5----78-48---6-3-2--------1-2-5-4----
+3+-+-+-+-+39--5-----6--3-----1---23----
6+93++4--993--4-9-4--532-7--------2-1---
----+--3--+3-2---4--6-1-1-2------3-1-22-
5++-+-4------------4-831-5-3----0-3-3540
--+--4--4----2-1-342-11---4------2-0411-
-5-58--0--------------------------1453--
6172787----------1----1---3--------42-1-
+++3--8---------4-2--5-0-2-3---------1-3
867-+----8------53----4-0-32----0-----0-
56-1--3---5--3-2-7-----1-34-1--1-1------
-8+--4-2---54-2-4-7-----16-2-40-0-2-----
--7-+-4-7--282-2-2-4----3-4-4331-2-3----
---7-5---594--3---4------3---61---2-----

Generation = 80, Population = 156.
+-+-+-------------------------+-----8---
7---6---------------------------+-+-----
--+-+----4---+---3----------------------
--5-+-+---------------------+-+-----6-9-
--+------------4---4------------------5-
--9-+--7----+---------3----6------------
--+-----7-----+-----+-----+-------------
----8+---59---------+----7--------------
+---+-+---+-+-----+-----+-----+-----+-+-
--+---+7---+-----------+----+--------+9-
--+-----+---------------------------9---
----+----9--3-9-----+-+-----------------
-+---+--------------+----2--------------
----------+-+---6---+-------------------
-------6------7-----5------6------------
--------------3-2-----------------------
---------6--8-6---9-8-------------------
----------------5-8---------------------
-6----------+-----6---------------------
------------8---3---2-8-----------------
---6--------9---------4--------8---+----
----------+-+-----+-7-------------------
-9------------------8-------------------
----+----5------------------------------
--+-----9-----+-----3-----+-------------
-------5----+---------1----4------------
-6----+-----+-----3-----9---2-----------
-----6----+---------6----3--------------
---------+----------------1-------------
--+-+-----------------------------------
-------3---+-----------6-------------5--
+---------------------------------------
--7--3---7---------------0--------------
----------------------------------------
--+----6-------------------5------------
+---------------------------------------
----------6----2---1--------------------
--+------4------------------------------
--+-+---8----5---3----------------------
----------------------------------------

*** Life<FredkinCell> 20x20 ***

Generation = 0, Population = 7.
--------------------
--000---------------
----00--------------
--------------------
--------------------
--------------------
--------------------
--------------------
--------------------
--------------------
---0------0---------
--------------------
--------------------
--------------------
--------------------
--------------------
--------------------
--------------------
--------------------
--------------------

Generation = 25, Population = 141.
--531-----52-20---04
---4-2---4-5---1----
6644-3---56-5--4383-
-0---0---0-2-02--1--
-3-3446-375------1--
-3--------4361---1--
---4-----43-2-----00
---4------3---------
--438-----231-----00
-4-4--1----2-----0-2
-3-97-+77422353--43-
-0--302--0-0------0-
225------252-11-----
--8------1-2------0-
-15--33----3-----0-0
-0-2-------0------0-
----------110-------
---6-1---1-2--0----0
45--33---1-23-10--0-
---4-1----00000----0

Generation = 50, Population = 166.
4-+--+3-----675-64-8
------75-5-+-++-54-+
---896+--+----+--+--
----843-52-45-----73
--3+5+-5--8----5----
----------96+-----46
4---+--44--8+6---2-3
14+-+24-129-964-12-2
-1+8--56--58--4-2---
--+7+---------------
----+--+--494+-7754-
--+5-24-536-----21-3
+-------99+---6-----
46-+-5-33-----111-21
459+---357-53-2----2
--------------------
35---4--1-9-3820----
55-+-5-12-646-401---
-8---8-5--2-94--22--
--77-76-----301-----

*** Life<FredkinCell> 9x9 ***

Generation = 0, Population = 9.
-000-----
-000-----
--000----
---------
---------
---------
---------
---------
---------

Generation = 4, Population = 29.
30221210-
3-04-200-
-104--210
---------
-002-----
-011-----
--000----
---------
---------

Generation = 8, Population = 27.
---334-00
---622-42
--244-331
---------
--242----
-215-----
-104-----
---------
-0--2----

Generation = 12, Population = 35.
52-54--2-
4-28-208-
-6-6-5-73
---------
-0-5-21--
54-93-1-1
4-44-2--0
---------
0---20--0

Generation = 16, Population = 29.
66456554-
5-4+-20+-
-847--585
---------
-157-----
-61+-----
--655----
---------
---------

Generation = 20, Population = 27.
---687-42
---+32-+8
--675-6+6
---------
--796----
-81+-----
-269-----
---------
-0--7----

Generation = 24, Population = 35.
88-89--6-
6-6+-20+-
-+-9-+-+8
---------
-1-+-72--
++-+9-3-3
+-+9-5--1
---------
1---71--0

Generation = 28, Population = 29.
9+68+898-
7-8+-20+-
-+8+--8++
---------
-2++-----
-+1+-----
--+++----
---------
---------

Generation = 32, Population = 27.
---9++-84
---+42-++
--++6-9++
---------
--+++----
-+1+-----
-3++-----
---------
-0--+----

Generation = 36, Population = 35.
++-++--+-
8-++-20+-
-+-+-+-++
---------
-2-+-+3--
++-++-5-5
+-++-8--2
---------
2---+2--0

Generation = 40, Population = 29.
++8+++++-
9-++-20+-
-+++--+++
---------
-3++-----
-+1+-----
--+++----
---------
---------

*** Life<FredkinCell> 2x2 ***

Generation = 0, Population = 1.
-0
--

Generation = 2, Population = 0.
--
--

Generation = 4, Population = 0.
--
--

Generation = 6, Population = 0.
--
--

Generation = 8, Population = 0.
--
--

Generation = 10, Population = 0.
--
--