*** Life<FredkinCell> 5x6 ***

Generation = 0, Population = 6.
------
--00--
-0--0-
--00--
------

Generation = 1, Population = 12.
--00--
--11--
0-00-0
--11--
--00--

*** Life<FredkinCell> 9x9 ***

Generation = 0, Population = 3.
---------
---------
---------
---------
---000---
---------
---------
---------
---------

Generation = 1, Population = 10.
---------
---------
---------
---000---
--01-10--
---000---
---------
---------
---------

Generation = 2, Population = 12.
---------
---------
---000---
---------
-012-210-
---------
---000---
---------
---------

Generation = 3, Population = 30.
---------
---000---
--01-10--
-00-0-00-
01-3-3-10
-00-0-00-
--01-10--
---000---
---------

*** Life<FredkinCell> 5x5 ***

Generation = 0, Population = 5.
-----
--000
--00-
-----
-----

Generation = 1, Population = 9.
--000
-0-11
-0---
--00-
-----

Generation = 2, Population = 13.
--11-
010--
01--0
--110
--00-

Generation = 3, Population = 10.
0--20
-2--1
--0-1
0--2-
-0---

Generation = 4, Population = 7.
--13-
-----
0--02
-----
--00-

Generation = 5, Population = 18.
-0240
0-0-1
-1013
0-1-0
-0110

*** Life<FredkinCell> 9x9 ***

Generation = 0, Population = 15.
---------
-00------
--00-----
---00----
----00---
-----00--
------00-
-------00
--------0

Generation = 1, Population = 5.
-00------
01-------
---------
---------
---------
---------
---------
---------
--------1

Generation = 2, Population = 7.
--10-----
1--------
00-------
---------
---------
---------
---------
--------0
-------0-

Generation = 3, Population = 14.
00210----
2-00-----
-10------
00-------
---------
---------
--------0
---------
------0--

Generation = 4, Population = 16.
--3210---
3-1------
0--------
1--------
00-------
--------0
-------0-
------0-0
-----0-0-

Generation = 5, Population = 18.
00---10--
4-2-00---
-10------
---------
-10-----0
00-------
--------0
---------
----0-0--

Generation = 6, Population = 23.
-1----10-
5-3-1----
-2-000---
--------0
--10---0-
1--------
00-----0-
----0-0-0
---0---0-

Generation = 7, Population = 34.
----11210
---02-00-
--01110-0
-00-00---
01210-0--
2-00-----
-10-0----
00-------
--0------

Generation = 8, Population = 29.
------321
----3-1-0
---2-2-0-
--1-1-0-0
-2-2-0-0-
3-1-0-0--
0--0-0---
1-0-0----
0--0-----

Generation = 9, Population = 12.
----11---
-----02-1
--------0
---------
---------
40-------
-10------
---------
10-------

Generation = 10, Population = 20.
---22---1
------3-2
-----2001
--------0
02-------
5--------
--10-----
1-0------
210------

*** Life<FredkinCell> 6x6 ***

Generation = 0, Population = 5.
------
--0---
---0--
-000--
------
------

Generation = 1, Population = 12.
--0---
-0----
-0010-
01--0-
-000--
------

Generation = 2, Population = 18.
---0--
01000-
-1---0
120010
---1--
-000--

Generation = 3, Population = 20.
00-1--
12-11-
0-0-01
23-1--
0-0--0
01--0-

Generation = 4, Population = 8.
---2--
2-0---
-----2
34----
------
-2-0--

*** Life<FredkinCell> 1x1 ***

Generation = 0, Population = 1.
0

Generation = 1, Population = 0.
-

Generation = 2, Population = 0.
-

Generation = 3, Population = 0.
-

*** Life<FredkinCell> 4x4 ***

Generation = 0, Population = 4.
----
-00-
-00-
----

Generation = 1, Population = 8.
-00-
0--0
0--0
-00-

*** Life<FredkinCell> 5x5 ***

Generation = 0, Population = 3.
-----
-----
-000-
-----
-----

Generation = 1, Population = 10.
-----
-000-
01-10
-000-
-----

Generation = 2, Population = 10.
-000-
-----
12-21
-----
-000-

*** Life<FredkinCell> 5x5 ***

Generation = 0, Population = 4.
-----
--0--
-0-0-
--0--
-----

Generation = 1, Population = 4.
--0--
-----
0---0
-----
--0--

*** Life<FredkinCell> 9x9 ***

Generation = 0, Population = 3.
---------
---------
---------
---------
---000---
---------
---------
---------
---------

Generation = 1, Population = 10.
---------
---------
---------
---000---
--01-10--
---000---
---------
---------
---------

Generation = 2, Population = 12.
---------
---------
---000---
---------
-012-210-
---------
---000---
---------
---------

Generation = 3, Population = 30.
---------
---000---
--01-10--
-00-0-00-
01-3-3-10
-00-0-00-
--01-10--
---000---
---------

*** Life<FredkinCell> 10x10 ***

Generation = 0, Population = 4.
----------
----------
----------
----------
----00----
----00----
----------
----------
----------
----------

Generation = 1, Population = 8.
----------
----------
----------
----00----
---0--0---
---0--0---
----00----
----------
----------
----------

Generation = 2, Population = 16.
----------
----------
----00----
----11----
--01--10--
--01--10--
----11----
----00----
----------
----------

Generation = 3, Population = 16.
----------
----00----
---0--0---
--0----0--
-0------0-
-0------0-
--0----0--
---0--0---
----00----
----------
