*** Life<ConwayCell> 9x9 ***

Generation = 0, Population = 3.
.........
.........
.........
.........
...***...
.........
.........
.........
.........

Generation = 1, Population = 3.
.........
.........
.........
....*....
....*....
....*....
.........
.........
.........

Generation = 2, Population = 3.
.........
.........
.........
.........
...***...
.........
.........
.........
.........

Generation = 3, Population = 3.
.........
.........
.........
....*....
....*....
....*....
.........
.........
.........

*** Life<ConwayCell> 1x1 ***

Generation = 0, Population = 1.
*

Generation = 1, Population = 0.
.

Generation = 2, Population = 0.
.

Generation = 3, Population = 0.
.

*** Life<ConwayCell> 8x8 ***

Generation = 0, Population = 14.
**.....*
........
....*...
.*.**...
....*...
.....***
..*.....
.*.....*

Generation = 1, Population = 11.
........
........
...**...
...***..
...**.*.
.....**.
.......*
........

Generation = 2, Population = 10.
........
........
...*.*..
..*.....
...*..*.
....****
......*.
........

Generation = 3, Population = 11.
........
........
........
..***...
...**.**
....*..*
......**
........

*** Life<ConwayCell> 7x7 ***

Generation = 0, Population = 20.
*******
*******
******.
.......
.......
.......
.......

Generation = 2, Population = 8.
.......
.......
.***...
.***...
..**...
.......
.......

Generation = 4, Population = 5.
.......
..*....
..**...
...**..
.......
.......
.......

*** Life<ConwayCell> 1x3 ***

Generation = 0, Population = 3.
***

Generation = 1, Population = 1.
.*.

Generation = 2, Population = 0.
...

Generation = 3, Population = 0.
...

*** Life<ConwayCell> 3x1 ***

Generation = 0, Population = 3.
*
*
*

Generation = 1, Population = 1.
.
*
.

Generation = 2, Population = 0.
.
.
.

Generation = 3, Population = 0.
.
.
.

*** Life<ConwayCell> 5x5 ***

Generation = 0, Population = 4.
*...*
.....
.....
.....
*...*

Generation = 2, Population = 0.
.....
.....
.....
.....
.....

Generation = 4, Population = 0.
.....
.....
.....
.....
.....

*** Life<ConwayCell> 2x2 ***

Generation = 0, Population = 4.
**
**

Generation = 1, Population = 4.
**
**

Generation = 2, Population = 4.
**
**

Generation = 3, Population = 4.
**
**

