*** Life<ConwayCell> 5x6 ***

Generation = 0, Population = 6.
......
..**..
.*..*.
..**..
......

Generation = 1, Population = 6.
......
..**..
.*..*.
..**..
......

*** Life<ConwayCell> 6x6 ***

Generation = 0, Population = 5.
......
..*...
...*..
.***..
......
......

Generation = 1, Population = 5.
......
......
.*.*..
..**..
..*...
......

Generation = 2, Population = 5.
......
......
...*..
.*.*..
..**..
......

Generation = 3, Population = 5.
......
......
..*...
...**.
..**..
......

Generation = 4, Population = 5.
......
......
...*..
....*.
..***.
......

*** Life<ConwayCell> 9x9 ***

Generation = 0, Population = 3.
.........
.........
.........
.........
...***...
.........
.........
.........
.........

Generation = 1, Population = 3.
.........
.........
.........
....*....
....*....
....*....
.........
.........
.........

Generation = 2, Population = 3.
.........
.........
.........
.........
...***...
.........
.........
.........
.........

Generation = 3, Population = 3.
.........
.........
.........
....*....
....*....
....*....
.........
.........
.........

*** Life<ConwayCell> 9x9 ***

Generation = 0, Population = 15.
.........
.**......
..**.....
...**....
....**...
.....**..
......**.
.......**
........*

Generation = 1, Population = 17.
.........
.***.....
.*..*....
..*..*...
...*..*..
....*..*.
.....*..*
......*.*
.......**

Generation = 2, Population = 25.
..*......
.***.....
.*..*....
..****...
...****..
....****.
.....**.*
......*.*
.......**

Generation = 3, Population = 19.
.***.....
.*.*.....
.*...*...
..*...*..
..*....*.
...*.....
....*...*
.....**.*
.......**

Generation = 4, Population = 22.
.*.*.....
**.**....
.*.......
.**...*..
..**.....
...*.....
....**.*.
.....**.*
......***

Generation = 5, Population = 23.
**.**....
**.**....
...*.....
.*.*.....
.*.*.....
..**.....
....**.*.
....*...*
.....**.*

Generation = 6, Population = 22.
**.**....
**.......
**.*.....
...**....
.*.**....
..**.....
....**...
....*...*
.....*.*.

Generation = 7, Population = 17.
***......
...**....
**.**....
**.......
.........
..*..*...
....**...
....*.*..
.........

Generation = 8, Population = 18.
.***.....
....*....
**.**....
***......
.*.......
....**...
...**.*..
....*....
.........

Generation = 9, Population = 18.
..**.....
*...*....
*..**....
...*.....
***......
...***...
...*.....
...***...
.........

Generation = 10, Population = 18.
...*.....
.**.*....
...**....
*..**....
.**......
.*.**....
..*......
...**....
....*....

*** Life<ConwayCell> 1x1 ***

Generation = 0, Population = 1.
*

Generation = 1, Population = 0.
.

Generation = 2, Population = 0.
.

Generation = 3, Population = 0.
.

*** Life<ConwayCell> 4x4 ***

Generation = 0, Population = 4.
....
.**.
.**.
....

Generation = 1, Population = 4.
....
.**.
.**.
....

*** Life<ConwayCell> 5x5 ***

Generation = 0, Population = 3.
.....
.....
.***.
.....
.....

Generation = 1, Population = 3.
.....
..*..
..*..
..*..
.....

Generation = 2, Population = 3.
.....
.....
.***.
.....
.....

*** Life<ConwayCell> 5x5 ***

Generation = 0, Population = 5.
.....
..***
..**.
.....
.....

Generation = 1, Population = 5.
...*.
..*.*
..*.*
.....
.....

Generation = 2, Population = 3.
...*.
..*.*
.....
.....
.....

Generation = 3, Population = 2.
...*.
...*.
.....
.....
.....

Generation = 4, Population = 0.
.....
.....
.....
.....
.....

Generation = 5, Population = 0.
.....
.....
.....
.....
.....

*** Life<ConwayCell> 5x5 ***

Generation = 0, Population = 4.
.....
..*..
.*.*.
..*..
.....

Generation = 1, Population = 4.
.....
..*..
.*.*.
..*..
.....

*** Life<ConwayCell> 6x6 ***

Generation = 0, Population = 15.
......
..***.
..***.
.***..
..***.
.***..

Generation = 1, Population = 7.
...*..
..*.*.
......
.*....
....*.
.*..*.

Generation = 2, Population = 2.
...*..
...*..
......
......
......
......

Generation = 3, Population = 0.
......
......
......
......
......
......
