*** Life<FredkinCell> 9x9 ***

Generation = 0, Population = 3.
---------
---------
---------
---------
---000---
---------
---------
---------
---------

Generation = 1, Population = 10.
---------
---------
---------
---000---
--01-10--
---000---
---------
---------
---------

Generation = 2, Population = 12.
---------
---------
---000---
---------
-012-210-
---------
---000---
---------
---------

Generation = 3, Population = 30.
---------
---000---
--01-10--
-00-0-00-
01-3-3-10
-00-0-00-
--01-10--
---000---
---------

*** Life<FredkinCell> 10x10 ***

Generation = 0, Population = 4.
----------
----------
----------
----------
----00----
----00----
----------
----------
----------
----------

Generation = 1, Population = 8.
----------
----------
----------
----00----
---0--0---
---0--0---
----00----
----------
----------
----------

Generation = 2, Population = 16.
----------
----------
----00----
----11----
--01--10--
--01--10--
----11----
----00----
----------
----------

Generation = 3, Population = 16.
----------
----00----
---0--0---
--0----0--
-0------0-
-0------0-
--0----0--
---0--0---
----00----
----------

*** Life<FredkinCell> 9x9 ***

Generation = 0, Population = 3.
---------
---------
---------
---------
---000---
---------
---------
---------
---------

Generation = 3, Population = 30.
---------
---000---
--01-10--
-00-0-00-
01-3-3-10
-00-0-00-
--01-10--
---000---
---------

*** Life<FredkinCell> 9x9 ***

Generation = 0, Population = 3.
---------
---------
---------
---------
---000---
---------
---------
---------
---------

Generation = 1, Population = 10.
---------
---------
---------
---000---
--01-10--
---000---
---------
---------
---------

Generation = 2, Population = 12.
---------
---------
---000---
---------
-012-210-
---------
---000---
---------
---------

Generation = 3, Population = 30.
---------
---000---
--01-10--
-00-0-00-
01-3-3-10
-00-0-00-
--01-10--
---000---
---------

*** Life<FredkinCell> 1x1 ***

Generation = 0, Population = 1.
0

Generation = 1, Population = 0.
-

Generation = 2, Population = 0.
-

Generation = 3, Population = 0.
-

Generation = 4, Population = 0.
-

*** Life<FredkinCell> 1x11 ***

Generation = 0, Population = 11.
00000000000

Generation = 1, Population = 2.
1---------1

Generation = 2, Population = 2.
-0-------0-

Generation = 3, Population = 4.
1-0-----0-1

Generation = 4, Population = 2.
---0---0---

Generation = 5, Population = 4.
--0-0-0-0--

*** Life<FredkinCell> 3x3 ***

Generation = 0, Population = 5.
--0
-00
-00

Generation = 1, Population = 4.
--1
0-1
0--

Generation = 2, Population = 8.
002
1-2
100

Generation = 3, Population = 0.
---
---
---

Generation = 4, Population = 0.
---
---
---

*** Life<FredkinCell> 4x1 ***

Generation = 0, Population = 2.
0
-
-
0

Generation = 1, Population = 2.
-
0
0
-

Generation = 2, Population = 4.
0
1
1
0

Generation = 3, Population = 2.
1
-
-
1

Generation = 4, Population = 2.
-
1
1
-

Generation = 5, Population = 4.
1
2
2
1

Generation = 6, Population = 2.
2
-
-
2

Generation = 7, Population = 2.
-
2
2
-

Generation = 8, Population = 4.
2
3
3
2

Generation = 9, Population = 2.
3
-
-
3

Generation = 10, Population = 2.
-
3
3
-

Generation = 11, Population = 4.
3
4
4
3

Generation = 12, Population = 2.
4
-
-
4

Generation = 13, Population = 2.
-
4
4
-

Generation = 14, Population = 4.
4
5
5
4

Generation = 15, Population = 2.
5
-
-
5

Generation = 16, Population = 2.
-
5
5
-

Generation = 17, Population = 4.
5
6
6
5

Generation = 18, Population = 2.
6
-
-
6

Generation = 19, Population = 2.
-
6
6
-

Generation = 20, Population = 4.
6
7
7
6