*** Life<Cell> 9x9 ***

Generation = 0, Population = 3.
---------
---------
---------
---------
---000---
---------
---------
---------
---------

Generation = 1, Population = 10.
---------
---------
---------
---000---
--01-10--
---000---
---------
---------
---------

Generation = 2, Population = 12.
---------
---------
---000---
---------
-01*-*10-
---------
---000---
---------
---------

Generation = 3, Population = 28.
---------
---000---
--01-10--
-00-0-00-
01-.-.-10
-00-0-00-
--01-10--
---000---
---------

*** Life<Cell> 1x50 ***

Generation = 0, Population = 28.
00--0-00-00--00--000---0-000-000000--00---0-00-0--

Generation = 1, Population = 31.
1100--11-110011001-10-0--1-1-1----100110-0--11--0-

Generation = 2, Population = 23.
*--100**-*-------*-*1--00-----0--0*----1--00**00-0

Generation = 3, Population = 24.
.10*--*.-.1-----0.-.*00111---1-001.0--1-001-**-1--

Generation = 4, Population = 15.
.*-.00..-.-0---0-.-..----*0-0--1-*.-01--1-*-..--0-

Generation = 5, Population = 19.
..0.11..-.1-0-1-0.-..---1.1--10--..01*11--.0..-1-0

*** Life<Cell> 30x20 ***

Generation = 0, Population = 25.
------------0-----0-
--------------------
--------------------
--------------------
--------------------
--------------------
--------------------
--------------------
---0------0-------0-
--0---------0-------
0-------------------
--------------------
---------0----------
--------0-----------
---0------0---0-----
0-------------------
------0-------------
------------0-------
--------------------
-------0------------
-----------0--------
--0-----------------
-0-----0--------0---
--------------------
--------------------
--------------------
------------------0-
---------------0----
--------------------
0-------------------

Generation = 1, Population = 82.
-----------0-0---0-0
------------0-----0-
--------------------
--------------------
--------------------
--------------------
--------------------
---0------0-------0-
----0----0-00----0-0
00--------00-0----0-
-00---------0-------
0--------0----------
----------0---------
---0---0--0---0-----
0-0-0---00-0-0-0----
-0-0--0---0---0-----
0----0-0----0-------
------0----0-0------
-------0----0-------
------0-0--0--------
--0----0--0-0-------
---0---0---0----0---
0-----0-0------0-0--
-0-----0--------0---
--------------------
------------------0-
---------------0-0-0
--------------0-0-0-
0--------------0----
-0------------------

Generation = 2, Population = 92.
----------0-0-0-0-0-
--------------------
------------0-----0-
--------------------
--------------------
--------------------
---0------0-------0-
--0---------0-------
00---0--0---1---0---
1---0-----1---0-----
0-10-----00-------0-
--0-----0---0-------
0--0---0--10--0-----
0-----0---1---------
-0---00-11------0---
0-0-----0---0-------
---00---0-0---0-----
0------0--0---0-----
------0----0--------
--0--0---0--0-------
-0-----1-0---0--0---
0---0--1------------
---0-0---0-0--0---0-
--0-----------------
-0-----0--------0-0-
---------------0----
----------------0---
0------------0---0--
------------------0-
--0------------0----

Generation = 3, Population = 180.
---------0---------0
----------0---0-0---
-----------0-0---0-0
------------0-----0-
--------------------
---0------0-------0-
----0----0-00----0-0
0----0--0-0010--0-0-
-1----00-000*000-0--
--0-----0-*000-00-0-
1--1-----1-00-0--0-0
-010---------00---0-
10--0----0-1-0-0----
1--0--1-0-*---0-0---
0---01---*--0--0-0--
-0--0000--00-00-0---
---110--1-100010----
-0-00----01--010----
0-0------0----0-----
---00--0010-----0---
----000*-10---00-0--
------0*0--0-00-0-0-
0---0-000---00-0-0-0
-----0-0-0-0--0-0---
0-----0-0----------0
-0-----0------0-0-0-
0------------0------
-0----------0-0-----
0-0----------0-0---0
-0-0----------0-0-0-

Generation = 4, Population = 87.
--------0-----0-0-0-
--------------------
------------0-----0-
--------------------
---0------0-0-------
--0---------0-------
0-------------------
--------------------
------11-1--.-----0-
1-----0---.-----1---
--1*0-----0---1-----
0-------------------
---0-00---1--1----0-
--0-0-----*-0-------
1-----00-*0---0---0-
--0-1--1------------
--0------0*1--------
--0-------------0---
-0-0---0--0---1-0---
0--1-------0--------
------1.-------1----
0-----1.----0-------
-0-0-0-----01-----0-
-------1-------0----
-----------0--------
0-0-----------------
-0-----0------0-0-0-
0----------0-------0
--------------------
--0-0----------0----

Generation = 5, Population = 204.
-------0-0---0-----0
--------0---0-0-0---
-----------0-0---0-0
---0------0-------0-
----0----0--10------
00--------0010------
-00---------0-------
0-----00-0--------0-
0----0-*--0-.---00-0
-000001--0.---00-00-
-0**100--1-0-0-00---
-01-000------00---0-
1---0110-0*1--0--0-0
10-0---0--*---0-----
-0---11--*-000-0-0-0
001--0-*0--0--0---0-
-0-11--011**0---0---
--1----0-0-0--1010--
--010-0-00---0--10--
--0*0-00----0-000---
---0-0*.---00-0-0---
---0--*.----10-0--0-
-------0--01-0-0-0-0
-0-0-00-0---0-0-0-0-
0-0----0--0-0--0----
-0-0---0---0--0-0-0-
0-----0-0--0-0------
-------0--0-0-0-0---
0-0-0------0---0---0
-0---0--------0-0---

*** Life<Cell> 20x20 ***

Generation = 0, Population = 10.
------------------0-
---------0----------
--------------0-----
--------------------
--------------------
--------------------
--------------------
--------------------
------------0-------
--------------------
--------------------
-----------0--------
------0-------------
--------------------
--------------------
--------0----0------
--------------------
--------------------
--------0-----------
-------------0------

Generation = 1, Population = 38.
---------0-------0-0
--------0-0---0---0-
---------0---0-0----
--------------0-----
--------------------
--------------------
--------------------
------------0-------
-----------0-0------
------------0-------
-----------0--------
------0---0-0-------
-----0-0---0--------
------0-------------
--------0----0------
-------0-0--0-0-----
--------0----0------
--------0-----------
-------0-0---0------
--------0---0-0-----

Generation = 2, Population = 35.
--------------0-0-0-
-------0---0--------
------------0---0-0-
---------0----------
--------------0-----
--------------------
------------0-------
--------------------
----------0---0-----
-----------0--------
------0-----0-------
---------0---0------
----0---0-----------
--------0--0-0------
------0-------------
------0---00---0----
--------1-----------
--------1-----------
------0---0---------
-----------0-0-0----

Generation = 3, Population = 90.
-------0---0-0-----0
------0-0-0---0-----
-------0-0---0-0---0
--------0-0-0-0-0-0-
---------0---0-0----
------------0-0-----
-----------0-0------
----------0-0-0-----
---------0---0-0----
------0-------0-----
-----0-0-0----------
----0-0---0---0-----
---0-0-01--0--------
----0-00100---0-----
-----0100-0--0-0----
-----01000110-0-0---
------00*000---0----
------00*00---------
-----0-000---0-0----
------0---------0---

Generation = 4, Population = 36.
------------------0-
-----0---0---0------
----------0---------
--------------------
------------0-----0-
---------0----------
--------------0-----
-----------0--------
------0-0-------0---
--------------------
--------------------
-------00----0-0----
--0-------0-0-------
--------------------
--------1-----------
----0----1-*10---0--
------1-.-----------
--------.----0------
----0---1---0-------
--------00---0---0--

Generation = 5, Population = 103.
-----0---0---0---0-0
----0-0-0---0-0---0-
-----0-----0-0------
----------0-0-----0-
---------0-0-0---0-0
--------0-0-0-0---0-
---------0-0-0-0----
------0-0-0-0-0-0---
-----0---0-0---0-0--
------0-0-------0---
-------00----0-0----
--0---01100-----0---
-0-0---010-----0----
--0-----1-0-0-------
----0--0---000---0--
---0-01----.-10-0-0-
----00-0.0-00----0--
----0-0-.-----0-----
---0-0-0*--0-0---0--
----0--0-10---0-0-0-

Generation = 6, Population = 79.
----------0-----0-0-
---0-----------0----
--------0-----------
-----0-------0------
----------------0---
-------0------------
------0-0---------0-
-------------0------
----0-0-0-0-------0-
-------01--0-0-0----
--0---0-1-0-0---0---
-----01--110-0-0-0--
0---0-----0-0-0-----
----0--0*0-01--0-0--
--0--------11-------
--0---*0-1-.1-1----0
--------.--11-------
----1--0.0--0--0----
--0---0-*-----0-----
------010*1------0-0

Generation = 7, Population = 154.
---0-----0-0-------0
--0-0---0-0---0---0-
---0-0-0-0---0-0----
----0-0-0---0-0-0---
-----0-0-----0-0-0--
----------------0-0-
-----0-0-0---0---0-0
----0-----0-0-0-----
---0---01------0-0-0
--0-0-01*00-0-----0-
-0-0--10*01--0-0----
0-0--1-1-*-1--0-0-0-
-0-01-00101-10-0----
0-001001*10-*0----0-
-0100-1-1-0-*000-0-0
-010-0.1--1.---0--0-
--0-0-1-.-0**000---0
--00-0--*-0-10--0---
-0-0001-.00-00---0-0
--0--0--1**0--0-0---

Generation = 8, Population = 60.
----------0-0-0-----
-0---------------0--
------0-----------0-
-----------0--------
------0-------0-----
---------0----------
------------------0-
--------0----0------
----0-------------0-
--------.1----------
--------.-----0-----
---0-----.---0-----0
0-------*--0--0-----
-------*.*1-.1------
------*-*0--*1------
0-----.--1-.--1-0--0
--------.01..1------
-----100.0-0*1------
0-----*0.-10----0---
-----1-1*..1-------0

Generation = 9, Population = 123.
-0-------0-----0-0--
0-0---0---0-0-0-0---
-0---0-0---0-------0
----------0-0-0---0-
-----0-0-0-0-0-0----
------0-0-0---0---0-
--------00---0---0-0
----0--0-0--0-0-----
---0-0--10---0---0-0
----0---.-0---0---0-
---0----.0-----0---0
0-0-0---1.-10-0---0-
-0-0----*---10-0---0
0------*..*-.*------
0----0.0.1-1*---0--0
-0----.----.11---00-
0----010.1**.*--0--0
0---1*1-.1--.-0-0---
-0---0.1.-*1-0-0-0-0
0---0-0-*.**0---0-0-

Generation = 10, Population = 132.
------0-0---0---0-0-
---0-------0---0---0
----0-0-0-0-0---0---
-0-----------0---0--
----0-0-0---0---0---
-------01----0------
----0-0-------0-0-0-
------0---00---0----
--0---0-*-----0-0-0-
---0----*1-0-------0
0---0---.--00-0-0-0-
-0---1-1**1*-0-0-0-0
0-0-----*01---0-0---
1--0-00*.**-.*000---
1---0-*1*-0*.1-0----
0-1---.---1.--1-0110
1-----*1*-**.*-01---
1--0*.-0.*0-.1-01---
0-0-01.-*-.-0-0---0-
---0-1-1.**.1----0--