*** Life<FredkinCell> 9x9 ***

Generation = 0, Population = 3.
---------
---------
---------
---------
---000---
---------
---------
---------
---------

Generation = 1, Population = 10.
---------
---------
---------
---000---
--01-10--
---000---
---------
---------
---------

Generation = 2, Population = 12.
---------
---------
---000---
---------
-012-210-
---------
---000---
---------
---------

Generation = 3, Population = 30.
---------
---000---
--01-10--
-00-0-00-
01-3-3-10
-00-0-00-
--01-10--
---000---
---------

*** Life<FredkinCell> 10x10 ***

Generation = 0, Population = 4.
----------
----------
----------
----------
----00----
----00----
----------
----------
----------
----------

Generation = 1, Population = 8.
----------
----------
----------
----00----
---0--0---
---0--0---
----00----
----------
----------
----------

Generation = 2, Population = 16.
----------
----------
----00----
----11----
--01--10--
--01--10--
----11----
----00----
----------
----------

Generation = 3, Population = 16.
----------
----00----
---0--0---
--0----0--
-0------0-
-0------0-
--0----0--
---0--0---
----00----
----------

*** Life<FredkinCell> 10x10 ***

Generation = 0, Population = 14.
---------0
----0-----
----------
---0------
------0---
-0--------
---0--0-0-
--0--0----
0-------00
--------0-

Generation = 1, Population = 33.
----0---0-
---0-0---0
---00-----
--0-0-0---
-0-0-0-0--
0-00----0-
-0--0----0
00--0----0
-00--0-0-1
0------01-

Generation = 2, Population = 34.
-------0--
--01--0---
------0--0
----10----
---10-0---
--1--0----
01--10---1
11-01--00-
0-10---102
--0--00-2-

Generation = 3, Population = 43.
--00----0-
-012001--0
--000-100-
-----10--0
---2---0--
0---01---0
------00--
2-0---0--0
10---0---3
001-01103-

Generation = 4, Population = 42.
-----000--
01--1---0-
---1--2-10
--0--2-0--
0-0-----0-
-0--12--0-
--0-1--10-
31-0--1-01
2-1--101-4
-12-12--4-

Generation = 5, Population = 45.
00---1-1--
121-----1-
00-----0-1
001-1-0-00
-0120---10
--10-30--0
01-02--21-
-2----2---
3-2---12-5
-2--2-----

*** Life<FredkinCell> 50x50 ***

Generation = 0, Population = 49.
----------------0---------------------------------
--------------------------------------------------
-------------0------------------------------------
--------------------------------------------------
--------------------------0-----------------------
---------------------------0----------------------
--------------------------------------------------
--------------------------------------------------
-0------------------------------------------------
-----------------0--------------------------------
--------------------------------------------------
--------00----------------------------------------
---0----------------------------------------------
--------------------------------------------------
---------0----------------------------------------
----------------------------0---------------------
0-------------------------------------------------
---------------------0----------------------------
------------------------------------------0-------
-----------------0--------------------------------
-------0----------0-0-----------------------------
---------------------0----------------------0-----
--------------0-------------------------0-----0---
-------------------0------------0-----------------
---------------------------------0----------------
-------------------------------0------------------
----------------------------0---------------------
--------------------------------------------------
--------------------------------------------------
--------------------------------------------------
---------0-----------00---------------------------
------------------------------0-------------------
----------------0---------------------------------
--------------------------------------------------
-----------------0--------0-----------------------
---------------------------0-------0--------------
------------------------------------------------0-
--------------------------------------------------
--------------------------0-----------------------
--------------------------------------------------
----------------------------------0-----------0---
--------------------------------------------------
-0------------------------------------------------
--------------------------------------------------
-------------------------0------------0-----------
-------------0----------------------------------0-
--------------------------------------------------
-------------------------0------------------------
-------------------------0------------------------
--------------------------------------------0-----

Generation = 1, Population = 171.
---------------0-0--------------------------------
-------------0--0---------------------------------
------------0-0-----------------------------------
-------------0------------0-----------------------
-------------------------0------------------------
----------------------------0---------------------
---------------------------0----------------------
-0------------------------------------------------
0-0--------------0--------------------------------
-0--------------0-0-------------------------------
--------00-------0--------------------------------
---0---0110---------------------------------------
--0-0---00----------------------------------------
---0-----0----------------------------------------
--------0-0-----------------0---------------------
0--------0-----------------0-0--------------------
-0-------------------0------0---------------------
0-------------------0-0-------------------0-------
-----------------0---0-------------------0-0------
-------0--------0---0---------------------0-------
------0-0-----------------------------------0-----
-------0------0---0---0-----------------0--0-00---
-------------0-0---0-0----------0------0-0--00-0--
--------------0---0-0----------0--------0-----0---
-------------------0-----------0--0---------------
----------------------------0-0-00----------------
---------------------------0-0-0------------------
----------------------------0---------------------
--------------------------------------------------
---------0-----------00---------------------------
--------0-0---------0110------0-------------------
---------0------0----00------0-0------------------
---------------0-0------------0-------------------
----------------00--------0-----------------------
----------------0-0------0---------0--------------
-----------------0----------0-----0-0-----------0-
---------------------------0-------0-----------0-0
--------------------------0---------------------0-
-------------------------0-0----------------------
--------------------------0-------0-----------0---
---------------------------------0-0---------0-0--
-0--------------------------------0-----------0---
0-0-----------------------------------------------
-0-----------------------0------------0-----------
-------------0----------0-0----------0-0--------0-
------------0-0----------0------------0--------0-0
-------------0-----------0----------------------0-
------------------------010-----------------------
------------------------010-----------------0-----
-------------------------0-----------------0-0----

Generation = 2, Population = 181.
-------------00-0-0-------------------------------
--------------------------------------------------
-----------0---00---------0-----------------------
---------------------------0----------------------
-------------0----------0---0---------------------
-------------------------0---0--------------------
-0------------------------0-----------------------
-----------------0---------0----------------------
---0----------------------------------------------
--------00-----0---0------------------------------
-0-0----------------------------------------------
------01--10-----0--------------------------------
-0---0---1----------------------------------------
--------01------------------0---------------------
0--0---0---0--------------------------------------
---------------------0----0---0-------------------
0-0------0--------------------------------0-------
-----------------0-0---0----0---------------------
0------0----------0-0-------------------0---0-----
---------------0---0------------------------0-----
-----0---0----0-0-0-0-0-----------------0-0---0---
-----------------0-----0--------0---------0---1---
-------0----0---0-0-0------------0----0---0-1---0-
-----------------0------------01--0---------0-----
--------------0-------------0--1---0----0-----0---
-------------------0---------0--11----------------
--------------------------0---0--0----------------
-------------------------------0------------------
---------0-----------00-----0---------------------
------------------------------0-------------------
-------0---0----0--01--10-------------------------
----------------------------0---0-----------------
---------0----0--10--00---0-----------------------
---------------------------0--0----0--------------
---------------01--0----0---0-------------------0-
-------------------------0---0---0---0------------
-----------------0----------------------------0---
---------------------------0-------0--------------
------------------------0---0-----0-----------0-0-
--------------------------------------------------
-0------------------------0-----0---0-------0---0-
--------------------------------------------------
---0---------------------0--------0---0-------0---
-------------0----------------------------------0-
-0---------------------0---0--------0---0---------
-----------0---0---------1--------------------0---
--------------------------------------0-----------
-------------0---------0---0----------------0---0-
-----------------------0---0----------------------
-------------------------1----------------0-0-0---

Generation = 3, Population = 529.
------------011----0------------------------------
-----------0-000--0-------0-----------------------
----------0-0-0110-------0------------------------
-----------0-0-00-------0-------------------------
------------0-0--------0--------------------------
-0-----------0----------------0-------------------
0-0--------------0-----------0--------------------
-0-0------------0-0---------0---------------------
--0-0---00-----0-0-0-------0----------------------
-0-----0110---0-0-0-0-----------------------------
0---0-000000---0-0-0------------------------------
---0--121-210---0-0-------------------------------
0-0-0--0-2-0-----0----------0---------------------
00-0-0--1-00---------------0-0--------------------
-00-0-0--00-0--------0----0-0-0-------------------
--00---0-0-0--------0-0--0-0-0-0----------0-------
---0----0-0------0-0-0-0--0-0-0----------0-0------
--0----0-0------0-0---0-0--0-0----------0-0-0-----
-0----0-0------0-----0-0----0----------0-0-010----
0----0-0-0--------0-0-0-------------------00100---
----0-0-0-0--0-0-0-0------------0------0--100010--
-----0-0-0--0-0-0-0-----0------0------0-00-000200-
------0-0--0-0-0-----0-0------00-----0-0-01-2000-0
-------0----0-0-----0-------001-0-----0-0-00100-0-
-------------0-0-0-0-------0---2-0--0--0-0--00-0--
--------------0---0-0-----0-----2-00----0-----0---
-------------------0-----0-0-----10---------------
---------0-----------00---0-0---00----------------
--------0-0---------0110---0-000------------------
-------0-0-0----0--000000---00-0------------------
------0-0-0-0--0-001211210--0-0-0-----------------
-------0-0-0--0-000000000-00-0-0-0----------------
--------0-0--0-002100110-0--0-0-0--0--------------
---------0----000000-00-0----0-0--0-0-----------0-
--------------01200-0--0------0--0-0-0---------0-0
---------------000-0------0---0-0-0-0-0-------0-0-
----------------0-0------0-0-0---0-0-0-------0-0--
-----------------0------0-0---------0-----------0-
-----------------------0-0---0---0-----------0---0
-0----------------------0-0-0---0-0-0-------0-0---
0-0----------------------0-0---0-0-0-0-----0-0-0-0
-0-0---------------------00-----0-0-0-0-----0-0-0-
--0-0--------0----------0-0------0-0-0-0-----0-00-
-0-0--------0-0--------0-0-0------0-0-0-0-----00-0
0-0--------0-0-0------0-000-0------0-0-0-0----0-0-
-0--------0-0-0-0------00-00--------0-0-0----0-0--
-----------0-0-0-------0-0-0---------0-0----0-0-0-
------------0-0-------010-010---------0----0-0-0-0
-------------0--------0101010-------------0---0-0-
-----------------------00-00-------------0-----0--

Generation = 4, Population = 169.
------------12------0-----0-----------------------
---------------------------0----------------------
---------0------21--------------------------------
--------------------------------------------------
-0--------------0-----0-------0-------------------
-----------------0-----0-------0------------------
-------------0------------------------------------
--------00----------------------------------------
-0-0-0--------------------0-----------------------
-------------0-------0-----0----------------------
---------1----------------------------------------
----00------10--------------0---------------------
10-----1------------------------------------------
-----------------0---0----------------------------
-----0-------0----------------------------0-------
--------01-------0------0-------0-----------------
--010--0----------0-0-----------------------------
-----------------0---0---0------------------1-----
---------0----0-----------------------0-0---------
-------------0-----0-0------0---0-----------------
0--0-------0--0-0-----0-0--------0----------------
-----------------0---0---0-----1--------1-------1-
----------0-------0---------0-------0-------3-----
---------------0-0-----0----1-------0-------------
-------0----------0-0--------0-------0------------
---------------------0-----0-------1--------0-----
---------0----0------00-0-------0-------0-----0---
-------------------0----------0-1-----------------
----------------0----------------0----------------
-------------------------------1------------------
-----0-------0----1------1--1---------------------
--------------------------11------00--------------
------------0-------1---------------------------0-
--------------------------------------------------
---------0---0------------0---1-------------------
-----------------------0------1--------0----------
----------------1-----------------0---------0-0-0-
--------------------------------------------------
-0---------------0----0---0---0-------------------
---------------------------0-------0--------------
-------------------------1----0-----------0-----0-
-------------0----------------------------------1-
-0---0--------------------1-----------------------
-------------------------1------------------------
---------------------0---1---0------------0---1---
---------0-------0------------------------------0-
-0------------------------------------------------
---------------------0-------0--------------0-----
---------------------0-------0--------0-----------
-------------0-----------1--------------0---------

Generation = 5, Population = 527.
-----------0231----0-0---0------------------------
---------0--00--00--0-------0---------------------
--------0-0----1320--------0----------------------
-0-------0-------0----0-------0-------------------
0-0------------0-----0-------0--------------------
-0-----------0----0-----0-------0-----------------
--------00--0-0--0-----0-------0------------------
-0-0-0-0110--0------------0-----------------------
0-----0-00---0-------0---0------------------------
-0-0-0---1--0-0-----0-0-----0---------------------
----00--0-0-0--------0-----00---------------------
00-01112-1-1210------------0-0--------------------
210-000-0---00---0---0------0---------------------
00---0-0-----0--0-0-0-0-------------------0-------
----0-0-00--0-0------0--0-------0--------0-0------
--0000--120--0--0---0--0-0-----0-0--------0-------
-01-100--0-------0------00------0-----------0-----
--000--0-0----0-0-----0-0-0-----------0-0--0-0----
--------0-0----0-0-0-----0--0---0----0---0--1-----
0--0-----0-00-0-0-0-----0--0-0-0------0-0---------
-00-0-----0-0------0-0------0--0--0-----0-------0-
0--0------00--0-----0-----0-0-0-00--0--0-0--0--0-0
---------0-0---0-0-0-0-0-0-010-0---010--0--0-0--0-
-------0--0---0---0-0-0-0--02------01-------1-----
------0-0------0-------0---0--0----0--0-----0-----
-------0-0----0---0--1--0-0-00--2-0-00--0--0-00---
--------0-0--0-0---00-1--0-0--0011-0---0-0--00-0--
---------0----0-0-0-000-0----0--2-------0-----0---
---------------0-0-0----------00--0---------------
-----0-------0--0-0------0--0-0-00----------------
----0-0-----0-0--0-1----1----0-0--00--------------
-----0------00----0-0-----22-----0110-----------0-
-----------0-0-----0-1----00------00-----------0-0
---------0--00------0-----0---0-----------------0-
--------0-0-0-0--------0-0-0-020-------0----------
---------0---0--0-----0-0-0--020--0---0-0---0-0-0-
---------------0-0-----0------0--0-0---0---0-----0
-0--------------00----0---0---0---0---------0-0-0-
0-0-------------0-0--0-0-0---0-0---0--------------
-0---------------0----0--0--0-----0-0-----0-----0-
-------------0----------0-00-0-0---0-----0-0---010
-0---0------0-0----------00---0-----------0----020
0-0-0-0------0-------------0--------------------0-
-0---0---------------0--02---0------------0---0---
---------0-------0--0-0-020-0-0----------0-0-0-00-
-0------0-0-----0-0--0---1---0------------0---00-0
0-0------0-------0---0-------0--------------0---0-
-0------------------010-----010-------0----0-0----
-------------0------010--1--010------0-00---0-----
------------0-0------0--0-0--0--------00-0--------
