*** Life<FredkinCell> 14x2 ***

Generation = 0, Population = 13.
00
--
-0
0-
--
00
--
--
0-
00
--
-0
00
-0

Generation = 5, Population = 13.
2-
41
--
1-
--
--
-1
11
--
12
-1
0-
3-
-5

Generation = 10, Population = 12.
-2
-3
3-
15
--
1-
14
-3
--
62
1-
--
--
--

*** Life<FredkinCell> 4x7 ***

Generation = 0, Population = 2.
---0---
-------
--0----
-------

Generation = 1, Population = 7.
--0-0--
--00---
-0-0---
--0----

Generation = 2, Population = 7.
-010-0-
-------
0--10--
-------

Generation = 3, Population = 17.
01-1--0
000-00-
-00210-
0--00--

Generation = 4, Population = 5.
--1----
-------
0-13--0
-------

Generation = 5, Population = 13.
-1-1---
0--0--0
--2410-
0-00--0

Generation = 6, Population = 6.
---20-0
-------
-0---10
-------

Generation = 7, Population = 15.
--131--
-0-000-
0-2-121
-0---00

Generation = 8, Population = 3.
--24---
-------
---4---
-------

Generation = 9, Population = 8.
-1351--
--0----
--2-1--
---0---

Generation = 10, Population = 9.
024-20-
-------
-034-2-
-------

Generation = 11, Population = 16.
1-5-310
0--00--
01-5--1
-000-0-

Generation = 12, Population = 4.
2--5--1
-------
--3----
-------

*** Life<FredkinCell> 9x2 ***

Generation = 0, Population = 8.
0-
--
0-
-0
-0
00
0-
--
0-

Generation = 1, Population = 4.
-0
--
--
-1
--
--
1-
--
-0

Generation = 2, Population = 10.
0-
-0
-0
0-
-0
0-
-0
00
0-

Generation = 3, Population = 8.
--
-1
-1
-1
0-
-0
11
--
1-

Generation = 4, Population = 11.
-0
02
0-
-2
-0
01
2-
-0
-0

Generation = 5, Population = 9.
-1
--
11
-3
--
--
31
-1
11

Generation = 6, Population = 10.
0-
0-
2-
-4
-0
01
4-
0-
2-

Generation = 7, Population = 8.
11
-2
3-
-5
--
--
--
-1
31

Generation = 8, Population = 8.
2-
03
-1
--
-0
--
-1
-2
4-

Generation = 9, Population = 6.
3-
--
-2
--
0-
--
42
-3
--

*** Life<FredkinCell> 9x9 ***

Generation = 0, Population = 17.
-0--0----
-0---0---
-0-------
--0------
------0--
--0------
0-0--00--
0-0------
00-0-----

Generation = 2, Population = 32.
--110-0--
--1----0-
-2-00-0--
000-00---
000-010-0
----0----
200---210
----0----
0-----0--

Generation = 4, Population = 33.
0----00-0
-03------
0-0-0-0--
--0---1--
0-002---0
00---00--
-0-10-4-2
--2-0-0--
02--1--1-

Generation = 6, Population = 40.
0--1-2200
1-311-0--
--0100--0
--0--13-1
2-0042---
0-1----10
----02-12
-12--0--1
-----1-11

*** Life<FredkinCell> 13x2 ***

Generation = 0, Population = 8.
0-
0-
--
-0
0-
00
--
--
0-
--
--
--
0-

Generation = 2, Population = 7.
--
21
--
--
2-
0-
--
10
0-
--
--
--
--

Generation = 4, Population = 11.
--
43
1-
-0
4-
-2
--
-2
2-
10
0-
--
--

Generation = 6, Population = 11.
2-
4-
--
10
--
-2
--
12
--
3-
--
10
0-

Generation = 8, Population = 6.
--
-5
2-
--
--
-2
--
--
--
3-
1-
-2
--

Generation = 10, Population = 14.
3-
-5
2-
--
4-
-2
--
23
4-
52
3-
12
1-

Generation = 12, Population = 9.
3-
-5
2-
--
--
1-
--
-5
--
74
3-
--
3-

*** Life<FredkinCell> 6x15 ***

Generation = 0, Population = 7.
----0----------
-----0----0----
----0---0------
------0--------
---------------
-----------0---

Generation = 2, Population = 22.
--0---0-0------
---0--101---0--
--0-0-----1----
----11--1-00---
----0---0------
------0--0-0-0-

Generation = 4, Population = 20.
0---0----------
-0---11--111--0
0-------0---1--
--1-------02---
----2----------
-----101--0----

*** Life<FredkinCell> 10x2 ***

Generation = 0, Population = 13.
0-
00
--
00
-0
-0
0-
00
00
0-

Generation = 3, Population = 11.
--
01
1-
1-
11
-3
-0
-0
-1
3-

Generation = 6, Population = 12.
--
-4
11
-0
1-
1-
31
3-
12
3-

*** Life<FredkinCell> 15x8 ***

Generation = 0, Population = 10.
----0---
--------
----0---
--------
------0-
---0----
--------
---0----
---0----
--0-----
--------
--------
0-------
--------
--0----0

Generation = 1, Population = 27.
---0-0--
--------
---0-0--
----0-0-
---0-0-0
--0-0-0-
--------
--010---
---10---
-0------
--0-----
0-------
-0------
0-0----0
-0-0--0-

Generation = 2, Population = 27.
--0---0-
--------
--0-0---
---0----
--------
-0-0-0--
---0--0-
-012-0--
-0---0--
0--00---
0--0----
--0-----
0------0
--------
--0-00--

Generation = 3, Population = 41.
-0-0-0-0
----0-0-
-0-0-0--
--------
-0---0--
0--1----
----00-0
0----1--
-1---10-
1-0-1---
10-1----
-0-----0
-00---0-
0-0-00-0
-0--110-

*** Life<FredkinCell> 11x8 ***

Generation = 0, Population = 11.
--0---0-
-----0--
----0---
0-------
0-----0-
----0---
--------
--------
-----0--
--0-0---
--------

Generation = 4, Population = 28.
--0-0-0-
-1--00-0
1-1---0-
--2-3---
--0-11--
1-2-00--
----1---
1-------
10----00
--0---0-
-----0--

Generation = 8, Population = 33.
1-0-412-
-101----
1-3-1-2-
3-----1-
3-0-2-1-
-----0--
--1--10-
--------
-102--0-
--1-012-
2---0-2-

Generation = 12, Population = 39.
-1--6--3
1-03--30
3-------
----7-2-
50-2-4--
---02151
12-----4
2-----2-
15---1-3
-0--0-43
24-1226-

*** Life<FredkinCell> 11x9 ***

Generation = 0, Population = 14.
------0--
00-------
---00-0--
---------
---0--00-
--0---0--
---------
----0----
---------
--0------
--------0

Generation = 1, Population = 36.
00---0-0-
11000----
00011--0-
----0--0-
----00-10
-0---01--
--0-0-0--
---0-0---
--0-0----
-0-0----0
--0----0-

Generation = 2, Population = 31.
---0----0
2-11-----
-11220010
000---0--
-0-0--0-1
0---0---0
---0--10-
--0------
--------0
0--------
------0--

Generation = 3, Population = 42.
0--10--0-
-1-2-000-
0--3--1-1
1--00----
010--01-2
---0-0--1
0----021-
-0----000
0-0----0-
-0----0-0
0----0-0-

Generation = 4, Population = 33.
--0-1--10
2---011--
1-1---21-
----1----
--10--2-3
-0----1-2
---00-3-0
0-------1
---0--010
0--------
----0-0--

Generation = 5, Population = 46.
00--2--21
31-2---00
2--3---21
1----0-00
--21-03-4
0---00---
00011-4--
-0--0----
--0-001--
-0-00--00
0--0---0-

Generation = 6, Population = 51.
--0--00--
4--3--111
--1420232
200-110-1
-13201415
1--0--1-2
-1--20-1-
-10------
-0-01-2-0
--0-----1
--01--01-

Generation = 7, Population = 59.
00--21--1
-114-122-
---531-43
311-2-1--
0-4312--6
-0-1002-3
-2--314--
021--0001
01-12---1
--100---2
-0-20012-

Generation = 8, Population = 31.
1---3----
-----2--1
2-1-4---4
---------
1--4--417
-10-----4
------5--
--2-0-1--
------2--
002-1-0-3
0-0-1--3-

*** Life<FredkinCell> 14x8 ***

Generation = 0, Population = 2.
--------
--------
------0-
--------
--------
0-------
--------
--------
--------
--------
--------
--------
--------
--------

Generation = 1, Population = 7.
--------
------0-
-----0-0
------0-
0-------
-0------
0-------
--------
--------
--------
--------
--------
--------
--------

Generation = 2, Population = 7.
------0-
--------
----0---
0-------
------0-
0-0-----
--------
0-------
--------
--------
--------
--------
--------
--------

Generation = 3, Population = 18.
-----0-0
----0-0-
0--0-0--
-0--0-0-
--0--0-0
---0--0-
--0-----
-0------
0-------
--------
--------
--------
--------
--------

Generation = 4, Population = 8.
------0-
0-------
--0---0-
--------
--------
--0-0---
------0-
--------
--------
0-------
--------
--------
--------
--------

*** Life<FredkinCell> 7x14 ***

Generation = 0, Population = 17.
--------------
0-------------
---0---0-0----
------0-0-0---
0-00-----0----
--0-0----00---
---------0---0

Generation = 4, Population = 38.
1-0----0------
2--------10---
---2-0-0-1-0--
--1-1-0---1-0-
1-0-2201-2----
3-2-20--124--0
2-1--0-2-1-1-0

Generation = 8, Population = 22.
--------------
------0-3-----
-0-4---------2
--3-------1-2-
-1-23-4-3-1---
-1--3------22-
-1---4-3---1--

*** Life<FredkinCell> 9x6 ***

Generation = 0, Population = 3.
------
0-----
-----0
---0--
------
------
------
------
------

Generation = 1, Population = 10.
0-----
-0---0
0--00-
--0-00
---0--
------
------
------
------

Generation = 2, Population = 11.
-----0
0-00--
---1-0
00---1
-----0
---0--
------
------
------

Generation = 3, Population = 23.
0-000-
--1-0-
-0-2-1
11000-
00-001
--0-00
---0--
------
------

Generation = 4, Population = 10.
-----0
0-2-1-
-1-3--
-----1
------
0-----
-----0
---0--
------

*** Life<FredkinCell> 5x15 ***

Generation = 0, Population = 2.
----------0----
---------------
---------------
-----------0---
---------------

Generation = 1, Population = 7.
---------0-0---
----------0----
-----------0---
----------0-0--
-----------0---

Generation = 2, Population = 7.
--------0-0-0--
-----------0---
----------0----
---------0---0-
---------------

Generation = 3, Population = 11.
-------0---0-0-
--------0-0----
-------------0-
--------0---0-0
---------0---0-

Generation = 4, Population = 6.
------0-------0
---------------
----------0----
-------0---0---
----------0----

Generation = 5, Population = 14.
-----0-0-----0-
------0---0---0
-------0-0-----
------0-0-0-0--
-------0-0-----

*** Life<FredkinCell> 15x5 ***

Generation = 0, Population = 16.
-----
--0--
-----
-0-0-
--0--
-----
---0-
--0-0
0--0-
--0-0
-0---
----0
-----
-0-0-
-0---

Generation = 1, Population = 31.
--0--
-0-0-
-000-
0-0-0
-----
--00-
-----
00---
-00-0
0--0-
0----
-0-0-
-0-00
01--0
0100-

Generation = 2, Population = 33.
-----
01-10
--1--
-010-
0--00
-0110
0000-
1---0
0-10-
1----
1----
-1-1-
-----
-2-01
-2-1-

Generation = 3, Population = 40.
00-00
12021
00200
-12--
-001-
0-2--
-11-0
---0-
--21-
-000-
2--0-
----0
----0
03--2
03-2-

Generation = 4, Population = 31.
--0--
2-1-2
---1-
-2300
---20
----0
-2-0-
-001-
---20
-1110
---1-
0---1
00-0-
--0-3
-----

Generation = 5, Population = 42.
00100
--22-
00220
03---
-0--1
-0-11
0311-
1--2-
--23-
12---
20-20
1--1-
-10-0
0--0-
--0-0

Generation = 6, Population = 39.
1-211
-2332
-1331
-4-0-
--0-2
--2--
-4-2-
2-0-0
--3-0
----0
3---1
21-21
021--
--0-3
03-2-

Generation = 7, Population = 35.
-0-2-
----3
024--
05-10
--12-
--3-1
-----
-0121
004--
1-11-
4----
3-03-
-3---
-310-
140--

Generation = 8, Population = 36.
1----
2-3--
-35--
----1
0---2
-041-
-4-2-
--2-2
-1530
-2-20
-0---
41141
-41--
-4213
25---

Generation = 9, Population = 41.
202--
3243-
-4-31
05312
--1-3
-----
05-3-
-03-3
0-641
1-1--
-----
5-2-2
-520-
-53-4
3--20

Generation = 10, Population = 36.
-1---
--5--
0--4-
16423
0-224
00411
1-1--
2---4
117--
2-2-0
----1
-134-
---10
----5
---3-
