*** Life<ConwayCell> 14x2 ***

Generation = 0, Population = 13.
**
..
.*
*.
..
**
..
..
*.
**
..
.*
**
.*

Generation = 5, Population = 0.
..
..
..
..
..
..
..
..
..
..
..
..
..
..

Generation = 10, Population = 0.
..
..
..
..
..
..
..
..
..
..
..
..
..
..

*** Life<ConwayCell> 4x7 ***

Generation = 0, Population = 2.
...*...
.......
..*....
.......

Generation = 1, Population = 0.
.......
.......
.......
.......

Generation = 2, Population = 0.
.......
.......
.......
.......

Generation = 3, Population = 0.
.......
.......
.......
.......

Generation = 4, Population = 0.
.......
.......
.......
.......

Generation = 5, Population = 0.
.......
.......
.......
.......

Generation = 6, Population = 0.
.......
.......
.......
.......

Generation = 7, Population = 0.
.......
.......
.......
.......

Generation = 8, Population = 0.
.......
.......
.......
.......

Generation = 9, Population = 0.
.......
.......
.......
.......

Generation = 10, Population = 0.
.......
.......
.......
.......

Generation = 11, Population = 0.
.......
.......
.......
.......

Generation = 12, Population = 0.
.......
.......
.......
.......

*** Life<ConwayCell> 9x2 ***

Generation = 0, Population = 8.
*.
..
*.
.*
.*
**
*.
..
*.

Generation = 1, Population = 7.
..
..
..
**
.*
**
**
..
..

Generation = 2, Population = 4.
..
..
..
**
..
..
**
..
..

Generation = 3, Population = 0.
..
..
..
..
..
..
..
..
..

Generation = 4, Population = 0.
..
..
..
..
..
..
..
..
..

Generation = 5, Population = 0.
..
..
..
..
..
..
..
..
..

Generation = 6, Population = 0.
..
..
..
..
..
..
..
..
..

Generation = 7, Population = 0.
..
..
..
..
..
..
..
..
..

Generation = 8, Population = 0.
..
..
..
..
..
..
..
..
..

Generation = 9, Population = 0.
..
..
..
..
..
..
..
..
..

*** Life<ConwayCell> 9x9 ***

Generation = 0, Population = 17.
.*..*....
.*...*...
.*.......
..*......
......*..
..*......
*.*..**..
*.*......
**.*.....

Generation = 2, Population = 12.
.*.......
*.*......
*.*......
.........
.........
..*......
...**....
*........
*.**.....

Generation = 4, Population = 9.
.*.......
.*.......
.........
.........
.........
.........
...**....
.***.....
.**......

Generation = 6, Population = 4.
.........
.........
.........
.........
.........
.........
...**....
....*....
..*......

*** Life<ConwayCell> 13x2 ***

Generation = 0, Population = 8.
*.
*.
..
.*
*.
**
..
..
*.
..
..
..
*.

Generation = 2, Population = 4.
..
..
..
..
**
**
..
..
..
..
..
..
..

Generation = 4, Population = 4.
..
..
..
..
**
**
..
..
..
..
..
..
..

Generation = 6, Population = 4.
..
..
..
..
**
**
..
..
..
..
..
..
..

Generation = 8, Population = 4.
..
..
..
..
**
**
..
..
..
..
..
..
..

Generation = 10, Population = 4.
..
..
..
..
**
**
..
..
..
..
..
..
..

Generation = 12, Population = 4.
..
..
..
..
**
**
..
..
..
..
..
..
..

*** Life<ConwayCell> 6x15 ***

Generation = 0, Population = 7.
....*..........
.....*....*....
....*...*......
......*........
...............
...........*...

Generation = 2, Population = 4.
...............
....**.........
....**.........
...............
...............
...............

Generation = 4, Population = 4.
...............
....**.........
....**.........
...............
...............
...............

*** Life<ConwayCell> 10x2 ***

Generation = 0, Population = 13.
*.
**
..
**
.*
.*
*.
**
**
*.

Generation = 3, Population = 8.
**
**
..
..
..
**
**
..
..
..

Generation = 6, Population = 8.
**
**
..
..
..
**
**
..
..
..

*** Life<ConwayCell> 15x8 ***

Generation = 0, Population = 10.
....*...
........
....*...
........
......*.
...*....
........
...*....
...*....
..*.....
........
........
*.......
........
..*....*

Generation = 1, Population = 2.
........
........
........
........
........
........
........
........
..**....
........
........
........
........
........
........

Generation = 2, Population = 0.
........
........
........
........
........
........
........
........
........
........
........
........
........
........
........

Generation = 3, Population = 0.
........
........
........
........
........
........
........
........
........
........
........
........
........
........
........

*** Life<ConwayCell> 11x8 ***

Generation = 0, Population = 11.
..*...*.
.....*..
....*...
*.......
*.....*.
....*...
........
........
.....*..
..*.*...
........

Generation = 4, Population = 0.
........
........
........
........
........
........
........
........
........
........
........

Generation = 8, Population = 0.
........
........
........
........
........
........
........
........
........
........
........

Generation = 12, Population = 0.
........
........
........
........
........
........
........
........
........
........
........

*** Life<ConwayCell> 11x9 ***

Generation = 0, Population = 14.
......*..
**.......
...**.*..
.........
...*..**.
..*...*..
.........
....*....
.........
..*......
........*

Generation = 1, Population = 10.
.........
.....*...
.........
...*****.
......**.
......**.
.........
.........
.........
.........
.........

Generation = 2, Population = 7.
.........
.........
.........
....**.*.
....*...*
......**.
.........
.........
.........
.........
.........

Generation = 3, Population = 5.
.........
.........
.........
....**...
....*...*
.......*.
.........
.........
.........
.........
.........

Generation = 4, Population = 4.
.........
.........
.........
....**...
....**...
.........
.........
.........
.........
.........
.........

Generation = 5, Population = 4.
.........
.........
.........
....**...
....**...
.........
.........
.........
.........
.........
.........

Generation = 6, Population = 4.
.........
.........
.........
....**...
....**...
.........
.........
.........
.........
.........
.........

Generation = 7, Population = 4.
.........
.........
.........
....**...
....**...
.........
.........
.........
.........
.........
.........

Generation = 8, Population = 4.
.........
.........
.........
....**...
....**...
.........
.........
.........
.........
.........
.........

*** Life<ConwayCell> 14x8 ***

Generation = 0, Population = 2.
........
........
......*.
........
........
*.......
........
........
........
........
........
........
........
........

Generation = 1, Population = 0.
........
........
........
........
........
........
........
........
........
........
........
........
........
........

Generation = 2, Population = 0.
........
........
........
........
........
........
........
........
........
........
........
........
........
........

Generation = 3, Population = 0.
........
........
........
........
........
........
........
........
........
........
........
........
........
........

Generation = 4, Population = 0.
........
........
........
........
........
........
........
........
........
........
........
........
........
........

*** Life<ConwayCell> 7x14 ***

Generation = 0, Population = 17.
..............
*.............
...*...*.*....
......*.*.*...
*.**.....*....
..*.*....**...
.........*...*

Generation = 4, Population = 2.
..............
..............
..............
..............
..........*...
..........*...
..............

Generation = 8, Population = 0.
..............
..............
..............
..............
..............
..............
..............

*** Life<ConwayCell> 9x6 ***

Generation = 0, Population = 3.
......
*.....
.....*
...*..
......
......
......
......
......

Generation = 1, Population = 0.
......
......
......
......
......
......
......
......
......

Generation = 2, Population = 0.
......
......
......
......
......
......
......
......
......

Generation = 3, Population = 0.
......
......
......
......
......
......
......
......
......

Generation = 4, Population = 0.
......
......
......
......
......
......
......
......
......

*** Life<ConwayCell> 5x15 ***

Generation = 0, Population = 2.
..........*....
...............
...............
...........*...
...............

Generation = 1, Population = 0.
...............
...............
...............
...............
...............

Generation = 2, Population = 0.
...............
...............
...............
...............
...............

Generation = 3, Population = 0.
...............
...............
...............
...............
...............

Generation = 4, Population = 0.
...............
...............
...............
...............
...............

Generation = 5, Population = 0.
...............
...............
...............
...............
...............

*** Life<ConwayCell> 15x5 ***

Generation = 0, Population = 16.
.....
..*..
.....
.*.*.
..*..
.....
...*.
..*.*
*..*.
..*.*
.*...
....*
.....
.*.*.
.*...

Generation = 1, Population = 15.
.....
.....
..*..
..*..
..*..
.....
...*.
..*.*
.**.*
.***.
...*.
.....
.....
..*..
..*..

Generation = 2, Population = 11.
.....
.....
.....
.***.
.....
.....
...*.
.**.*
....*
.*..*
...*.
.....
.....
.....
.....

Generation = 3, Population = 12.
.....
.....
..*..
..*..
..*..
.....
..**.
..*.*
.**.*
...**
.....
.....
.....
.....
.....

Generation = 4, Population = 14.
.....
.....
.....
.***.
.....
..**.
..**.
....*
.**.*
..***
.....
.....
.....
.....
.....

Generation = 5, Population = 16.
.....
.....
..*..
..*..
.*...
..**.
..*.*
.*..*
.**.*
.**.*
...*.
.....
.....
.....
.....

Generation = 6, Population = 18.
.....
.....
.....
.**..
.*.*.
.***.
.**.*
.*..*
*...*
.*..*
..**.
.....
.....
.....
.....

Generation = 7, Population = 21.
.....
.....
.....
.**..
*..*.
*...*
*...*
***.*
**.**
.**.*
..**.
.....
.....
.....
.....

Generation = 8, Population = 19.
.....
.....
.....
.**..
*.**.
**.**
*...*
..*.*
....*
*...*
.***.
.....
.....
.....
.....

Generation = 9, Population = 19.
.....
.....
.....
.***.
*...*
*...*
*.*.*
....*
....*
.**.*
.***.
..*..
.....
.....
.....

Generation = 10, Population = 18.
.....
.....
..*..
.***.
*.*.*
*...*
.*..*
....*
....*
.*..*
.....
.***.
.....
.....
.....
