*** Life<ConwayCell> 4x4 ***

Generation = 0, Population = 4.
....
.**.
.**.
....

Generation = 1, Population = 4.
....
.**.
.**.
....

*** Life<ConwayCell> 5x5 ***

Generation = 0, Population = 3.
.....
.....
.***.
.....
.....

Generation = 1, Population = 3.
.....
..*..
..*..
..*..
.....

Generation = 2, Population = 3.
.....
.....
.***.
.....
.....

*** Life<ConwayCell> 5x5 ***

Generation = 0, Population = 4.
.....
..*..
.*.*.
..*..
.....

Generation = 1, Population = 4.
.....
..*..
.*.*.
..*..
.....

*** Life<ConwayCell> 5x6 ***

Generation = 0, Population = 6.
......
..**..
.*..*.
..**..
......

Generation = 1, Population = 6.
......
..**..
.*..*.
..**..
......

*** Life<ConwayCell> 6x6 ***

Generation = 0, Population = 5.
......
..*...
...*..
.***..
......
......

Generation = 1, Population = 5.
......
......
.*.*..
..**..
..*...
......

Generation = 2, Population = 5.
......
......
...*..
.*.*..
..**..
......

Generation = 3, Population = 5.
......
......
..*...
...**.
..**..
......

Generation = 4, Population = 5.
......
......
...*..
....*.
..***.
......

*** Life<ConwayCell> 4x4 ***

Generation = 0, Population = 4.
....
.**.
.**.
....

Generation = 1, Population = 4.
....
.**.
.**.
....

Generation = 2, Population = 4.
....
.**.
.**.
....

*** Life<ConwayCell> 5x5 ***

Generation = 0, Population = 3.
.....
.....
.***.
.....
.....

Generation = 1, Population = 3.
.....
..*..
..*..
..*..
.....

Generation = 2, Population = 3.
.....
.....
.***.
.....
.....

Generation = 3, Population = 3.
.....
..*..
..*..
..*..
.....

*** Life<ConwayCell> 5x5 ***

Generation = 0, Population = 4.
.....
..*..
.*.*.
..*..
.....

Generation = 1, Population = 4.
.....
..*..
.*.*.
..*..
.....

Generation = 2, Population = 4.
.....
..*..
.*.*.
..*..
.....

*** Life<ConwayCell> 5x6 ***

Generation = 0, Population = 6.
......
..**..
.*..*.
..**..
......

Generation = 1, Population = 6.
......
..**..
.*..*.
..**..
......

Generation = 2, Population = 6.
......
..**..
.*..*.
..**..
......

*** Life<ConwayCell> 6x6 ***

Generation = 0, Population = 5.
......
..*...
...*..
.***..
......
......

Generation = 1, Population = 5.
......
......
.*.*..
..**..
..*...
......

Generation = 2, Population = 5.
......
......
...*..
.*.*..
..**..
......

Generation = 3, Population = 5.
......
......
..*...
...**.
..**..
......

Generation = 4, Population = 5.
......
......
...*..
....*.
..***.
......

Generation = 5, Population = 5.
......
......
......
..*.*.
...**.
...*..

*** Life<ConwayCell> 8x8 ***

Generation = 0, Population = 14.
........
.*******
.*******
........
........
........
........
........

Generation = 1, Population = 14.
..*****.
.*.....*
.*.....*
..*****.
........
........
........
........

*** Life<ConwayCell> 15x15 ***

Generation = 0, Population = 3.
...............
...............
.***...........
...............
...............
...............
...............
...............
...............
...............
...............
...............
...............
...............
...............

Generation = 1, Population = 3.
...............
..*............
..*............
..*............
...............
...............
...............
...............
...............
...............
...............
...............
...............
...............
...............

Generation = 2, Population = 3.
...............
...............
.***...........
...............
...............
...............
...............
...............
...............
...............
...............
...............
...............
...............
...............

*** Life<ConwayCell> 25x25 ***

Generation = 0, Population = 4.
.........................
..*......................
.*.*.....................
..*......................
.........................
.........................
.........................
.........................
.........................
.........................
.........................
.........................
.........................
.........................
.........................
.........................
.........................
.........................
.........................
.........................
.........................
.........................
.........................
.........................
.........................

Generation = 1, Population = 4.
.........................
..*......................
.*.*.....................
..*......................
.........................
.........................
.........................
.........................
.........................
.........................
.........................
.........................
.........................
.........................
.........................
.........................
.........................
.........................
.........................
.........................
.........................
.........................
.........................
.........................
.........................

*** Life<ConwayCell> 15x16 ***

Generation = 0, Population = 6.
................
..**............
.*..*...........
..**............
................
................
................
................
................
................
................
................
................
................
................

Generation = 1, Population = 6.
................
..**............
.*..*...........
..**............
................
................
................
................
................
................
................
................
................
................
................

*** Life<ConwayCell> 16x16 ***

Generation = 0, Population = 5.
................
..*.............
...*............
.***............
................
................
................
................
................
................
................
................
................
................
................
................

Generation = 1, Population = 5.
................
................
.*.*............
..**............
..*.............
................
................
................
................
................
................
................
................
................
................
................

Generation = 2, Population = 5.
................
................
...*............
.*.*............
..**............
................
................
................
................
................
................
................
................
................
................
................

Generation = 3, Population = 5.
................
................
..*.............
...**...........
..**............
................
................
................
................
................
................
................
................
................
................
................

Generation = 4, Population = 5.
................
................
...*............
....*...........
..***...........
................
................
................
................
................
................
................
................
................
................
................

*** Life<ConwayCell> 14x14 ***

Generation = 0, Population = 14.
..............
.**...........
.**...........
.*********....
.*............
..............
..............
..............
..............
..............
..............
..............
..............
..............

Generation = 1, Population = 22.
..............
.**...........
*...*****.....
*..******.....
.*.******.....
..............
..............
..............
..............
..............
..............
..............
..............
..............

*** Life<ConwayCell> 5x5 ***

Generation = 0, Population = 3.
.....
.....
.***.
.....
.....

Generation = 1, Population = 3.
.....
..*..
..*..
..*..
.....

Generation = 2, Population = 3.
.....
.....
.***.
.....
.....

Generation = 3, Population = 3.
.....
..*..
..*..
..*..
.....

Generation = 4, Population = 3.
.....
.....
.***.
.....
.....

Generation = 5, Population = 3.
.....
..*..
..*..
..*..
.....

Generation = 6, Population = 3.
.....
.....
.***.
.....
.....

Generation = 7, Population = 3.
.....
..*..
..*..
..*..
.....

Generation = 8, Population = 3.
.....
.....
.***.
.....
.....

*** Life<ConwayCell> 5x5 ***

Generation = 0, Population = 4.
.....
..*..
.*.*.
..*..
.....

Generation = 1, Population = 4.
.....
..*..
.*.*.
..*..
.....

Generation = 2, Population = 4.
.....
..*..
.*.*.
..*..
.....

Generation = 3, Population = 4.
.....
..*..
.*.*.
..*..
.....

Generation = 4, Population = 4.
.....
..*..
.*.*.
..*..
.....

Generation = 5, Population = 4.
.....
..*..
.*.*.
..*..
.....

Generation = 6, Population = 4.
.....
..*..
.*.*.
..*..
.....

Generation = 7, Population = 4.
.....
..*..
.*.*.
..*..
.....

Generation = 8, Population = 4.
.....
..*..
.*.*.
..*..
.....

Generation = 9, Population = 4.
.....
..*..
.*.*.
..*..
.....

Generation = 10, Population = 4.
.....
..*..
.*.*.
..*..
.....

Generation = 11, Population = 4.
.....
..*..
.*.*.
..*..
.....

*** Life<ConwayCell> 15x16 ***

Generation = 0, Population = 18.
................
..**............
.*..*...........
..**............
..**............
..**............
..**............
..**............
..**............
..**............
................
................
................
................
................

Generation = 1, Population = 18.
................
..**............
.*..*...........
.*..*...........
.*..*...........
.*..*...........
.*..*...........
.*..*...........
.*..*...........
..**............
................
................
................
................
................

*** Life<ConwayCell> 6x6 ***

Generation = 0, Population = 7.
......
..*...
...*..
.***..
....*.
.....*

Generation = 1, Population = 8.
......
......
.*.*..
..***.
..***.
......

Generation = 2, Population = 6.
......
......
...**.
.*....
..*.*.
...*..

Generation = 3, Population = 5.
......
......
......
..*.*.
..**..
...*..

Generation = 4, Population = 5.
......
......
......
..*...
..*.*.
..**..

