*** Life<FredkinCell> 4x4 ***

Generation = 0, Population = 4.
----
-00-
-00-
----

Generation = 1, Population = 8.
-00-
0--0
0--0
-00-

*** Life<FredkinCell> 5x5 ***

Generation = 0, Population = 3.
-----
-----
-000-
-----
-----

Generation = 1, Population = 10.
-----
-000-
01-10
-000-
-----

Generation = 2, Population = 10.
-000-
-----
12-21
-----
-000-

*** Life<FredkinCell> 5x5 ***

Generation = 0, Population = 4.
-----
--0--
-0-0-
--0--
-----

Generation = 1, Population = 4.
--0--
-----
0---0
-----
--0--

*** Life<FredkinCell> 5x6 ***

Generation = 0, Population = 6.
------
--00--
-0--0-
--00--
------

Generation = 1, Population = 11.
--00--
--11--
0-00--
--11--
--00--

*** Life<FredkinCell> 6x6 ***

Generation = 0, Population = 5.
------
--0---
---0--
-000--
------
------

Generation = 1, Population = 12.
--0---
-0----
-0010-
01--0-
-000--
------

Generation = 2, Population = 18.
---0--
01000-
-1---0
120010
---1--
-000--

Generation = 3, Population = 20.
00-1--
12-11-
0-0-01
23-1--
0-0--0
01--0-

Generation = 4, Population = 8.
---2--
2-0---
-----2
34----
------
-2-0--

*** Life<FredkinCell> 4x4 ***

Generation = 0, Population = 4.
----
-00-
-00-
----

Generation = 1, Population = 8.
-00-
0--0
0--0
-00-

Generation = 2, Population = 8.
-11-
1--1
1--1
-11-

*** Life<FredkinCell> 5x5 ***

Generation = 0, Population = 3.
-----
-----
-000-
-----
-----

Generation = 1, Population = 10.
-----
-000-
01-10
-000-
-----

Generation = 2, Population = 10.
-000-
-----
12-21
-----
-000-

Generation = 3, Population = 18.
01-10
0-0-0
23-32
0-0-0
01-10

*** Life<FredkinCell> 5x5 ***

Generation = 0, Population = 4.
-----
--0--
-0-0-
--0--
-----

Generation = 1, Population = 4.
--0--
-----
0---0
-----
--0--

Generation = 2, Population = 12.
-0-0-
0-0-0
-0-0-
0-0-0
-0-0-

*** Life<FredkinCell> 5x6 ***

Generation = 0, Population = 6.
------
--00--
-0--0-
--00--
------

Generation = 1, Population = 11.
--00--
--11--
0-00--
--11--
--00--

Generation = 2, Population = 17.
-0--0-
00220-
--110-
00220-
-0--0-

*** Life<FredkinCell> 6x6 ***

Generation = 0, Population = 5.
------
--0---
---0--
-000--
------
------

Generation = 1, Population = 12.
--0---
-0----
-0010-
01--0-
-000--
------

Generation = 2, Population = 18.
---0--
01000-
-1---0
120010
---1--
-000--

Generation = 3, Population = 20.
00-1--
12-11-
0-0-01
23-1--
0-0--0
01--0-

Generation = 4, Population = 8.
---2--
2-0---
-----2
34----
------
-2-0--

Generation = 5, Population = 14.
0---0-
-----0
-10-0-
450--0
0--1--
0---0-

*** Life<FredkinCell> 8x8 ***

Generation = 0, Population = 14.
--------
-0000000
-0000000
--------
--------
--------
--------
--------

Generation = 1, Population = 26.
-0000000
0-11111-
0-11111-
-0000000
--------
--------
--------
--------

*** Life<FredkinCell> 15x15 ***

Generation = 0, Population = 3.
---------------
---------------
-000-----------
---------------
---------------
---------------
---------------
---------------
---------------
---------------
---------------
---------------
---------------
---------------
---------------

Generation = 1, Population = 10.
---------------
-000-----------
01-10----------
-000-----------
---------------
---------------
---------------
---------------
---------------
---------------
---------------
---------------
---------------
---------------
---------------

Generation = 2, Population = 11.
-000-----------
---------------
12-210---------
---------------
-000-----------
---------------
---------------
---------------
---------------
---------------
---------------
---------------
---------------
---------------
---------------

*** Life<FredkinCell> 25x25 ***

Generation = 0, Population = 4.
-------------------------
--0----------------------
-0-0---------------------
--0----------------------
-------------------------
-------------------------
-------------------------
-------------------------
-------------------------
-------------------------
-------------------------
-------------------------
-------------------------
-------------------------
-------------------------
-------------------------
-------------------------
-------------------------
-------------------------
-------------------------
-------------------------
-------------------------
-------------------------
-------------------------
-------------------------

Generation = 1, Population = 4.
--0----------------------
-------------------------
0---0--------------------
-------------------------
--0----------------------
-------------------------
-------------------------
-------------------------
-------------------------
-------------------------
-------------------------
-------------------------
-------------------------
-------------------------
-------------------------
-------------------------
-------------------------
-------------------------
-------------------------
-------------------------
-------------------------
-------------------------
-------------------------
-------------------------
-------------------------

*** Life<FredkinCell> 15x16 ***

Generation = 0, Population = 6.
----------------
--00------------
-0--0-----------
--00------------
----------------
----------------
----------------
----------------
----------------
----------------
----------------
----------------
----------------
----------------
----------------

Generation = 1, Population = 12.
--00------------
--11------------
0-00-0----------
--11------------
--00------------
----------------
----------------
----------------
----------------
----------------
----------------
----------------
----------------
----------------
----------------

*** Life<FredkinCell> 16x16 ***

Generation = 0, Population = 5.
----------------
--0-------------
---0------------
-000------------
----------------
----------------
----------------
----------------
----------------
----------------
----------------
----------------
----------------
----------------
----------------
----------------

Generation = 1, Population = 12.
--0-------------
-0--------------
-0010-----------
01--0-----------
-000------------
----------------
----------------
----------------
----------------
----------------
----------------
----------------
----------------
----------------
----------------
----------------

Generation = 2, Population = 18.
---0------------
01000-----------
-1---0----------
120010----------
---1------------
-000------------
----------------
----------------
----------------
----------------
----------------
----------------
----------------
----------------
----------------
----------------

Generation = 3, Population = 25.
00-1------------
12-11-----------
0-0-010---------
23-1--0---------
0-0--0----------
01--0-----------
-000------------
----------------
----------------
----------------
----------------
----------------
----------------
----------------
----------------
----------------

Generation = 4, Population = 15.
---2------------
2-0---0---------
-------0--------
34---010--------
----------------
--0-------------
---1------------
-000------------
----------------
----------------
----------------
----------------
----------------
----------------
----------------
----------------

*** Life<FredkinCell> 14x14 ***

Generation = 0, Population = 14.
--------------
-00-----------
-00-----------
-000000000----
-0------------
--------------
--------------
--------------
--------------
--------------
--------------
--------------
--------------
--------------

Generation = 1, Population = 28.
-00-----------
0--0----------
011-000000----
011------10---
01-0000000----
-0------------
--------------
--------------
--------------
--------------
--------------
--------------
--------------
--------------

*** Life<FredkinCell> 5x5 ***

Generation = 0, Population = 3.
-----
-----
-000-
-----
-----

Generation = 1, Population = 10.
-----
-000-
01-10
-000-
-----

Generation = 2, Population = 10.
-000-
-----
12-21
-----
-000-

Generation = 3, Population = 18.
01-10
0-0-0
23-32
0-0-0
01-10

Generation = 4, Population = 10.
-202-
-----
34-43
-----
-202-

Generation = 5, Population = 18.
03-30
0-0-0
45-54
0-0-0
03-30

Generation = 6, Population = 10.
-404-
-----
56-65
-----
-404-

Generation = 7, Population = 18.
05-50
0-0-0
67-76
0-0-0
05-50

Generation = 8, Population = 10.
-606-
-----
78-87
-----
-606-

*** Life<FredkinCell> 5x5 ***

Generation = 0, Population = 4.
-----
--0--
-0-0-
--0--
-----

Generation = 1, Population = 4.
--0--
-----
0---0
-----
--0--

Generation = 2, Population = 12.
-0-0-
0-0-0
-0-0-
0-0-0
-0-0-

Generation = 3, Population = 4.
--0--
-----
0---0
-----
--0--

Generation = 4, Population = 12.
-0-0-
0-0-0
-0-0-
0-0-0
-0-0-

Generation = 5, Population = 4.
--0--
-----
0---0
-----
--0--

Generation = 6, Population = 12.
-0-0-
0-0-0
-0-0-
0-0-0
-0-0-

Generation = 7, Population = 4.
--0--
-----
0---0
-----
--0--

Generation = 8, Population = 12.
-0-0-
0-0-0
-0-0-
0-0-0
-0-0-

Generation = 9, Population = 4.
--0--
-----
0---0
-----
--0--

Generation = 10, Population = 12.
-0-0-
0-0-0
-0-0-
0-0-0
-0-0-

Generation = 11, Population = 4.
--0--
-----
0---0
-----
--0--

*** Life<FredkinCell> 15x16 ***

Generation = 0, Population = 18.
----------------
--00------------
-0--0-----------
--00------------
--00------------
--00------------
--00------------
--00------------
--00------------
--00------------
----------------
----------------
----------------
----------------
----------------

Generation = 1, Population = 32.
--00------------
--11------------
0-00-0----------
----------------
-0110-----------
-0110-----------
-0110-----------
-0110-----------
-0110-----------
-0--0-----------
--00------------
----------------
----------------
----------------
----------------

*** Life<FredkinCell> 6x6 ***

Generation = 0, Population = 7.
------
--0---
---0--
-000--
----0-
-----0

Generation = 1, Population = 10.
--0---
-0----
-0010-
01----
-00---
------

Generation = 2, Population = 18.
---0--
01000-
-1--10
12000-
--10--
-00---

Generation = 3, Population = 20.
00-1--
12-1--
0-0121
2311--
002---
01----

Generation = 4, Population = 10.
---20-
2-0--0
-----2
34---0
1-----
------

