*** Life<Cell> 4x4 ***

Generation = 0, Population = 4.
----
-00-
-00-
----

Generation = 1, Population = 8.
-00-
0--0
0--0
-00-

*** Life<Cell> 5x5 ***

Generation = 0, Population = 3.
-----
-----
-000-
-----
-----

Generation = 1, Population = 10.
-----
-000-
01-10
-000-
-----

Generation = 2, Population = 10.
-000-
-----
1*-*1
-----
-000-

*** Life<Cell> 5x5 ***

Generation = 0, Population = 4.
-----
--0--
-0-0-
--0--
-----

Generation = 1, Population = 4.
--0--
-----
0---0
-----
--0--

*** Life<Cell> 5x6 ***

Generation = 0, Population = 6.
------
--00--
-0--0-
--00--
------

Generation = 1, Population = 11.
--00--
--11--
0-00--
--11--
--00--

*** Life<Cell> 6x6 ***

Generation = 0, Population = 5.
------
--0---
---0--
-000--
------
------

Generation = 1, Population = 12.
--0---
-0----
-0010-
01--0-
-000--
------

Generation = 2, Population = 18.
---0--
01000-
-1---0
1*0010
---1--
-000--

Generation = 3, Population = 20.
00-1--
1*-11-
0-0-01
**-1--
0-0--0
01--0-

Generation = 4, Population = 7.
---*--
*.0---
-----*
*.----
------
-*-0--

*** Life<Cell> 4x4 ***

Generation = 0, Population = 4.
----
-00-
-00-
----

Generation = 1, Population = 8.
-00-
0--0
0--0
-00-

Generation = 2, Population = 8.
-11-
1--1
1--1
-11-

*** Life<Cell> 5x5 ***

Generation = 0, Population = 3.
-----
-----
-000-
-----
-----

Generation = 1, Population = 10.
-----
-000-
01-10
-000-
-----

Generation = 2, Population = 10.
-000-
-----
1*-*1
-----
-000-

Generation = 3, Population = 16.
01-10
0-0-0
*.-.*
0-0-0
01-10

*** Life<Cell> 5x5 ***

Generation = 0, Population = 4.
-----
--0--
-0-0-
--0--
-----

Generation = 1, Population = 4.
--0--
-----
0---0
-----
--0--

Generation = 2, Population = 12.
-0-0-
0-0-0
-0-0-
0-0-0
-0-0-

*** Life<Cell> 5x6 ***

Generation = 0, Population = 6.
------
--00--
-0--0-
--00--
------

Generation = 1, Population = 11.
--00--
--11--
0-00--
--11--
--00--

Generation = 2, Population = 17.
-0--0-
00**0-
--110-
00**0-
-0--0-

*** Life<Cell> 6x6 ***

Generation = 0, Population = 5.
------
--0---
---0--
-000--
------
------

Generation = 1, Population = 12.
--0---
-0----
-0010-
01--0-
-000--
------

Generation = 2, Population = 18.
---0--
01000-
-1---0
1*0010
---1--
-000--

Generation = 3, Population = 20.
00-1--
1*-11-
0-0-01
**-1--
0-0--0
01--0-

Generation = 4, Population = 7.
---*--
*.0---
-----*
*.----
------
-*-0--

Generation = 5, Population = 11.
0--.0-
..---0
--0-0.
..---0
00-1--
0.--0-

*** Life<Cell> 8x8 ***

Generation = 0, Population = 14.
--------
-0000000
-0000000
--------
--------
--------
--------
--------

Generation = 1, Population = 26.
-0000000
0-11111-
0-11111-
-0000000
--------
--------
--------
--------

*** Life<Cell> 15x15 ***

Generation = 0, Population = 3.
---------------
---------------
-000-----------
---------------
---------------
---------------
---------------
---------------
---------------
---------------
---------------
---------------
---------------
---------------
---------------

Generation = 1, Population = 10.
---------------
-000-----------
01-10----------
-000-----------
---------------
---------------
---------------
---------------
---------------
---------------
---------------
---------------
---------------
---------------
---------------

Generation = 2, Population = 11.
-000-----------
---------------
1*-*10---------
---------------
-000-----------
---------------
---------------
---------------
---------------
---------------
---------------
---------------
---------------
---------------
---------------

*** Life<Cell> 25x25 ***

Generation = 0, Population = 4.
-------------------------
--0----------------------
-0-0---------------------
--0----------------------
-------------------------
-------------------------
-------------------------
-------------------------
-------------------------
-------------------------
-------------------------
-------------------------
-------------------------
-------------------------
-------------------------
-------------------------
-------------------------
-------------------------
-------------------------
-------------------------
-------------------------
-------------------------
-------------------------
-------------------------
-------------------------

Generation = 1, Population = 4.
--0----------------------
-------------------------
0---0--------------------
-------------------------
--0----------------------
-------------------------
-------------------------
-------------------------
-------------------------
-------------------------
-------------------------
-------------------------
-------------------------
-------------------------
-------------------------
-------------------------
-------------------------
-------------------------
-------------------------
-------------------------
-------------------------
-------------------------
-------------------------
-------------------------
-------------------------

*** Life<Cell> 15x16 ***

Generation = 0, Population = 6.
----------------
--00------------
-0--0-----------
--00------------
----------------
----------------
----------------
----------------
----------------
----------------
----------------
----------------
----------------
----------------
----------------

Generation = 1, Population = 12.
--00------------
--11------------
0-00-0----------
--11------------
--00------------
----------------
----------------
----------------
----------------
----------------
----------------
----------------
----------------
----------------
----------------

*** Life<Cell> 16x16 ***

Generation = 0, Population = 5.
----------------
--0-------------
---0------------
-000------------
----------------
----------------
----------------
----------------
----------------
----------------
----------------
----------------
----------------
----------------
----------------
----------------

Generation = 1, Population = 12.
--0-------------
-0--------------
-0010-----------
01--0-----------
-000------------
----------------
----------------
----------------
----------------
----------------
----------------
----------------
----------------
----------------
----------------
----------------

Generation = 2, Population = 18.
---0------------
01000-----------
-1---0----------
1*0010----------
---1------------
-000------------
----------------
----------------
----------------
----------------
----------------
----------------
----------------
----------------
----------------
----------------

Generation = 3, Population = 25.
00-1------------
1*-11-----------
0-0-010---------
**-1--0---------
0-0--0----------
01--0-----------
-000------------
----------------
----------------
----------------
----------------
----------------
----------------
----------------
----------------
----------------

Generation = 4, Population = 14.
---*------------
*.0---0---------
-------0--------
*.---010--------
----------------
--0-------------
---1------------
-000------------
----------------
----------------
----------------
----------------
----------------
----------------
----------------
----------------

*** Life<Cell> 14x14 ***

Generation = 0, Population = 14.
--------------
-00-----------
-00-----------
-000000000----
-0------------
--------------
--------------
--------------
--------------
--------------
--------------
--------------
--------------
--------------

Generation = 1, Population = 28.
-00-----------
0--0----------
011-000000----
011------10---
01-0000000----
-0------------
--------------
--------------
--------------
--------------
--------------
--------------
--------------
--------------

*** Life<Cell> 5x5 ***

Generation = 0, Population = 3.
-----
-----
-000-
-----
-----

Generation = 1, Population = 10.
-----
-000-
01-10
-000-
-----

Generation = 2, Population = 10.
-000-
-----
1*-*1
-----
-000-

Generation = 3, Population = 16.
01-10
0-0-0
*.-.*
0-0-0
01-10

Generation = 4, Population = 12.
-*0*-
-0-0-
*.-.*
-0-0-
-*0*-

Generation = 5, Population = 18.
0*-*0
-101-
**-**
-101-
0*-*0

Generation = 6, Population = 20.
1*0*1
0*-*0
*.-.*
0*-*0
1*0*1

Generation = 7, Population = 6.
-.-.-
1.0.1
..-..
1.0.1
-.-.-

Generation = 8, Population = 6.
1.0.1
-.-.-
..-..
-.-.-
1.0.1

*** Life<Cell> 5x5 ***

Generation = 0, Population = 4.
-----
--0--
-0-0-
--0--
-----

Generation = 1, Population = 4.
--0--
-----
0---0
-----
--0--

Generation = 2, Population = 12.
-0-0-
0-0-0
-0-0-
0-0-0
-0-0-

Generation = 3, Population = 4.
--0--
-----
0---0
-----
--0--

Generation = 4, Population = 12.
-0-0-
0-0-0
-0-0-
0-0-0
-0-0-

Generation = 5, Population = 4.
--0--
-----
0---0
-----
--0--

Generation = 6, Population = 12.
-0-0-
0-0-0
-0-0-
0-0-0
-0-0-

Generation = 7, Population = 4.
--0--
-----
0---0
-----
--0--

Generation = 8, Population = 12.
-0-0-
0-0-0
-0-0-
0-0-0
-0-0-

Generation = 9, Population = 4.
--0--
-----
0---0
-----
--0--

Generation = 10, Population = 12.
-0-0-
0-0-0
-0-0-
0-0-0
-0-0-

Generation = 11, Population = 4.
--0--
-----
0---0
-----
--0--

*** Life<Cell> 15x16 ***

Generation = 0, Population = 18.
----------------
--00------------
-0--0-----------
--00------------
--00------------
--00------------
--00------------
--00------------
--00------------
--00------------
----------------
----------------
----------------
----------------
----------------

Generation = 1, Population = 32.
--00------------
--11------------
0-00-0----------
----------------
-0110-----------
-0110-----------
-0110-----------
-0110-----------
-0110-----------
-0--0-----------
--00------------
----------------
----------------
----------------
----------------

*** Life<Cell> 6x6 ***

Generation = 0, Population = 7.
------
--0---
---0--
-000--
----0-
-----0

Generation = 1, Population = 10.
--0---
-0----
-0010-
01----
-00---
------

Generation = 2, Population = 18.
---0--
01000-
-1--10
1*000-
--10--
-00---

Generation = 3, Population = 19.
00-1--
1*-1--
0-01*1
*.11--
00*---
01----

Generation = 4, Population = 12.
---*0-
*.0--0
-1--.*
*.*--0
11.---
------

