*** Life<ConwayCell> 7x7 ***

Generation = 0, Population = 8.
.......
.*****.
.......
.......
.....*.
....**.
.......

Generation = 1, Population = 13.
..***..
..***..
..***..
.......
....**.
....**.
.......

Generation = 2, Population = 11.
..*.*..
.*...*.
..*.*..
.....*.
....**.
....**.
.......

Generation = 3, Population = 11.
.......
.**.**.
....**.
...*.*.
......*
....**.
.......

Generation = 4, Population = 9.
.......
...***.
..*...*
.....**
......*
.....*.
.......

Generation = 5, Population = 9.
....*..
...***.
...*..*
.....**
......*
.......
.......

*** Life<ConwayCell> 5x20 ***

Generation = 0, Population = 5.
....................
...............**...
..............**....
.............*......
....................

Generation = 2, Population = 6.
...............*....
..............*.*...
.............*..*...
..............*.....
....................

Generation = 4, Population = 6.
...............*....
.............**.....
.............***....
....................
....................

Generation = 6, Population = 3.
....................
.............*......
.............*......
..............*.....
....................

Generation = 8, Population = 0.
....................
....................
....................
....................
....................

Generation = 10, Population = 0.
....................
....................
....................
....................
....................

*** Life<ConwayCell> 5x5 ***

Generation = 0, Population = 5.
.....
.**..
.*.*.
..*..
.....

Generation = 1, Population = 5.
.....
.**..
.*.*.
..*..
.....

*** Life<ConwayCell> 3x3 ***

Generation = 0, Population = 5.
*.*
.*.
**.

Generation = 1, Population = 4.
.*.
..*
**.

Generation = 2, Population = 3.
...
*.*
.*.

*** Life<ConwayCell> 7x7 ***

Generation = 0, Population = 12.
.......
...***.
.......
.*....*
.*....*
.*....*
...***.

Generation = 1, Population = 14.
....*..
....*..
....**.
.......
***..**
..*.*.*
....**.

Generation = 2, Population = 18.
.......
...**..
....**.
.*..*.*
.***.**
..*.*.*
...***.

Generation = 3, Population = 12.
.......
...***.
.......
.*....*
.*....*
.*....*
...***.

Generation = 4, Population = 14.
....*..
....*..
....**.
.......
***..**
..*.*.*
....**.

Generation = 5, Population = 18.
.......
...**..
....**.
.*..*.*
.***.**
..*.*.*
...***.

Generation = 6, Population = 12.
.......
...***.
.......
.*....*
.*....*
.*....*
...***.

Generation = 7, Population = 14.
....*..
....*..
....**.
.......
***..**
..*.*.*
....**.

Generation = 8, Population = 18.
.......
...**..
....**.
.*..*.*
.***.**
..*.*.*
...***.

Generation = 9, Population = 12.
.......
...***.
.......
.*....*
.*....*
.*....*
...***.

Generation = 10, Population = 14.
....*..
....*..
....**.
.......
***..**
..*.*.*
....**.
