*** Life<FredkinCell> 9x9 ***

Generation = 0, Population = 11.
----0----
---0--0--
--------0
-----0---
----000--
---------
---------
-------0-
-----0-0-

Generation = 1, Population = 28.
-----00--
--0--0-00
---0-000-
-----1--0
---01110-
----000--
-------0-
-----0010
----0--10

Generation = 2, Population = 23.
--0-0-1-0
-0--0---1
-----1--0
------00-
--012-21-
-----1-0-
----0-01-
-----1---
---0-----

Generation = 3, Population = 30.
----1---1
0--01-00-
-0------1
--000----
-01-31-20
--000---0
---0--1-0
---0---1-
--0-00---

Generation = 4, Population = 31.
0---201--
--01--111
------0--
-0-----0-
012-42-3-
---1--0--
-----0-11
---1-1---
-0-01101-

Generation = 5, Population = 50.
-00-3---1
0012--2-2
-000-1101
-1--01-10
123153240
00---1-00
----01122
-0020---0
0----2-20

Generation = 6, Population = 37.
---0-0102
1-----31-
-11-0-212
--00-2-21
----6---1
---10--11
0-0--2-33
-1---101-
--00---3-

Generation = 7, Population = 40.
0-0--1213
--121-422
-2-0-1---
---1--0-2
--317--4-
0--2--0-2
-0---314-
--020--2-
--1112-40

*** Life<FredkinCell> 10x10 ***

Generation = 0, Population = 4.
----------
----------
----------
----------
----------
-----00---
-----00---
----------
----------
----------

Generation = 1, Population = 8.
----------
----------
----------
----------
-----00---
----0--0--
----0--0--
-----00---
----------
----------

Generation = 2, Population = 16.
----------
----------
----------
-----00---
-----11---
---01--10-
---01--10-
-----11---
-----00---
----------

Generation = 3, Population = 16.
----------
----------
-----00---
----0--0--
---0----0-
--0------0
--0------0
---0----0-
----0--0--
-----00---

*** Life<FredkinCell> 17x12 ***

Generation = 0, Population = 9.
------------
-00---------
-0----------
------------
----0-------
------------
------------
------------
--------00--
---------00-
----------0-
------------
------------
------------
------------
------------
------------

Generation = 1, Population = 20.
-00---------
0-10--------
01----------
-0--0-------
---0-0------
----0-------
------------
--------00--
-------01---
-----------0
----------10
----------0-
------------
------------
------------
------------
------------

Generation = 2, Population = 26.
-1----------
1--10-------
---00-------
-10---------
-00---0-----
------------
----0---00--
---------10-
------01---0
-------00--1
---------0--
---------01-
----------0-
------------
------------
------------
------------

Generation = 3, Population = 44.
--000-------
--1--0------
01---0------
0---0-0-----
0--0-0-0----
-00-0-0-00--
---0-0-01---
----0-00--1-
-----01--0-1
--------1-02
-------0-1-0
--------0--0
----------10
----------0-
------------
------------
------------

Generation = 4, Population = 29.
-1--1-------
1-2--10-----
-2---1------
------------
1--------0--
-11------10-
-0--------0-
------------
-----1-----2
-----00---13
------0---1-
------------
--------00--
---------01-
----------0-
------------
------------

Generation = 5, Population = 46.
---0--0-----
---1--10----
----02------
01---0---0--
--0-----01--
--20----0--0
01--------10
-0---0----10
----02-----3
----0--0-0--
------10-12-
------0-001-
-------01---
-----------0
----------10
----------0-
------------

*** Life<FredkinCell> 4x4 ***

Generation = 0, Population = 16.
0000
0000
0000
0000

Generation = 1, Population = 8.
-11-
1--1
1--1
-11-

Generation = 2, Population = 8.
-22-
2--2
2--2
-22-

Generation = 3, Population = 8.
-33-
3--3
3--3
-33-

Generation = 4, Population = 8.
-44-
4--4
4--4
-44-

Generation = 5, Population = 8.
-55-
5--5
5--5
-55-

*** Life<FredkinCell> 2x2 ***

Generation = 0, Population = 2.
0-
-0

Generation = 1, Population = 0.
--
--

Generation = 2, Population = 0.
--
--
