*** Life<Cell> 9x9 ***

Generation = 0, Population = 3.
---------
---------
---------
---------
---000---
---------
---------
---------
---------

Generation = 1, Population = 10.
---------
---------
---------
---000---
--01-10--
---000---
---------
---------
---------

Generation = 2, Population = 12.
---------
---------
---000---
---------
-01*-*10-
---------
---000---
---------
---------

Generation = 3, Population = 28.
---------
---000---
--01-10--
-00-0-00-
01-.-.-10
-00-0-00-
--01-10--
---000---
---------

*** Life<Cell> 20x20 ***

Generation = 0, Population = 155.
--000-00-0------0---
0---0--0--0---00---0
---00000000-------00
---0--0---00-------0
0000--000-0--000-000
-0---0--00------0--0
00-0-00-00-00------0
-0---0--000-0--00---
----0---00-00--00---
-00----0-----0---0--
---00---0------0---0
0-0-----0-0------0--
0----0---0000--00--0
0----00-0--00-00000-
-0--0-00----------00
----0--0--0--0------
-00000-00-0--0----0-
--0----00--000-00---
----00--0-0--0-0----
-0-00---000000--0-00

Generation = 10, Population = 165.
.*..-*....-.***.-.-.
-.*.1*00-*..-**..10.
-....-...-.-1-*..*.*
**-.-..*.-.**-**..*1
**.*.*..0.*..*-*1*.*
-.*.-*--*.---..*1..*
.*--0*1-.*.*..-.*..*
..**...*-..-.1-...-*
.*..-..0*-0**-..-11.
-..1-.--.00..-*1--.1
-.....1*.1--..*1-.1-
.*--..-*--..1-***-*1
...-*.0*1..**.**--*0
1.*0.*1*-1-**.*...0.
-.*****-**-.*.*1.1.1
---1-.***-**-**-*1.*
..*0..*.--...---**11
0***.-.-..**--*0.*11
1.10..--0-1.**-**..*
1...0-.1-*..0...1-.*

Generation = 20, Population = 108.
..........-......**.
-....*.*....-....*.*
.....****.*1.-......
....-.****.*......*.
........*.....1...*.
....-..1*..-...*.**.
.***...-*.*...*.*...
.****..*.**..-......
.*..1*.**....-..-*..
-.*-*...*.-*...-01.-
-*......*..*....-...
.*....-..*.*.-...-..
......*...*.........
...-......-.........
..***..-**....*.*...
...1...*.**.*..***..
......**.*.....**...
0..**.**.*****.-.**.
-.*-*.1**..***1.**.*
....*...........***.

Generation = 30, Population = 76.
..........-.........
-...........-....*..
...........-.-.*.*..
...**...............
.....*......**...**.
..*.*.......*....**.
...****......*.*.**.
.....*.*.....-*.....
.....*..*.......**..
-......*........--.-
.....***............
..**..*......-.*.0..
.........***...*.*..
.........**..*.***..
.......-....*....**.
........**.***...***
........*.........**
-........****..-*.*.
...-......****...*..
.............*......

Generation = 40, Population = 56.
..........-......**.
-...........-....**.
...........-.-......
....................
.....***............
...*................
...***...*..........
....*.....*..-......
......*.............
-.....*......*......
...**..*..*****.....
..**....****...*....
...**........**.....
.........*..........
.......-.**...*.....
.........**....*....
............*****...
-..........***.*....
...-.......*..*.....
............**......

Generation = 50, Population = 66.
..........-......**.
-...........-....**.
...........-.-......
....................
....................
....................
..***...............
.**...*.............
..*.*...............
.**.*..*............
..........**........
.....***..***.......
......**...*.*.*....
....**.......*.*.*..
....**..***..*....*.
......**..*.**....*.
......**...*.*.....*
-......*****.**.**..
...-.....*...**.**..
....................

*** Life<Cell> 50x50 ***

Generation = 0, Population = 49.
--------------------------------------------------
--------------------------------------------------
--------------------------------------------------
-0------------------------------------------------
-------------------------------------------------0
-------------------------0------------------------
-----------------------0--------------------------
--------------------------------------------------
--------------------------------------------------
--------------------------------------------------
--------------------------------------------------
------------------0-----------------------0-------
--------------------0--0---0----------------------
-------0------------------0-----------------------
-----------------0--------------------------------
--------------------0-----------------------------
--------------------------------------------------
-----------------------------0-----0--------------
--------------------------------------------------
-----------------0--------------------------------
--------------------------------------------------
-------------------0------------------------------
--------0---------------------------0-------------
--------------------------------------------------
---------------------------------------------0----
--------------------------------------------------
------------------0---------0-------0-------------
---------------0----------------------------------
--------------------------------------------------
--0--------------------0--------------------------
--------------------------------------------------
--------------------------------------------------
----------0-------------------0--------------0----
------------------------------------0-------------
--------------0------------0---------0------------
--------------------------------------------------
-----0------------------------------------0-------
--------0-----------------------------------------
----------------------------------0---------------
------------0-------------------------------------
---------0----------------0-----------------------
------------------------------0-------------------
--------------------------------------------------
0-----0----------------------------0--------------
---------------------------------------0----------
--------------------------------------------------
-----------------------------0-0------------------
--------------------------------------------------
------------------------0-------------------------
---------------------0----------------------------

Generation = 20, Population = 967.
-----------0--0.***.*1**-..1-.*-1-----------------
---0---0-01---0.0..-.***---..11.**10--10-1--------
-------100--111**..-.*-.**......-.010*-0----------
--------1*001..****........1*****01*-1-1-.----0---
-------*---.**....*.........*...1.---.0------0----
-----10-0--*0.*.*...-........-*.*-..1**.1*.--1----
---01-..-...-.-.0...-*..........-....*1-1.-1-----0
-00-------10..-*.**.**..-.*.1*-*---.**------------
----00-.--.*..-.-...0*.-.-.*..0*.-0.*-0.1--0-----0
--*11*-11-1.1..**.****.1..1-**0--..--1.--.--------
-1----*-....-*.*..-..***.**-*.-.....*-..---1-0-0--
1-*-**10.0....*...1..........*1---*.-..*--.--10---
110-..*0.1.--1.....**.....*..**..-1*.*...1-*0.-0--
----1**-..*........*.....1....*..-....*-*-.1*.10-1
-*--1*.*.***..-1.-**.*...-.-..-1....-.-1-1*0--11-1
-1.-01.*.-..--...*..***1**.1.*1*...*.*-*.-.*-1-1-0
-*.--11-*-**..-..*.**1*0*...-**.-.-*--**-1*.*0-0-1
..-1*-1*0...-.10-..*-.-***.-**.0.**.--*-.**--..---
*.*.*-1-.*1-*****...**-*.-.--**-1...-.-*.1*1*1*-1*
.000--1--.1*.**.1..1.*..*..*..-.-*111--......**0-*
*--****01.-*.*.*-*.-...*....-..1*-0...00.-0----0.*
*1.*-*.**-0*-11.11*-*-...*...1.0.0..-..1..*-.1*--*
1-.-*--1-*-*1-*......-...1***-*-0...-.0.0.....1.1-
*0*.**-.1-0-....*-.*.-.-..**-1*.--.--.0**.-1.*0-0-
*.---1.*.-1**-.-..*1*0..0*.***..0-*...--.....*-0--
*-*-.1-*.*-*0*1-**..*-**-*-.0-******-...*1-.0.0.--
*1-1...-.*..*1-1*..*.*.1.*.**.*.0-*.**.**....*01*0
-..-.1.-.-.*..010*.**.....0*-*-.1.-1*11**.0.**0.1*
-.*11-.-...*--1*-.-..0--1-.**...-*00*-*01-1...01*-
---..1...*.*1*..--..---.**.**--1***-.-**00-1...**-
.-*--.*.-*.0.*.1*1**-*.**.-...1-*1-..****.***-..--
.---.-..*.-*.***.***-.1.*1-....*.***-.**.-11*-0-*1
..0..-...**-*-1*-**..**-...**.1...**.***....*.-*-1
.--.*....**.1..*.**-01.......*.1.--.*-.1*-.0..--..
0*..1.*.*.*1.-*--.**.**....*.**.***..*......***1..
.*11.-*.*-*-*.*...1*.....1*.*.****-*1...*...*.-11-
.1*.-**0*1*11.1..--.-0**......**..-...*.1.*...**-.
-0*-1.*.1-..-..***-...-1.--...*.1*-*.-.*1----.1**.
--*-..11-..*.*.*.*.--**0.-.-**.....--*...-.***....
-0.1-*.1*-*-.*.**-.-.*-**-*..0..***-..-*.1--***.-.
----*0.1..10**...1...-10.1......1-.0.-.**.*01*..*0
----0*...-.0*-.*-*..**.**-.-.-0..*.*...*-01***...-
----0-1....-*1.11*.--..-*1..........*--**-1.-.....
--0-0-1.*-*0**.*--.*...*-.....**..1**.1..-..1.-.-*
-----010--*-.0.-*.--*.***0...*1*1*-*1**.*.*-.*.*.0
-----0--1..*...**-1.*.*---..1...*-...1*-000.--1**0
------0-1--100-1-1.-..*.-*...*1.........1.-.1*1--0
----1---..-0*.*-..1*01*....0.**-..1....*.-1*0**--1
-0--11-11*0.***11**..--*****...*1...***1--**.01-00
-01*-.0.-*.-.----00----111..***-..1.**1*--0**1----

Generation = 40, Population = 554.
..-.--.**.-....................-..**..........0*-.
...-...*.*.**.-....0....1-.**.......*......**.*.1-
.--.....**.*1......-..-...***...1...*.*.....-*....
-........*..*..............*.......***1*.....-.-1*
................................***....*..-*...*.*
....*.-**...........-...........*......**..*...***
...*..***.*...................*.......*-....*...0.
.-*...1..*...................***.......-.*.......-
..**.*........-..............***.......*-*..*0....
....***.....*.......***.........-........*.**..-1.
....***.*...*......*..**................-*..*..1..
***-....***........***.***...........*......-..-**
**-......****-.....**....**.....*...*...........*.
***..........*...........**....**....*.*.....*....
*....**........*..............*..*...........*.**.
.*...***........*......*....*...*.........*...*.*.
......*...........*.....*...***.*...-.*...*..**.*.
......*.*......-..*..........*........*....**.*.*.
........*.......*...................*...........*.
.....*.*.....................*.*.**.*.*.......*.-*
......*.........-...........*.................*.**
.........****-........**....*.....*..*.....*.**1*.
**......*...*........*..*....*.**...**.....*..***-
*-..................*...*.....*..........*..*.***.
.......*...**..-...*.......................*..-*0.
......-.***.-.....*.....*....*.*........*...**....
..-..........*....*......*..**..*....*..*..*.***..
............*......*.**.*..**....**..*..*......*..
**.....*................*.*.....*....**..*.*......
*.....*.**.***.....**..*..*.*....*.*****.*........
..*.-.*......*......-**.**.***...***.*..*.**......
.**........*...*....1.***...*.*......*...***..-1..
.*-.....**...*..-*.....**....**.....**.......*....
..-..........*................*...**.*..**....-...
...................*..........*...*..***..*.......
.....-.....*****....*.**.***.*...*1.**.**.........
..........*.**.*...*.......*.....***....*.......-.
......*........*...*...*.**.....**-.....*-........
....**..................*......****.....*.*..**...
1-..**.*.......*.*...........**.*.***.*.***.*..*..
...*...*........**...-.......**.*.*......**..*..*.
.-**...*...-....*................*................
..*.....................*.................*.......
...*...*.*.....**......***............*..*..*.**..
..**....*..***.......***.**..........**.........*-
...*..-.*..*.........**...**.....1***.*.....*...*-
.**..*.**..*............***.......***...*.***....*
.*.....*.*1***........*.**........-.......****.-.*
......******..**......**...........*.*.....*.....*
........***...**.....0...-.....-...***....1*....-.

Generation = 60, Population = 306.
..-.--......**.................-..................
...-.......****....0......................*.....**
.--.......**..**...-..-...................*.....**
-.........**..**..........**..............*.......
...........*..............*.*.....................
......-.............-....**.......................
........................**.*..*.................-.
..*........****........***....*..................-
..*.......*....*........**........................
**....**......*.....*.**.*......-.................
**.........**.......*..*.**................***....
*...*.*.*...........**...**..................*.-..
*.*.****.................................*........
.****..**................................***.*....
................................***.......*..*....
.............................................**...
....................................-......*...*..
...............-..............................*.**
.......*.....................*.***.........*......
......***....................*.**.*....***...***.*
......*..*......-.............**...*...***.....***
.......***.......................**...*...*....***
**......*.............................**.**.......
*-................................................
...............-..................................
......-....................***....................
..-...***.................*...*.......**..........
.*....*...................**..........**..........
*.*...**.*................*....*..................
..**..***.*....................*..................
..*.****.***.....*.*.....***......................
.**..***..**.....*.*.....**...................-1..
.*1.*.*...**......*.........*.*...................
..1......................**.*.*.*.............-...
.........*..........*.....*...*.*.................
.....-...........***.*......*.....................
.......**.*.....*.****..........................-.
........**......*..*.*............................
..................*....................*.......**.
1-................**...........................**.
.....................-............................
...........-..............*.*............***......
..........................*..*...........***......
.................**.......*..*....................
..........*........*..........*...................
..........*......**........*.*....................
.....***....................*.......******........
.....*...........................**...**..........
.....**.*......**...................**.**.........
.......**......**....-.........-................-.

Generation = 80, Population = 359.
..-.--.........................-..................
...-...............0......................*.....**
.--................-..-...................*.....**
-.........................................*.......
..................................................
......-...........................................
................................................-.
...........................**....................-
.**.......................**.**...................
.**.............**.......******.**................
...............*..*........**....*.........*...**.
......***.......*.*........**....*.........****..*
......***........*..........*.*.**.....*.....**.*.
....**.**......................*.......*.****.....
....*...................................**........
......**..........................................
...*..**...................***..**..............*.
......*....**..-............*.******....**.....*.*
...*..*....**...............*..***.....*.*......*.
....***.***..................*.*..*....*..........
....*.**...*....-................**.*.***.........
....**....**....................**...****.........
**..***.*..*....................*...*.******......
*-...*..*.**.....................***...*..*.......
.......**.**...-.........................*........
......-**.**.............***..........*..*........
.......**.*....................**.................
.......**........................*....**..........
.......**.......................*.................
.......**............***..........................
..**.....*........................................
.****....*....................................-1..
**...*............................................
**..**...................**...................-...
**..***...........*....*..........................
.**..0*...........*......****.....................
..*...........**......*....**...................-.
...................**.............................
...............**..............................**.
1-.............**.**....**.....................**.
...............***....*..*........................
...........-...*......*....***....................
........*.......*****.*..*.***....................
......**.*.....*.***...*.....*....................
......*..**....***.............***.........**.....
.....*.*....*......*.*.*......***..*......*..*....
.*...***...***.....**.....*........*........***...
..*.*.**..*....*..........**.**..*.........***....
*...*.**...*....*.........*..*....**......*.*.....
.*.**.......**..*....-.....**..1.***......**....-.

Generation = 100, Population = 168.
..-.--.........................-..................
...-...............0......................*.....**
.--................-..-...................*.....**
-.........................................*.......
..................................................
......-...........................................
................................................-.
.................................................-
.**...............................................
.**.............**........................**......
...............*..*......................*.*......
................*.*......................*.*......
.................*...................*..**........
....................................***.**.*......
...................................*.*.**.*.......
..................................***.***.........
...................................*.*.*........*.
..............**..............**....***........*.*
...............*.............*..*...*..*........*.
..............................**.....***..........
....................................**.*..........
....................................*.............
....................................**.......*....
..**.................................*......*.*...
.*.**..........-...........................*..*...
*..*.....................***...............*......
.**.......................................*.......
...........*......................................
..........*.*.....................................
..........*.*........***..........................
...........*......................................
......*.......................................-1..
.....*............................................
.....***......................................-...
..*...............................................
..*..-............................................
..*.............................................-.
..................................................
...............................................**.
1-....*........................................**.
.....*.**.........................................
....*..**............*............................
....*....*...........*...**.*.....................
.....**.*................**.*.....................
.....**.*............*...**.......................
........**.........**.**.*........................
.......***............***.*.......................
......*...........*.....*.*.......................
.......**.........*..*............................
..................**.-..........................-.

Generation = 120, Population = 161.
..-.--.........................-..................
...-...............0.....................**.....**
.--................-..-.................*.*.....**
-........................................*........
.........................................*........
......-..................................*........
........................................*.*.....-.
.........................................*.......-
.**.......................................*.......
.**.............**.................**.......**....
...............*..*................**.......*.....
................*.*...............................
.................*................................
..................................................
......................................***.........
......................................**.**.......
.....................................**..**.....*.
..............**........................***....*.*
..............**.................*.***..........*.
.................................*.*.*............
.....................................*............
.....*............................***.............
..****............................................
.*.****.***.......................................
......*..**....-..................................
..***....*...............***......................
.****....*........................................
.*.........*......................................
.*.*........*.....................................
.*.......**.*........***..........................
.*.........*......................................
.*............................................-1..
....**............................................
*******.......................................-...
.....***..........................................
*****..**.........................................
.***..*..*......................................-.
..*...............................................
..**..*........................................**.
-1**...........................................**.
...**.*...........................................
....**............................................
.....*.**.........................................
..**..............................................
..*.*.............................................
..***.............................................
..................................................
..................................................
..................................................
.....................-..........................-.

Generation = 140, Population = 104.
..-.--.........................-..................
...-...............0..................**........**
.--................-..-..............*..*.......**
-.....................................**..........
..................................................
......-...........................................
............................................*...-.
...........................................*.*...-
.**........................................*.*....
.**.............**.................**.......*.....
...............*..*................**.............
................*.*...............................
.................*................................
..................................................
..................................................
..................................................
.....................................*.........**.
..............**....................*.*.......*..*
..............**...................*..*........**.
....................................**............
..................................................
..................................................
..................................................
..................................................
...............-..................................
.**......................***......................
.**...............................................
..................................................
...........**.....................................
..........***........***..........................
..........*..*....................................
......*...**.**...............................-1..
....*..**..*..*...................................
...*..........................................-...
.**.***...........................................
.*...*............................................
....*...........................................-.
..**..............................................
...............................................**.
...............................................**.
..................................................
..**..............................................
.**...............................................
*...*.............................................
.*...*............................................
....*.............................................
..................................................
.**...............................................
..................................................
.*...................-..........................-.

Generation = 160, Population = 102.
..-.--.........................-..................
...-...............0..................**........**
.--................-..-..............*..*.......**
-.....................................**..........
..................................................
......-...........................................
............................................*...-.
...........................................*.*...-
.**........................................*.*....
.**.............**.................**.......*.....
...............*..*................**.............
................*.*...............................
.................*................................
..................................................
..................................................
..................................................
.....................................*.........**.
..............**....................*.*.......*..*
..............**...................*..*........**.
....................................**............
..................................................
..................................................
..................................................
..................................................
...............-..................................
.**......................***......................
.**...............................................
..................................................
..................................................
.....***.......***...***..........................
.....*..*....**...*...............................
.........*..*..*.**...........................-1..
.........*..***...................................
.......*......................................-...
......*..*........................................
....**.***........................................
....*...*.......................................-.
....*...*.........................................
....*...*......................................**.
....**..*......................................**.
......*...........................................
..................................................
..................................................
..................................................
..................................................
..................................................
..................................................
..................................................
..................................................
.....................-..........................-.

Generation = 180, Population = 86.
..-.--.........................-..................
...-...............0..................**........**
.--................-..-..............*..*.......**
-.....................................**..........
..................................................
......-...........................................
............................................*...-.
...........................................*.*...-
.**........................................*.*....
.**.............**.................**.......*.....
...............*..*................**.............
................*.*...............................
.................*................................
..................................................
..................................................
..................................................
.....................................*.........**.
..............**....................*.*.......*..*
..............**...................*..*........**.
....................................**............
..................................................
..................................................
..................................................
..................................................
...............-..................................
.........................***......................
..................................................
..........**......................................
........*...*.........*...........................
.........*...........*.*..........................
.............*......*..*..........................
..........**.**......**.......................-1..
.........***......................................
........*..****...............................-...
........*.**......................................
........*.........................................
................................................-.
..................................................
...............................................**.
...............................................**.
..................................................
..................................................
..................................................
..................................................
..................................................
..................................................
..................................................
..................................................
..................................................
.....................-..........................-.

Generation = 200, Population = 95.
..-.--.........................-..................
...-...............0..................**........**
.--................-..-..............*..*.......**
-.....................................**..........
..................................................
......-...........................................
............................................*...-.
...........................................*.*...-
.**........................................*.*....
.**.............**.................**.......*.....
...............*..*................**.............
................*.*...............................
.................*................................
..................................................
..................................................
..................................................
.....................................*.........**.
..............**....................*.*.......*..*
..............**...................*..*........**.
....................................**............
..................................................
..................................................
..................................................
..................................................
...............-..................................
.........................***......................
....................**............................
..........**.......*.**...........................
..........**.......*.*.*..........................
..................**.*.**.........................
..........**......**....*.........................
.........*..*...........*.....................-1..
..........**.......*..............................
..........**........*.**......................-...
..........*..........*............................
..........*.......................................
................................................-.
..................................................
...............................................**.
...............................................**.
..........*.......................................
..........*.......................................
..................................................
..................................................
..................................................
..................................................
..................................................
..................................................
..................................................
.....................-..........................-.

*** Life<Cell> 50x50 ***

Generation = 0, Population = 1.
--------------------------------------------------
--------------------------------------------------
--------------------------------------------------
--------------------------------------------------
--------------------------------------------------
--------------------------------------------------
--------------------------------------------------
--------------------------------------------------
--------------------------------------------------
--------------------------------------------------
--------------------------------------------------
--------------------------------------------------
-------------------------------------------0------
--------------------------------------------------
--------------------------------------------------
--------------------------------------------------
--------------------------------------------------
--------------------------------------------------
--------------------------------------------------
--------------------------------------------------
--------------------------------------------------
--------------------------------------------------
--------------------------------------------------
--------------------------------------------------
--------------------------------------------------
--------------------------------------------------
--------------------------------------------------
--------------------------------------------------
--------------------------------------------------
--------------------------------------------------
--------------------------------------------------
--------------------------------------------------
--------------------------------------------------
--------------------------------------------------
--------------------------------------------------
--------------------------------------------------
--------------------------------------------------
--------------------------------------------------
--------------------------------------------------
--------------------------------------------------
--------------------------------------------------
--------------------------------------------------
--------------------------------------------------
--------------------------------------------------
--------------------------------------------------
--------------------------------------------------
--------------------------------------------------
--------------------------------------------------
--------------------------------------------------
--------------------------------------------------

Generation = 15, Population = 166.
----------------------------------------0-----0---
---------------------------------------0-0---0-0--
--------------------------------------0-0-0-0-0-0-
-------------------------------------0-0-0-0-0-0-0
------------------------------------0-0-0-0-0-0-0-
-----------------------------------0-0-0-0-0-0-0--
----------------------------------0-0-0-0-0-0-0---
---------------------------------0-0-0-0-0-0-0----
--------------------------------0-0-0-0-0-0-0-----
-------------------------------0-0-0-0-0-0-0------
------------------------------0-0-0-0-0-0-0-------
-----------------------------0-0-0-0-0-0-0--------
----------------------------0-0-0-0-0-0-0---------
-----------------------------0-0-0-0-0-0-0--------
------------------------------0-0-0-0-0-0-0-------
-------------------------------0-0-0-0-0-0-0------
--------------------------------0-0-0-0-0-0-0-----
---------------------------------0-0-0-0-0-0-0----
----------------------------------0-0-0-0-0-0-0---
-----------------------------------0-0-0-0-0-0-0--
------------------------------------0-0-0-0-0-0-0-
-------------------------------------0-0-0-0-0-0-0
--------------------------------------0-0-0-0-0-0-
---------------------------------------0-0-0-0-0--
----------------------------------------0-0-0-0---
-----------------------------------------0-0-0----
------------------------------------------0-0-----
-------------------------------------------0------
--------------------------------------------------
--------------------------------------------------
--------------------------------------------------
--------------------------------------------------
--------------------------------------------------
--------------------------------------------------
--------------------------------------------------
--------------------------------------------------
--------------------------------------------------
--------------------------------------------------
--------------------------------------------------
--------------------------------------------------
--------------------------------------------------
--------------------------------------------------
--------------------------------------------------
--------------------------------------------------
--------------------------------------------------
--------------------------------------------------
--------------------------------------------------
--------------------------------------------------
--------------------------------------------------
--------------------------------------------------

Generation = 30, Population = 178.
-------------------------0-0-0-0-0-0-0------------
--------------------------------------------------
-----------------------0---0-0-0-0-0---0----------
--------------------------------------------------
---------------------0---0---0-0-0---0---0--------
--------------------------------------------------
-------------------0---0---0---0---0---0---0------
--------------------------------------------------
-----------------0---0---0---0-0-0---0---0---0----
--------------------------------------------------
---------------0---0---0---0-0-0-0-0---0---0---0--
--------------------------------------------------
-------------0---0---0---0-0-0-0-0-0-0---0---0---0
--------------------------------------------------
---------------0---0---0---0-0-0-0-0-0-0---0---0-0
--------------------------------------------------
-----------------0---0---0---0-0-0-0-0-0-0---0-0-0
--------------------------------------------------
-------------------0---0---0---0-0-0-0-0-0-0-0-0-0
--------------------------------------------------
---------------------0---0---0---0-0-0-0-0-0-0-0-0
--------------------------------------------------
-----------------------0---0---0---0-0-0-0-0-0-0-0
--------------------------------------------------
-------------------------0---0---0---0-0-0-0-0-0-0
--------------------------------------------------
---------------------------0---0---0---0-0-0-0-0-0
--------------------------------------------------
-----------------------------0---0---0---0-0-0-0-0
--------------------------------------------------
-------------------------------0---0---0---0-0-0-0
--------------------------------------------------
---------------------------------0---0---0---0-0-0
--------------------------------------------------
-----------------------------------0---0---0---0-0
--------------------------------------------------
-------------------------------------0---0---0---0
--------------------------------------------------
---------------------------------------0---0---0--
--------------------------------------------------
-----------------------------------------0---0----
--------------------------------------------------
-------------------------------------------0------
--------------------------------------------------
--------------------------------------------------
--------------------------------------------------
--------------------------------------------------
--------------------------------------------------
--------------------------------------------------
--------------------------------------------------

Generation = 45, Population = 228.
----------0-0-----------0-0-----------------------
-----------0-------------0------------------------
--------------------------------------------------
-------0-------0-----0-------0--------------------
------0-0-----0-0---0-0-----0-0-------------------
-------0-------0-----0-------0-------------0------
------------------------------------------0-0-----
---0-------0-----0-0-----0-------0---------0------
--0-0-----0-0---0---0---0-0-----0-0---------------
---0-------0-----0-0-----0-------0-----0-------0--
--------------------------------------0-0-----0-0-
-------0-----0-0-----0-0-----0-------0-0-------0--
------0-0---0---0---0---0---0-0-----0-0-----------
-------0-----0-0-----0-0-----0-----0-0-----0-----0
----------------------------------0-0-----0-0---0-
---0-------0-----0-0-----0-------0-0-------0-----0
--0-0-----0-0---0---0---0-0-----0-0---------------
---0-------0-----0-0-----0-----0-0-----0-----0-0--
------------------------------0-0-----0-0---0---0-
-------0-------0-----0-------0-0-------0-----0-0--
------0-0-----0-0---0-0-----0-0-------------------
-------0-------0-----0-------0-----0-------0-----0
----------------------------------0-0-----0-0---0-
-----------0-------------0---------0-------0-----0
----------0-0-----------0-0-----------------------
-----------0-------------0-------------0-------0--
--------------------------------------0-0-----0-0-
---------------------------------------0-------0--
--------------------------------------------------
-------------------------------------------0------
------------------------------------------0-0-----
--------------------------------------------------
------------------------------------------0-0-----
-------------------------------------------0------
--------------------------------------------------
---------------------------------------0-------0--
--------------------------------------0-0-----0-0-
---------------------------------------0-------0--
--------------------------------------------------
-----------------------------------0-------0-----0
----------------------------------0-0-----0-0---0-
-----------------------------------0-------0-----0
--------------------------------------------------
-------------------------------0-------0---0-0-0--
------------------------------0-0-----0-0-0-----0-
-------------------------------0-------0---0-0-0--
--------------------------------------------------
-----------------------------------0---0---0---0-0
----------------------------------0-0-0-0-0-0-0---
-----------------------------------0---0---0---0-0

Generation = 60, Population = 231.
---------0-0-----0-0-----0-0-----0-0-----0-0-----0
--------------------------------------------------
-------0-----0-0-----0-0-----0-0-----0-0-----0-0--
--------------------------------------------------
-----0-------0-0-----0-0-----0-0-----0-0-----0-0--
--------------------------------------------------
---0-------0-----0-0-----0-0-----0-0-----0-0-----0
--------------------------------------------------
-0-------0-------0-0-----0-0-----0-0-----0-0-----0
--------------------------------------------------
-------0-------0-----0-0-----0-0-----0-0-----0-0--
--------------------------------------------------
-0---0-------0-------0-0-----0-0-----0-0-----0-0--
--------------------------------------------------
-----------0-------0-----0-0-----0-0-----0-0-----0
--------------------------------------------------
-0-------0-------0-0-----0-0-----0-0-----0-0-----0
--------------------------------------------------
---------------0-------0-----0-0-----0-0-----0-0--
--------------------------------------------------
-----0-------0-0-----0-0-----0-0-----0-0-----0-0--
--------------------------------------------------
-------------------0-------0-----0-0-----0-0-----0
--------------------------------------------------
---------0-0-----0-0-----0-0-----0-0-----0-0-----0
--------------------------------------------------
-----------------------0-------0-----0-0-----0-0--
--------------------------------------------------
-------0-----0-0-----0-0-----0-0-----0-0---0-0-0--
--------------------------------------------------
---------------------------0-------0-----0-0-----0
--------------------------------------------------
---0-------0-----0-0-----0-0-----0-0---0-0-0---0-0
--------------------------------------------------
-------------------------------0-------0-----0-0--
--------------------------------------------------
-------0-------0-----0-0-----0-0---0-0-0---0-0-0-0
--------------------------------------------------
-----------------------------------0-------0-----0
--------------------------------------------------
-----------0-------0-----0-0---0-0-0---0-0-0-0-0-0
--------------------------------------------------
---------------------------------------0-------0--
--------------------------------------------------
---------------0-------0---0-0-0---0-0-0-0-0-0-0-0
--------------------------------------------------
-------------------------------------------0------
--------------------------------------------------
-------------------0---0---0---0-0-0-0-0-0-0-0-0-0
--------------------------------------------------

Generation = 75, Population = 161.
--------------------------------------------------
-----0-------------0------------------------------
----0-0-----------0-0-----------------------------
---0-0-0---------0-0-0----------------------------
--0-0-0-0-------0-0-0-0---------------------------
---0-0-0---------0-0-0----------------------------
----0-0-----------0-0-----------------------------
-----0-------------0------------------------------
--------------------------------------------------
-0---------0-0-------------0----------------------
0-0-------0---0-----------0-0---------------------
-0-0-----0-----0---------0-0-0--------------------
--0-0---0-------0-------0-0-0-0-------------------
-0-0-----0-----0---------0-0-0-------------0------
0-0-------0---0-----------0-0-------------0-0-----
-0---------0-0-------------0-------------0-0-0----
----------------------------------------0-0-0-0---
-----0-------------0---------------------0-0-0----
----0-0-----------0-0---------------------0-0-----
---0-0-0---------0-0-0---------------------0------
--0-0-0-0-------0-0-0-0---------------------------
---0-0-0---------0-0-0-------------0-------------0
----0-0-----------0-0-------------0-0-----------0-
-----0-------------0-------------0-0-0---------0--
--------------------------------0-0-0-0-------0---
---------------------------------0-0-0---------0--
----------------------------------0-0-----------0-
-----------------------------------0-------------0
--------------------------------------------------
-------------------------------------------0------
------------------------------------------0-0-----
-----------------------------------------0-0-0----
----------------------------------------0-0-0-0---
-----------------------------------------0-0-0----
------------------------------------------0-0-----
-------------------------------------------0------
--------------------------------------------------
--------------------------------------------------
--------------------------------------------------
--------------------------------------------------
--------------------------------------------------
--------------------------------------------------
--------------------------------------------------
--------------------------------------------------
--------------------------------------------------
--------------------------------------------------
--------------------------------------------------
--------------------------------------------------
--------------------------------------------------
--------------------------------------------------

Generation = 90, Population = 154.
-0---------0-0-------------0-------------0-0-0----
--------------------------------------------------
-----0-----0-0-0---0-0---0---0-----0-------0------
--------------------------------------------------
---0-0-------0---0-0-0-0---0-----0---0------------
--------------------------------------------------
---0-0---0---------0-0---------------------------0
--------------------------------------------------
-----0-------------0-------------0---0---------0-0
--------------------------------------------------
-0-----0---0-0-------0-----0-0-----0-------0-----0
--------------------------------------------------
-0-0-----0-0-0-----------0-0-0-0---------0---0----
--------------------------------------------------
-0-0-------0-0---0-----------0-----------0--------
--------------------------------------------------
-------------------------0---0---------0-0-0-0----
--------------------------------------------------
---0-0---0---------0-0-----0-------0-----0-0------
--------------------------------------------------
-0-0-0-----0-----0-0-0-0---------0---0------------
--------------------------------------------------
---0-0---0-----------0-----------0---------------0
--------------------------------------------------
-----------------0---0---------0-0-0-0---------0-0
--------------------------------------------------
-0---------0-0-----0-------0-----0-0-------------0
--------------------------------------------------
---0-----0-0-0-0---------0---0--------------------
--------------------------------------------------
-0---------0-0---------------------------0-0------
--------------------------------------------------
-------------------------0---0---------0-0-0-0----
--------------------------------------------------
-----0-------------0-------0-------------0-0------
--------------------------------------------------
---0---0---------0---0----------------------------
--------------------------------------------------
-----0-------------0---------------0-------------0
--------------------------------------------------
---------------------------------0---0---------0-0
--------------------------------------------------
-----------------------------------0-------------0
--------------------------------------------------
--------------------------------------------------
--------------------------------------------------
-------------------------------------------0------
--------------------------------------------------
-----------------------------------------0---0----
--------------------------------------------------

