*** Life<FredkinCell> 9x9 ***

Generation = 0, Population = 3.
---------
---------
---------
---------
---000---
---------
---------
---------
---------

Generation = 1, Population = 10.
---------
---------
---------
---000---
--01-10--
---000---
---------
---------
---------

Generation = 2, Population = 12.
---------
---------
---000---
---------
-012-210-
---------
---000---
---------
---------

Generation = 3, Population = 30.
---------
---000---
--01-10--
-00-0-00-
01-3-3-10
-00-0-00-
--01-10--
---000---
---------

*** Life<FredkinCell> 25x25 ***

Generation = 0, Population = 73.
-----------------0-------
------0-0---------0-0----
-------------------------
---------0-0---------0---
---0---0----0------0-----
---------------0---------
---0-0-0---------------0-
0----------0---0----0----
-----0----------0--------
----0--0------0-0--------
-------------0-----------
-0---0--0---0---------0--
-------0-----0----0-0----
----------------00------0
--------0-------------0--
0-----0--0---------0-----
--------------------0----
---------0--0---0----0---
--------0-0-----0---00---
--------------0----------
----------0-------0------
-0---0---0-----------0-0-
--00-------0----0-0------
--------------0----------
-0--0----------0---------

Generation = 50, Population = 325.
-9+9++--7-9--++++---+7+--
-++----+--3+-7-87+-+-++--
++--6+------+-++-+9-8+-86
++9+--9+-+--9++--+7+-++67
689-9+-+-9+-+-+-7+---+++-
79+----+-+-----9++--++8++
-+--+-6+++++79-9++-+-+--7
++++++89-8++++++--+4+-9--
++-+-+--7---+--+---+++7-+
+--9-9--+++-+6--++-+-++7+
-+5----+7---9-8-+-++-+--5
7-+6+++---++---++-++--+-+
+++6-+-+--+--+-----+-+--+
-9--+-----4+8+++-----+---
+-+++-++-+9-+6----+-+++--
-8----+-7---9-+----+----8
9++-+-+9++-88++--++++-96-
------9+6+---++-++-+++++-
+-+-+-+5++-+-++9----+++97
-----8+8---++----+5-+--8-
9-9++9+-8----+-----++--+9
-+--7--9+-----8+-+--7-4-+
88+--+-+-++--+---+--+-+--
---7--++++-+-+-+-+7++--+-
--++------+--6-5+-9-8++-5

Generation = 100, Population = 320.
+-+-+++----++-+-+-++++++-
++++----+++++----+--++-++
+++++---+---++-+--+-++++-
++++-+++----++--++++--+-+
------+-+++-++---+---+-++
++++-+++--+++-------++-+-
-+----+++-+-----+---++-++
++-----+--+---+----++-+++
+---+--+++++++-++++-+--+-
++++++-++------++-+-+---+
++------+++++----+++-+--+
--+-++---+++--+-+++-+++++
+-+-+++--++---+-++-++----
+-+-+-++-----++++--+-+---
+++--+++---++-+++-++-+++-
-+----++-+-++++++++-+-++-
-+------++++---++++---+-+
+--++-+--+---++++++++++-+
+-+++---+++-+--+-+-+---+-
----++-++-++++-+-+++----+
+---+--+-+++-----+-+++---
------++++-++++-+++++----
+---++-+++-++-+++-++-----
--+-+-+++---+-+---+---++-
---+++++++--++-+-+-+-----

Generation = 150, Population = 309.
-++-----++++-+-+---++---+
+++-+-----+++-++---+--+--
++----+--+-+--+--++-++---
+++++----++-+-+--+++-++--
+-+--+-+++++-+------++---
+++---+--+++++--+---+-++-
+--+-++---+++-+-+--+--++-
+---+--+-+--+-++++--+++++
+-++++-+-++-+---+----++++
+-++-++-+-+--+++-++-+++-+
+-----+-+-++-+-++++---+-+
++-++---+-+-+++++--+--+-+
-++----++-+---+-++-++++--
---+-+++----+-+++--+++++-
++--++-+-++---++--+-+++--
+-++-++--+--+---+--+-+++-
-+----+-------++-++------
--+-+++++-++---++-+++-++-
+-+--+-+++++-++++--+-++--
---+-++++-+----+-++-+---+
++++--++-+++---++-+--++--
+----++++++++-+--++-++-++
++--++----+---+--+-+++-++
-+++--+-+--+-+--+--+----+
---+----++----++--+---+-+

Generation = 200, Population = 307.
+---++--+++---+-+--+-+---
+++-+-++--++++---+-+---++
+-+---+--+--+---+-+++--++
+--++++++--+-+---+++-+++-
-----++++--++---+++-+-++-
+++--+++-+++--+-----+++--
+++--++-+++-+-+---+------
+-+++-++++---++-++++-+---
----++------+---++++++-+-
-+-+--++++++++--++--+++--
---+----+++-++---+++--+-+
-++--+-++++--+++++++-+--+
++----+-+--+---+++---++--
+--+-+--+-+---+---+++----
+--+++++--++++--++++---++
---++++-++-++++---++-++++
+--+-+---+-+++-+-+++++-+-
----+-+---+---+-+-+------
---+----+--+-++--+++----+
-++--++---+-+-++++++--+--
-++-+-++++-+---+++-++++--
---++++++----++---++-+---
---+-+-+----++-+++++-+-+-
++++-+-+-+--++---+----+++
+++--+-+--+-----++--+--+-

*** Life<FredkinCell> 50x50 ***

Generation = 0, Population = 130.
----0-0-----------------------------0-------------
--------------0-----0---------0----0--------------
-------0-----------0-----------------------0----0-
-----------0--------------------------------------
------0---------------0-------0-------------------
------------------------------------------------0-
-----0---------------0-----------------0----------
------------------------------------------------0-
-----------0----0-------0-------------------------
-00----0-------------------------0----------------
--------------------------------------------0-----
--------0-0---------------------------------------
0-------------------------------------------------
------------0-0-00-------0--------------0-------0-
----0--------------0-------0----------------0-0---
----0-----0--0------------------------------------
-0------------------------------------------------
--0-------------------------0----0--0-------------
--------------------------------------------------
------------------0------------0---------0--------
-----------------------------------------------0--
----------0------------------------0--------0-----
--------------------------0--0--------------------
----------------------------------------------0---
---------------0------------------0---------------
---------------------------------------------0----
-0------------------------0-------------0---------
---------0------0---------------------------------
-----------------------------------0--------------
---------------------0-----0---------0----0-------
-----------------------0--------------------0---0-
--------------------0-0---------------------------
-----------------------------0--------------------
-----------0--------------------------------------
--------------------------------------------------
------------------------------0----------------0--
-------0---------------0--------------0---0-------
---------------------------0----------------------
--------0----------------0------------------0-----
---------00-----0----------------0----------------
--00-----0------------0---------------------------
-------0------------------------------------------
-----0------------0-------------------0-----00-00-
-------------------------------------------0--0---
00-0----0----0-------------0---------0------------
-0---------------------------0------0--------0----
------0-00--0----------0--------------------------
---------------------0---0------0-----------------
---------0--------------------------------------0-
--------------------------------------------------

Generation = 50, Population = 1194.
749++----5--+9-+-78---8---9+--+-+-+-+--4+9------++
-++9--+-73++---9-+-834--6-9-4+--4+-+-95+6---7857-+
+---+7--8--9+-----9+-+4----+--+9--6---6-+-+---+-+-
+5-89+6---+--+-----5---------2--+96+----+7+7+--+--
+-+89+---+-++6+-43---------558+-+5-86++-7-9---9--8
6--+++9--++--++--+-+-9---858-+-5-+9-7----5-++---+5
+----9--8---+-4-+-9--+-++8---6+6+---+7-7+34++-+8-8
7-+3----+-+--6-3---4+5++7865----+877---5--+6++----
--+--+++-+-------+---++7-5+-8889--9--7-6-++68-++--
-8--++-7---------4-+------+++----6+-8+----4+--+-9-
9---++---6--+7---6+--+9--9--+-66+5-+-++-+-8++-8---
8+-----++35-++----+6-68+-++-++++-+--++5-+--7---7--
97--8+--+-9++++-6++++-+-7-+544---+4-+----+87-6----
+---9+-+++---9-9--+4+8---97--9-+----+-7-+--9++--+-
+8--7-+6--+-++--++++6+------++--+-59+---------+-+-
+---++--4--+-4+--+--++--5+6+-+--+8-69+-15----6+---
++-+9+2-3-7---+-4+938-+7--87-+-+--+-+---+-68+---+-
8+-3-5+497+795-7+--+---88--+-9--7-++---8--++---8--
7--9--6254-8++--8-7-6--3-++6--9457-+-5--+--++9-5+-
++-6+++8-+-++------8----9-68----8--+7-7--3-+++79-+
-----3-+-+---86+-+-839+-+-77+--++64-+-9--99+-4--56
6--+-9----4+-+-+----7---+9-+--7-67+-+9--654+9+6++-
96----+---8+--4---+--+5+---++------9-97-+-++--+-+9
889--8-5+-8-59-3-5-----7-17+4+---85-86-8--8--+++7-
---+75++-+-++---8-+-----4--+5+-77----7----8+----+-
++--+-5-----+-+--+-----8-+3-+--7-7-+-5---+-+--+-7-
7-+--+-+--+--+5----++-77--8-----+---------8---4-+-
6-86-+6---97++++------76---+--+8-+88-8+--6---9+-++
77--77--9----+4----+--6-77-+59-+87+-+-++-+-+77+--+
8------9---+--+---+++-+-8--++8-+-+9---99---+++-++-
-99--+-6+---79-68-5-7---+----4875-------------+++-
-4+-769-+-7-+4---9+7++-9-++-5--+-----3+3+--7----94
-+-5-------+7----6+8-----+-+58------+++--9+-+--+7-
-+-+589-3-+7--99+--7--++8----8-5-+++8-97-49-+9---9
+88---+-88-----9-8-7-------8-95------5-----8-+--+-
4-++6+-5+8---++-9+--9+----99-9-69+--49-6--7+---+-5
+3--598--+-+-+5++9+6-+-+--6-++-+---+4+-889-5-++--5
++---5---+-7-8-7-9--------+97-7-9+7--7+79+6-8-9+--
--74-+------++-8---+5--++7--+-7--7------+-+--9+---
8+-9--+++-----+--7---++--8--9-86--6-++-+-+---++6-+
9--------+--++-+++-+97-+--9--+-9-+-++++-5-----59+3
+7--6-36++--64-----+-59--+7+-68-+-9--6++3---+-----
--++--+--++5+++-++--+-++-+-4-+++--9-++-+++-9+--9+-
7-8-36+9+--+-6--+--696-6----+-++---+-5+-+8-24--+--
--+-4-++-+---+-+++-++--------+----++--+--+-+-+8+-+
-+9--+------+-----79+89+-+8-+---+-8++----+5+-8++-8
-+-78-+-98+--++-8-----+7-------46+-++++-8---++-++-
5--8--97-+-+8---+-7---+9-+-++----58-++9--77-+-+-+6
+--6-+-+----++--+--6++-76---+--9-+-9-3---66--++78-
6+-739--79--9--4+-7--++----98+-27545--+---+-9-99-+

Generation = 100, Population = 1264.
------+-+++++--+--++9--+++--+-+-+++-++-++-+-++-+++
+--+--+---++-+--+----+-+-++-+-++++-+++--+---++++++
+-+-++++++++-++----+--++++-++++++-+--++---+-++-+--
+++++-+-++-------++--+---+--+++++---++--++-+--+---
+--+-+-++++-++--+----+----+--++++-+++-+---+-+--+-+
9-++--++----+-++--+-------+++-----+--+++-+-+-+-+--
+-+-+-++-++++---+--+-+-+-+-+-+--++-+--+--++-+---++
++++--+++---+--++---+++++-++-+--+-+++++-++---++-+-
--+-+--++--+++-+-++-++----+++-----+++++++-++-+-+++
-+++-+-+--+-+--+++--+-+++----+----+---+-+---++++-+
+--+-----+-++++-+-+-+-++-++-++-+---+------+-+-++--
+-+++--+---++-------++-++++--+-++---+++-+-+++---++
--++-++--+-++++++------+++++++-+++++--+-+-+----+++
-+++--+-+-+-+-+-+-+-+--+++++-+-+--+--+--+-----++++
-+-++++---+--+-+--++--++------+-+-+--+-++-+--++++-
-++5-----++--+---+-+++--+----+-++---+++--++--++++-
---+++-+--++-+--6-+-+-+++--++-+++---+----+-+-++-++
+--++---+------+++---+-++-++++++-++-+-----++++----
++-----++++++---+-+++----+---++---++--+--++-++-++-
+--+---+++-++-+----+-+--++-+--++---++-++++-+--+++-
-++-+---++----+---+--+--+---+--+---+-+--+--+----++
-++--+-++-++---++++-----+++++-+-++-+--+--++++++-++
--+-++--+----+--+-+-++++-++++--+---+-----++-++---+
-+-++--+++++-++-+-+--+--++-++-++++-++++-++++--++--
++--++--++--++-----+-++-++-+---++-+++-+-+-----+-++
-++--+---+-++++++-+-----++++--+---+-++-+++-+-+++--
--+--++-++-+++-+-+--+-++-+--++--+--++++-+--+++-+--
++-++--+++-+-++--++++++-+-+-+++-+-+--+++--+---++--
++---++-++-+--+++----+-+-+++-+----++-+++-+-++----+
-++-----++++++--+-+---+++--++---+--++++--+--++--+-
-+--+--++-+-+---+-+--+---+-+++++----+-+--+++++---+
++---+-------8-+--+--+-+++-++-+++-+-+++---+-+++++-
-++-+--+--+-++--++++-+--++-+++9+-++-------++-+--+-
---+--++---++-+++----+--+-+---+-++--+-+++--+++-++-
+----+++----+-8+-+---+++-++-++++-+-+----+-++---+-+
+--+--++---++-+--++++--+--+----++--++--+++++----++
++-+-++-+--+---+-+--+-+-+----++--+--+-+-+++-----++
-+++--+------+-+-+---++++-++-++++++-+-++++++---+--
-+---++++-++-++++------++---++++-+--+-+++--+---+-+
--+++++++++++++--++-+-+-+-+++---+++++-----++++-++-
+++--++++--+-+---++-----++-++++----++-++-+-++-+++-
+--+-+++--+--+-+-+-----++-+++----+---+--+-++++-+6-
+++----++--+-+--++++-++------+++++-+--++++++-++--+
---+----+----+---+++-++---+-+++++-+--+---+++-++-+-
+-+-+---++---++---++++++--+-+-+--+++++++-++---++--
++-+++-++--+--+--++++-+----+++---+-+----++-+-+-++-
-++--+++++--+----++++-+++++------++++-+++---++++--
--++++-+-+-+++++-+++++++-+-++-+-+-+--+++-----++---
+-+--+--++-++-+-+-+--+-+++--+--+---+-9+-+-+-++-++-
-+++----+++++-++--+-++--+++--+-+-+---+-+-+++--+-++

Generation = 150, Population = 1225.
+-++------+--+-----+--++----+-+--+--+-+++++++--+--
+-+--++-----++++++++-+-+--+-+-+---+++-+++----+--++
+++--++++--+++++++-+--------+++-+++-++++---++-----
-++++-+-+++++---++++-+-+++-++-++--+-+-+-++++---+++
+-+++-----+-+-+-+-+--+++-+-+++++----+--+++---+++--
+-------+++--++---+-+++-+----++----+--+-+-++-++-+-
--++--+-+-+---+-++---++--++--+-+-+++-++-+-+----+++
---+---+-+-+-+-+-++-+--++-+++-+---++--++++--++-+++
----+-+++--+++++++---++---++-+-+---+---+-----+----
++-++-+++-++----+++++-++--+---+--+----+++++--++-++
-+-++--+--++---+--+--+++++++-++-+--+-----+-++-+++-
++++---+-++-+++++++---++--++++-+++--+--+-----+--+-
+-+++++++++++--+-+-++-++-+-+-+++--+-++-+++++++++--
--+++-+-+---+--+-+++++----+--+++-++---+-+-+-++-+-+
-+----+-++---++-+----+----++-+---+++++-+--+++--++-
--++++---------+-+-+-+--+++-+++--+---++--++----+-+
+---+++----+++-+-+++-+----+-------+-+-+-++-+-++--+
-+----+-+-++-+--++-++++-++-++++-+++--+--+-+-------
+--+------+++--------++++----++--+++-+-------+----
+-+++--++++++-----+++++--+-+-+--+--++---++----+++-
+-++++-----++-+-+++---+-+----+--+++--+++---+-+--+-
-++-++-+-+++-------+--++--+--++--++-++---++-++--+-
+----++-+--+-+++--++--+-++-++-+++-+--++++-+++-++-+
-+---+-+-++-+-+++-++++++-++++++--++-++---+-++++-+-
++++---+-+-+++-+++--+--------+--++++---+++-+++-+-+
--++--+-+-+---++-+++--+++-----+-+--+-+--++++----++
+-++-+-++-++++-++++---++-+--+-++-+---+-+--++++++--
+++-++-+-+-++--------++++++++-++++--------++---++-
+++--++-+-++-+--+------+-----+--+-++-++--++++++-++
--+++-+-----------++--+-----++----+----+--+++-+---
+++---+++-+----+-++--+++---+-+--++++-++++-+++--++-
+-+-+++++-+--++-+++++--+-----++------+-+---++---++
---++-+-++---+-----+------+--+++---+++--+-+--+-+++
+-+++-++-+-+--++++-++++-+-+---++++---+-++++--++++-
--++---+-------+--++-+++--+-+----+-+---+-+-+-+--++
+++-+--+-++-+++--+-----++----++++-+-----+-++++++-+
-+--+-+-+-++---+-----+-++-+++++++-------+-+-++-+--
+--++-+++++---+++-++++++++--+--++-+--++++-++----++
-+-+--++-++++++++-++-+++-++-++-+-++-+----+++-+-+++
+---+-++--+--++-+++-+--+----+--+++--+----+-++-++--
+-----+++--++--+--+-+-++--+--+++-++-+++-++++-++-+-
-+++++-+-----+-------+--+--+---+--------+--+--++++
-+--+++++-++-+-----++++--+--+---+--+---+-+-+-----+
-+++-------+---+-++-+----++----+--++-++---++-++++-
++++-+++---++-+++-+++++++-++++-----+----+++-+-+++-
---+++---+++--+-+++-+++-++-+---+--++++-+---+++----
----++-+++++-+-----++-+--+-+--+++-+----+--+++++-++
----+++-+-+-+-+----+----++-+++-+---+-+-++-+--++---
--++--+++---++++---++-+-++--++-++++--+-+---+------
+----+---++-+-+---+++-+---+----+--++++--+-+-------

Generation = 200, Population = 1245.
++-+----++--+------+++-+-++-+--+-++++---+-++-+-++-
-+---+-+--+----++++--+-----+-+-+-++++---+---++++++
--+-++++-+-+--+---++--+------+-++--+---+++--++++++
--++-++---+-+--+--+-+-+-+-+----+--++-----+---++---
+-++++-+++-+--+++---+-------+---++---+---++++++-+-
++---++---+--+++-+-++++++++--++---+++-----+-+-+-++
+---+++--+-++---++---+-+---++--++++++++--++-+--++-
-+-+-------+-+++++---------+---+--+-++-+-+-++-++++
+-+-++-++-++-+-++++----+--+++-+++--++--+--+--+--++
+-++++--+++----+-+--+---+++-+++++--+++-++-+++-+---
+--++-++---+++++-++---+++----+++--++-++++-+-+--+--
+-+--+--++++---++-----++----+---+++----+---+++++++
++---++---+++-+--+-+-+-+--+--++-+++++-++-++----+++
+++++---+--++-+++---+-++-++++----++++++--++-++-+-+
++-++-+---+--++--+++-++-+----++-+-----++++---+++-+
+++--++------++-+++----+---++---++++-++++--+-+-+--
+--+--+---+-++-+--+---+-++--+++-++-+--+-+-+--+++--
-+-+-++---+-+++++-++++-+-+--++-+---+-----+++-++++-
--+++------+++++---+------++--+++---+++-----+-+---
--++--+-+----+---++--++++-----+++-++-++++-++++++-+
+-+--+++++--+--++--+-+++---++-+-++++-+--+++-++--++
+---+---+++-+--+---+++-++--++++--++-++-++--+--+--+
+----+-++---++++--+--+-------+---+-+--+--+-+-+++-+
----+-++--++--------+++-+--+++-++-+-+-++++++-++++-
--+----+---++++-+-++-+++-++--++-+-+-+++-+++--++--+
-++++++-++---++--+--++--+--+++-+------+++-++----+-
--++---+-+-+++-+--++++++---++-+---++--++++----++--
-+--++--++--+-++++---+-+++-+-+-+---+---+-+--+---+-
+-+++++--+-+++++-+--+-+--+++---+--++-+---+---+---+
+--+++--++-+-+-+--+--+-+-+-++-+-+----+--+---++-+--
++--+--++----+++---+--+++++++-+--++++++-+----+++-+
++-+------+--++-++++--++-+-+++--+--++++--++++---++
+-++++-+++-++--+-----+++----+--++--++-++++++--+--+
-+---+++-+--+-++-++--+++-++-++++----+--+-+-+---++-
-----+++-++++-++------+-++++---+-+-++-+---+-+++-++
++-+--+-++++----+++--+-++----+--+--+-+-+++-+++-+++
+++--------++-++---+-+-+++++++-+-+----+++++---+++-
--++-+-+--++---+-+--+-+++--++-+---+-+--++------++-
+--+--++-+-++--+++---+++++++++--+-++-++--+--+++-+-
+++---------+-+++-++-+-----+++--++-+-++--++-+-+++-
+--+--+++-+--+----+----+++--++--+++-+-+++-+---++--
-+++-++-++---+-+++---+++----+---+++-++--+---+-----
++---++-----+----------+-++++-+--+----++-+-++-+---
+--+-++++++-+-+-+-+--+-+-+-+-++---++--+-+--+++++++
----+++-+--+++++++++--++++++-+-+++-++-+--++++-+--+
-++--+--++-+--+++---++++-+++---+++-----+-+----++++
--+----+++-+---+++-++++-+-+-+++-+---+-+-++++-+--+-
+---++----+-++--+++--+++-+-+-+-++++-+++-------+-+-
-++---+++-+---+-+-+---++-----++--+++--+--++++-+---
--+------+++-++++--++-++-++++++---++---+++---++--+

Generation = 250, Population = 1236.
+++-+-+--+-+-++-+--+-++--+-+-++-+----++--+++--+---
++-+---+-++-++--+--+-+--+++----+---+-+--+-++--++--
+++--+++--+++--++----++---++-+++++++--+++--+-++-+-
--+---+--+-+-+++--++-+-+-+----++-++--+-+-++-++-+--
---+---+---++-++-+---+++-+-++----+-++-++-++----+++
+-++-++--+--++-+--+++---+-+-+-++--+-+---+---------
+--+--+-++-++--+--+--++-+++++-+--+-+----+--+++---+
++-+--+++--+-+----+-++-++-+++-------+-----++-+-+++
++--++---+-+++-++-+--++++++-++++-+++-+--+++-+---++
+---++-----+++-+-+--+-++-+-+-+++++++++-++--+-++-++
------+++-+++++--++--+---+------+-++++++-+---+-++-
----++-+-+---+-+---+++-+-+-++++-++++++---+--+-+-++
-++---+-+--+-----+--+-+-+----+--++-+++-+++++--+-++
+--++++++++---+--+++-++-+-+--+--+--+----++-+------
+-+----++---+-++--++-++-+-+-+--+-+-++-+-+-++-++-+-
++--++++++-++++++++-++----+----+++---+-+++-+++----
+++---++--+++--++----+--+++-+-++--++--+---+++-+-+-
----+-+----+-+----+-+++--+---++-+----++-++++++---+
----+--+--+-+++--+-+--+-+--+++---+-+--+++-+---++++
+-+--+++---+++--++--+++++-++-+--+++-+-++---+---+--
---+--+-+--+--++-+-+----++-++-+---+--+++-++-++---+
+---++---+++++--+++++-++-+---+--++++------++++++++
+--+-++-----+++----+-+--++---+++-----+-+-+---++-++
-+--+-+--+--+---+--+--+-++--+-+-+++-+----+++++--+-
-+-++-----+++-+--+++-----+--+--++-+--+++-+++-++++-
--+++--+------+-+--+-++++++-++++++-+-+-++++------+
-+-+++-++++--+-+++-+--++---+-+--+--+----+++----+++
++-+-+----+---+----++++-+-+--+--+++-+++-+---++++--
-+++-+-+++-+--+----+-------+-+++--++++++--+-++--+-
+-----++---+--+-+++----++++++--+-+++-+--++++--++++
-+++++-+----+-+---+----++-++----++++++-+++-------+
+--+-++--+-+----++--+-+--+--+-++-+++-+-+----+-+-+-
+-++++-++-+++++-------+++-++---++++---+-+-++--++++
-+--++-+++-++-+--+----++-----+----+++-----+-+++---
++-++-+-----+-+--++-+--++++---+--+-++++--++-+-++--
++---+-++++-+-+--++-++---+-+--++--+++--+++--++--+-
--++-++--+----+-++-+-++++--++-----++++--++-++++-++
--++-++--+----+++-+-++-++++-+-++-----++-+-+-++-+-+
+-+---+-++-+-++++-+++-++-++-+-++-+++-+-++++-+++--+
-++-+-+-+----+----+--+--++--++++-----+++++-++-++--
-++-+++-+----+----+++-+-+++-+---+-+--+-+-+-------+
-+-+-+-++-+++-+++------+++-+++--+--+-----+-++-++-+
---++--++++++++--++++-++--+--+++---++--+++--+--++-
--+--++-+-++-+-+-++++--++-+-+--+--+++++-+--+++-+++
+-+--+-+--+++--++--++++-+-++++---++++------+-+++--
--+---+++----+++-+---+-+-+----+-++-+--++++----+--+
--+-------+-+-++----+---++---++--++++-++-++++--++-
-+-----+-+-++--+---+-+----+-+-+++--+-++---+-+-+++-
+-++-+-++--+-+--++--+----++--++-++--+++-+--+-+++-+
-+++--+-+++-++++-++--+-----+-+---+--++-+-++++++-+-

Generation = 300, Population = 1271.
+--+++-------+++++++-++----+-++--+-++-+-++--+-+++-
++-----+-----+---+----+-++++++--+---++++-+----++++
--++---++-+++---+---++-+----+-+-+-+++--++++-++--+-
+--+++++-+++++-+------++-+-+-++++-+-++++-++-+-+--+
+++---+++-++--+---+-+------++++--++-+-+++-+++-+-+-
-----+-+--+-----+--+---+-++--+++--++--+++-+--+-++-
+-+-+-+++-+-+++------+-+++-++-++++---+----+-++-++-
+++++---+-+-----++-+--++++-+++-+--+--++-+++-+--+--
--+------++-++++----+--++++--+-+---+++-++++---++--
---+--+++-+--+-----++-+---+++++-+----++-+++--+-+--
--+-+-+-++++------++-++---+-++--+-++++----+--+-+++
-+-++-+--++++-+++++-+-+-+++-++-++-+++-++-+-+--+++-
----++-++-+-++---+-++++----++++-++++----++--++--+-
+++-+--+----+--+++--+-+-++++-++-++--+-++-----+----
+++++-+-+-++++++++++-+---++--+-++--+--++++-+--+-++
++---+-+-+++-+-+++--+++--+-++-++-+--+++++++++-+---
+++-++-----++--+-+---++-+++-++--+----+-+++-+++++--
--++-----++++--++----+++-+--++-++-+-++--+---+-+++-
+-+--++-+-++-+-+++-+++-----++-+++-+++-++-----+-+-+
---+++--+--+++++-+---+--++++-++-++++++++--+++-+-++
------+--+--+-+--+--++--++++-++++++-+++++-+--+---+
-----+++---++++++-++++-+++-+++-+-+-+++++---+++++++
-++--++-+---+-+-+-----+++-+--+---+++--+-++--++----
+-+--++++++-+-+++-++-+-+++-+++++--++-----+-+--+--+
-+-+-+-+-+------++-+-+++-+-+-----++-+++-------++--
+++--++-+----+----+-+---+-+-+-++++-+--++-++--+++-+
++-++++-+---++-++-++-+----+---+++--++-+----++++---
+-+----++-+-+-+-++-+--+--+-++-+--+---+-+-+-+++-+--
++---++---+-+++----++++++--++++-++-++-+++-+----++-
--+-+--+-----++++-+++-+-+++--++-------++++-----++-
++--+--+---+-----+-+-++---+-+----+++-+-++-+-+-----
++-+-++++--+++--++-++-++--+-+---+-++++-+-+-+-+--++
-++++--+---++-+++-+----+++--++++++-+++---++-+++---
-+----+++---++---++--++-+++++-++++-+-+-++--+---+--
--++++++--+---++-++-++-+++-+-----+++-++-++-+-+----
+-+--++++-+++++--+-+-----++-++---+-----+-+--+-----
+---+-+++-+---+-+-+++-++-+--+-++---+++-+-+--------
-+-----+-+-++---+--++-++-++++---++++-++-+-++-+-+++
-++++------+--+++-----+++-+++-+-++-+-+-+++-++-----
-+---+-+++-+--++++-+++++-++++-++++---+---+-+--+++-
+++--++++--++-+---++-+---+++--+-++-++++-+++-+++---
----+++++--++++-+++--+----+---+++++--++-------+-+-
++++-+-+--+-------++--+---++--++---+----++-+----+-
+-++---+-+++-----++-+++++----++---+++++-+-----++--
++++++++-+++++---+--++-----++-+--+++-+++---+-+-+--
--+++--+-+++---+-+++-+----+------+--+++--+-+---+++
-+--+++-+-++-++++--+-------+--++-++-++--+-++++--+-
+-+--+-++-++---+---+++-+--+-+-+-+++-+---+-+++--+-+
++--++--+++---+-+-+-+-+-+-++-+----+-++-+--+--+++-+
+---++--+++-+-+-++++-++++--+-+++++++++--++++----+-

