*** Life<FredkinCell> 1x10 ***

Generation = 0, Population = 10.
0000000000

Generation = 1, Population = 2.
1--------1

Generation = 2, Population = 2.
-0------0-

Generation = 3, Population = 4.
1-0----0-1

Generation = 4, Population = 2.
---0--0---

Generation = 5, Population = 4.
--0-00-0--

Generation = 6, Population = 4.
-0--11--0-

Generation = 7, Population = 8.
1-002200-1

Generation = 8, Population = 2.
--1----1--

Generation = 9, Population = 4.
-0-0--0-0-

Generation = 10, Population = 4.
1---22---1

*** Life<FredkinCell> 20x20 ***

Generation = 0, Population = 15.
--------------------
-00-----------------
--00----------------
---00---------------
----00--------------
-----00-------------
------00------------
-------00-----------
---------0----------
--------------------
--------------------
--------------------
--------------------
--------------------
--------------------
--------------------
--------------------
--------------------
--------------------
--------------------

Generation = 25, Population = 61.
-----4---6-----1-2-1
------7-3-------6-60
--------------------
--------------------
--------------------
7------------05-2---
-3----------01-0-1--
--------63----6-----
-4----25-20--2---4--
6------35-----1-2---
--------------------
--------------------
--------------------
-----03-5-----------
----11-3-1----------
0-----2---------11--
-4---3---3----01-10-
8-----1-3------11---
-10-----------------
60------------------

Generation = 50, Population = 128.
-468-7--78-577-8---+
-----28--25----3+---
26-34-26---7-61--7--
9------03-----------
--45---------------5
92-----38--------84-
-646-------8-4--44-2
---0-3---67--------4
69-3-9-----7-5---532
-23---46-----43-34--
---8-6-----15-----23
--------------6-4---
44-----1--31-41-00--
9-------84----------
--99-4---2-123-----1
43---------------31-
-7-3-47--7-311-----5
----68--64----23---1
-4-4---70-33-1------
------14--------41--

Generation = 75, Population = 178.
---------+++++-+-++-
-------5-5---9-6+5--
-----9-82-+-8-443---
------4395-3-374-485
-----+-8448-5---5979
--5-5-+-+78----9598-
7-68-6-9--+---+68-66
-5+39-+-+-------7--6
--764+-+--------8--5
+5-587---------9-+58
7----6-------6-+2-99
8--3----------9296-6
7-9-9--------7-2322-
+9-3------8-8-5-987-
8-+++---6-72-6-4--3-
+624-97--9+26-7-7---
-+9-86+79-5757-5----
+5-4+9---+-6+8------
--8+-+5-47+--4------
---59-+68866--------

Generation = 100, Population = 76.
---+-+--++-+-+---+--
-----6+--9+--++-----
----+--+-+--++------
--------------------
-++----+-6---9---+-+
+6-------++---------
--------+--------+--
-------------------8
+----++------+-9-+89
-9+-++--------------
-------------+-----+
---------------7-8--
--+--+--------9--675
++------------------
-------+---6+----+--
----------+7-------4
-+----------------+-
----------+8--------
---+----9---8--+6---
------+8------+4----

*** Life<FredkinCell> 1x1 ***

Generation = 0, Population = 1.
0

Generation = 15, Population = 0.
-

*** Life<FredkinCell> 3x10 ***

Generation = 0, Population = 10.
---0---0-0
---0000---
----0---00

Generation = 2, Population = 17.
-0-20---0-
-01020201-
--002---22

Generation = 4, Population = 13.
---2-0---1
103----030
0---20-0--

Generation = 6, Population = 14.
12--00-1--
--503030--
----420---

Generation = 8, Population = 17.
-4---0---2
2070--5040
10114---2-

Generation = 10, Population = 17.
2-0310--1-
-090--706-
123-----43

Generation = 12, Population = 13.
-------2-4
30-0--9-80
-43--311--

Generation = 14, Population = 21.
-60---02-6
50+040+0+0
245---334-

Generation = 16, Population = 11.
---4-1-2-8
-0------+-
2-52-43---

Generation = 18, Population = 16.
2714--02-8
---0--+---
26-4-65-54

Generation = 20, Population = 13.
-7-4-2----
-0--50--+-
48--5-54-6

Generation = 22, Population = 10.
49-42-1--8
--+----0--
--------76

