*** Life<Cell> 1x1 ***

Generation = 0, Population = 1.
0

Generation = 1, Population = 0.
-

Generation = 2, Population = 0.
-

Generation = 3, Population = 0.
-

*** Life<Cell> 2x2 ***

Generation = 0, Population = 4.
00
00

Generation = 1, Population = 0.
--
--

Generation = 2, Population = 0.
--
--

Generation = 3, Population = 0.
--
--

*** Life<Cell> 1x10 ***

Generation = 0, Population = 5.
--00000---

Generation = 3, Population = 7.
1-*1-1*-10

Generation = 6, Population = 0.
--..-..-..

Generation = 9, Population = 0.
--..-..-..

*** Life<Cell> 50x36 ***

Generation = 0, Population = 19.
0-----------------------------------
-0----------------------------------
--0---------------------------------
----0-------------------------------
------------------------------------
------------------------------------
------------------------------------
0-----------------------------------
----0-------------------------------
----------000-----------------------
---------00-------------------------
----------------------0-------------
------------------------------------
------------------------------------
------------------------------------
------------------------------------
------------------------------------
------------------------------------
------------------------------------
-------------------0----------------
-----------0--------0---------------
-----------0------------------------
-----------0------------------------
------------------------------------
--------------------0---------------
------------------------------------
------------------------------------
------------------------------------
------------------------------------
------------------------------------
------------------------------------
------------------------------------
------------------------------------
------------------------------------
------------------------------------
------------------------------------
------------------------------------
------------------------------------
------------------------------------
------------------------------------
------------------------------------
------------------------------------
------------------------------------
------------------------------------
------------------------------------
------------------------------------
------------------------------------
------------------------------------
------------------------------------
-----------------------------------0

Generation = 25, Population = 544.
......-....1...*-.1-.0----000-------
...****....*.**.*.-*-*0-1---10------
...*...*..*.**-*.--.--001-----0---0-
.-**.*.*...*****0.------*1-1---0-0-0
.......1......*...*-.--0*--00-0---0-
....*........*...**...1-----.-1-----
.......--...*.*..--1*-....*1.0------
.**.**....*.*.**.....*-...-1.1-.0---
*.*.**....*...**.1*0.1..11*--*---000
....*....*....*...***.***..1*-***-.*
*.*...*...*......*......0.1*.1*-*--0
..**.**..**.*.**.*-...*-0.*.*00*100-
0..*.....**.0.....-..*..-..*.111*0--
-**.......**..*...*...-1.*1.*--001--
.-...1*..**...*-**.**..*0.*-*--.----
.......*.**...-.....*..**..-..**--*.
1*..-.1*.-..........--.**11..**0---0
......**..-.....-...*.1**.*.*0-*-.--
..***-*1...*.......1**.....1.10*--0-
.*..1.0..-.*........--.***.*.1.--0-0
*....**.-.**-...**-...0***-....-*.-1
*-*..*1--1.***....*0......-..*...-*1
......-...1*****-..*...***.*-.---*01
*.**.......*-.**..-*...-*.1*--*.1--0
*...*......*****....**1*.-**-*-*---0
*..*-......*..*.....1*-.-0**1**---0-
-*-*.....**.-.1-.*...1*.--*1-.0----0
..-*.1-.1****.*..*1..*..0-00.0-0----
0-0..*..*...****....1-00-0--0-0-----
1-.1..-...***0*0.1.--.0.-*010-------
-0.-.*...*-.*.*.1-1.1-0101-10-------
1----*0****.-***1...*0---0-0--------
000-10*.*0-****.-.-.1*.-0--0-0------
--011--.*.0.-..*-.1---01--0---0-----
-----*---....1-*00010*-----0--------
---0-.0.11**-10*-0-----0------0-----
--010-*1......1***00--0----0--------
--0-0---*--.-10--0010-------0-------
--010--.1.0.-.**-00*0---------------
---0-----10.-------0--------0-------
-------1110.*.1----0-0-----0-0-----0
---------1--01----0---0-----0-----0-
-----------*-------0----------------
-----------*----------0-----------0-
----------0*0------0---------------0
----------0-0-------0---------------
----------010-----------------------
-----------0--------0---------------
-----------0-0-----0-0-----0-0------
----------0---0-----0-----0---0-----

*** Life<Cell> 10x1 ***

Generation = 0, Population = 10.
0
0
0
0
0
0
0
0
0
0

Generation = 3, Population = 4.
1
-
0
-
-
-
-
0
-
1

*** Life<Cell> 10x5 ***

Generation = 0, Population = 3.
-----
-----
-----
---0-
---0-
---0-
-----
-----
-----
-----

Generation = 10, Population = 20.
-11*0
--..1
0*-.1
-11.*
-0---
--1.*
0.-.1
.-1.1
-----
0-1.-

*** Life<Cell> 42x42 ***

Generation = 0, Population = 14.
------------------------------------------
------------------------------------------
------------------------------------------
------------------------------------------
-----0------------------------------------
----00------------------------------------
-----00-----------------------------------
------000---------------------------------
------000---------------------------------
------00-0--------------------------------
------------------------------------------
------------------------------------------
------------------------------------------
------------------------------------------
------------------------------------------
------------------------------------------
------------------------------------------
------------------------------------------
------------------------------------------
------------------------------------------
------------------------------------------
------------------------------------------
------------------------------------------
------------------------------------------
------------------------------------------
------------------------------------------
------------------------------------------
------------------------------------------
------------------------------------------
------------------------------------------
------------------------------------------
------------------------------------------
------------------------------------------
------------------------------------------
------------------------------------------
------------------------------------------
------------------------------------------
------------------------------------------
------------------------------------------
------------------------------------------
------------------------------------------
------------------------------------------

Generation = 35, Population = 379.
..................-1-...**.*1*0*----------
.........-...********...-*.1.0-0.0---0----
-1.*..*.-........****.*...-10.1-01---10---
.****..*.................0.0**-.0.-01*-0--
.**...*...........-.**..-.-*1.*.-.*--.-1--
..**.......**..*.*1.*....**....*1-1*..0--0
.**........**..**.**.....**-..1*...-0.----
.................-..........1...-1.*--..--
.*....*........................*-....-1--1
.*.**..*...........-....**.1-.-1...--.---0
.*..*.**..........**...*...****.--..*0**1-
....*..*.**..*....-**.**....*.-..-1-00--0-
..*.**...*.....**.*.**.*0...-.*-01*0--00-0
..***.....**......*....*1---.*--*10-------
.*.*........***......*.*...-..-.*0--------
...................*-*...0..----0---------
.......1.......*-.0*-1.**..-1.*0----------
..............-1*1**.**.*.*0010-----------
....**.*....****.-***.*.--**-0------------
....*.......*1.*...--.1...--0-------------
-**.*-..-....*.1-.**...-1-1---------------
...*1...*.-...**-*--.**-1-----------------
.0..**..*....1.*1*.-.--*1-----------------
.*..*.**.**.-**..1*..--1------------------
.....***....**..1111-1*0------------------
*....*1.-.**.*.0*.-**10-------------------
*.*...***0*.*.*.--1.*0--------------------
*0-......**-*....1**----------------------
-1.**-.*.-**0-...*------------------------
..-*..10-.-10-.1010-----------------------
--.-.-*.*1.1*1-*1-------------------------
-..*1**..1..1--*0-------------------------
00.-*-.--*.*-1----------------------------
-.*...-...-10-0---------------------------
--.--...*-**------------------------------
--0-.....-0-------------------------------
------*-1*1-------------------------------
-01*-.-01---------------------------------
------..1-0-------------------------------
---0-0-.-010------------------------------
---01-*1----------------------------------
---0-*---0--0-----------------------------

Generation = 70, Population = 375.
..........................**.....***......
.........-.................*..*...**......
**......-.................**..*.***.......
**.................*........**............
...................*..........*.**........
...........................*....**.....-..
.............*.............*.*...*........
..........******...............**.........
..........**..**...............**.........
..........*.**............................
...........*..............................
..........*...**..........................
..........*****...........................
...........**.....***...................**
.................*...*..................*.
...*....**............*..................*
..*....**.*.....*....*.............*.....*
....*.***.*.....**.**...............*....*
....*....*........*................**.*..*
......................*.......*.**..*.*..*
-....................***....*...****..*...
...................-.*..*...*.*...*..*....
.-...........*.........**..*....**...**...
............*.*.............*........-*...
..........*....*...........***........*...
...*...**..*...*...........***........-...
..*.*.*.*...***.******......**.......*..**
.**..............******....**....*..***.**
.*..*..........**...*..*...**....*.-...***
**.........*....****.***....-*...*...*1-..
.*....*...*..**..*.*..**.....**..-******..
...*..*....***......*.**....*-*...0...1*.1
...........**...*..*.**...**..**.....1***.
-...**..........**.*..*......-.......***.*
...*.*.............**..........*...*-***..
..***.......*.....**.........*..*.*.*.*.-*
...*......*.**.....**..*.*..****-.*.*1**0.
**.**.....*.*...*..*.*.......-..*.0-.*---0
**.**......*...*.*.*.*..-.*1...1--1-.-...*
..*....****...**...*.*****.....*..**-*-.--
.........**.*****..*..*....*-.....*..-.-00
..........*.**-.-...**...**.-.-*-1-*00**10

Generation = 105, Population = 194.
.............................*............
.........-...................*............
**......-.................................
**........................................
..................................*.......
.................................*.*...-..
..........................................
..........................................
.................**.......................
................*..*......................
.................**.......................
..........................................
..............*...........................
...........*..*...........................
..........*...*...........................
.............*............................
..**.....*.....................***........
..**.....*..........**........*...*.......
.........*..*......**........*....*.......
.........**..*.....*.....*...*..**........
-........**..*.........*******.*..........
..........***.........***.**..............
.-..*......*......*....*****......*.......
....***...........*......*.....*...*......
...*.**...........*............*..*.......
..................................*.......
.................................***......
.....**.........................*****.....
.....**.............***........***..**....
..................**.*.*.....**...........
..................***..*......*...........
..................*.*.***....**...........
........*..........****......**...*...**..
.......*.*.........***.......**.**.*****..
.......*.*...**..................***..**..
...***..*....**.....................*.....
..*..*..............................*..**.
.......*............................***..*
.*.....*...........................-....**
..*....****...**..........................
....*....**...**..........................
..............................-...........

Generation = 140, Population = 147.
..........................................
.........-................................
**......-.................................
**........................................
..............**..........................
.............*..*......................-..
.............**...........................
...........**.............................
...........**....**.......................
................*...*.....................
.....................*....................
...............**.*.**....................
.............*..*..**.....................
.............*...**.*...........*.........
.................**.**..........*.........
...............*.***...**......**.........
..**...........***............**..........
..**.............*............***.........
...............................**.........
..........................................
-........**...........**...**.............
.........*.*.........**.*..**.............
.-.........*.......*....*.................
...........*.*........***.................
...........*.*....*.......................
..................*.......................
....................................**....
...................................*.*....
....................**....................
.................**.**....................
.................*..*..............**.**..
.................******..............*.*..
....................*.**..............*...
..*.*...............*.**..................
..*.*..***...........*....................
...**..**.................................
.......***................................
................................*.........
...............................*.*........
..............**...............*..**......
..............**................*..*......
..............................-..***......

