*** Life<Cell> 9x9 ***

Generation = 0, Population = 3.
---------
---------
---------
---------
---000---
---------
---------
---------
---------

Generation = 1, Population = 10.
---------
---------
---------
---000---
--01-10--
---000---
---------
---------
---------

Generation = 2, Population = 12.
---------
---------
---000---
---------
-01*-*10-
---------
---000---
---------
---------

Generation = 3, Population = 28.
---------
---000---
--01-10--
-00-0-00-
01-.-.-10
-00-0-00-
--01-10--
---000---
---------

*** Life<Cell> 10x10 ***

Generation = 0, Population = 7.
----------
--0-------
----------
----------
--0-0-----
----------
-------0--
-0--------
-0--------
0---------

Generation = 1, Population = 20.
--0-------
-0-0------
--0-------
--0-0-----
-0---0----
--0-0--0--
-0----0-0-
010----0--
-10-------
----------

Generation = 2, Population = 22.
----------
0---0-----
--1-0-----
--1-------
0-0-0-00--
-0--------
-10-00---0
1--0------
---0---0--
-00-------

Generation = 3, Population = 48.
0---0-----
-00010----
00*-10----
00-0--00--
-01---110-
-10--000-0
--10110-0-
---1-0-0-0
01-10-0-0-
011----0--

Generation = 4, Population = 23.
--0-1-----
0-1---0---
--.----0--
-1--------
-1----*-1-
0-1-------
---1-----0
11---1----
--0-10----
-**-0-----

Generation = 5, Population = 43.
001--00---
--*010----
00.-----0-
0*1---000-
-*---0.--0
-1----0-00
-1--11--0-
**-1-*0--0
011---0---
0**-1-----

*** Life<Cell> 2x2 ***

Generation = 0, Population = 2.
00
--

Generation = 1, Population = 4.
11
00

Generation = 2, Population = 0.
--
--

Generation = 3, Population = 0.
--
--

Generation = 4, Population = 0.
--
--

*** Life<Cell> 7x5 ***

Generation = 0, Population = 6.
-----
----0
-0-0-
-----
0----
---0-
--0--

Generation = 1, Population = 11.
----0
-0---
0----
00-0-
-0-0-
0---0
-0---

Generation = 2, Population = 15.
-0-0-
--0-0
10-0-
---10
01-1-
-0---
--0-0

Generation = 3, Population = 17.
0-0--
00---
*1010
--0*1
1--*-
-1-00
-----

Generation = 4, Population = 16.
10-0-
1-000
**1*-
---.-
---.0
----1
-0-00

*** Life<Cell> 8x8 ***

Generation = 0, Population = 10.
-0---0--
--0--0--
----0--0
--------
--------
---00---
--0-----
-------0

Generation = 1, Population = 23.
0---010-
---0-100
--00--0-
----0--0
---00---
---110--
-0--0--0
--0---0-

Generation = 2, Population = 28.
-0--1*--
0--10--1
-01---10
--0010--
--0-1--0
-00--100
0---1---
---000--

Generation = 3, Population = 32.
--0--*00
-0-*---*
-1-0--*-
--1-*1--
---0*0-1
-1-11*--
--0-*000
0-01110-

Generation = 4, Population = 25.
----1.--
010*010*
0*11--*-
----.--0
-0--.1--
0-0--.--
0-1-.-11
----**--

Generation = 5, Population = 35.
000-*.00
-*1.1-1*
-.*---.0
0-10.1--
----.-01
1111-.00
1-*0.-**
0-01.*-0

Generation = 6, Population = 22.
11--..--
-.*.*--.
0..-00.1
---1.---
-0--*---
--*-1*11
-0.1.-..
1---*.01

Generation = 7, Population = 23.
**--..--
-..**--.
-..--1.-
001-.1-0
0---*-01
-1*1-*-*
--*-.0..
----..1*

Generation = 8, Population = 35.
..00..--
0...*--.
0**1-**1
--*1**01
10--*-1*
-***1*1*
--*-*1.*
--0-..*.

Generation = 9, Population = 20.
..11..--
1...*-1.
-..--..-
-0.*..-*
*-00.-*.
-...-.*.
--.1.-.*
-011.**.

Generation = 10, Population = 28.
..**..0-
-..*.--.
0..10..1
--.*..-.
.01-.1**
1.**-.**
-0.**1.*
11--*.*.

*** Life<Cell> 4x1 ***

Generation = 0, Population = 2.
-
0
0
-

Generation = 1, Population = 4.
0
1
1
0

Generation = 2, Population = 2.
1
-
-
1

Generation = 3, Population = 2.
-
1
1
-
