*** Life<ConwayCell> 4x4 ***

Generation = 0, Population = 4.
....
.**.
.**.
....

Generation = 1, Population = 4.
....
.**.
.**.
....

*** Life<ConwayCell> 5x5 ***

Generation = 0, Population = 3.
.....
.....
.***.
.....
.....

Generation = 1, Population = 3.
.....
..*..
..*..
..*..
.....

Generation = 2, Population = 3.
.....
.....
.***.
.....
.....

*** Life<ConwayCell> 5x5 ***

Generation = 0, Population = 4.
.....
..*..
.*.*.
..*..
.....

Generation = 1, Population = 4.
.....
..*..
.*.*.
..*..
.....

*** Life<ConwayCell> 5x6 ***

Generation = 0, Population = 6.
......
..**..
.*..*.
..**..
......

Generation = 1, Population = 6.
......
..**..
.*..*.
..**..
......

*** Life<ConwayCell> 6x6 ***

Generation = 0, Population = 5.
......
..*...
...*..
.***..
......
......

Generation = 1, Population = 5.
......
......
.*.*..
..**..
..*...
......

Generation = 2, Population = 5.
......
......
...*..
.*.*..
..**..
......

Generation = 3, Population = 5.
......
......
..*...
...**.
..**..
......

Generation = 4, Population = 5.
......
......
...*..
....*.
..***.
......

*** Life<ConwayCell> 1x1 ***

Generation = 0, Population = 1.
*

Generation = 1, Population = 0.
.

Generation = 2, Population = 0.
.

Generation = 3, Population = 0.
.

Generation = 4, Population = 0.
.

*** Life<ConwayCell> 4x4 ***

Generation = 0, Population = 16.
****
****
****
****

Generation = 1, Population = 4.
*..*
....
....
*..*

Generation = 2, Population = 0.
....
....
....
....

Generation = 3, Population = 0.
....
....
....
....

*** Life<ConwayCell> 1x10 ***

Generation = 0, Population = 3.
.***......

Generation = 1, Population = 1.
..*.......

Generation = 2, Population = 0.
..........

*** Life<ConwayCell> 3x3 ***

Generation = 0, Population = 3.
.*.
.*.
.*.

Generation = 1, Population = 3.
...
***
...

Generation = 2, Population = 3.
.*.
.*.
.*.

Generation = 3, Population = 3.
...
***
...

Generation = 4, Population = 3.
.*.
.*.
.*.

Generation = 5, Population = 3.
...
***
...

*** Life<ConwayCell> 2x2 ***

Generation = 0, Population = 3.
**
*.

Generation = 1, Population = 4.
**
**

Generation = 2, Population = 4.
**
**

Generation = 3, Population = 4.
**
**

Generation = 4, Population = 4.
**
**
