*** Life<FredkinCell> 9x9 ***

Generation = 0, Population = 3.
---------
---------
---------
---------
---000---
---------
---------
---------
---------

Generation = 1, Population = 10.
---------
---------
---------
---000---
--01-10--
---000---
---------
---------
---------

Generation = 2, Population = 12.
---------
---------
---000---
---------
-012-210-
---------
---000---
---------
---------

Generation = 3, Population = 30.
---------
---000---
--01-10--
-00-0-00-
01-3-3-10
-00-0-00-
--01-10--
---000---
---------

*** Life<FredkinCell> 10x10 ***

Generation = 0, Population = 4.
----------
----------
----------
----------
----00----
----00----
----------
----------
----------
----------

Generation = 1, Population = 8.
----------
----------
----------
----00----
---0--0---
---0--0---
----00----
----------
----------
----------

Generation = 2, Population = 16.
----------
----------
----00----
----11----
--01--10--
--01--10--
----11----
----00----
----------
----------

Generation = 3, Population = 16.
----------
----00----
---0--0---
--0----0--
-0------0-
-0------0-
--0----0--
---0--0---
----00----
----------

*** Life<FredkinCell> 2x2 ***

Generation = 0, Population = 2.
00
--

Generation = 1, Population = 4.
11
00

Generation = 2, Population = 0.
--
--

Generation = 3, Population = 0.
--
--

*** Life<FredkinCell> 7x9 ***

Generation = 0, Population = 8.
---------
--0------
-00------
--0------
----00---
-----0---
-------0-

Generation = 1, Population = 21.
--0------
--10-----
0110-----
--1000---
--001-0--
-----100-
-----00-0

Generation = 2, Population = 20.
-01------
0-2-0----
1--1-0---
0-2-11---
-0-1--1--
--00---1-
----0--0-

Generation = 3, Population = 23.
-1-00----
1030-----
-11--10--
10--2----
---2-----
--1----20
--0--0010

Generation = 4, Population = 28.
-21-10---
2-4--00--
12---210-
2-----0--
00-----00
-02--1---
-01001-2-

Generation = 5, Population = 25.
-3--2----
3-50-1---
23--0--10
-0----100
-----0-11
-1---20-0
0-2-----0

*** Life<FredkinCell> 3x4 ***

Generation = 0, Population = 2.
----
-00-
----

Generation = 1, Population = 8.
-00-
0110
-00-

Generation = 2, Population = 2.
----
1--1
----

Generation = 3, Population = 6.
0--0
-11-
0--0

Generation = 4, Population = 4.
----
1221
----

*** Life<FredkinCell> 4x1 ***

Generation = 0, Population = 3.
0
-
0
0

Generation = 1, Population = 2.
-
-
1
1

Generation = 2, Population = 3.
-
0
2
2

*** Life<FredkinCell> 6x3 ***

Generation = 0, Population = 2.
---
-0-
---
-0-
---
---

Generation = 1, Population = 6.
-0-
0-0
---
0-0
-0-
---

Generation = 2, Population = 3.
---
-0-
---
-0-
---
-0-

Generation = 3, Population = 7.
-0-
0-0
---
0-0
---
0-0

Generation = 4, Population = 1.
---
-0-
---
---
---
---
