*** Life<Cell> 7x18 ***

Generation = 0, Population = 2.
------------------
------0-----------
------------------
------------------
0-----------------
------------------
------------------

Generation = 2, Population = 7.
------------------
----0---0---------
0-----------------
------0-----------
0-0---------------
------------------
0-----------------

Generation = 4, Population = 8.
0-----------------
--0---0---0-------
------------------
------------------
--0-0-------------
------0-----------
0-----------------

Generation = 6, Population = 14.
--1---------------
1-----------0-----
0-1-0-------------
--1-------0-------
--0-0-1-----------
----1---0---------
----0-------------

*** Life<Cell> 18x17 ***

Generation = 0, Population = 14.
------------0----
-----------------
-----------------
--------0----0---
---------0-------
---0-------------
-----------------
-----------------
-------0---------
-----------------
-------0---------
0----------------
------0-0--------
-----------------
-----------------
---0------0------
-----------------
------0---0------

Generation = 1, Population = 42.
-----------0-0---
------------0----
--------0----0---
-------0----0-0--
---0------0--0---
--0-0----0-------
---0-------------
-------0---------
------0-0--------
-----------------
0-----0-0--------
-0----000--------
0----0---0-------
------0-0--------
---0------0------
--0-0----0-0-----
---0--0----------
-----0-0-0-0-----

Generation = 2, Population = 52.
----------0-0-0--
--------0----0---
---------0--0----
---0--0---00---0-
-------0---0-----
-0---0--0----0---
-------0-0-------
---0-------------
-----0-0-0-------
0----------------
-----01010-------
0-0--------------
----0-000-0------
0--0------0------
------0-0--------
-0---00-0-0-0----
-----------------
---00-0-----0----

Generation = 3, Population = 94.
--------00---0-0-
-------0--0-0----
---0--0--------0-
--0-00----1---0-0
-0-0-0-----100-0-
0-0-0-00---00-0--
-0-0-00-0-0--0---
--0-00-----------
0--00-----0------
-0----0-0--------
--0-01---10------
---000---00------
--0---1-1-10-----
-00----0-010-----
00-0--1-10--0----
0-0-01--1----0---
-0-000--0-0------
--011--0---0-0---

Generation = 4, Population = 47.
--------11------0
---0-------------
------------0----
----1----0--0----
-----1-0----11---
-------1---------
-------0---------
0-------0----0---
---1--0-00-0-----
---0-------------
---0-------0-----
--011-----1------
--1-0--0--*-0----
------0---*------
-------0---------
1------0--0---0--
------0-1--------
--1*--0-------0--

Generation = 5, Population = 109.
---0---0**0----0-
--0-0---00--0---0
---00----0-010---
---0---00-10-----
-------100-1-*0--
-----00-0---00---
0-----01-----0---
-0-0--0-1--00-0--
0-0*00---1--00---
--0-0-0-00-------
------------0----
-0-*-0-0-0*-0----
-0*010--10*--0---
--0-00-0-0.00----
0------11-----0--
-0-----1-0-0-0-0-
0-00-010-00------
-0*.10100----0-0-

Generation = 6, Population = 143.
------01..100-0--
-0--10---1--1----
-----0-0010-*10-0
--01--0---*1--0--
---0-1---10*1*10-
0---01--1---11---
---0--1*0--001---
0-01--10--01---0-
-0-.110-0*0--1---
001010--1-0--0---
-00001101-0010---
010*11--0-*-1----
0-.1*110*-.-0-0--
0-10---1-1.11-0--
--0-001**0--0----
1--0-1--110---0-0
---10-*11-1------
-1*.*1*11-0-0---0

Generation = 7, Population = 141.
-0--0-1*..*----0-
0-00*----*0-----0
-000-101-*-0*----
-01-10--00.-00--0
0--10*---*1.*.*10
-0-01---*-00**-0-
---1---.-0--1-00-
-01---*-1-----0-0
010.-*-0-.1-0*00-
1-*1-10--0----0--
01------*-1-*-0--
-*1.-*00--*0--0--
--.*.*-1.-*---10-
1---0-0--****-10-
-01-11-..1--10--0
-0-1-*01**-000---
00----.**0-00-0--
0**.*-.*--1--0-0-

Generation = 8, Population = 99.
----1-*..**0--0--
---1.---0*--1----
-------*0.01*----
-----1--11.-11--1
-0---.0-0.-....*-
---1---1*---..---
---*--1*0---*1---
------*0--0------
-*1.1*---*--1.-1-
--.*--1---0------
--00----*1*0.--0-
-**.1*---0*1-0---
00**..-**-.000*-0
--1-1---0*..*0---
--*0--1..--0*----
--0-0*-*..------0
-1-100...-1------
-.*..1.*------0-0

Generation = 9, Population = 135.
------..***1-0-0-
--0-.-0--.00*00--
---0-10*1.1-.---0
-0--1---***--*0--
0-01-.-1-.-.....-
-00*1-0-.0--..-0-
--0.00-.-000.*0--
-0110-.----1-0-0-
0.****000*10-.0-0
-0..---0101-0----
-----110**.-*00-0
-...*.000-.*11-00
11...*1*.0.-1-*--
1----00--**..---0
-0*11--**101*---0
--1--.0...000--0-
0--*11...0-0--0--
-.**.**.1-1--0---

*** Life<Cell> 19x19 ***

Generation = 0, Population = 9.
-------------------
-------------------
-------------------
-------------------
--------0----------
----------------0--
--------0----------
-------------------
---0---------------
------------0------
-------------------
-------------------
----0--------------
-------------------
-------------------
--------0----------
------------------0
-----0-------------
-------------------

Generation = 1, Population = 33.
-------------------
-------------------
-------------------
--------0----------
-------0-0------0--
---------------0-0-
-------0-0------0--
---0----0----------
--0-0-------0------
---0-------0-0-----
------------0------
----0--------------
---0-0-------------
----0--------------
--------0----------
-------0-0--------0
-----0--0--------0-
----0-0-----------0
-----0-------------

Generation = 2, Population = 35.
-------------------
-------------------
--------0----------
----------------0--
------0-0-0--------
--------------0---0
---0--0-0-0--------
------------0---0--
-0---0--0----------
----------0---0----
---00--------------
------------0------
--0---0------------
--------0----------
----0-------------0
-----00---0--------
----------------0-0
---0---00----------
------------------0

Generation = 3, Population = 107.
-------------------
--------0----------
-------0-0------0--
------0---0----0-0-
-----0-----0--0-0-0
---0---------0-0-0-
--0-00-----00-0-0-0
-0-0-00---00-0-0-0-
0-0-0-00-00-0-0-0--
-0-000--00-0-0-0---
--0110----0-0-0----
--000-0----0-0-----
-0-0-0-00---0------
--0-0-00-0--------0
---0--0-0-0------0-
-----110-0-0----0--
---0-0000-0----0---
--0-0-0110------0--
---0---00--------0-

Generation = 4, Population = 30.
--------0----------
----------------0--
--------0----------
-------------------
---00-------0------
------------------0
----1-------1------
-------------------
----1--10----------
--------1----------
--------0----------
--------0----------
0--1----1---------0
-----0------0------
-------------------
----0-------0------
----0---------0-0--
-0---0---1---------
------------------0

*** Life<Cell> 17x8 ***

Generation = 0, Population = 7.
-------0
--------
--------
--------
--------
-0-0----
--------
-------0
--------
------0-
--------
--0-----
--------
---0----
--------
--------
--------

Generation = 1, Population = 23.
------0-
-------0
--------
--------
-0-0----
0---0---
-0-0---0
------0-
------00
-----0-0
--0---0-
-0-0----
--00----
--0-0---
---0----
--------
--------

Generation = 2, Population = 24.
-----0--
--------
-------0
-0-0----
--------
-0-0-0-0
--------
-0-0-010
--------
--0-0--1
--------
0--10-0-
--------
-01--0--
--------
---0----
--------

Generation = 3, Population = 56.
----0-0-
-----0-0
-0-0--0-
0---0--0
-----0-0
0-------
------0-
0----1-1
-000000-
-0---00-
0-00--00
-00*1--0
0000000-
01*00-0-
-000-0--
--0-0---
---0----

*** Life<Cell> 17x19 ***

Generation = 0, Population = 7.
-------------------
-------------------
-------------------
-------------------
-------------------
-------------------
-------------------
-----0-0-----------
-------------------
----0--------------
-------------------
---------------0---
-------------------
------0------------
-------------------
------0------------
-----------0-------

Generation = 3, Population = 55.
-------------------
-------------------
-------------------
-------------------
-----0-0-----------
----0---0----------
---00----0---------
--01-1----0--------
--000-0--0-----0---
-0-00*-10-----0-0--
--0-00-0-----0-0-0-
---0---0----0-0-0-0
--------0----0-0-0-
---0-----0-0--0-0--
----------0-0--0---
---0---------0-----
----0-0-------0----

Generation = 6, Population = 78.
-------------------
-----0-0-----------
-------------------
---010-0-0---------
-------------------
-001-100-0-0---0---
-------------------
10-.*10010-0-----0-
-----0-------------
0100-.01110----0---
-----1-----1-------
0-00-*0.--1--0-----
---------0-*-0-----
0---01000-010--0---
-------0-0-0-0-1---
0-0-0-----0-00---0-
-----0-0-0-0-0-*-0-

*** Life<Cell> 10x6 ***

Generation = 0, Population = 13.
------
---0-0
------
---0--
0-0---
----0-
0-0---
----00
0-0---
----0-

*** Life<Cell> 3x17 ***

Generation = 0, Population = 7.
0----------------
0-0--0-------0---
0-------0--------

Generation = 2, Population = 14.
*-1-----0--------
--011--0---0---0-
*-1---0-0-0------

Generation = 4, Population = 8.
.-*-1------------
01*-.-0----------
.-*---------0----

Generation = 6, Population = 13.
.0*-1-1-----0----
--.-.1--0--------
.0*-0-----0-0-0--

*** Life<Cell> 10x14 ***

Generation = 0, Population = 2.
--------------
--------------
------0-------
--------------
--------------
--------------
--0-----------
--------------
--------------
--------------

Generation = 3, Population = 30.
-----0-0------
----0-0-0-----
---0-0-0-0----
--0-0-0-0-----
-0-0-0-0------
0-0-0-0-------
-0-0-0--------
0-0-0---------
-0-0----------
--0-----------

*** Life<Cell> 14x14 ***

Generation = 0, Population = 11.
---------0-0--
--------------
0-------------
0-------00----
--------------
------0-------
--------------
--------------
------------0-
--------------
--------------
-----------0--
---0----------
0-------------

Generation = 2, Population = 32.
0------0-----0
1-------01----
*-0------1-0--
*-0----1--10--
1-------------
0---0----0----
------------0-
------0-------
----------0---
-----------0--
---0--------0-
0--------0---0
-0---0--------
--0--------0--

Generation = 4, Population = 41.
*----0-0------
1-----0-------
*0*-0----.-*--
*0*--0----.-10
1--------1-10-
--0-------1---
1-------------
0-------00-0--
---0----0---0-
0-----0-------
--------------
0------0-----0
---0---0----0-
--0-0------0--

Generation = 6, Population = 75.
.--01----0-0--
-01-10--1---00
.-.-0010-*1.01
*-.10-11-*.--*
*00-0--0-1-.-0
110-00---0-0-0
.-10----11-1--
-------1-*-0-0
00---01-------
0-0-0--1-0-0-0
-------10-----
----001--0---0
-0-------00---
------01-0-0--

*** Life<Cell> 15x19 ***

Generation = 0, Population = 7.
------------------0
----0--------------
-------------------
-------------------
-------------------
-------------------
-------------------
------0------------
-------------------
-------------------
-------0-----------
-------------------
-------------0--0--
-----------------0-
-------------------