*** Life<FredkinCell> 17x7 ***

Generation = 0, Population = 4.
-------
-0-----
-------
-------
-------
-------
-------
-------
------0
-------
-------
----0--
-------
-------
-------
------0
-------

Generation = 1, Population = 14.
-0-----
0-0----
-0-----
-------
-------
-------
-------
------0
-----0-
------0
----0--
---0-0-
----0--
-------
------0
-----0-
------0

Generation = 2, Population = 13.
-------
---0---
-------
-0-----
-------
-------
------0
-------
----0-0
----0--
------0
--0---0
-------
----0-0
-------
----0-0
-------

*** Life<FredkinCell> 14x11 ***

Generation = 0, Population = 9.
-----------
0------0---
----0------
-----------
-----------
-----------
-----------
-----------
-----------
-----0-----
--0--------
--0--------
-------00--
------0----

Generation = 1, Population = 30.
0------0---
-0--0-0-0--
0--0-0-0---
----0------
-----------
-----------
-----------
-----------
-----0-----
--0-0-0----
-010-0-----
-010---00--
--0----110-
-----0--0--

Generation = 2, Population = 32.
----0------
0-0--0---0-
--0---0----
0------0---
----0------
-----------
-----------
-----0-----
--0--------
--10---0---
0---0--00--
0---000----
--1--00--10
--0-0-0-1--

Generation = 3, Population = 62.
0-00-----0-
--10----0-0
-010-----0-
-00-0---0--
0--0-0-0---
----0------
-----0-----
--0-0-0----
-01--0-0---
00-1--01---
101-1---10-
1010-1--000
00200-11-21
-01--01---0

Generation = 4, Population = 29.
----0------
0-210--0---
0-------0--
-----------
-----------
0----0-0---
--0-0------
--1--------
-------10--
-1----1--0-
2-----0----
2----------
---11--21-2
-----1----1

Generation = 5, Population = 68.
0-0-10-0---
1-3--00----
10100----0-
0-------0--
0----0-0---
-00-----0--
001----0---
-0200--00--
-01----21--
--1--02---0
3----010-0-
30-00-000-0
0-222-132-3
---0--10102

Generation = 6, Population = 74.
1-1-2-0-0--
-0--0-1--0-
2-2-1-0---0
--0000-----
1-0-0---0--
0--0-0-0-0-
1-2-0-010--
-1--1001-0-
0-2-00---00
0-210--10--
4-10----1-0
411--11--01
103---2-32-
0--1-1-12--

Generation = 7, Population = 73.
-0--3-1----
1-31---0---
-030-010---
-01--1--0-0
2-1-10-----
-00---01--0
20-01---10-
0-20211-01-
10301-----1
--32--22---
-02--01-201
522-02-00--
21---033---
1-----12---

Generation = 8, Population = 30.
-----------
-----0110--
----------0
--2--------
----2--00--
0-----12---
-----------
------2----
-------21--
014----3-0-
--3-------2
----13----1
3-----44---
2-------2--

*** Life<FredkinCell> 10x18 ***

Generation = 0, Population = 5.
------------0-----
------------------
--------------0---
----0--------0----
------------------
------------------
------------------
------------------
------------------
-------0----------

Generation = 3, Population = 35.
----0----0--------
---0-0----0---0-0-
--0-0-0----0-0---0
-0-0-0-0--0-0-----
--0-0-0----0------
---0-0------0-----
----0--0-----0----
------0-0---------
-----0---0--------
----0-----0-------

Generation = 6, Population = 39.
------0-0---------
0-------10-------0
----------0-----0-
0-0---0---00---0-0
------------0-----
0---00-01----0---0
----------------0-
--01-110-0-----0--
--------------0---
-0-010-0-0-0------

*** Life<FredkinCell> 13x12 ***

Generation = 0, Population = 11.
------------
------------
------------
--------0---
-----0------
------0-----
-------00---
--0---------
-0-----0----
------------
-------0----
--------0---
-0----------

*** Life<FredkinCell> 5x8 ***

Generation = 0, Population = 10.
-0--0--0
-000--00
--------
--0-----
-0------

Generation = 3, Population = 21.
--11--1-
211-00-1
---010--
11-2--1-
-101--00

Generation = 6, Population = 19.
-32211-1
----1-1-
0-112-1-
2-0---2-
--12--1-

*** Life<FredkinCell> 16x20 ***

Generation = 0, Population = 9.
------------0-------
--------------------
--------0---0-------
--------------------
--------------------
---0----------------
--0-----------------
--------------------
--------------------
--------------------
-------------------0
--------------------
---------------0----
-----------0--------
------------0-------
--------------------

Generation = 2, Population = 31.
--------0-0---0-----
--------------------
------0-----0-0-----
---0----------------
--0-----0---0-------
-0---0--------------
0---0---------------
---0----------------
--0----------------0
--------------------
---------------0-0-0
-----------0--------
------------00---0-0
---------0---0------
----------0---00----
-----------0--------

*** Life<FredkinCell> 9x9 ***

Generation = 0, Population = 8.
---------
---------
------0--
00----0--
--------0
---------
---0-----
--0--0---
---------

Generation = 2, Population = 25.
------0--
00----1--
----0----
2-100---1
---0----0
000--00--
-0---1--0
0--01--0-
---0-----

Generation = 4, Population = 17.
------2-0
---------
--10----1
-13-0---3
----0-1--
---------
------00-
--1--0---
---2----0

*** Life<FredkinCell> 3x20 ***

Generation = 0, Population = 1.
--------------------
--------------------
----------0---------

Generation = 2, Population = 4.
----------0---------
--------------------
--------0-0-0-------

Generation = 4, Population = 2.
--------------------
--------------------
------0-------0-----

Generation = 6, Population = 8.
------0-------0-----
--------------------
----0-0-0---0-0-0---

Generation = 8, Population = 2.
--------------------
--------------------
--0---------------0-

*** Life<FredkinCell> 13x7 ***

Generation = 0, Population = 3.
-------
-------
-------
-------
-------
-------
-------
-------
-0--0--
-------
-------
-------
--0----

Generation = 1, Population = 11.
-------
-------
-------
-------
-------
-------
-------
-0--0--
0-00-0-
-0--0--
-------
--0----
-0-0---

Generation = 2, Population = 11.
-------
-------
-------
-------
-------
-------
-0--0--
-------
--11--0
-------
-00-0--
-------
0-0-0--

Generation = 3, Population = 27.
-------
-------
-------
-------
-------
-0--0--
0-00-0-
-0000-0
-02200-
-0-00-0
011--0-
00-----
-----0-

Generation = 4, Population = 12.
-------
-------
-------
-------
-0--0--
-------
-------
-------
013--10
-------
--2----
-------
00--0-0

Generation = 5, Population = 34.
-------
-------
-------
-0--0--
0-00-0-
-0--0--
-------
000--00
1-42021
00---00
-1-0---
000-0-0
1100---

Generation = 6, Population = 18.
-------
-------
-0--0--
-------
--11--0
-------
0-0-000
-------
------2
-------
0-2--0-
-------
-211--0

Generation = 7, Population = 44.
-------
-0--0--
0-00-0-
-0000-0
-02200-
0--000-
----1-1
0-0-00-
-----2-
0-0--00
---00-0
00-0-00
13-200-

*** Life<FredkinCell> 1x4 ***

Generation = 0, Population = 3.
00-0

Generation = 3, Population = 3.
3-10

Generation = 6, Population = 3.
33-3
