*** Life<ConwayCell> 3x3 ***

Generation = 0, Population = 8.
.**
***
***

Generation = 3, Population = 0.
...
...
...

*** Life<ConwayCell> 13x3 ***

Generation = 0, Population = 7.
..*
...
...
...
...
...
...
.**
*..
.**
..*
...
...

Generation = 2, Population = 6.
...
...
...
...
...
...
...
...
*.*
*.*
.**
...
...

Generation = 4, Population = 3.
...
...
...
...
...
...
...
...
...
..*
.**
...
...

Generation = 6, Population = 4.
...
...
...
...
...
...
...
...
...
.**
.**
...
...

*** Life<ConwayCell> 7x15 ***

Generation = 0, Population = 6.
.....*.........
...............
......*........
...............
..**...........
...............
........*....*.

Generation = 3, Population = 0.
...............
...............
...............
...............
...............
...............
...............

*** Life<ConwayCell> 7x10 ***

Generation = 0, Population = 11.
........*.
*.........
..........
...*...*..
......*...
.*..*.....
*...**..*.

Generation = 1, Population = 3.
..........
..........
..........
..........
..........
....*.....
....**....

Generation = 2, Population = 4.
..........
..........
..........
..........
..........
....**....
....**....

Generation = 3, Population = 4.
..........
..........
..........
..........
..........
....**....
....**....

Generation = 4, Population = 4.
..........
..........
..........
..........
..........
....**....
....**....

Generation = 5, Population = 4.
..........
..........
..........
..........
..........
....**....
....**....

*** Life<ConwayCell> 15x9 ***

Generation = 0, Population = 10.
.........
..*......
.......*.
......*..
.........
.........
...*.....
...*.....
.*.......
.........
....*.*..
.........
....*....
.........
.*.......

Generation = 3, Population = 0.
.........
.........
.........
.........
.........
.........
.........
.........
.........
.........
.........
.........
.........
.........
.........

*** Life<ConwayCell> 6x13 ***

Generation = 0, Population = 5.
.*...........
*...........*
.............
..........*..
....*........
.............

Generation = 1, Population = 0.
.............
.............
.............
.............
.............
.............

Generation = 2, Population = 0.
.............
.............
.............
.............
.............
.............

Generation = 3, Population = 0.
.............
.............
.............
.............
.............
.............

Generation = 4, Population = 0.
.............
.............
.............
.............
.............
.............

Generation = 5, Population = 0.
.............
.............
.............
.............
.............
.............

*** Life<ConwayCell> 19x3 ***

Generation = 0, Population = 5.
...
...
...
...
...
...
..*
...
*..
...
...
...
...
...
..*
.*.
...
*..
...

Generation = 1, Population = 0.
...
...
...
...
...
...
...
...
...
...
...
...
...
...
...
...
...
...
...

Generation = 2, Population = 0.
...
...
...
...
...
...
...
...
...
...
...
...
...
...
...
...
...
...
...

Generation = 3, Population = 0.
...
...
...
...
...
...
...
...
...
...
...
...
...
...
...
...
...
...
...

Generation = 4, Population = 0.
...
...
...
...
...
...
...
...
...
...
...
...
...
...
...
...
...
...
...

Generation = 5, Population = 0.
...
...
...
...
...
...
...
...
...
...
...
...
...
...
...
...
...
...
...

Generation = 6, Population = 0.
...
...
...
...
...
...
...
...
...
...
...
...
...
...
...
...
...
...
...

Generation = 7, Population = 0.
...
...
...
...
...
...
...
...
...
...
...
...
...
...
...
...
...
...
...

Generation = 8, Population = 0.
...
...
...
...
...
...
...
...
...
...
...
...
...
...
...
...
...
...
...

*** Life<ConwayCell> 1x17 ***

Generation = 0, Population = 4.
.**..**..........

Generation = 2, Population = 0.
.................

*** Life<ConwayCell> 18x4 ***

Generation = 0, Population = 5.
....
...*
....
....
....
....
...*
....
....
....
....
....
...*
..*.
....
....
....
..*.

Generation = 1, Population = 0.
....
....
....
....
....
....
....
....
....
....
....
....
....
....
....
....
....
....

Generation = 2, Population = 0.
....
....
....
....
....
....
....
....
....
....
....
....
....
....
....
....
....
....

*** Life<ConwayCell> 10x4 ***

Generation = 0, Population = 10.
...*
...*
*..*
...*
*.**
..**
....
....
....
....

Generation = 2, Population = 11.
....
..**
.*..
.*.*
**.*
.**.
..*.
....
....
....

Generation = 4, Population = 11.
....
..*.
.*..
**..
***.
*..*
.**.
....
....
....

Generation = 6, Population = 6.
....
.*..
.*..
..*.
....
...*
.**.
....
....
....

Generation = 8, Population = 0.
....
....
....
....
....
....
....
....
....
....
